[2025-09-28T00:30:56.863+0000] {taskinstance.py:1956} INFO - Dependencies all met for dep_context=non-requeueable deps ti=<TaskInstance: document_preprocessing.notify_completion manual__2025-09-28T00:30:33.969279+00:00 [queued]>
[2025-09-28T00:30:56.869+0000] {taskinstance.py:1956} INFO - Dependencies all met for dep_context=requeueable deps ti=<TaskInstance: document_preprocessing.notify_completion manual__2025-09-28T00:30:33.969279+00:00 [queued]>
[2025-09-28T00:30:56.869+0000] {taskinstance.py:2170} INFO - Starting attempt 1 of 3
[2025-09-28T00:30:56.877+0000] {taskinstance.py:2191} INFO - Executing <Task(PythonOperator): notify_completion> on 2025-09-28 00:30:33.969279+00:00
[2025-09-28T00:30:56.882+0000] {standard_task_runner.py:60} INFO - Started process 153 to run task
[2025-09-28T00:30:56.885+0000] {standard_task_runner.py:87} INFO - Running: ['***', 'tasks', 'run', 'document_preprocessing', 'notify_completion', 'manual__2025-09-28T00:30:33.969279+00:00', '--job-id', '943', '--raw', '--subdir', 'DAGS_FOLDER/document_preprocessing.py', '--cfg-path', '/tmp/tmpjnac7ktf']
[2025-09-28T00:30:56.885+0000] {standard_task_runner.py:88} INFO - Job 943: Subtask notify_completion
[2025-09-28T00:30:56.927+0000] {task_command.py:423} INFO - Running <TaskInstance: document_preprocessing.notify_completion manual__2025-09-28T00:30:33.969279+00:00 [running]> on host 64801ed803bd
[2025-09-28T00:30:56.990+0000] {taskinstance.py:2480} INFO - Exporting env vars: AIRFLOW_CTX_DAG_OWNER='pdf-converter' AIRFLOW_CTX_DAG_ID='document_preprocessing' AIRFLOW_CTX_TASK_ID='notify_completion' AIRFLOW_CTX_EXECUTION_DATE='2025-09-28T00:30:33.969279+00:00' AIRFLOW_CTX_TRY_NUMBER='1' AIRFLOW_CTX_DAG_RUN_ID='manual__2025-09-28T00:30:33.969279+00:00'
[2025-09-28T00:30:57.011+0000] {shared_utils.py:224} INFO - 
✅ УСПЕШНОЕ ЗАВЕРШЕНИЕ
DAG: document_preprocessing
Task: notify_completion
Время: 2025-09-28T00:30:57.011461
Результат: Обработка завершена

[2025-09-28T00:30:57.011+0000] {document_preprocessing.py:549} INFO - 
✅ DOCUMENT PREPROCESSING ЗАВЕРШЕН УСПЕШНО
📄 Файл: test_short.pdf
📊 Страниц: 5
⏱️ Время: 19.41с
🔍 OCR: Да
📋 Таблицы: Да
📁 Файл: /opt/***/temp/doc_1759019435/doc_1759019435_intermediate.json
✅ Готов для следующей стадии

[2025-09-28T00:30:57.011+0000] {python.py:201} INFO - Done. Returned value was: None
[2025-09-28T00:30:57.020+0000] {taskinstance.py:1138} INFO - Marking task as SUCCESS. dag_id=document_preprocessing, task_id=notify_completion, execution_date=20250928T003033, start_date=20250928T003056, end_date=20250928T003057
[2025-09-28T00:30:57.056+0000] {local_task_job_runner.py:234} INFO - Task exited with return code 0
[2025-09-28T00:30:57.071+0000] {taskinstance.py:3280} INFO - 0 downstream tasks scheduled from follow-on schedule check
