[2025-09-28T00:00:16.299+0000] {processor.py:161} INFO - Started process (PID=4083) to work on /opt/airflow/dags/shared_utils.py
[2025-09-28T00:00:16.299+0000] {processor.py:830} INFO - Processing file /opt/airflow/dags/shared_utils.py for tasks to queue
[2025-09-28T00:00:16.300+0000] {logging_mixin.py:188} INFO - [2025-09-28T00:00:16.300+0000] {dagbag.py:538} INFO - Filling up the DagBag from /opt/airflow/dags/shared_utils.py
[2025-09-28T00:00:16.306+0000] {logging_mixin.py:188} INFO - [2025-09-28T00:00:16.306+0000] {shared_utils.py:409} INFO - Инициализированы пути обработки: ['input_pdf', 'temp_dir', 'output_md', 'logs', 'work_dir']
[2025-09-28T00:00:16.306+0000] {logging_mixin.py:188} INFO - [2025-09-28T00:00:16.306+0000] {shared_utils.py:413} INFO - Настроены URL сервисов: ['document_processor', 'translator', 'quality_assurance', 'airflow']
[2025-09-28T00:00:16.306+0000] {processor.py:842} WARNING - No viable dags retrieved from /opt/airflow/dags/shared_utils.py
[2025-09-28T00:00:16.318+0000] {processor.py:183} INFO - Processing /opt/airflow/dags/shared_utils.py took 0.022 seconds
[2025-09-28T00:00:46.689+0000] {processor.py:161} INFO - Started process (PID=4096) to work on /opt/airflow/dags/shared_utils.py
[2025-09-28T00:00:46.690+0000] {processor.py:830} INFO - Processing file /opt/airflow/dags/shared_utils.py for tasks to queue
[2025-09-28T00:00:46.691+0000] {logging_mixin.py:188} INFO - [2025-09-28T00:00:46.691+0000] {dagbag.py:538} INFO - Filling up the DagBag from /opt/airflow/dags/shared_utils.py
[2025-09-28T00:00:46.696+0000] {logging_mixin.py:188} INFO - [2025-09-28T00:00:46.696+0000] {shared_utils.py:409} INFO - Инициализированы пути обработки: ['input_pdf', 'temp_dir', 'output_md', 'logs', 'work_dir']
[2025-09-28T00:00:46.697+0000] {logging_mixin.py:188} INFO - [2025-09-28T00:00:46.697+0000] {shared_utils.py:413} INFO - Настроены URL сервисов: ['document_processor', 'translator', 'quality_assurance', 'airflow']
[2025-09-28T00:00:46.697+0000] {processor.py:842} WARNING - No viable dags retrieved from /opt/airflow/dags/shared_utils.py
[2025-09-28T00:00:46.709+0000] {processor.py:183} INFO - Processing /opt/airflow/dags/shared_utils.py took 0.022 seconds
[2025-09-28T00:01:17.080+0000] {processor.py:161} INFO - Started process (PID=4109) to work on /opt/airflow/dags/shared_utils.py
[2025-09-28T00:01:17.081+0000] {processor.py:830} INFO - Processing file /opt/airflow/dags/shared_utils.py for tasks to queue
[2025-09-28T00:01:17.082+0000] {logging_mixin.py:188} INFO - [2025-09-28T00:01:17.082+0000] {dagbag.py:538} INFO - Filling up the DagBag from /opt/airflow/dags/shared_utils.py
[2025-09-28T00:01:17.087+0000] {logging_mixin.py:188} INFO - [2025-09-28T00:01:17.087+0000] {shared_utils.py:409} INFO - Инициализированы пути обработки: ['input_pdf', 'temp_dir', 'output_md', 'logs', 'work_dir']
[2025-09-28T00:01:17.088+0000] {logging_mixin.py:188} INFO - [2025-09-28T00:01:17.087+0000] {shared_utils.py:413} INFO - Настроены URL сервисов: ['document_processor', 'translator', 'quality_assurance', 'airflow']
[2025-09-28T00:01:17.088+0000] {processor.py:842} WARNING - No viable dags retrieved from /opt/airflow/dags/shared_utils.py
[2025-09-28T00:01:17.100+0000] {processor.py:183} INFO - Processing /opt/airflow/dags/shared_utils.py took 0.022 seconds
[2025-09-28T00:01:47.690+0000] {processor.py:161} INFO - Started process (PID=4122) to work on /opt/airflow/dags/shared_utils.py
[2025-09-28T00:01:47.691+0000] {processor.py:830} INFO - Processing file /opt/airflow/dags/shared_utils.py for tasks to queue
[2025-09-28T00:01:47.692+0000] {logging_mixin.py:188} INFO - [2025-09-28T00:01:47.692+0000] {dagbag.py:538} INFO - Filling up the DagBag from /opt/airflow/dags/shared_utils.py
[2025-09-28T00:01:47.698+0000] {logging_mixin.py:188} INFO - [2025-09-28T00:01:47.698+0000] {shared_utils.py:409} INFO - Инициализированы пути обработки: ['input_pdf', 'temp_dir', 'output_md', 'logs', 'work_dir']
[2025-09-28T00:01:47.698+0000] {logging_mixin.py:188} INFO - [2025-09-28T00:01:47.698+0000] {shared_utils.py:413} INFO - Настроены URL сервисов: ['document_processor', 'translator', 'quality_assurance', 'airflow']
[2025-09-28T00:01:47.698+0000] {processor.py:842} WARNING - No viable dags retrieved from /opt/airflow/dags/shared_utils.py
[2025-09-28T00:01:47.710+0000] {processor.py:183} INFO - Processing /opt/airflow/dags/shared_utils.py took 0.023 seconds
[2025-09-28T00:02:18.098+0000] {processor.py:161} INFO - Started process (PID=4135) to work on /opt/airflow/dags/shared_utils.py
[2025-09-28T00:02:18.098+0000] {processor.py:830} INFO - Processing file /opt/airflow/dags/shared_utils.py for tasks to queue
[2025-09-28T00:02:18.100+0000] {logging_mixin.py:188} INFO - [2025-09-28T00:02:18.099+0000] {dagbag.py:538} INFO - Filling up the DagBag from /opt/airflow/dags/shared_utils.py
[2025-09-28T00:02:18.105+0000] {logging_mixin.py:188} INFO - [2025-09-28T00:02:18.105+0000] {shared_utils.py:409} INFO - Инициализированы пути обработки: ['input_pdf', 'temp_dir', 'output_md', 'logs', 'work_dir']
[2025-09-28T00:02:18.105+0000] {logging_mixin.py:188} INFO - [2025-09-28T00:02:18.105+0000] {shared_utils.py:413} INFO - Настроены URL сервисов: ['document_processor', 'translator', 'quality_assurance', 'airflow']
[2025-09-28T00:02:18.105+0000] {processor.py:842} WARNING - No viable dags retrieved from /opt/airflow/dags/shared_utils.py
[2025-09-28T00:02:18.117+0000] {processor.py:183} INFO - Processing /opt/airflow/dags/shared_utils.py took 0.022 seconds
[2025-09-28T00:02:48.486+0000] {processor.py:161} INFO - Started process (PID=4148) to work on /opt/airflow/dags/shared_utils.py
[2025-09-28T00:02:48.487+0000] {processor.py:830} INFO - Processing file /opt/airflow/dags/shared_utils.py for tasks to queue
[2025-09-28T00:02:48.488+0000] {logging_mixin.py:188} INFO - [2025-09-28T00:02:48.488+0000] {dagbag.py:538} INFO - Filling up the DagBag from /opt/airflow/dags/shared_utils.py
[2025-09-28T00:02:48.494+0000] {logging_mixin.py:188} INFO - [2025-09-28T00:02:48.494+0000] {shared_utils.py:409} INFO - Инициализированы пути обработки: ['input_pdf', 'temp_dir', 'output_md', 'logs', 'work_dir']
[2025-09-28T00:02:48.494+0000] {logging_mixin.py:188} INFO - [2025-09-28T00:02:48.494+0000] {shared_utils.py:413} INFO - Настроены URL сервисов: ['document_processor', 'translator', 'quality_assurance', 'airflow']
[2025-09-28T00:02:48.494+0000] {processor.py:842} WARNING - No viable dags retrieved from /opt/airflow/dags/shared_utils.py
[2025-09-28T00:02:48.506+0000] {processor.py:183} INFO - Processing /opt/airflow/dags/shared_utils.py took 0.022 seconds
[2025-09-28T00:03:18.878+0000] {processor.py:161} INFO - Started process (PID=4161) to work on /opt/airflow/dags/shared_utils.py
[2025-09-28T00:03:18.879+0000] {processor.py:830} INFO - Processing file /opt/airflow/dags/shared_utils.py for tasks to queue
[2025-09-28T00:03:18.880+0000] {logging_mixin.py:188} INFO - [2025-09-28T00:03:18.880+0000] {dagbag.py:538} INFO - Filling up the DagBag from /opt/airflow/dags/shared_utils.py
[2025-09-28T00:03:18.886+0000] {logging_mixin.py:188} INFO - [2025-09-28T00:03:18.886+0000] {shared_utils.py:409} INFO - Инициализированы пути обработки: ['input_pdf', 'temp_dir', 'output_md', 'logs', 'work_dir']
[2025-09-28T00:03:18.886+0000] {logging_mixin.py:188} INFO - [2025-09-28T00:03:18.886+0000] {shared_utils.py:413} INFO - Настроены URL сервисов: ['document_processor', 'translator', 'quality_assurance', 'airflow']
[2025-09-28T00:03:18.886+0000] {processor.py:842} WARNING - No viable dags retrieved from /opt/airflow/dags/shared_utils.py
[2025-09-28T00:03:18.899+0000] {processor.py:183} INFO - Processing /opt/airflow/dags/shared_utils.py took 0.022 seconds
[2025-09-28T00:03:49.435+0000] {processor.py:161} INFO - Started process (PID=4174) to work on /opt/airflow/dags/shared_utils.py
[2025-09-28T00:03:49.435+0000] {processor.py:830} INFO - Processing file /opt/airflow/dags/shared_utils.py for tasks to queue
[2025-09-28T00:03:49.437+0000] {logging_mixin.py:188} INFO - [2025-09-28T00:03:49.437+0000] {dagbag.py:538} INFO - Filling up the DagBag from /opt/airflow/dags/shared_utils.py
[2025-09-28T00:03:49.442+0000] {logging_mixin.py:188} INFO - [2025-09-28T00:03:49.442+0000] {shared_utils.py:409} INFO - Инициализированы пути обработки: ['input_pdf', 'temp_dir', 'output_md', 'logs', 'work_dir']
[2025-09-28T00:03:49.442+0000] {logging_mixin.py:188} INFO - [2025-09-28T00:03:49.442+0000] {shared_utils.py:413} INFO - Настроены URL сервисов: ['document_processor', 'translator', 'quality_assurance', 'airflow']
[2025-09-28T00:03:49.442+0000] {processor.py:842} WARNING - No viable dags retrieved from /opt/airflow/dags/shared_utils.py
[2025-09-28T00:03:49.455+0000] {processor.py:183} INFO - Processing /opt/airflow/dags/shared_utils.py took 0.022 seconds
[2025-09-28T00:04:19.838+0000] {processor.py:161} INFO - Started process (PID=4187) to work on /opt/airflow/dags/shared_utils.py
[2025-09-28T00:04:19.838+0000] {processor.py:830} INFO - Processing file /opt/airflow/dags/shared_utils.py for tasks to queue
[2025-09-28T00:04:19.840+0000] {logging_mixin.py:188} INFO - [2025-09-28T00:04:19.839+0000] {dagbag.py:538} INFO - Filling up the DagBag from /opt/airflow/dags/shared_utils.py
[2025-09-28T00:04:19.845+0000] {logging_mixin.py:188} INFO - [2025-09-28T00:04:19.845+0000] {shared_utils.py:409} INFO - Инициализированы пути обработки: ['input_pdf', 'temp_dir', 'output_md', 'logs', 'work_dir']
[2025-09-28T00:04:19.845+0000] {logging_mixin.py:188} INFO - [2025-09-28T00:04:19.845+0000] {shared_utils.py:413} INFO - Настроены URL сервисов: ['document_processor', 'translator', 'quality_assurance', 'airflow']
[2025-09-28T00:04:19.845+0000] {processor.py:842} WARNING - No viable dags retrieved from /opt/airflow/dags/shared_utils.py
[2025-09-28T00:04:19.857+0000] {processor.py:183} INFO - Processing /opt/airflow/dags/shared_utils.py took 0.022 seconds
[2025-09-28T00:04:50.231+0000] {processor.py:161} INFO - Started process (PID=4200) to work on /opt/airflow/dags/shared_utils.py
[2025-09-28T00:04:50.232+0000] {processor.py:830} INFO - Processing file /opt/airflow/dags/shared_utils.py for tasks to queue
[2025-09-28T00:04:50.233+0000] {logging_mixin.py:188} INFO - [2025-09-28T00:04:50.233+0000] {dagbag.py:538} INFO - Filling up the DagBag from /opt/airflow/dags/shared_utils.py
[2025-09-28T00:04:50.239+0000] {logging_mixin.py:188} INFO - [2025-09-28T00:04:50.239+0000] {shared_utils.py:409} INFO - Инициализированы пути обработки: ['input_pdf', 'temp_dir', 'output_md', 'logs', 'work_dir']
[2025-09-28T00:04:50.239+0000] {logging_mixin.py:188} INFO - [2025-09-28T00:04:50.239+0000] {shared_utils.py:413} INFO - Настроены URL сервисов: ['document_processor', 'translator', 'quality_assurance', 'airflow']
[2025-09-28T00:04:50.239+0000] {processor.py:842} WARNING - No viable dags retrieved from /opt/airflow/dags/shared_utils.py
[2025-09-28T00:04:50.251+0000] {processor.py:183} INFO - Processing /opt/airflow/dags/shared_utils.py took 0.023 seconds
[2025-09-28T00:05:20.621+0000] {processor.py:161} INFO - Started process (PID=4213) to work on /opt/airflow/dags/shared_utils.py
[2025-09-28T00:05:20.622+0000] {processor.py:830} INFO - Processing file /opt/airflow/dags/shared_utils.py for tasks to queue
[2025-09-28T00:05:20.623+0000] {logging_mixin.py:188} INFO - [2025-09-28T00:05:20.623+0000] {dagbag.py:538} INFO - Filling up the DagBag from /opt/airflow/dags/shared_utils.py
[2025-09-28T00:05:20.628+0000] {logging_mixin.py:188} INFO - [2025-09-28T00:05:20.628+0000] {shared_utils.py:409} INFO - Инициализированы пути обработки: ['input_pdf', 'temp_dir', 'output_md', 'logs', 'work_dir']
[2025-09-28T00:05:20.629+0000] {logging_mixin.py:188} INFO - [2025-09-28T00:05:20.628+0000] {shared_utils.py:413} INFO - Настроены URL сервисов: ['document_processor', 'translator', 'quality_assurance', 'airflow']
[2025-09-28T00:05:20.629+0000] {processor.py:842} WARNING - No viable dags retrieved from /opt/airflow/dags/shared_utils.py
[2025-09-28T00:05:20.642+0000] {processor.py:183} INFO - Processing /opt/airflow/dags/shared_utils.py took 0.023 seconds
[2025-09-28T00:05:51.182+0000] {processor.py:161} INFO - Started process (PID=4226) to work on /opt/airflow/dags/shared_utils.py
[2025-09-28T00:05:51.182+0000] {processor.py:830} INFO - Processing file /opt/airflow/dags/shared_utils.py for tasks to queue
[2025-09-28T00:05:51.184+0000] {logging_mixin.py:188} INFO - [2025-09-28T00:05:51.183+0000] {dagbag.py:538} INFO - Filling up the DagBag from /opt/airflow/dags/shared_utils.py
[2025-09-28T00:05:51.189+0000] {logging_mixin.py:188} INFO - [2025-09-28T00:05:51.189+0000] {shared_utils.py:409} INFO - Инициализированы пути обработки: ['input_pdf', 'temp_dir', 'output_md', 'logs', 'work_dir']
[2025-09-28T00:05:51.190+0000] {logging_mixin.py:188} INFO - [2025-09-28T00:05:51.189+0000] {shared_utils.py:413} INFO - Настроены URL сервисов: ['document_processor', 'translator', 'quality_assurance', 'airflow']
[2025-09-28T00:05:51.190+0000] {processor.py:842} WARNING - No viable dags retrieved from /opt/airflow/dags/shared_utils.py
[2025-09-28T00:05:51.201+0000] {processor.py:183} INFO - Processing /opt/airflow/dags/shared_utils.py took 0.023 seconds
[2025-09-28T00:06:21.593+0000] {processor.py:161} INFO - Started process (PID=4239) to work on /opt/airflow/dags/shared_utils.py
[2025-09-28T00:06:21.593+0000] {processor.py:830} INFO - Processing file /opt/airflow/dags/shared_utils.py for tasks to queue
[2025-09-28T00:06:21.595+0000] {logging_mixin.py:188} INFO - [2025-09-28T00:06:21.594+0000] {dagbag.py:538} INFO - Filling up the DagBag from /opt/airflow/dags/shared_utils.py
[2025-09-28T00:06:21.600+0000] {logging_mixin.py:188} INFO - [2025-09-28T00:06:21.600+0000] {shared_utils.py:409} INFO - Инициализированы пути обработки: ['input_pdf', 'temp_dir', 'output_md', 'logs', 'work_dir']
[2025-09-28T00:06:21.600+0000] {logging_mixin.py:188} INFO - [2025-09-28T00:06:21.600+0000] {shared_utils.py:413} INFO - Настроены URL сервисов: ['document_processor', 'translator', 'quality_assurance', 'airflow']
[2025-09-28T00:06:21.601+0000] {processor.py:842} WARNING - No viable dags retrieved from /opt/airflow/dags/shared_utils.py
[2025-09-28T00:06:21.612+0000] {processor.py:183} INFO - Processing /opt/airflow/dags/shared_utils.py took 0.022 seconds
[2025-09-28T00:06:51.984+0000] {processor.py:161} INFO - Started process (PID=4252) to work on /opt/airflow/dags/shared_utils.py
[2025-09-28T00:06:51.984+0000] {processor.py:830} INFO - Processing file /opt/airflow/dags/shared_utils.py for tasks to queue
[2025-09-28T00:06:51.986+0000] {logging_mixin.py:188} INFO - [2025-09-28T00:06:51.985+0000] {dagbag.py:538} INFO - Filling up the DagBag from /opt/airflow/dags/shared_utils.py
[2025-09-28T00:06:51.991+0000] {logging_mixin.py:188} INFO - [2025-09-28T00:06:51.991+0000] {shared_utils.py:409} INFO - Инициализированы пути обработки: ['input_pdf', 'temp_dir', 'output_md', 'logs', 'work_dir']
[2025-09-28T00:06:51.991+0000] {logging_mixin.py:188} INFO - [2025-09-28T00:06:51.991+0000] {shared_utils.py:413} INFO - Настроены URL сервисов: ['document_processor', 'translator', 'quality_assurance', 'airflow']
[2025-09-28T00:06:51.991+0000] {processor.py:842} WARNING - No viable dags retrieved from /opt/airflow/dags/shared_utils.py
[2025-09-28T00:06:52.003+0000] {processor.py:183} INFO - Processing /opt/airflow/dags/shared_utils.py took 0.022 seconds
[2025-09-28T00:07:22.373+0000] {processor.py:161} INFO - Started process (PID=4265) to work on /opt/airflow/dags/shared_utils.py
[2025-09-28T00:07:22.374+0000] {processor.py:830} INFO - Processing file /opt/airflow/dags/shared_utils.py for tasks to queue
[2025-09-28T00:07:22.375+0000] {logging_mixin.py:188} INFO - [2025-09-28T00:07:22.375+0000] {dagbag.py:538} INFO - Filling up the DagBag from /opt/airflow/dags/shared_utils.py
[2025-09-28T00:07:22.380+0000] {logging_mixin.py:188} INFO - [2025-09-28T00:07:22.380+0000] {shared_utils.py:409} INFO - Инициализированы пути обработки: ['input_pdf', 'temp_dir', 'output_md', 'logs', 'work_dir']
[2025-09-28T00:07:22.380+0000] {logging_mixin.py:188} INFO - [2025-09-28T00:07:22.380+0000] {shared_utils.py:413} INFO - Настроены URL сервисов: ['document_processor', 'translator', 'quality_assurance', 'airflow']
[2025-09-28T00:07:22.381+0000] {processor.py:842} WARNING - No viable dags retrieved from /opt/airflow/dags/shared_utils.py
[2025-09-28T00:07:22.393+0000] {processor.py:183} INFO - Processing /opt/airflow/dags/shared_utils.py took 0.022 seconds
[2025-09-28T00:07:52.979+0000] {processor.py:161} INFO - Started process (PID=4278) to work on /opt/airflow/dags/shared_utils.py
[2025-09-28T00:07:52.980+0000] {processor.py:830} INFO - Processing file /opt/airflow/dags/shared_utils.py for tasks to queue
[2025-09-28T00:07:52.981+0000] {logging_mixin.py:188} INFO - [2025-09-28T00:07:52.981+0000] {dagbag.py:538} INFO - Filling up the DagBag from /opt/airflow/dags/shared_utils.py
[2025-09-28T00:07:52.987+0000] {logging_mixin.py:188} INFO - [2025-09-28T00:07:52.987+0000] {shared_utils.py:409} INFO - Инициализированы пути обработки: ['input_pdf', 'temp_dir', 'output_md', 'logs', 'work_dir']
[2025-09-28T00:07:52.987+0000] {logging_mixin.py:188} INFO - [2025-09-28T00:07:52.987+0000] {shared_utils.py:413} INFO - Настроены URL сервисов: ['document_processor', 'translator', 'quality_assurance', 'airflow']
[2025-09-28T00:07:52.988+0000] {processor.py:842} WARNING - No viable dags retrieved from /opt/airflow/dags/shared_utils.py
[2025-09-28T00:07:52.999+0000] {processor.py:183} INFO - Processing /opt/airflow/dags/shared_utils.py took 0.023 seconds
[2025-09-28T00:08:23.388+0000] {processor.py:161} INFO - Started process (PID=4291) to work on /opt/airflow/dags/shared_utils.py
[2025-09-28T00:08:23.388+0000] {processor.py:830} INFO - Processing file /opt/airflow/dags/shared_utils.py for tasks to queue
[2025-09-28T00:08:23.390+0000] {logging_mixin.py:188} INFO - [2025-09-28T00:08:23.389+0000] {dagbag.py:538} INFO - Filling up the DagBag from /opt/airflow/dags/shared_utils.py
[2025-09-28T00:08:23.395+0000] {logging_mixin.py:188} INFO - [2025-09-28T00:08:23.395+0000] {shared_utils.py:409} INFO - Инициализированы пути обработки: ['input_pdf', 'temp_dir', 'output_md', 'logs', 'work_dir']
[2025-09-28T00:08:23.395+0000] {logging_mixin.py:188} INFO - [2025-09-28T00:08:23.395+0000] {shared_utils.py:413} INFO - Настроены URL сервисов: ['document_processor', 'translator', 'quality_assurance', 'airflow']
[2025-09-28T00:08:23.395+0000] {processor.py:842} WARNING - No viable dags retrieved from /opt/airflow/dags/shared_utils.py
[2025-09-28T00:08:23.407+0000] {processor.py:183} INFO - Processing /opt/airflow/dags/shared_utils.py took 0.022 seconds
[2025-09-28T00:08:53.775+0000] {processor.py:161} INFO - Started process (PID=4304) to work on /opt/airflow/dags/shared_utils.py
[2025-09-28T00:08:53.776+0000] {processor.py:830} INFO - Processing file /opt/airflow/dags/shared_utils.py for tasks to queue
[2025-09-28T00:08:53.777+0000] {logging_mixin.py:188} INFO - [2025-09-28T00:08:53.777+0000] {dagbag.py:538} INFO - Filling up the DagBag from /opt/airflow/dags/shared_utils.py
[2025-09-28T00:08:53.783+0000] {logging_mixin.py:188} INFO - [2025-09-28T00:08:53.783+0000] {shared_utils.py:409} INFO - Инициализированы пути обработки: ['input_pdf', 'temp_dir', 'output_md', 'logs', 'work_dir']
[2025-09-28T00:08:53.783+0000] {logging_mixin.py:188} INFO - [2025-09-28T00:08:53.783+0000] {shared_utils.py:413} INFO - Настроены URL сервисов: ['document_processor', 'translator', 'quality_assurance', 'airflow']
[2025-09-28T00:08:53.783+0000] {processor.py:842} WARNING - No viable dags retrieved from /opt/airflow/dags/shared_utils.py
[2025-09-28T00:08:53.795+0000] {processor.py:183} INFO - Processing /opt/airflow/dags/shared_utils.py took 0.022 seconds
[2025-09-28T00:09:24.232+0000] {processor.py:161} INFO - Started process (PID=4323) to work on /opt/airflow/dags/shared_utils.py
[2025-09-28T00:09:24.232+0000] {processor.py:830} INFO - Processing file /opt/airflow/dags/shared_utils.py for tasks to queue
[2025-09-28T00:09:24.234+0000] {logging_mixin.py:188} INFO - [2025-09-28T00:09:24.233+0000] {dagbag.py:538} INFO - Filling up the DagBag from /opt/airflow/dags/shared_utils.py
[2025-09-28T00:09:24.239+0000] {logging_mixin.py:188} INFO - [2025-09-28T00:09:24.239+0000] {shared_utils.py:409} INFO - Инициализированы пути обработки: ['input_pdf', 'temp_dir', 'output_md', 'logs', 'work_dir']
[2025-09-28T00:09:24.239+0000] {logging_mixin.py:188} INFO - [2025-09-28T00:09:24.239+0000] {shared_utils.py:413} INFO - Настроены URL сервисов: ['document_processor', 'translator', 'quality_assurance', 'airflow']
[2025-09-28T00:09:24.239+0000] {processor.py:842} WARNING - No viable dags retrieved from /opt/airflow/dags/shared_utils.py
[2025-09-28T00:09:24.252+0000] {processor.py:183} INFO - Processing /opt/airflow/dags/shared_utils.py took 0.023 seconds
[2025-09-28T00:09:54.792+0000] {processor.py:161} INFO - Started process (PID=4336) to work on /opt/airflow/dags/shared_utils.py
[2025-09-28T00:09:54.793+0000] {processor.py:830} INFO - Processing file /opt/airflow/dags/shared_utils.py for tasks to queue
[2025-09-28T00:09:54.794+0000] {logging_mixin.py:188} INFO - [2025-09-28T00:09:54.794+0000] {dagbag.py:538} INFO - Filling up the DagBag from /opt/airflow/dags/shared_utils.py
[2025-09-28T00:09:54.800+0000] {logging_mixin.py:188} INFO - [2025-09-28T00:09:54.800+0000] {shared_utils.py:409} INFO - Инициализированы пути обработки: ['input_pdf', 'temp_dir', 'output_md', 'logs', 'work_dir']
[2025-09-28T00:09:54.800+0000] {logging_mixin.py:188} INFO - [2025-09-28T00:09:54.800+0000] {shared_utils.py:413} INFO - Настроены URL сервисов: ['document_processor', 'translator', 'quality_assurance', 'airflow']
[2025-09-28T00:09:54.800+0000] {processor.py:842} WARNING - No viable dags retrieved from /opt/airflow/dags/shared_utils.py
[2025-09-28T00:09:54.812+0000] {processor.py:183} INFO - Processing /opt/airflow/dags/shared_utils.py took 0.022 seconds
[2025-09-28T00:10:25.184+0000] {processor.py:161} INFO - Started process (PID=4349) to work on /opt/airflow/dags/shared_utils.py
[2025-09-28T00:10:25.185+0000] {processor.py:830} INFO - Processing file /opt/airflow/dags/shared_utils.py for tasks to queue
[2025-09-28T00:10:25.186+0000] {logging_mixin.py:188} INFO - [2025-09-28T00:10:25.186+0000] {dagbag.py:538} INFO - Filling up the DagBag from /opt/airflow/dags/shared_utils.py
[2025-09-28T00:10:25.192+0000] {logging_mixin.py:188} INFO - [2025-09-28T00:10:25.192+0000] {shared_utils.py:409} INFO - Инициализированы пути обработки: ['input_pdf', 'temp_dir', 'output_md', 'logs', 'work_dir']
[2025-09-28T00:10:25.192+0000] {logging_mixin.py:188} INFO - [2025-09-28T00:10:25.192+0000] {shared_utils.py:413} INFO - Настроены URL сервисов: ['document_processor', 'translator', 'quality_assurance', 'airflow']
[2025-09-28T00:10:25.192+0000] {processor.py:842} WARNING - No viable dags retrieved from /opt/airflow/dags/shared_utils.py
[2025-09-28T00:10:25.204+0000] {processor.py:183} INFO - Processing /opt/airflow/dags/shared_utils.py took 0.022 seconds
[2025-09-28T00:10:55.574+0000] {processor.py:161} INFO - Started process (PID=4362) to work on /opt/airflow/dags/shared_utils.py
[2025-09-28T00:10:55.575+0000] {processor.py:830} INFO - Processing file /opt/airflow/dags/shared_utils.py for tasks to queue
[2025-09-28T00:10:55.576+0000] {logging_mixin.py:188} INFO - [2025-09-28T00:10:55.576+0000] {dagbag.py:538} INFO - Filling up the DagBag from /opt/airflow/dags/shared_utils.py
[2025-09-28T00:10:55.581+0000] {logging_mixin.py:188} INFO - [2025-09-28T00:10:55.581+0000] {shared_utils.py:409} INFO - Инициализированы пути обработки: ['input_pdf', 'temp_dir', 'output_md', 'logs', 'work_dir']
[2025-09-28T00:10:55.581+0000] {logging_mixin.py:188} INFO - [2025-09-28T00:10:55.581+0000] {shared_utils.py:413} INFO - Настроены URL сервисов: ['document_processor', 'translator', 'quality_assurance', 'airflow']
[2025-09-28T00:10:55.582+0000] {processor.py:842} WARNING - No viable dags retrieved from /opt/airflow/dags/shared_utils.py
[2025-09-28T00:10:55.594+0000] {processor.py:183} INFO - Processing /opt/airflow/dags/shared_utils.py took 0.022 seconds
[2025-09-28T00:11:26.187+0000] {processor.py:161} INFO - Started process (PID=4375) to work on /opt/airflow/dags/shared_utils.py
[2025-09-28T00:11:26.187+0000] {processor.py:830} INFO - Processing file /opt/airflow/dags/shared_utils.py for tasks to queue
[2025-09-28T00:11:26.189+0000] {logging_mixin.py:188} INFO - [2025-09-28T00:11:26.189+0000] {dagbag.py:538} INFO - Filling up the DagBag from /opt/airflow/dags/shared_utils.py
[2025-09-28T00:11:26.194+0000] {logging_mixin.py:188} INFO - [2025-09-28T00:11:26.194+0000] {shared_utils.py:409} INFO - Инициализированы пути обработки: ['input_pdf', 'temp_dir', 'output_md', 'logs', 'work_dir']
[2025-09-28T00:11:26.195+0000] {logging_mixin.py:188} INFO - [2025-09-28T00:11:26.195+0000] {shared_utils.py:413} INFO - Настроены URL сервисов: ['document_processor', 'translator', 'quality_assurance', 'airflow']
[2025-09-28T00:11:26.195+0000] {processor.py:842} WARNING - No viable dags retrieved from /opt/airflow/dags/shared_utils.py
[2025-09-28T00:11:26.207+0000] {processor.py:183} INFO - Processing /opt/airflow/dags/shared_utils.py took 0.023 seconds
[2025-09-28T00:11:56.587+0000] {processor.py:161} INFO - Started process (PID=4388) to work on /opt/airflow/dags/shared_utils.py
[2025-09-28T00:11:56.588+0000] {processor.py:830} INFO - Processing file /opt/airflow/dags/shared_utils.py for tasks to queue
[2025-09-28T00:11:56.589+0000] {logging_mixin.py:188} INFO - [2025-09-28T00:11:56.589+0000] {dagbag.py:538} INFO - Filling up the DagBag from /opt/airflow/dags/shared_utils.py
[2025-09-28T00:11:56.595+0000] {logging_mixin.py:188} INFO - [2025-09-28T00:11:56.594+0000] {shared_utils.py:409} INFO - Инициализированы пути обработки: ['input_pdf', 'temp_dir', 'output_md', 'logs', 'work_dir']
[2025-09-28T00:11:56.595+0000] {logging_mixin.py:188} INFO - [2025-09-28T00:11:56.595+0000] {shared_utils.py:413} INFO - Настроены URL сервисов: ['document_processor', 'translator', 'quality_assurance', 'airflow']
[2025-09-28T00:11:56.595+0000] {processor.py:842} WARNING - No viable dags retrieved from /opt/airflow/dags/shared_utils.py
[2025-09-28T00:11:56.607+0000] {processor.py:183} INFO - Processing /opt/airflow/dags/shared_utils.py took 0.022 seconds
[2025-09-28T00:12:26.979+0000] {processor.py:161} INFO - Started process (PID=4401) to work on /opt/airflow/dags/shared_utils.py
[2025-09-28T00:12:26.979+0000] {processor.py:830} INFO - Processing file /opt/airflow/dags/shared_utils.py for tasks to queue
[2025-09-28T00:12:26.981+0000] {logging_mixin.py:188} INFO - [2025-09-28T00:12:26.980+0000] {dagbag.py:538} INFO - Filling up the DagBag from /opt/airflow/dags/shared_utils.py
[2025-09-28T00:12:26.986+0000] {logging_mixin.py:188} INFO - [2025-09-28T00:12:26.986+0000] {shared_utils.py:409} INFO - Инициализированы пути обработки: ['input_pdf', 'temp_dir', 'output_md', 'logs', 'work_dir']
[2025-09-28T00:12:26.986+0000] {logging_mixin.py:188} INFO - [2025-09-28T00:12:26.986+0000] {shared_utils.py:413} INFO - Настроены URL сервисов: ['document_processor', 'translator', 'quality_assurance', 'airflow']
[2025-09-28T00:12:26.986+0000] {processor.py:842} WARNING - No viable dags retrieved from /opt/airflow/dags/shared_utils.py
[2025-09-28T00:12:26.998+0000] {processor.py:183} INFO - Processing /opt/airflow/dags/shared_utils.py took 0.022 seconds
[2025-09-28T00:12:57.375+0000] {processor.py:161} INFO - Started process (PID=4414) to work on /opt/airflow/dags/shared_utils.py
[2025-09-28T00:12:57.376+0000] {processor.py:830} INFO - Processing file /opt/airflow/dags/shared_utils.py for tasks to queue
[2025-09-28T00:12:57.377+0000] {logging_mixin.py:188} INFO - [2025-09-28T00:12:57.377+0000] {dagbag.py:538} INFO - Filling up the DagBag from /opt/airflow/dags/shared_utils.py
[2025-09-28T00:12:57.382+0000] {logging_mixin.py:188} INFO - [2025-09-28T00:12:57.382+0000] {shared_utils.py:409} INFO - Инициализированы пути обработки: ['input_pdf', 'temp_dir', 'output_md', 'logs', 'work_dir']
[2025-09-28T00:12:57.383+0000] {logging_mixin.py:188} INFO - [2025-09-28T00:12:57.383+0000] {shared_utils.py:413} INFO - Настроены URL сервисов: ['document_processor', 'translator', 'quality_assurance', 'airflow']
[2025-09-28T00:12:57.383+0000] {processor.py:842} WARNING - No viable dags retrieved from /opt/airflow/dags/shared_utils.py
[2025-09-28T00:12:57.395+0000] {processor.py:183} INFO - Processing /opt/airflow/dags/shared_utils.py took 0.023 seconds
[2025-09-28T00:13:27.935+0000] {processor.py:161} INFO - Started process (PID=4427) to work on /opt/airflow/dags/shared_utils.py
[2025-09-28T00:13:27.935+0000] {processor.py:830} INFO - Processing file /opt/airflow/dags/shared_utils.py for tasks to queue
[2025-09-28T00:13:27.937+0000] {logging_mixin.py:188} INFO - [2025-09-28T00:13:27.936+0000] {dagbag.py:538} INFO - Filling up the DagBag from /opt/airflow/dags/shared_utils.py
[2025-09-28T00:13:27.942+0000] {logging_mixin.py:188} INFO - [2025-09-28T00:13:27.942+0000] {shared_utils.py:409} INFO - Инициализированы пути обработки: ['input_pdf', 'temp_dir', 'output_md', 'logs', 'work_dir']
[2025-09-28T00:13:27.942+0000] {logging_mixin.py:188} INFO - [2025-09-28T00:13:27.942+0000] {shared_utils.py:413} INFO - Настроены URL сервисов: ['document_processor', 'translator', 'quality_assurance', 'airflow']
[2025-09-28T00:13:27.942+0000] {processor.py:842} WARNING - No viable dags retrieved from /opt/airflow/dags/shared_utils.py
[2025-09-28T00:13:27.955+0000] {processor.py:183} INFO - Processing /opt/airflow/dags/shared_utils.py took 0.022 seconds
[2025-09-28T00:13:58.336+0000] {processor.py:161} INFO - Started process (PID=4440) to work on /opt/airflow/dags/shared_utils.py
[2025-09-28T00:13:58.336+0000] {processor.py:830} INFO - Processing file /opt/airflow/dags/shared_utils.py for tasks to queue
[2025-09-28T00:13:58.338+0000] {logging_mixin.py:188} INFO - [2025-09-28T00:13:58.337+0000] {dagbag.py:538} INFO - Filling up the DagBag from /opt/airflow/dags/shared_utils.py
[2025-09-28T00:13:58.343+0000] {logging_mixin.py:188} INFO - [2025-09-28T00:13:58.343+0000] {shared_utils.py:409} INFO - Инициализированы пути обработки: ['input_pdf', 'temp_dir', 'output_md', 'logs', 'work_dir']
[2025-09-28T00:13:58.343+0000] {logging_mixin.py:188} INFO - [2025-09-28T00:13:58.343+0000] {shared_utils.py:413} INFO - Настроены URL сервисов: ['document_processor', 'translator', 'quality_assurance', 'airflow']
[2025-09-28T00:13:58.344+0000] {processor.py:842} WARNING - No viable dags retrieved from /opt/airflow/dags/shared_utils.py
[2025-09-28T00:13:58.355+0000] {processor.py:183} INFO - Processing /opt/airflow/dags/shared_utils.py took 0.022 seconds
[2025-09-28T00:14:28.731+0000] {processor.py:161} INFO - Started process (PID=4453) to work on /opt/airflow/dags/shared_utils.py
[2025-09-28T00:14:28.732+0000] {processor.py:830} INFO - Processing file /opt/airflow/dags/shared_utils.py for tasks to queue
[2025-09-28T00:14:28.733+0000] {logging_mixin.py:188} INFO - [2025-09-28T00:14:28.733+0000] {dagbag.py:538} INFO - Filling up the DagBag from /opt/airflow/dags/shared_utils.py
[2025-09-28T00:14:28.739+0000] {logging_mixin.py:188} INFO - [2025-09-28T00:14:28.739+0000] {shared_utils.py:409} INFO - Инициализированы пути обработки: ['input_pdf', 'temp_dir', 'output_md', 'logs', 'work_dir']
[2025-09-28T00:14:28.739+0000] {logging_mixin.py:188} INFO - [2025-09-28T00:14:28.739+0000] {shared_utils.py:413} INFO - Настроены URL сервисов: ['document_processor', 'translator', 'quality_assurance', 'airflow']
[2025-09-28T00:14:28.739+0000] {processor.py:842} WARNING - No viable dags retrieved from /opt/airflow/dags/shared_utils.py
[2025-09-28T00:14:28.752+0000] {processor.py:183} INFO - Processing /opt/airflow/dags/shared_utils.py took 0.023 seconds
[2025-09-28T00:14:59.116+0000] {processor.py:161} INFO - Started process (PID=4466) to work on /opt/airflow/dags/shared_utils.py
[2025-09-28T00:14:59.117+0000] {processor.py:830} INFO - Processing file /opt/airflow/dags/shared_utils.py for tasks to queue
[2025-09-28T00:14:59.118+0000] {logging_mixin.py:188} INFO - [2025-09-28T00:14:59.118+0000] {dagbag.py:538} INFO - Filling up the DagBag from /opt/airflow/dags/shared_utils.py
[2025-09-28T00:14:59.123+0000] {logging_mixin.py:188} INFO - [2025-09-28T00:14:59.123+0000] {shared_utils.py:409} INFO - Инициализированы пути обработки: ['input_pdf', 'temp_dir', 'output_md', 'logs', 'work_dir']
[2025-09-28T00:14:59.123+0000] {logging_mixin.py:188} INFO - [2025-09-28T00:14:59.123+0000] {shared_utils.py:413} INFO - Настроены URL сервисов: ['document_processor', 'translator', 'quality_assurance', 'airflow']
[2025-09-28T00:14:59.124+0000] {processor.py:842} WARNING - No viable dags retrieved from /opt/airflow/dags/shared_utils.py
[2025-09-28T00:14:59.136+0000] {processor.py:183} INFO - Processing /opt/airflow/dags/shared_utils.py took 0.023 seconds
[2025-09-28T00:15:29.674+0000] {processor.py:161} INFO - Started process (PID=4479) to work on /opt/airflow/dags/shared_utils.py
[2025-09-28T00:15:29.675+0000] {processor.py:830} INFO - Processing file /opt/airflow/dags/shared_utils.py for tasks to queue
[2025-09-28T00:15:29.676+0000] {logging_mixin.py:188} INFO - [2025-09-28T00:15:29.676+0000] {dagbag.py:538} INFO - Filling up the DagBag from /opt/airflow/dags/shared_utils.py
[2025-09-28T00:15:29.681+0000] {logging_mixin.py:188} INFO - [2025-09-28T00:15:29.681+0000] {shared_utils.py:409} INFO - Инициализированы пути обработки: ['input_pdf', 'temp_dir', 'output_md', 'logs', 'work_dir']
[2025-09-28T00:15:29.682+0000] {logging_mixin.py:188} INFO - [2025-09-28T00:15:29.682+0000] {shared_utils.py:413} INFO - Настроены URL сервисов: ['document_processor', 'translator', 'quality_assurance', 'airflow']
[2025-09-28T00:15:29.682+0000] {processor.py:842} WARNING - No viable dags retrieved from /opt/airflow/dags/shared_utils.py
[2025-09-28T00:15:29.694+0000] {processor.py:183} INFO - Processing /opt/airflow/dags/shared_utils.py took 0.022 seconds
[2025-09-28T00:16:00.067+0000] {processor.py:161} INFO - Started process (PID=4492) to work on /opt/airflow/dags/shared_utils.py
[2025-09-28T00:16:00.068+0000] {processor.py:830} INFO - Processing file /opt/airflow/dags/shared_utils.py for tasks to queue
[2025-09-28T00:16:00.069+0000] {logging_mixin.py:188} INFO - [2025-09-28T00:16:00.069+0000] {dagbag.py:538} INFO - Filling up the DagBag from /opt/airflow/dags/shared_utils.py
[2025-09-28T00:16:00.074+0000] {logging_mixin.py:188} INFO - [2025-09-28T00:16:00.074+0000] {shared_utils.py:409} INFO - Инициализированы пути обработки: ['input_pdf', 'temp_dir', 'output_md', 'logs', 'work_dir']
[2025-09-28T00:16:00.075+0000] {logging_mixin.py:188} INFO - [2025-09-28T00:16:00.074+0000] {shared_utils.py:413} INFO - Настроены URL сервисов: ['document_processor', 'translator', 'quality_assurance', 'airflow']
[2025-09-28T00:16:00.075+0000] {processor.py:842} WARNING - No viable dags retrieved from /opt/airflow/dags/shared_utils.py
[2025-09-28T00:16:00.087+0000] {processor.py:183} INFO - Processing /opt/airflow/dags/shared_utils.py took 0.022 seconds
[2025-09-28T00:16:30.468+0000] {processor.py:161} INFO - Started process (PID=4505) to work on /opt/airflow/dags/shared_utils.py
[2025-09-28T00:16:30.469+0000] {processor.py:830} INFO - Processing file /opt/airflow/dags/shared_utils.py for tasks to queue
[2025-09-28T00:16:30.470+0000] {logging_mixin.py:188} INFO - [2025-09-28T00:16:30.470+0000] {dagbag.py:538} INFO - Filling up the DagBag from /opt/airflow/dags/shared_utils.py
[2025-09-28T00:16:30.475+0000] {logging_mixin.py:188} INFO - [2025-09-28T00:16:30.475+0000] {shared_utils.py:409} INFO - Инициализированы пути обработки: ['input_pdf', 'temp_dir', 'output_md', 'logs', 'work_dir']
[2025-09-28T00:16:30.475+0000] {logging_mixin.py:188} INFO - [2025-09-28T00:16:30.475+0000] {shared_utils.py:413} INFO - Настроены URL сервисов: ['document_processor', 'translator', 'quality_assurance', 'airflow']
[2025-09-28T00:16:30.475+0000] {processor.py:842} WARNING - No viable dags retrieved from /opt/airflow/dags/shared_utils.py
[2025-09-28T00:16:30.488+0000] {processor.py:183} INFO - Processing /opt/airflow/dags/shared_utils.py took 0.022 seconds
[2025-09-28T00:17:00.865+0000] {processor.py:161} INFO - Started process (PID=4518) to work on /opt/airflow/dags/shared_utils.py
[2025-09-28T00:17:00.866+0000] {processor.py:830} INFO - Processing file /opt/airflow/dags/shared_utils.py for tasks to queue
[2025-09-28T00:17:00.867+0000] {logging_mixin.py:188} INFO - [2025-09-28T00:17:00.867+0000] {dagbag.py:538} INFO - Filling up the DagBag from /opt/airflow/dags/shared_utils.py
[2025-09-28T00:17:00.873+0000] {logging_mixin.py:188} INFO - [2025-09-28T00:17:00.873+0000] {shared_utils.py:409} INFO - Инициализированы пути обработки: ['input_pdf', 'temp_dir', 'output_md', 'logs', 'work_dir']
[2025-09-28T00:17:00.873+0000] {logging_mixin.py:188} INFO - [2025-09-28T00:17:00.873+0000] {shared_utils.py:413} INFO - Настроены URL сервисов: ['document_processor', 'translator', 'quality_assurance', 'airflow']
[2025-09-28T00:17:00.873+0000] {processor.py:842} WARNING - No viable dags retrieved from /opt/airflow/dags/shared_utils.py
[2025-09-28T00:17:00.885+0000] {processor.py:183} INFO - Processing /opt/airflow/dags/shared_utils.py took 0.022 seconds
[2025-09-28T00:17:31.424+0000] {processor.py:161} INFO - Started process (PID=4531) to work on /opt/airflow/dags/shared_utils.py
[2025-09-28T00:17:31.425+0000] {processor.py:830} INFO - Processing file /opt/airflow/dags/shared_utils.py for tasks to queue
[2025-09-28T00:17:31.426+0000] {logging_mixin.py:188} INFO - [2025-09-28T00:17:31.426+0000] {dagbag.py:538} INFO - Filling up the DagBag from /opt/airflow/dags/shared_utils.py
[2025-09-28T00:17:31.432+0000] {logging_mixin.py:188} INFO - [2025-09-28T00:17:31.432+0000] {shared_utils.py:409} INFO - Инициализированы пути обработки: ['input_pdf', 'temp_dir', 'output_md', 'logs', 'work_dir']
[2025-09-28T00:17:31.432+0000] {logging_mixin.py:188} INFO - [2025-09-28T00:17:31.432+0000] {shared_utils.py:413} INFO - Настроены URL сервисов: ['document_processor', 'translator', 'quality_assurance', 'airflow']
[2025-09-28T00:17:31.432+0000] {processor.py:842} WARNING - No viable dags retrieved from /opt/airflow/dags/shared_utils.py
[2025-09-28T00:17:31.445+0000] {processor.py:183} INFO - Processing /opt/airflow/dags/shared_utils.py took 0.023 seconds
[2025-09-28T00:18:01.825+0000] {processor.py:161} INFO - Started process (PID=4544) to work on /opt/airflow/dags/shared_utils.py
[2025-09-28T00:18:01.826+0000] {processor.py:830} INFO - Processing file /opt/airflow/dags/shared_utils.py for tasks to queue
[2025-09-28T00:18:01.827+0000] {logging_mixin.py:188} INFO - [2025-09-28T00:18:01.827+0000] {dagbag.py:538} INFO - Filling up the DagBag from /opt/airflow/dags/shared_utils.py
[2025-09-28T00:18:01.832+0000] {logging_mixin.py:188} INFO - [2025-09-28T00:18:01.832+0000] {shared_utils.py:409} INFO - Инициализированы пути обработки: ['input_pdf', 'temp_dir', 'output_md', 'logs', 'work_dir']
[2025-09-28T00:18:01.832+0000] {logging_mixin.py:188} INFO - [2025-09-28T00:18:01.832+0000] {shared_utils.py:413} INFO - Настроены URL сервисов: ['document_processor', 'translator', 'quality_assurance', 'airflow']
[2025-09-28T00:18:01.833+0000] {processor.py:842} WARNING - No viable dags retrieved from /opt/airflow/dags/shared_utils.py
[2025-09-28T00:18:01.845+0000] {processor.py:183} INFO - Processing /opt/airflow/dags/shared_utils.py took 0.022 seconds
[2025-09-28T00:18:32.219+0000] {processor.py:161} INFO - Started process (PID=4557) to work on /opt/airflow/dags/shared_utils.py
[2025-09-28T00:18:32.220+0000] {processor.py:830} INFO - Processing file /opt/airflow/dags/shared_utils.py for tasks to queue
[2025-09-28T00:18:32.221+0000] {logging_mixin.py:188} INFO - [2025-09-28T00:18:32.221+0000] {dagbag.py:538} INFO - Filling up the DagBag from /opt/airflow/dags/shared_utils.py
[2025-09-28T00:18:32.226+0000] {logging_mixin.py:188} INFO - [2025-09-28T00:18:32.226+0000] {shared_utils.py:409} INFO - Инициализированы пути обработки: ['input_pdf', 'temp_dir', 'output_md', 'logs', 'work_dir']
[2025-09-28T00:18:32.227+0000] {logging_mixin.py:188} INFO - [2025-09-28T00:18:32.227+0000] {shared_utils.py:413} INFO - Настроены URL сервисов: ['document_processor', 'translator', 'quality_assurance', 'airflow']
[2025-09-28T00:18:32.227+0000] {processor.py:842} WARNING - No viable dags retrieved from /opt/airflow/dags/shared_utils.py
[2025-09-28T00:18:32.239+0000] {processor.py:183} INFO - Processing /opt/airflow/dags/shared_utils.py took 0.022 seconds
[2025-09-28T00:19:02.692+0000] {processor.py:161} INFO - Started process (PID=4570) to work on /opt/airflow/dags/shared_utils.py
[2025-09-28T00:19:02.693+0000] {processor.py:830} INFO - Processing file /opt/airflow/dags/shared_utils.py for tasks to queue
[2025-09-28T00:19:02.694+0000] {logging_mixin.py:188} INFO - [2025-09-28T00:19:02.694+0000] {dagbag.py:538} INFO - Filling up the DagBag from /opt/airflow/dags/shared_utils.py
[2025-09-28T00:19:02.700+0000] {logging_mixin.py:188} INFO - [2025-09-28T00:19:02.700+0000] {shared_utils.py:409} INFO - Инициализированы пути обработки: ['input_pdf', 'temp_dir', 'output_md', 'logs', 'work_dir']
[2025-09-28T00:19:02.700+0000] {logging_mixin.py:188} INFO - [2025-09-28T00:19:02.700+0000] {shared_utils.py:413} INFO - Настроены URL сервисов: ['document_processor', 'translator', 'quality_assurance', 'airflow']
[2025-09-28T00:19:02.700+0000] {processor.py:842} WARNING - No viable dags retrieved from /opt/airflow/dags/shared_utils.py
[2025-09-28T00:19:02.712+0000] {processor.py:183} INFO - Processing /opt/airflow/dags/shared_utils.py took 0.023 seconds
[2025-09-28T00:19:33.254+0000] {processor.py:161} INFO - Started process (PID=4583) to work on /opt/airflow/dags/shared_utils.py
[2025-09-28T00:19:33.255+0000] {processor.py:830} INFO - Processing file /opt/airflow/dags/shared_utils.py for tasks to queue
[2025-09-28T00:19:33.257+0000] {logging_mixin.py:188} INFO - [2025-09-28T00:19:33.256+0000] {dagbag.py:538} INFO - Filling up the DagBag from /opt/airflow/dags/shared_utils.py
[2025-09-28T00:19:33.262+0000] {logging_mixin.py:188} INFO - [2025-09-28T00:19:33.262+0000] {shared_utils.py:409} INFO - Инициализированы пути обработки: ['input_pdf', 'temp_dir', 'output_md', 'logs', 'work_dir']
[2025-09-28T00:19:33.262+0000] {logging_mixin.py:188} INFO - [2025-09-28T00:19:33.262+0000] {shared_utils.py:413} INFO - Настроены URL сервисов: ['document_processor', 'translator', 'quality_assurance', 'airflow']
[2025-09-28T00:19:33.263+0000] {processor.py:842} WARNING - No viable dags retrieved from /opt/airflow/dags/shared_utils.py
[2025-09-28T00:19:33.274+0000] {processor.py:183} INFO - Processing /opt/airflow/dags/shared_utils.py took 0.023 seconds
[2025-09-28T00:20:03.647+0000] {processor.py:161} INFO - Started process (PID=4596) to work on /opt/airflow/dags/shared_utils.py
[2025-09-28T00:20:03.648+0000] {processor.py:830} INFO - Processing file /opt/airflow/dags/shared_utils.py for tasks to queue
[2025-09-28T00:20:03.649+0000] {logging_mixin.py:188} INFO - [2025-09-28T00:20:03.649+0000] {dagbag.py:538} INFO - Filling up the DagBag from /opt/airflow/dags/shared_utils.py
[2025-09-28T00:20:03.655+0000] {logging_mixin.py:188} INFO - [2025-09-28T00:20:03.655+0000] {shared_utils.py:409} INFO - Инициализированы пути обработки: ['input_pdf', 'temp_dir', 'output_md', 'logs', 'work_dir']
[2025-09-28T00:20:03.655+0000] {logging_mixin.py:188} INFO - [2025-09-28T00:20:03.655+0000] {shared_utils.py:413} INFO - Настроены URL сервисов: ['document_processor', 'translator', 'quality_assurance', 'airflow']
[2025-09-28T00:20:03.655+0000] {processor.py:842} WARNING - No viable dags retrieved from /opt/airflow/dags/shared_utils.py
[2025-09-28T00:20:03.667+0000] {processor.py:183} INFO - Processing /opt/airflow/dags/shared_utils.py took 0.022 seconds
[2025-09-28T00:20:34.043+0000] {processor.py:161} INFO - Started process (PID=4609) to work on /opt/airflow/dags/shared_utils.py
[2025-09-28T00:20:34.043+0000] {processor.py:830} INFO - Processing file /opt/airflow/dags/shared_utils.py for tasks to queue
[2025-09-28T00:20:34.045+0000] {logging_mixin.py:188} INFO - [2025-09-28T00:20:34.045+0000] {dagbag.py:538} INFO - Filling up the DagBag from /opt/airflow/dags/shared_utils.py
[2025-09-28T00:20:34.050+0000] {logging_mixin.py:188} INFO - [2025-09-28T00:20:34.050+0000] {shared_utils.py:409} INFO - Инициализированы пути обработки: ['input_pdf', 'temp_dir', 'output_md', 'logs', 'work_dir']
[2025-09-28T00:20:34.050+0000] {logging_mixin.py:188} INFO - [2025-09-28T00:20:34.050+0000] {shared_utils.py:413} INFO - Настроены URL сервисов: ['document_processor', 'translator', 'quality_assurance', 'airflow']
[2025-09-28T00:20:34.050+0000] {processor.py:842} WARNING - No viable dags retrieved from /opt/airflow/dags/shared_utils.py
[2025-09-28T00:20:34.063+0000] {processor.py:183} INFO - Processing /opt/airflow/dags/shared_utils.py took 0.022 seconds
[2025-09-28T00:21:04.650+0000] {processor.py:161} INFO - Started process (PID=4622) to work on /opt/airflow/dags/shared_utils.py
[2025-09-28T00:21:04.651+0000] {processor.py:830} INFO - Processing file /opt/airflow/dags/shared_utils.py for tasks to queue
[2025-09-28T00:21:04.652+0000] {logging_mixin.py:188} INFO - [2025-09-28T00:21:04.652+0000] {dagbag.py:538} INFO - Filling up the DagBag from /opt/airflow/dags/shared_utils.py
[2025-09-28T00:21:04.658+0000] {logging_mixin.py:188} INFO - [2025-09-28T00:21:04.658+0000] {shared_utils.py:409} INFO - Инициализированы пути обработки: ['input_pdf', 'temp_dir', 'output_md', 'logs', 'work_dir']
[2025-09-28T00:21:04.658+0000] {logging_mixin.py:188} INFO - [2025-09-28T00:21:04.658+0000] {shared_utils.py:413} INFO - Настроены URL сервисов: ['document_processor', 'translator', 'quality_assurance', 'airflow']
[2025-09-28T00:21:04.658+0000] {processor.py:842} WARNING - No viable dags retrieved from /opt/airflow/dags/shared_utils.py
[2025-09-28T00:21:04.670+0000] {processor.py:183} INFO - Processing /opt/airflow/dags/shared_utils.py took 0.023 seconds
[2025-09-28T00:21:35.071+0000] {processor.py:161} INFO - Started process (PID=4635) to work on /opt/airflow/dags/shared_utils.py
[2025-09-28T00:21:35.072+0000] {processor.py:830} INFO - Processing file /opt/airflow/dags/shared_utils.py for tasks to queue
[2025-09-28T00:21:35.073+0000] {logging_mixin.py:188} INFO - [2025-09-28T00:21:35.073+0000] {dagbag.py:538} INFO - Filling up the DagBag from /opt/airflow/dags/shared_utils.py
[2025-09-28T00:21:35.078+0000] {logging_mixin.py:188} INFO - [2025-09-28T00:21:35.078+0000] {shared_utils.py:409} INFO - Инициализированы пути обработки: ['input_pdf', 'temp_dir', 'output_md', 'logs', 'work_dir']
[2025-09-28T00:21:35.078+0000] {logging_mixin.py:188} INFO - [2025-09-28T00:21:35.078+0000] {shared_utils.py:413} INFO - Настроены URL сервисов: ['document_processor', 'translator', 'quality_assurance', 'airflow']
[2025-09-28T00:21:35.079+0000] {processor.py:842} WARNING - No viable dags retrieved from /opt/airflow/dags/shared_utils.py
[2025-09-28T00:21:35.091+0000] {processor.py:183} INFO - Processing /opt/airflow/dags/shared_utils.py took 0.022 seconds
[2025-09-28T00:22:05.465+0000] {processor.py:161} INFO - Started process (PID=4648) to work on /opt/airflow/dags/shared_utils.py
[2025-09-28T00:22:05.465+0000] {processor.py:830} INFO - Processing file /opt/airflow/dags/shared_utils.py for tasks to queue
[2025-09-28T00:22:05.467+0000] {logging_mixin.py:188} INFO - [2025-09-28T00:22:05.467+0000] {dagbag.py:538} INFO - Filling up the DagBag from /opt/airflow/dags/shared_utils.py
[2025-09-28T00:22:05.473+0000] {logging_mixin.py:188} INFO - [2025-09-28T00:22:05.472+0000] {shared_utils.py:409} INFO - Инициализированы пути обработки: ['input_pdf', 'temp_dir', 'output_md', 'logs', 'work_dir']
[2025-09-28T00:22:05.473+0000] {logging_mixin.py:188} INFO - [2025-09-28T00:22:05.473+0000] {shared_utils.py:413} INFO - Настроены URL сервисов: ['document_processor', 'translator', 'quality_assurance', 'airflow']
[2025-09-28T00:22:05.473+0000] {processor.py:842} WARNING - No viable dags retrieved from /opt/airflow/dags/shared_utils.py
[2025-09-28T00:22:05.485+0000] {processor.py:183} INFO - Processing /opt/airflow/dags/shared_utils.py took 0.023 seconds
[2025-09-28T00:22:35.855+0000] {processor.py:161} INFO - Started process (PID=4661) to work on /opt/airflow/dags/shared_utils.py
[2025-09-28T00:22:35.856+0000] {processor.py:830} INFO - Processing file /opt/airflow/dags/shared_utils.py for tasks to queue
[2025-09-28T00:22:35.857+0000] {logging_mixin.py:188} INFO - [2025-09-28T00:22:35.857+0000] {dagbag.py:538} INFO - Filling up the DagBag from /opt/airflow/dags/shared_utils.py
[2025-09-28T00:22:35.863+0000] {logging_mixin.py:188} INFO - [2025-09-28T00:22:35.862+0000] {shared_utils.py:409} INFO - Инициализированы пути обработки: ['input_pdf', 'temp_dir', 'output_md', 'logs', 'work_dir']
[2025-09-28T00:22:35.863+0000] {logging_mixin.py:188} INFO - [2025-09-28T00:22:35.863+0000] {shared_utils.py:413} INFO - Настроены URL сервисов: ['document_processor', 'translator', 'quality_assurance', 'airflow']
[2025-09-28T00:22:35.863+0000] {processor.py:842} WARNING - No viable dags retrieved from /opt/airflow/dags/shared_utils.py
[2025-09-28T00:22:35.876+0000] {processor.py:183} INFO - Processing /opt/airflow/dags/shared_utils.py took 0.023 seconds
[2025-09-28T00:23:06.412+0000] {processor.py:161} INFO - Started process (PID=4674) to work on /opt/airflow/dags/shared_utils.py
[2025-09-28T00:23:06.412+0000] {processor.py:830} INFO - Processing file /opt/airflow/dags/shared_utils.py for tasks to queue
[2025-09-28T00:23:06.414+0000] {logging_mixin.py:188} INFO - [2025-09-28T00:23:06.413+0000] {dagbag.py:538} INFO - Filling up the DagBag from /opt/airflow/dags/shared_utils.py
[2025-09-28T00:23:06.419+0000] {logging_mixin.py:188} INFO - [2025-09-28T00:23:06.419+0000] {shared_utils.py:409} INFO - Инициализированы пути обработки: ['input_pdf', 'temp_dir', 'output_md', 'logs', 'work_dir']
[2025-09-28T00:23:06.419+0000] {logging_mixin.py:188} INFO - [2025-09-28T00:23:06.419+0000] {shared_utils.py:413} INFO - Настроены URL сервисов: ['document_processor', 'translator', 'quality_assurance', 'airflow']
[2025-09-28T00:23:06.419+0000] {processor.py:842} WARNING - No viable dags retrieved from /opt/airflow/dags/shared_utils.py
[2025-09-28T00:23:06.432+0000] {processor.py:183} INFO - Processing /opt/airflow/dags/shared_utils.py took 0.023 seconds
[2025-09-28T00:23:36.807+0000] {processor.py:161} INFO - Started process (PID=4687) to work on /opt/airflow/dags/shared_utils.py
[2025-09-28T00:23:36.808+0000] {processor.py:830} INFO - Processing file /opt/airflow/dags/shared_utils.py for tasks to queue
[2025-09-28T00:23:36.809+0000] {logging_mixin.py:188} INFO - [2025-09-28T00:23:36.809+0000] {dagbag.py:538} INFO - Filling up the DagBag from /opt/airflow/dags/shared_utils.py
[2025-09-28T00:23:36.815+0000] {logging_mixin.py:188} INFO - [2025-09-28T00:23:36.814+0000] {shared_utils.py:409} INFO - Инициализированы пути обработки: ['input_pdf', 'temp_dir', 'output_md', 'logs', 'work_dir']
[2025-09-28T00:23:36.815+0000] {logging_mixin.py:188} INFO - [2025-09-28T00:23:36.815+0000] {shared_utils.py:413} INFO - Настроены URL сервисов: ['document_processor', 'translator', 'quality_assurance', 'airflow']
[2025-09-28T00:23:36.815+0000] {processor.py:842} WARNING - No viable dags retrieved from /opt/airflow/dags/shared_utils.py
[2025-09-28T00:23:36.827+0000] {processor.py:183} INFO - Processing /opt/airflow/dags/shared_utils.py took 0.022 seconds
[2025-09-28T00:24:07.197+0000] {processor.py:161} INFO - Started process (PID=4700) to work on /opt/airflow/dags/shared_utils.py
[2025-09-28T00:24:07.197+0000] {processor.py:830} INFO - Processing file /opt/airflow/dags/shared_utils.py for tasks to queue
[2025-09-28T00:24:07.198+0000] {logging_mixin.py:188} INFO - [2025-09-28T00:24:07.198+0000] {dagbag.py:538} INFO - Filling up the DagBag from /opt/airflow/dags/shared_utils.py
[2025-09-28T00:24:07.204+0000] {logging_mixin.py:188} INFO - [2025-09-28T00:24:07.204+0000] {shared_utils.py:409} INFO - Инициализированы пути обработки: ['input_pdf', 'temp_dir', 'output_md', 'logs', 'work_dir']
[2025-09-28T00:24:07.204+0000] {logging_mixin.py:188} INFO - [2025-09-28T00:24:07.204+0000] {shared_utils.py:413} INFO - Настроены URL сервисов: ['document_processor', 'translator', 'quality_assurance', 'airflow']
[2025-09-28T00:24:07.204+0000] {processor.py:842} WARNING - No viable dags retrieved from /opt/airflow/dags/shared_utils.py
[2025-09-28T00:24:07.216+0000] {processor.py:183} INFO - Processing /opt/airflow/dags/shared_utils.py took 0.021 seconds
[2025-09-28T00:24:37.587+0000] {processor.py:161} INFO - Started process (PID=4713) to work on /opt/airflow/dags/shared_utils.py
[2025-09-28T00:24:37.588+0000] {processor.py:830} INFO - Processing file /opt/airflow/dags/shared_utils.py for tasks to queue
[2025-09-28T00:24:37.589+0000] {logging_mixin.py:188} INFO - [2025-09-28T00:24:37.589+0000] {dagbag.py:538} INFO - Filling up the DagBag from /opt/airflow/dags/shared_utils.py
[2025-09-28T00:24:37.594+0000] {logging_mixin.py:188} INFO - [2025-09-28T00:24:37.594+0000] {shared_utils.py:409} INFO - Инициализированы пути обработки: ['input_pdf', 'temp_dir', 'output_md', 'logs', 'work_dir']
[2025-09-28T00:24:37.595+0000] {logging_mixin.py:188} INFO - [2025-09-28T00:24:37.594+0000] {shared_utils.py:413} INFO - Настроены URL сервисов: ['document_processor', 'translator', 'quality_assurance', 'airflow']
[2025-09-28T00:24:37.595+0000] {processor.py:842} WARNING - No viable dags retrieved from /opt/airflow/dags/shared_utils.py
[2025-09-28T00:24:37.607+0000] {processor.py:183} INFO - Processing /opt/airflow/dags/shared_utils.py took 0.023 seconds
[2025-09-28T00:25:08.145+0000] {processor.py:161} INFO - Started process (PID=4726) to work on /opt/airflow/dags/shared_utils.py
[2025-09-28T00:25:08.146+0000] {processor.py:830} INFO - Processing file /opt/airflow/dags/shared_utils.py for tasks to queue
[2025-09-28T00:25:08.147+0000] {logging_mixin.py:188} INFO - [2025-09-28T00:25:08.147+0000] {dagbag.py:538} INFO - Filling up the DagBag from /opt/airflow/dags/shared_utils.py
[2025-09-28T00:25:08.152+0000] {logging_mixin.py:188} INFO - [2025-09-28T00:25:08.152+0000] {shared_utils.py:409} INFO - Инициализированы пути обработки: ['input_pdf', 'temp_dir', 'output_md', 'logs', 'work_dir']
[2025-09-28T00:25:08.152+0000] {logging_mixin.py:188} INFO - [2025-09-28T00:25:08.152+0000] {shared_utils.py:413} INFO - Настроены URL сервисов: ['document_processor', 'translator', 'quality_assurance', 'airflow']
[2025-09-28T00:25:08.153+0000] {processor.py:842} WARNING - No viable dags retrieved from /opt/airflow/dags/shared_utils.py
[2025-09-28T00:25:08.164+0000] {processor.py:183} INFO - Processing /opt/airflow/dags/shared_utils.py took 0.022 seconds
[2025-09-28T00:25:38.537+0000] {processor.py:161} INFO - Started process (PID=4739) to work on /opt/airflow/dags/shared_utils.py
[2025-09-28T00:25:38.537+0000] {processor.py:830} INFO - Processing file /opt/airflow/dags/shared_utils.py for tasks to queue
[2025-09-28T00:25:38.539+0000] {logging_mixin.py:188} INFO - [2025-09-28T00:25:38.538+0000] {dagbag.py:538} INFO - Filling up the DagBag from /opt/airflow/dags/shared_utils.py
[2025-09-28T00:25:38.544+0000] {logging_mixin.py:188} INFO - [2025-09-28T00:25:38.544+0000] {shared_utils.py:409} INFO - Инициализированы пути обработки: ['input_pdf', 'temp_dir', 'output_md', 'logs', 'work_dir']
[2025-09-28T00:25:38.544+0000] {logging_mixin.py:188} INFO - [2025-09-28T00:25:38.544+0000] {shared_utils.py:413} INFO - Настроены URL сервисов: ['document_processor', 'translator', 'quality_assurance', 'airflow']
[2025-09-28T00:25:38.544+0000] {processor.py:842} WARNING - No viable dags retrieved from /opt/airflow/dags/shared_utils.py
[2025-09-28T00:25:38.556+0000] {processor.py:183} INFO - Processing /opt/airflow/dags/shared_utils.py took 0.022 seconds
[2025-09-28T00:26:08.933+0000] {processor.py:161} INFO - Started process (PID=4752) to work on /opt/airflow/dags/shared_utils.py
[2025-09-28T00:26:08.933+0000] {processor.py:830} INFO - Processing file /opt/airflow/dags/shared_utils.py for tasks to queue
[2025-09-28T00:26:08.934+0000] {logging_mixin.py:188} INFO - [2025-09-28T00:26:08.934+0000] {dagbag.py:538} INFO - Filling up the DagBag from /opt/airflow/dags/shared_utils.py
[2025-09-28T00:26:08.940+0000] {logging_mixin.py:188} INFO - [2025-09-28T00:26:08.939+0000] {shared_utils.py:409} INFO - Инициализированы пути обработки: ['input_pdf', 'temp_dir', 'output_md', 'logs', 'work_dir']
[2025-09-28T00:26:08.940+0000] {logging_mixin.py:188} INFO - [2025-09-28T00:26:08.940+0000] {shared_utils.py:413} INFO - Настроены URL сервисов: ['document_processor', 'translator', 'quality_assurance', 'airflow']
[2025-09-28T00:26:08.940+0000] {processor.py:842} WARNING - No viable dags retrieved from /opt/airflow/dags/shared_utils.py
[2025-09-28T00:26:08.952+0000] {processor.py:183} INFO - Processing /opt/airflow/dags/shared_utils.py took 0.022 seconds
[2025-09-28T00:26:39.338+0000] {processor.py:161} INFO - Started process (PID=4765) to work on /opt/airflow/dags/shared_utils.py
[2025-09-28T00:26:39.339+0000] {processor.py:830} INFO - Processing file /opt/airflow/dags/shared_utils.py for tasks to queue
[2025-09-28T00:26:39.340+0000] {logging_mixin.py:188} INFO - [2025-09-28T00:26:39.340+0000] {dagbag.py:538} INFO - Filling up the DagBag from /opt/airflow/dags/shared_utils.py
[2025-09-28T00:26:39.345+0000] {logging_mixin.py:188} INFO - [2025-09-28T00:26:39.345+0000] {shared_utils.py:409} INFO - Инициализированы пути обработки: ['input_pdf', 'temp_dir', 'output_md', 'logs', 'work_dir']
[2025-09-28T00:26:39.345+0000] {logging_mixin.py:188} INFO - [2025-09-28T00:26:39.345+0000] {shared_utils.py:413} INFO - Настроены URL сервисов: ['document_processor', 'translator', 'quality_assurance', 'airflow']
[2025-09-28T00:26:39.346+0000] {processor.py:842} WARNING - No viable dags retrieved from /opt/airflow/dags/shared_utils.py
[2025-09-28T00:26:39.358+0000] {processor.py:183} INFO - Processing /opt/airflow/dags/shared_utils.py took 0.022 seconds
[2025-09-28T00:27:09.941+0000] {processor.py:161} INFO - Started process (PID=4779) to work on /opt/airflow/dags/shared_utils.py
[2025-09-28T00:27:09.941+0000] {processor.py:830} INFO - Processing file /opt/airflow/dags/shared_utils.py for tasks to queue
[2025-09-28T00:27:09.943+0000] {logging_mixin.py:188} INFO - [2025-09-28T00:27:09.942+0000] {dagbag.py:538} INFO - Filling up the DagBag from /opt/airflow/dags/shared_utils.py
[2025-09-28T00:27:09.948+0000] {logging_mixin.py:188} INFO - [2025-09-28T00:27:09.948+0000] {shared_utils.py:409} INFO - Инициализированы пути обработки: ['input_pdf', 'temp_dir', 'output_md', 'logs', 'work_dir']
[2025-09-28T00:27:09.949+0000] {logging_mixin.py:188} INFO - [2025-09-28T00:27:09.949+0000] {shared_utils.py:413} INFO - Настроены URL сервисов: ['document_processor', 'translator', 'quality_assurance', 'airflow']
[2025-09-28T00:27:09.949+0000] {processor.py:842} WARNING - No viable dags retrieved from /opt/airflow/dags/shared_utils.py
[2025-09-28T00:27:09.960+0000] {processor.py:183} INFO - Processing /opt/airflow/dags/shared_utils.py took 0.022 seconds
[2025-09-28T00:27:40.348+0000] {processor.py:161} INFO - Started process (PID=4792) to work on /opt/airflow/dags/shared_utils.py
[2025-09-28T00:27:40.349+0000] {processor.py:830} INFO - Processing file /opt/airflow/dags/shared_utils.py for tasks to queue
[2025-09-28T00:27:40.350+0000] {logging_mixin.py:188} INFO - [2025-09-28T00:27:40.350+0000] {dagbag.py:538} INFO - Filling up the DagBag from /opt/airflow/dags/shared_utils.py
[2025-09-28T00:27:40.356+0000] {logging_mixin.py:188} INFO - [2025-09-28T00:27:40.355+0000] {shared_utils.py:409} INFO - Инициализированы пути обработки: ['input_pdf', 'temp_dir', 'output_md', 'logs', 'work_dir']
[2025-09-28T00:27:40.356+0000] {logging_mixin.py:188} INFO - [2025-09-28T00:27:40.356+0000] {shared_utils.py:413} INFO - Настроены URL сервисов: ['document_processor', 'translator', 'quality_assurance', 'airflow']
[2025-09-28T00:27:40.356+0000] {processor.py:842} WARNING - No viable dags retrieved from /opt/airflow/dags/shared_utils.py
[2025-09-28T00:27:40.368+0000] {processor.py:183} INFO - Processing /opt/airflow/dags/shared_utils.py took 0.022 seconds
[2025-09-28T00:28:10.739+0000] {processor.py:161} INFO - Started process (PID=4805) to work on /opt/airflow/dags/shared_utils.py
[2025-09-28T00:28:10.739+0000] {processor.py:830} INFO - Processing file /opt/airflow/dags/shared_utils.py for tasks to queue
[2025-09-28T00:28:10.741+0000] {logging_mixin.py:188} INFO - [2025-09-28T00:28:10.740+0000] {dagbag.py:538} INFO - Filling up the DagBag from /opt/airflow/dags/shared_utils.py
[2025-09-28T00:28:10.747+0000] {logging_mixin.py:188} INFO - [2025-09-28T00:28:10.746+0000] {shared_utils.py:409} INFO - Инициализированы пути обработки: ['input_pdf', 'temp_dir', 'output_md', 'logs', 'work_dir']
[2025-09-28T00:28:10.747+0000] {logging_mixin.py:188} INFO - [2025-09-28T00:28:10.747+0000] {shared_utils.py:413} INFO - Настроены URL сервисов: ['document_processor', 'translator', 'quality_assurance', 'airflow']
[2025-09-28T00:28:10.747+0000] {processor.py:842} WARNING - No viable dags retrieved from /opt/airflow/dags/shared_utils.py
[2025-09-28T00:28:10.759+0000] {processor.py:183} INFO - Processing /opt/airflow/dags/shared_utils.py took 0.023 seconds
[2025-09-28T00:28:49.028+0000] {processor.py:161} INFO - Started process (PID=104) to work on /opt/airflow/dags/shared_utils.py
[2025-09-28T00:28:49.028+0000] {processor.py:830} INFO - Processing file /opt/airflow/dags/shared_utils.py for tasks to queue
[2025-09-28T00:28:49.030+0000] {logging_mixin.py:188} INFO - [2025-09-28T00:28:49.029+0000] {dagbag.py:538} INFO - Filling up the DagBag from /opt/airflow/dags/shared_utils.py
[2025-09-28T00:28:49.035+0000] {logging_mixin.py:188} INFO - [2025-09-28T00:28:49.035+0000] {shared_utils.py:409} INFO - Инициализированы пути обработки: ['input_pdf', 'temp_dir', 'output_md', 'logs', 'work_dir']
[2025-09-28T00:28:49.035+0000] {logging_mixin.py:188} INFO - [2025-09-28T00:28:49.035+0000] {shared_utils.py:413} INFO - Настроены URL сервисов: ['document_processor', 'translator', 'quality_assurance', 'airflow']
[2025-09-28T00:28:49.035+0000] {processor.py:842} WARNING - No viable dags retrieved from /opt/airflow/dags/shared_utils.py
[2025-09-28T00:28:49.048+0000] {processor.py:183} INFO - Processing /opt/airflow/dags/shared_utils.py took 0.022 seconds
[2025-09-28T00:29:19.544+0000] {processor.py:161} INFO - Started process (PID=115) to work on /opt/airflow/dags/shared_utils.py
[2025-09-28T00:29:19.545+0000] {processor.py:830} INFO - Processing file /opt/airflow/dags/shared_utils.py for tasks to queue
[2025-09-28T00:29:19.546+0000] {logging_mixin.py:188} INFO - [2025-09-28T00:29:19.546+0000] {dagbag.py:538} INFO - Filling up the DagBag from /opt/airflow/dags/shared_utils.py
[2025-09-28T00:29:19.551+0000] {logging_mixin.py:188} INFO - [2025-09-28T00:29:19.551+0000] {shared_utils.py:409} INFO - Инициализированы пути обработки: ['input_pdf', 'temp_dir', 'output_md', 'logs', 'work_dir']
[2025-09-28T00:29:19.551+0000] {logging_mixin.py:188} INFO - [2025-09-28T00:29:19.551+0000] {shared_utils.py:413} INFO - Настроены URL сервисов: ['document_processor', 'translator', 'quality_assurance', 'airflow']
[2025-09-28T00:29:19.551+0000] {processor.py:842} WARNING - No viable dags retrieved from /opt/airflow/dags/shared_utils.py
[2025-09-28T00:29:19.563+0000] {processor.py:183} INFO - Processing /opt/airflow/dags/shared_utils.py took 0.021 seconds
[2025-09-28T00:29:49.891+0000] {processor.py:161} INFO - Started process (PID=128) to work on /opt/airflow/dags/shared_utils.py
[2025-09-28T00:29:49.892+0000] {processor.py:830} INFO - Processing file /opt/airflow/dags/shared_utils.py for tasks to queue
[2025-09-28T00:29:49.893+0000] {logging_mixin.py:188} INFO - [2025-09-28T00:29:49.893+0000] {dagbag.py:538} INFO - Filling up the DagBag from /opt/airflow/dags/shared_utils.py
[2025-09-28T00:29:49.898+0000] {logging_mixin.py:188} INFO - [2025-09-28T00:29:49.898+0000] {shared_utils.py:409} INFO - Инициализированы пути обработки: ['input_pdf', 'temp_dir', 'output_md', 'logs', 'work_dir']
[2025-09-28T00:29:49.898+0000] {logging_mixin.py:188} INFO - [2025-09-28T00:29:49.898+0000] {shared_utils.py:413} INFO - Настроены URL сервисов: ['document_processor', 'translator', 'quality_assurance', 'airflow']
[2025-09-28T00:29:49.898+0000] {processor.py:842} WARNING - No viable dags retrieved from /opt/airflow/dags/shared_utils.py
[2025-09-28T00:29:49.910+0000] {processor.py:183} INFO - Processing /opt/airflow/dags/shared_utils.py took 0.021 seconds
[2025-09-28T00:30:20.279+0000] {processor.py:161} INFO - Started process (PID=141) to work on /opt/airflow/dags/shared_utils.py
[2025-09-28T00:30:20.279+0000] {processor.py:830} INFO - Processing file /opt/airflow/dags/shared_utils.py for tasks to queue
[2025-09-28T00:30:20.281+0000] {logging_mixin.py:188} INFO - [2025-09-28T00:30:20.280+0000] {dagbag.py:538} INFO - Filling up the DagBag from /opt/airflow/dags/shared_utils.py
[2025-09-28T00:30:20.285+0000] {logging_mixin.py:188} INFO - [2025-09-28T00:30:20.285+0000] {shared_utils.py:409} INFO - Инициализированы пути обработки: ['input_pdf', 'temp_dir', 'output_md', 'logs', 'work_dir']
[2025-09-28T00:30:20.286+0000] {logging_mixin.py:188} INFO - [2025-09-28T00:30:20.286+0000] {shared_utils.py:413} INFO - Настроены URL сервисов: ['document_processor', 'translator', 'quality_assurance', 'airflow']
[2025-09-28T00:30:20.286+0000] {processor.py:842} WARNING - No viable dags retrieved from /opt/airflow/dags/shared_utils.py
[2025-09-28T00:30:20.297+0000] {processor.py:183} INFO - Processing /opt/airflow/dags/shared_utils.py took 0.021 seconds
[2025-09-28T00:30:50.609+0000] {processor.py:161} INFO - Started process (PID=154) to work on /opt/airflow/dags/shared_utils.py
[2025-09-28T00:30:50.609+0000] {processor.py:830} INFO - Processing file /opt/airflow/dags/shared_utils.py for tasks to queue
[2025-09-28T00:30:50.610+0000] {logging_mixin.py:188} INFO - [2025-09-28T00:30:50.610+0000] {dagbag.py:538} INFO - Filling up the DagBag from /opt/airflow/dags/shared_utils.py
[2025-09-28T00:30:50.615+0000] {logging_mixin.py:188} INFO - [2025-09-28T00:30:50.615+0000] {shared_utils.py:409} INFO - Инициализированы пути обработки: ['input_pdf', 'temp_dir', 'output_md', 'logs', 'work_dir']
[2025-09-28T00:30:50.615+0000] {logging_mixin.py:188} INFO - [2025-09-28T00:30:50.615+0000] {shared_utils.py:413} INFO - Настроены URL сервисов: ['document_processor', 'translator', 'quality_assurance', 'airflow']
[2025-09-28T00:30:50.616+0000] {processor.py:842} WARNING - No viable dags retrieved from /opt/airflow/dags/shared_utils.py
[2025-09-28T00:30:50.628+0000] {processor.py:183} INFO - Processing /opt/airflow/dags/shared_utils.py took 0.022 seconds
[2025-09-28T00:31:20.935+0000] {processor.py:161} INFO - Started process (PID=167) to work on /opt/airflow/dags/shared_utils.py
[2025-09-28T00:31:20.935+0000] {processor.py:830} INFO - Processing file /opt/airflow/dags/shared_utils.py for tasks to queue
[2025-09-28T00:31:20.936+0000] {logging_mixin.py:188} INFO - [2025-09-28T00:31:20.936+0000] {dagbag.py:538} INFO - Filling up the DagBag from /opt/airflow/dags/shared_utils.py
[2025-09-28T00:31:20.941+0000] {logging_mixin.py:188} INFO - [2025-09-28T00:31:20.941+0000] {shared_utils.py:409} INFO - Инициализированы пути обработки: ['input_pdf', 'temp_dir', 'output_md', 'logs', 'work_dir']
[2025-09-28T00:31:20.941+0000] {logging_mixin.py:188} INFO - [2025-09-28T00:31:20.941+0000] {shared_utils.py:413} INFO - Настроены URL сервисов: ['document_processor', 'translator', 'quality_assurance', 'airflow']
[2025-09-28T00:31:20.941+0000] {processor.py:842} WARNING - No viable dags retrieved from /opt/airflow/dags/shared_utils.py
[2025-09-28T00:31:20.953+0000] {processor.py:183} INFO - Processing /opt/airflow/dags/shared_utils.py took 0.020 seconds
[2025-09-28T00:31:51.165+0000] {processor.py:161} INFO - Started process (PID=180) to work on /opt/airflow/dags/shared_utils.py
[2025-09-28T00:31:51.166+0000] {processor.py:830} INFO - Processing file /opt/airflow/dags/shared_utils.py for tasks to queue
[2025-09-28T00:31:51.167+0000] {logging_mixin.py:188} INFO - [2025-09-28T00:31:51.167+0000] {dagbag.py:538} INFO - Filling up the DagBag from /opt/airflow/dags/shared_utils.py
[2025-09-28T00:31:51.173+0000] {logging_mixin.py:188} INFO - [2025-09-28T00:31:51.172+0000] {shared_utils.py:409} INFO - Инициализированы пути обработки: ['input_pdf', 'temp_dir', 'output_md', 'logs', 'work_dir']
[2025-09-28T00:31:51.173+0000] {logging_mixin.py:188} INFO - [2025-09-28T00:31:51.173+0000] {shared_utils.py:413} INFO - Настроены URL сервисов: ['document_processor', 'translator', 'quality_assurance', 'airflow']
[2025-09-28T00:31:51.173+0000] {processor.py:842} WARNING - No viable dags retrieved from /opt/airflow/dags/shared_utils.py
[2025-09-28T00:31:51.185+0000] {processor.py:183} INFO - Processing /opt/airflow/dags/shared_utils.py took 0.022 seconds
[2025-09-28T00:32:21.600+0000] {processor.py:161} INFO - Started process (PID=193) to work on /opt/airflow/dags/shared_utils.py
[2025-09-28T00:32:21.601+0000] {processor.py:830} INFO - Processing file /opt/airflow/dags/shared_utils.py for tasks to queue
[2025-09-28T00:32:21.602+0000] {logging_mixin.py:188} INFO - [2025-09-28T00:32:21.602+0000] {dagbag.py:538} INFO - Filling up the DagBag from /opt/airflow/dags/shared_utils.py
[2025-09-28T00:32:21.607+0000] {logging_mixin.py:188} INFO - [2025-09-28T00:32:21.607+0000] {shared_utils.py:409} INFO - Инициализированы пути обработки: ['input_pdf', 'temp_dir', 'output_md', 'logs', 'work_dir']
[2025-09-28T00:32:21.607+0000] {logging_mixin.py:188} INFO - [2025-09-28T00:32:21.607+0000] {shared_utils.py:413} INFO - Настроены URL сервисов: ['document_processor', 'translator', 'quality_assurance', 'airflow']
[2025-09-28T00:32:21.607+0000] {processor.py:842} WARNING - No viable dags retrieved from /opt/airflow/dags/shared_utils.py
[2025-09-28T00:32:21.618+0000] {processor.py:183} INFO - Processing /opt/airflow/dags/shared_utils.py took 0.020 seconds
[2025-09-28T00:32:51.836+0000] {processor.py:161} INFO - Started process (PID=206) to work on /opt/airflow/dags/shared_utils.py
[2025-09-28T00:32:51.836+0000] {processor.py:830} INFO - Processing file /opt/airflow/dags/shared_utils.py for tasks to queue
[2025-09-28T00:32:51.838+0000] {logging_mixin.py:188} INFO - [2025-09-28T00:32:51.837+0000] {dagbag.py:538} INFO - Filling up the DagBag from /opt/airflow/dags/shared_utils.py
[2025-09-28T00:32:51.843+0000] {logging_mixin.py:188} INFO - [2025-09-28T00:32:51.843+0000] {shared_utils.py:409} INFO - Инициализированы пути обработки: ['input_pdf', 'temp_dir', 'output_md', 'logs', 'work_dir']
[2025-09-28T00:32:51.843+0000] {logging_mixin.py:188} INFO - [2025-09-28T00:32:51.843+0000] {shared_utils.py:413} INFO - Настроены URL сервисов: ['document_processor', 'translator', 'quality_assurance', 'airflow']
[2025-09-28T00:32:51.843+0000] {processor.py:842} WARNING - No viable dags retrieved from /opt/airflow/dags/shared_utils.py
[2025-09-28T00:32:51.855+0000] {processor.py:183} INFO - Processing /opt/airflow/dags/shared_utils.py took 0.021 seconds
[2025-09-28T00:33:22.178+0000] {processor.py:161} INFO - Started process (PID=224) to work on /opt/airflow/dags/shared_utils.py
[2025-09-28T00:33:22.179+0000] {processor.py:830} INFO - Processing file /opt/airflow/dags/shared_utils.py for tasks to queue
[2025-09-28T00:33:22.180+0000] {logging_mixin.py:188} INFO - [2025-09-28T00:33:22.180+0000] {dagbag.py:538} INFO - Filling up the DagBag from /opt/airflow/dags/shared_utils.py
[2025-09-28T00:33:22.185+0000] {logging_mixin.py:188} INFO - [2025-09-28T00:33:22.184+0000] {shared_utils.py:409} INFO - Инициализированы пути обработки: ['input_pdf', 'temp_dir', 'output_md', 'logs', 'work_dir']
[2025-09-28T00:33:22.185+0000] {logging_mixin.py:188} INFO - [2025-09-28T00:33:22.185+0000] {shared_utils.py:413} INFO - Настроены URL сервисов: ['document_processor', 'translator', 'quality_assurance', 'airflow']
[2025-09-28T00:33:22.185+0000] {processor.py:842} WARNING - No viable dags retrieved from /opt/airflow/dags/shared_utils.py
[2025-09-28T00:33:22.196+0000] {processor.py:183} INFO - Processing /opt/airflow/dags/shared_utils.py took 0.021 seconds
[2025-09-28T00:33:52.521+0000] {processor.py:161} INFO - Started process (PID=237) to work on /opt/airflow/dags/shared_utils.py
[2025-09-28T00:33:52.522+0000] {processor.py:830} INFO - Processing file /opt/airflow/dags/shared_utils.py for tasks to queue
[2025-09-28T00:33:52.523+0000] {logging_mixin.py:188} INFO - [2025-09-28T00:33:52.523+0000] {dagbag.py:538} INFO - Filling up the DagBag from /opt/airflow/dags/shared_utils.py
[2025-09-28T00:33:52.529+0000] {logging_mixin.py:188} INFO - [2025-09-28T00:33:52.529+0000] {shared_utils.py:409} INFO - Инициализированы пути обработки: ['input_pdf', 'temp_dir', 'output_md', 'logs', 'work_dir']
[2025-09-28T00:33:52.529+0000] {logging_mixin.py:188} INFO - [2025-09-28T00:33:52.529+0000] {shared_utils.py:413} INFO - Настроены URL сервисов: ['document_processor', 'translator', 'quality_assurance', 'airflow']
[2025-09-28T00:33:52.529+0000] {processor.py:842} WARNING - No viable dags retrieved from /opt/airflow/dags/shared_utils.py
[2025-09-28T00:33:52.541+0000] {processor.py:183} INFO - Processing /opt/airflow/dags/shared_utils.py took 0.022 seconds
[2025-09-28T00:34:22.872+0000] {processor.py:161} INFO - Started process (PID=250) to work on /opt/airflow/dags/shared_utils.py
[2025-09-28T00:34:22.873+0000] {processor.py:830} INFO - Processing file /opt/airflow/dags/shared_utils.py for tasks to queue
[2025-09-28T00:34:22.874+0000] {logging_mixin.py:188} INFO - [2025-09-28T00:34:22.874+0000] {dagbag.py:538} INFO - Filling up the DagBag from /opt/airflow/dags/shared_utils.py
[2025-09-28T00:34:22.879+0000] {logging_mixin.py:188} INFO - [2025-09-28T00:34:22.879+0000] {shared_utils.py:409} INFO - Инициализированы пути обработки: ['input_pdf', 'temp_dir', 'output_md', 'logs', 'work_dir']
[2025-09-28T00:34:22.879+0000] {logging_mixin.py:188} INFO - [2025-09-28T00:34:22.879+0000] {shared_utils.py:413} INFO - Настроены URL сервисов: ['document_processor', 'translator', 'quality_assurance', 'airflow']
[2025-09-28T00:34:22.879+0000] {processor.py:842} WARNING - No viable dags retrieved from /opt/airflow/dags/shared_utils.py
[2025-09-28T00:34:22.890+0000] {processor.py:183} INFO - Processing /opt/airflow/dags/shared_utils.py took 0.020 seconds
[2025-09-28T00:34:53.121+0000] {processor.py:161} INFO - Started process (PID=263) to work on /opt/airflow/dags/shared_utils.py
[2025-09-28T00:34:53.122+0000] {processor.py:830} INFO - Processing file /opt/airflow/dags/shared_utils.py for tasks to queue
[2025-09-28T00:34:53.123+0000] {logging_mixin.py:188} INFO - [2025-09-28T00:34:53.123+0000] {dagbag.py:538} INFO - Filling up the DagBag from /opt/airflow/dags/shared_utils.py
[2025-09-28T00:34:53.129+0000] {logging_mixin.py:188} INFO - [2025-09-28T00:34:53.128+0000] {shared_utils.py:409} INFO - Инициализированы пути обработки: ['input_pdf', 'temp_dir', 'output_md', 'logs', 'work_dir']
[2025-09-28T00:34:53.129+0000] {logging_mixin.py:188} INFO - [2025-09-28T00:34:53.129+0000] {shared_utils.py:413} INFO - Настроены URL сервисов: ['document_processor', 'translator', 'quality_assurance', 'airflow']
[2025-09-28T00:34:53.129+0000] {processor.py:842} WARNING - No viable dags retrieved from /opt/airflow/dags/shared_utils.py
[2025-09-28T00:34:53.141+0000] {processor.py:183} INFO - Processing /opt/airflow/dags/shared_utils.py took 0.022 seconds
[2025-09-28T00:35:23.379+0000] {processor.py:161} INFO - Started process (PID=276) to work on /opt/airflow/dags/shared_utils.py
[2025-09-28T00:35:23.379+0000] {processor.py:830} INFO - Processing file /opt/airflow/dags/shared_utils.py for tasks to queue
[2025-09-28T00:35:23.381+0000] {logging_mixin.py:188} INFO - [2025-09-28T00:35:23.380+0000] {dagbag.py:538} INFO - Filling up the DagBag from /opt/airflow/dags/shared_utils.py
[2025-09-28T00:35:23.386+0000] {logging_mixin.py:188} INFO - [2025-09-28T00:35:23.386+0000] {shared_utils.py:409} INFO - Инициализированы пути обработки: ['input_pdf', 'temp_dir', 'output_md', 'logs', 'work_dir']
[2025-09-28T00:35:23.386+0000] {logging_mixin.py:188} INFO - [2025-09-28T00:35:23.386+0000] {shared_utils.py:413} INFO - Настроены URL сервисов: ['document_processor', 'translator', 'quality_assurance', 'airflow']
[2025-09-28T00:35:23.386+0000] {processor.py:842} WARNING - No viable dags retrieved from /opt/airflow/dags/shared_utils.py
[2025-09-28T00:35:23.398+0000] {processor.py:183} INFO - Processing /opt/airflow/dags/shared_utils.py took 0.021 seconds
[2025-09-28T00:35:53.891+0000] {processor.py:161} INFO - Started process (PID=289) to work on /opt/airflow/dags/shared_utils.py
[2025-09-28T00:35:53.892+0000] {processor.py:830} INFO - Processing file /opt/airflow/dags/shared_utils.py for tasks to queue
[2025-09-28T00:35:53.893+0000] {logging_mixin.py:188} INFO - [2025-09-28T00:35:53.893+0000] {dagbag.py:538} INFO - Filling up the DagBag from /opt/airflow/dags/shared_utils.py
[2025-09-28T00:35:53.897+0000] {logging_mixin.py:188} INFO - [2025-09-28T00:35:53.897+0000] {shared_utils.py:409} INFO - Инициализированы пути обработки: ['input_pdf', 'temp_dir', 'output_md', 'logs', 'work_dir']
[2025-09-28T00:35:53.898+0000] {logging_mixin.py:188} INFO - [2025-09-28T00:35:53.898+0000] {shared_utils.py:413} INFO - Настроены URL сервисов: ['document_processor', 'translator', 'quality_assurance', 'airflow']
[2025-09-28T00:35:53.898+0000] {processor.py:842} WARNING - No viable dags retrieved from /opt/airflow/dags/shared_utils.py
[2025-09-28T00:35:53.910+0000] {processor.py:183} INFO - Processing /opt/airflow/dags/shared_utils.py took 0.022 seconds
[2025-09-28T00:36:24.196+0000] {processor.py:161} INFO - Started process (PID=302) to work on /opt/airflow/dags/shared_utils.py
[2025-09-28T00:36:24.196+0000] {processor.py:830} INFO - Processing file /opt/airflow/dags/shared_utils.py for tasks to queue
[2025-09-28T00:36:24.197+0000] {logging_mixin.py:188} INFO - [2025-09-28T00:36:24.197+0000] {dagbag.py:538} INFO - Filling up the DagBag from /opt/airflow/dags/shared_utils.py
[2025-09-28T00:36:24.202+0000] {logging_mixin.py:188} INFO - [2025-09-28T00:36:24.202+0000] {shared_utils.py:409} INFO - Инициализированы пути обработки: ['input_pdf', 'temp_dir', 'output_md', 'logs', 'work_dir']
[2025-09-28T00:36:24.202+0000] {logging_mixin.py:188} INFO - [2025-09-28T00:36:24.202+0000] {shared_utils.py:413} INFO - Настроены URL сервисов: ['document_processor', 'translator', 'quality_assurance', 'airflow']
[2025-09-28T00:36:24.203+0000] {processor.py:842} WARNING - No viable dags retrieved from /opt/airflow/dags/shared_utils.py
[2025-09-28T00:36:24.214+0000] {processor.py:183} INFO - Processing /opt/airflow/dags/shared_utils.py took 0.021 seconds
[2025-09-28T00:36:54.487+0000] {processor.py:161} INFO - Started process (PID=315) to work on /opt/airflow/dags/shared_utils.py
[2025-09-28T00:36:54.488+0000] {processor.py:830} INFO - Processing file /opt/airflow/dags/shared_utils.py for tasks to queue
[2025-09-28T00:36:54.489+0000] {logging_mixin.py:188} INFO - [2025-09-28T00:36:54.489+0000] {dagbag.py:538} INFO - Filling up the DagBag from /opt/airflow/dags/shared_utils.py
[2025-09-28T00:36:54.494+0000] {logging_mixin.py:188} INFO - [2025-09-28T00:36:54.494+0000] {shared_utils.py:409} INFO - Инициализированы пути обработки: ['input_pdf', 'temp_dir', 'output_md', 'logs', 'work_dir']
[2025-09-28T00:36:54.494+0000] {logging_mixin.py:188} INFO - [2025-09-28T00:36:54.494+0000] {shared_utils.py:413} INFO - Настроены URL сервисов: ['document_processor', 'translator', 'quality_assurance', 'airflow']
[2025-09-28T00:36:54.494+0000] {processor.py:842} WARNING - No viable dags retrieved from /opt/airflow/dags/shared_utils.py
[2025-09-28T00:36:54.505+0000] {processor.py:183} INFO - Processing /opt/airflow/dags/shared_utils.py took 0.020 seconds
[2025-09-28T00:37:24.778+0000] {processor.py:161} INFO - Started process (PID=328) to work on /opt/airflow/dags/shared_utils.py
[2025-09-28T00:37:24.779+0000] {processor.py:830} INFO - Processing file /opt/airflow/dags/shared_utils.py for tasks to queue
[2025-09-28T00:37:24.780+0000] {logging_mixin.py:188} INFO - [2025-09-28T00:37:24.780+0000] {dagbag.py:538} INFO - Filling up the DagBag from /opt/airflow/dags/shared_utils.py
[2025-09-28T00:37:24.785+0000] {logging_mixin.py:188} INFO - [2025-09-28T00:37:24.785+0000] {shared_utils.py:409} INFO - Инициализированы пути обработки: ['input_pdf', 'temp_dir', 'output_md', 'logs', 'work_dir']
[2025-09-28T00:37:24.785+0000] {logging_mixin.py:188} INFO - [2025-09-28T00:37:24.785+0000] {shared_utils.py:413} INFO - Настроены URL сервисов: ['document_processor', 'translator', 'quality_assurance', 'airflow']
[2025-09-28T00:37:24.785+0000] {processor.py:842} WARNING - No viable dags retrieved from /opt/airflow/dags/shared_utils.py
[2025-09-28T00:37:24.796+0000] {processor.py:183} INFO - Processing /opt/airflow/dags/shared_utils.py took 0.020 seconds
[2025-09-28T00:37:55.279+0000] {processor.py:161} INFO - Started process (PID=341) to work on /opt/airflow/dags/shared_utils.py
[2025-09-28T00:37:55.279+0000] {processor.py:830} INFO - Processing file /opt/airflow/dags/shared_utils.py for tasks to queue
[2025-09-28T00:37:55.281+0000] {logging_mixin.py:188} INFO - [2025-09-28T00:37:55.280+0000] {dagbag.py:538} INFO - Filling up the DagBag from /opt/airflow/dags/shared_utils.py
[2025-09-28T00:37:55.285+0000] {logging_mixin.py:188} INFO - [2025-09-28T00:37:55.285+0000] {shared_utils.py:409} INFO - Инициализированы пути обработки: ['input_pdf', 'temp_dir', 'output_md', 'logs', 'work_dir']
[2025-09-28T00:37:55.285+0000] {logging_mixin.py:188} INFO - [2025-09-28T00:37:55.285+0000] {shared_utils.py:413} INFO - Настроены URL сервисов: ['document_processor', 'translator', 'quality_assurance', 'airflow']
[2025-09-28T00:37:55.286+0000] {processor.py:842} WARNING - No viable dags retrieved from /opt/airflow/dags/shared_utils.py
[2025-09-28T00:37:55.297+0000] {processor.py:183} INFO - Processing /opt/airflow/dags/shared_utils.py took 0.020 seconds
[2025-09-28T00:38:25.528+0000] {processor.py:161} INFO - Started process (PID=354) to work on /opt/airflow/dags/shared_utils.py
[2025-09-28T00:38:25.529+0000] {processor.py:830} INFO - Processing file /opt/airflow/dags/shared_utils.py for tasks to queue
[2025-09-28T00:38:25.530+0000] {logging_mixin.py:188} INFO - [2025-09-28T00:38:25.530+0000] {dagbag.py:538} INFO - Filling up the DagBag from /opt/airflow/dags/shared_utils.py
[2025-09-28T00:38:25.535+0000] {logging_mixin.py:188} INFO - [2025-09-28T00:38:25.535+0000] {shared_utils.py:409} INFO - Инициализированы пути обработки: ['input_pdf', 'temp_dir', 'output_md', 'logs', 'work_dir']
[2025-09-28T00:38:25.535+0000] {logging_mixin.py:188} INFO - [2025-09-28T00:38:25.535+0000] {shared_utils.py:413} INFO - Настроены URL сервисов: ['document_processor', 'translator', 'quality_assurance', 'airflow']
[2025-09-28T00:38:25.536+0000] {processor.py:842} WARNING - No viable dags retrieved from /opt/airflow/dags/shared_utils.py
[2025-09-28T00:38:25.548+0000] {processor.py:183} INFO - Processing /opt/airflow/dags/shared_utils.py took 0.022 seconds
[2025-09-28T00:38:55.788+0000] {processor.py:161} INFO - Started process (PID=367) to work on /opt/airflow/dags/shared_utils.py
[2025-09-28T00:38:55.789+0000] {processor.py:830} INFO - Processing file /opt/airflow/dags/shared_utils.py for tasks to queue
[2025-09-28T00:38:55.790+0000] {logging_mixin.py:188} INFO - [2025-09-28T00:38:55.790+0000] {dagbag.py:538} INFO - Filling up the DagBag from /opt/airflow/dags/shared_utils.py
[2025-09-28T00:38:55.795+0000] {logging_mixin.py:188} INFO - [2025-09-28T00:38:55.795+0000] {shared_utils.py:409} INFO - Инициализированы пути обработки: ['input_pdf', 'temp_dir', 'output_md', 'logs', 'work_dir']
[2025-09-28T00:38:55.796+0000] {logging_mixin.py:188} INFO - [2025-09-28T00:38:55.795+0000] {shared_utils.py:413} INFO - Настроены URL сервисов: ['document_processor', 'translator', 'quality_assurance', 'airflow']
[2025-09-28T00:38:55.796+0000] {processor.py:842} WARNING - No viable dags retrieved from /opt/airflow/dags/shared_utils.py
[2025-09-28T00:38:55.807+0000] {processor.py:183} INFO - Processing /opt/airflow/dags/shared_utils.py took 0.021 seconds
[2025-09-28T00:39:26.195+0000] {processor.py:161} INFO - Started process (PID=380) to work on /opt/airflow/dags/shared_utils.py
[2025-09-28T00:39:26.196+0000] {processor.py:830} INFO - Processing file /opt/airflow/dags/shared_utils.py for tasks to queue
[2025-09-28T00:39:26.197+0000] {logging_mixin.py:188} INFO - [2025-09-28T00:39:26.197+0000] {dagbag.py:538} INFO - Filling up the DagBag from /opt/airflow/dags/shared_utils.py
[2025-09-28T00:39:26.202+0000] {logging_mixin.py:188} INFO - [2025-09-28T00:39:26.202+0000] {shared_utils.py:409} INFO - Инициализированы пути обработки: ['input_pdf', 'temp_dir', 'output_md', 'logs', 'work_dir']
[2025-09-28T00:39:26.202+0000] {logging_mixin.py:188} INFO - [2025-09-28T00:39:26.202+0000] {shared_utils.py:413} INFO - Настроены URL сервисов: ['document_processor', 'translator', 'quality_assurance', 'airflow']
[2025-09-28T00:39:26.202+0000] {processor.py:842} WARNING - No viable dags retrieved from /opt/airflow/dags/shared_utils.py
[2025-09-28T00:39:26.214+0000] {processor.py:183} INFO - Processing /opt/airflow/dags/shared_utils.py took 0.021 seconds
[2025-09-28T00:39:56.442+0000] {processor.py:161} INFO - Started process (PID=393) to work on /opt/airflow/dags/shared_utils.py
[2025-09-28T00:39:56.442+0000] {processor.py:830} INFO - Processing file /opt/airflow/dags/shared_utils.py for tasks to queue
[2025-09-28T00:39:56.444+0000] {logging_mixin.py:188} INFO - [2025-09-28T00:39:56.443+0000] {dagbag.py:538} INFO - Filling up the DagBag from /opt/airflow/dags/shared_utils.py
[2025-09-28T00:39:56.449+0000] {logging_mixin.py:188} INFO - [2025-09-28T00:39:56.449+0000] {shared_utils.py:409} INFO - Инициализированы пути обработки: ['input_pdf', 'temp_dir', 'output_md', 'logs', 'work_dir']
[2025-09-28T00:39:56.449+0000] {logging_mixin.py:188} INFO - [2025-09-28T00:39:56.449+0000] {shared_utils.py:413} INFO - Настроены URL сервисов: ['document_processor', 'translator', 'quality_assurance', 'airflow']
[2025-09-28T00:39:56.449+0000] {processor.py:842} WARNING - No viable dags retrieved from /opt/airflow/dags/shared_utils.py
[2025-09-28T00:39:56.461+0000] {processor.py:183} INFO - Processing /opt/airflow/dags/shared_utils.py took 0.022 seconds
[2025-09-28T00:40:26.760+0000] {processor.py:161} INFO - Started process (PID=406) to work on /opt/airflow/dags/shared_utils.py
[2025-09-28T00:40:26.761+0000] {processor.py:830} INFO - Processing file /opt/airflow/dags/shared_utils.py for tasks to queue
[2025-09-28T00:40:26.762+0000] {logging_mixin.py:188} INFO - [2025-09-28T00:40:26.762+0000] {dagbag.py:538} INFO - Filling up the DagBag from /opt/airflow/dags/shared_utils.py
[2025-09-28T00:40:26.767+0000] {logging_mixin.py:188} INFO - [2025-09-28T00:40:26.766+0000] {shared_utils.py:409} INFO - Инициализированы пути обработки: ['input_pdf', 'temp_dir', 'output_md', 'logs', 'work_dir']
[2025-09-28T00:40:26.767+0000] {logging_mixin.py:188} INFO - [2025-09-28T00:40:26.767+0000] {shared_utils.py:413} INFO - Настроены URL сервисов: ['document_processor', 'translator', 'quality_assurance', 'airflow']
[2025-09-28T00:40:26.767+0000] {processor.py:842} WARNING - No viable dags retrieved from /opt/airflow/dags/shared_utils.py
[2025-09-28T00:40:26.778+0000] {processor.py:183} INFO - Processing /opt/airflow/dags/shared_utils.py took 0.020 seconds
[2025-09-28T00:40:56.988+0000] {processor.py:161} INFO - Started process (PID=419) to work on /opt/airflow/dags/shared_utils.py
[2025-09-28T00:40:56.989+0000] {processor.py:830} INFO - Processing file /opt/airflow/dags/shared_utils.py for tasks to queue
[2025-09-28T00:40:56.990+0000] {logging_mixin.py:188} INFO - [2025-09-28T00:40:56.990+0000] {dagbag.py:538} INFO - Filling up the DagBag from /opt/airflow/dags/shared_utils.py
[2025-09-28T00:40:56.996+0000] {logging_mixin.py:188} INFO - [2025-09-28T00:40:56.996+0000] {shared_utils.py:409} INFO - Инициализированы пути обработки: ['input_pdf', 'temp_dir', 'output_md', 'logs', 'work_dir']
[2025-09-28T00:40:56.996+0000] {logging_mixin.py:188} INFO - [2025-09-28T00:40:56.996+0000] {shared_utils.py:413} INFO - Настроены URL сервисов: ['document_processor', 'translator', 'quality_assurance', 'airflow']
[2025-09-28T00:40:56.996+0000] {processor.py:842} WARNING - No viable dags retrieved from /opt/airflow/dags/shared_utils.py
[2025-09-28T00:40:57.008+0000] {processor.py:183} INFO - Processing /opt/airflow/dags/shared_utils.py took 0.022 seconds
[2025-09-28T00:41:27.381+0000] {processor.py:161} INFO - Started process (PID=432) to work on /opt/airflow/dags/shared_utils.py
[2025-09-28T00:41:27.382+0000] {processor.py:830} INFO - Processing file /opt/airflow/dags/shared_utils.py for tasks to queue
[2025-09-28T00:41:27.383+0000] {logging_mixin.py:188} INFO - [2025-09-28T00:41:27.383+0000] {dagbag.py:538} INFO - Filling up the DagBag from /opt/airflow/dags/shared_utils.py
[2025-09-28T00:41:27.388+0000] {logging_mixin.py:188} INFO - [2025-09-28T00:41:27.388+0000] {shared_utils.py:409} INFO - Инициализированы пути обработки: ['input_pdf', 'temp_dir', 'output_md', 'logs', 'work_dir']
[2025-09-28T00:41:27.388+0000] {logging_mixin.py:188} INFO - [2025-09-28T00:41:27.388+0000] {shared_utils.py:413} INFO - Настроены URL сервисов: ['document_processor', 'translator', 'quality_assurance', 'airflow']
[2025-09-28T00:41:27.388+0000] {processor.py:842} WARNING - No viable dags retrieved from /opt/airflow/dags/shared_utils.py
[2025-09-28T00:41:27.400+0000] {processor.py:183} INFO - Processing /opt/airflow/dags/shared_utils.py took 0.021 seconds
[2025-09-28T00:41:57.687+0000] {processor.py:161} INFO - Started process (PID=445) to work on /opt/airflow/dags/shared_utils.py
[2025-09-28T00:41:57.687+0000] {processor.py:830} INFO - Processing file /opt/airflow/dags/shared_utils.py for tasks to queue
[2025-09-28T00:41:57.688+0000] {logging_mixin.py:188} INFO - [2025-09-28T00:41:57.688+0000] {dagbag.py:538} INFO - Filling up the DagBag from /opt/airflow/dags/shared_utils.py
[2025-09-28T00:41:57.693+0000] {logging_mixin.py:188} INFO - [2025-09-28T00:41:57.693+0000] {shared_utils.py:409} INFO - Инициализированы пути обработки: ['input_pdf', 'temp_dir', 'output_md', 'logs', 'work_dir']
[2025-09-28T00:41:57.693+0000] {logging_mixin.py:188} INFO - [2025-09-28T00:41:57.693+0000] {shared_utils.py:413} INFO - Настроены URL сервисов: ['document_processor', 'translator', 'quality_assurance', 'airflow']
[2025-09-28T00:41:57.694+0000] {processor.py:842} WARNING - No viable dags retrieved from /opt/airflow/dags/shared_utils.py
[2025-09-28T00:41:57.705+0000] {processor.py:183} INFO - Processing /opt/airflow/dags/shared_utils.py took 0.020 seconds
[2025-09-28T00:42:27.990+0000] {processor.py:161} INFO - Started process (PID=458) to work on /opt/airflow/dags/shared_utils.py
[2025-09-28T00:42:27.991+0000] {processor.py:830} INFO - Processing file /opt/airflow/dags/shared_utils.py for tasks to queue
[2025-09-28T00:42:27.992+0000] {logging_mixin.py:188} INFO - [2025-09-28T00:42:27.992+0000] {dagbag.py:538} INFO - Filling up the DagBag from /opt/airflow/dags/shared_utils.py
[2025-09-28T00:42:27.997+0000] {logging_mixin.py:188} INFO - [2025-09-28T00:42:27.997+0000] {shared_utils.py:409} INFO - Инициализированы пути обработки: ['input_pdf', 'temp_dir', 'output_md', 'logs', 'work_dir']
[2025-09-28T00:42:27.997+0000] {logging_mixin.py:188} INFO - [2025-09-28T00:42:27.997+0000] {shared_utils.py:413} INFO - Настроены URL сервисов: ['document_processor', 'translator', 'quality_assurance', 'airflow']
[2025-09-28T00:42:27.997+0000] {processor.py:842} WARNING - No viable dags retrieved from /opt/airflow/dags/shared_utils.py
[2025-09-28T00:42:28.008+0000] {processor.py:183} INFO - Processing /opt/airflow/dags/shared_utils.py took 0.020 seconds
[2025-09-28T00:42:58.365+0000] {processor.py:161} INFO - Started process (PID=471) to work on /opt/airflow/dags/shared_utils.py
[2025-09-28T00:42:58.365+0000] {processor.py:830} INFO - Processing file /opt/airflow/dags/shared_utils.py for tasks to queue
[2025-09-28T00:42:58.366+0000] {logging_mixin.py:188} INFO - [2025-09-28T00:42:58.366+0000] {dagbag.py:538} INFO - Filling up the DagBag from /opt/airflow/dags/shared_utils.py
[2025-09-28T00:42:58.371+0000] {logging_mixin.py:188} INFO - [2025-09-28T00:42:58.371+0000] {shared_utils.py:409} INFO - Инициализированы пути обработки: ['input_pdf', 'temp_dir', 'output_md', 'logs', 'work_dir']
[2025-09-28T00:42:58.371+0000] {logging_mixin.py:188} INFO - [2025-09-28T00:42:58.371+0000] {shared_utils.py:413} INFO - Настроены URL сервисов: ['document_processor', 'translator', 'quality_assurance', 'airflow']
[2025-09-28T00:42:58.372+0000] {processor.py:842} WARNING - No viable dags retrieved from /opt/airflow/dags/shared_utils.py
[2025-09-28T00:42:58.383+0000] {processor.py:183} INFO - Processing /opt/airflow/dags/shared_utils.py took 0.021 seconds
[2025-09-28T00:43:28.671+0000] {processor.py:161} INFO - Started process (PID=484) to work on /opt/airflow/dags/shared_utils.py
[2025-09-28T00:43:28.672+0000] {processor.py:830} INFO - Processing file /opt/airflow/dags/shared_utils.py for tasks to queue
[2025-09-28T00:43:28.673+0000] {logging_mixin.py:188} INFO - [2025-09-28T00:43:28.673+0000] {dagbag.py:538} INFO - Filling up the DagBag from /opt/airflow/dags/shared_utils.py
[2025-09-28T00:43:28.678+0000] {logging_mixin.py:188} INFO - [2025-09-28T00:43:28.677+0000] {shared_utils.py:409} INFO - Инициализированы пути обработки: ['input_pdf', 'temp_dir', 'output_md', 'logs', 'work_dir']
[2025-09-28T00:43:28.678+0000] {logging_mixin.py:188} INFO - [2025-09-28T00:43:28.678+0000] {shared_utils.py:413} INFO - Настроены URL сервисов: ['document_processor', 'translator', 'quality_assurance', 'airflow']
[2025-09-28T00:43:28.678+0000] {processor.py:842} WARNING - No viable dags retrieved from /opt/airflow/dags/shared_utils.py
[2025-09-28T00:43:28.689+0000] {processor.py:183} INFO - Processing /opt/airflow/dags/shared_utils.py took 0.020 seconds
[2025-09-28T00:43:58.982+0000] {processor.py:161} INFO - Started process (PID=497) to work on /opt/airflow/dags/shared_utils.py
[2025-09-28T00:43:58.983+0000] {processor.py:830} INFO - Processing file /opt/airflow/dags/shared_utils.py for tasks to queue
[2025-09-28T00:43:58.984+0000] {logging_mixin.py:188} INFO - [2025-09-28T00:43:58.984+0000] {dagbag.py:538} INFO - Filling up the DagBag from /opt/airflow/dags/shared_utils.py
[2025-09-28T00:43:58.989+0000] {logging_mixin.py:188} INFO - [2025-09-28T00:43:58.989+0000] {shared_utils.py:409} INFO - Инициализированы пути обработки: ['input_pdf', 'temp_dir', 'output_md', 'logs', 'work_dir']
[2025-09-28T00:43:58.989+0000] {logging_mixin.py:188} INFO - [2025-09-28T00:43:58.989+0000] {shared_utils.py:413} INFO - Настроены URL сервисов: ['document_processor', 'translator', 'quality_assurance', 'airflow']
[2025-09-28T00:43:58.989+0000] {processor.py:842} WARNING - No viable dags retrieved from /opt/airflow/dags/shared_utils.py
[2025-09-28T00:43:59.000+0000] {processor.py:183} INFO - Processing /opt/airflow/dags/shared_utils.py took 0.020 seconds
[2025-09-28T00:44:29.283+0000] {processor.py:161} INFO - Started process (PID=510) to work on /opt/airflow/dags/shared_utils.py
[2025-09-28T00:44:29.283+0000] {processor.py:830} INFO - Processing file /opt/airflow/dags/shared_utils.py for tasks to queue
[2025-09-28T00:44:29.285+0000] {logging_mixin.py:188} INFO - [2025-09-28T00:44:29.284+0000] {dagbag.py:538} INFO - Filling up the DagBag from /opt/airflow/dags/shared_utils.py
[2025-09-28T00:44:29.289+0000] {logging_mixin.py:188} INFO - [2025-09-28T00:44:29.289+0000] {shared_utils.py:409} INFO - Инициализированы пути обработки: ['input_pdf', 'temp_dir', 'output_md', 'logs', 'work_dir']
[2025-09-28T00:44:29.290+0000] {logging_mixin.py:188} INFO - [2025-09-28T00:44:29.289+0000] {shared_utils.py:413} INFO - Настроены URL сервисов: ['document_processor', 'translator', 'quality_assurance', 'airflow']
[2025-09-28T00:44:29.290+0000] {processor.py:842} WARNING - No viable dags retrieved from /opt/airflow/dags/shared_utils.py
[2025-09-28T00:44:29.301+0000] {processor.py:183} INFO - Processing /opt/airflow/dags/shared_utils.py took 0.021 seconds
