[2025-09-27T21:40:21.957+0000] {taskinstance.py:1956} INFO - Dependencies all met for dep_context=non-requeueable deps ti=<TaskInstance: document_preprocessing.notify_completion manual__2025-09-27T21:39:58.818513+00:00 [queued]>
[2025-09-27T21:40:21.962+0000] {taskinstance.py:1956} INFO - Dependencies all met for dep_context=requeueable deps ti=<TaskInstance: document_preprocessing.notify_completion manual__2025-09-27T21:39:58.818513+00:00 [queued]>
[2025-09-27T21:40:21.962+0000] {taskinstance.py:2170} INFO - Starting attempt 1 of 3
[2025-09-27T21:40:21.970+0000] {taskinstance.py:2191} INFO - Executing <Task(PythonOperator): notify_completion> on 2025-09-27 21:39:58.818513+00:00
[2025-09-27T21:40:21.974+0000] {standard_task_runner.py:60} INFO - Started process 400 to run task
[2025-09-27T21:40:21.976+0000] {standard_task_runner.py:87} INFO - Running: ['***', 'tasks', 'run', 'document_preprocessing', 'notify_completion', 'manual__2025-09-27T21:39:58.818513+00:00', '--job-id', '910', '--raw', '--subdir', 'DAGS_FOLDER/document_preprocessing.py', '--cfg-path', '/tmp/tmpi0gob3mp']
[2025-09-27T21:40:21.977+0000] {standard_task_runner.py:88} INFO - Job 910: Subtask notify_completion
[2025-09-27T21:40:22.018+0000] {task_command.py:423} INFO - Running <TaskInstance: document_preprocessing.notify_completion manual__2025-09-27T21:39:58.818513+00:00 [running]> on host 5135eb910334
[2025-09-27T21:40:22.081+0000] {taskinstance.py:2480} INFO - Exporting env vars: AIRFLOW_CTX_DAG_OWNER='pdf-converter' AIRFLOW_CTX_DAG_ID='document_preprocessing' AIRFLOW_CTX_TASK_ID='notify_completion' AIRFLOW_CTX_EXECUTION_DATE='2025-09-27T21:39:58.818513+00:00' AIRFLOW_CTX_TRY_NUMBER='1' AIRFLOW_CTX_DAG_RUN_ID='manual__2025-09-27T21:39:58.818513+00:00'
[2025-09-27T21:40:22.102+0000] {shared_utils.py:224} INFO - 
✅ УСПЕШНОЕ ЗАВЕРШЕНИЕ
DAG: document_preprocessing
Task: notify_completion
Время: 2025-09-27T21:40:22.102070
Результат: Обработка завершена

[2025-09-27T21:40:22.102+0000] {document_preprocessing.py:548} INFO - 
✅ DOCUMENT PREPROCESSING ЗАВЕРШЕН УСПЕШНО
📄 Файл: test_short.pdf
📊 Страниц: 5
⏱️ Время: 19.22с
🔍 OCR: Да
📋 Таблицы: Да
📁 Файл: /opt/***/temp/doc_1759009200/doc_1759009200_intermediate.json
✅ Готов для следующей стадии

[2025-09-27T21:40:22.102+0000] {python.py:201} INFO - Done. Returned value was: None
[2025-09-27T21:40:22.110+0000] {taskinstance.py:1138} INFO - Marking task as SUCCESS. dag_id=document_preprocessing, task_id=notify_completion, execution_date=20250927T213958, start_date=20250927T214021, end_date=20250927T214022
[2025-09-27T21:40:22.148+0000] {local_task_job_runner.py:234} INFO - Task exited with return code 0
[2025-09-27T21:40:22.163+0000] {taskinstance.py:3280} INFO - 0 downstream tasks scheduled from follow-on schedule check
