[0;34m[2025-09-28 03:30:29][0m [1;33m[INFO][0m Запись лога: /mnt/storage/apps/pdf-converter/logs/conversion_20250928_033029_1044312.log
[0;34m[2025-09-28 03:30:29][0m [1;33m[INFO][0m 🔧 Проверка зависимостей...
[0;34m[2025-09-28 03:30:29][0m [1;33m[INFO][0m ✅ jq установлен
[0;34m[2025-09-28 03:30:29][0m [1;33m[INFO][0m ✅ curl установлен
[0;34m[2025-09-28 03:30:29][0m [1;33m[INFO][0m Проверка готовности сервисов...
[0;34m[2025-09-28 03:30:29][0m [1;33m[INFO][0m ✅ //localhost:8090/health:Airflow UI готов
[0;34m[2025-09-28 03:30:29][0m [1;33m[INFO][0m ✅ Все сервисы готовы
[0;34m[2025-09-28 03:30:30][0m [1;33m[INFO][0m 🔍 Поиск PDF файлов для конвертации...
[0;34m[2025-09-28 03:30:30][0m [1;33m[INFO][0m 📊 Найдено файлов для конвертации: 1
[0;34m[2025-09-28 03:30:30][0m [1;33m[INFO][0m 🚀 Запуск полной конвертации: test_short.pdf
[0;34m[2025-09-28 03:30:30][0m [1;33m[INFO][0m 📤 Отправка запроса в Airflow...
[0;34m[2025-09-28 03:30:30][0m [1;33m[INFO][0m ✅ Конвертация запущена. Run ID: manual__2025-09-28T00:30:30.279758+00:00
[0;34m[2025-09-28 03:30:30][0m [1;33m[INFO][0m ⏳ Ожидание завершения полной конвертации (таймаут: 3600s)...
[0;34m[2025-09-28 03:39:52][0m [1;33m[INFO][0m ✅ Конвертация завершена успешно!
[0;34m[2025-09-28 03:39:52][0m [1;33m[INFO][0m 📊 Результаты конвертации:
[0;34m[2025-09-28 03:39:52][0m [1;33m[INFO][0m 📁 Результирующий файл: /mnt/storage/apps/pdf-converter/output/zh/1759019430_test_short.md
[0;34m[2025-09-28 03:39:52][0m [1;33m[INFO][0m 📊 Размер файла: 15546 байт
[0;34m[2025-09-28 03:39:52][0m [1;33m[INFO][0m 📈 Статистика:
[0;34m[2025-09-28 03:39:52][0m [1;33m[INFO][0m   - Строк: 223
[0;34m[2025-09-28 03:39:52][0m [1;33m[INFO][0m   - Слов: 1154
[0;34m[2025-09-28 03:39:52][0m [1;33m[INFO][0m   - Символов: 15546
[0;34m[2025-09-28 03:39:52][0m [1;33m[INFO][0m ✅ Качество: Файл содержит достаточно контента
[0;34m[2025-09-28 03:39:52][0m [1;33m[INFO][0m 📖 Превью содержимого:
