[2025-09-27T21:39:46.058+0000] {processor.py:161} INFO - Started process (PID=456) to work on /opt/airflow/dags/content_transformation.py
[2025-09-27T21:39:46.059+0000] {processor.py:830} INFO - Processing file /opt/airflow/dags/content_transformation.py for tasks to queue
[2025-09-27T21:39:46.060+0000] {logging_mixin.py:188} INFO - [2025-09-27T21:39:46.060+0000] {dagbag.py:538} INFO - Filling up the DagBag from /opt/airflow/dags/content_transformation.py
[2025-09-27T21:39:46.075+0000] {logging_mixin.py:188} INFO - [2025-09-27T21:39:46.075+0000] {shared_utils.py:409} INFO - Инициализированы пути обработки: ['input_pdf', 'temp_dir', 'output_md', 'logs', 'work_dir']
[2025-09-27T21:39:46.075+0000] {logging_mixin.py:188} INFO - [2025-09-27T21:39:46.075+0000] {shared_utils.py:413} INFO - Настроены URL сервисов: ['document_processor', 'translator', 'quality_assurance', 'airflow']
[2025-09-27T21:39:46.081+0000] {processor.py:840} INFO - DAG(s) 'content_transformation' retrieved from /opt/airflow/dags/content_transformation.py
[2025-09-27T21:39:46.098+0000] {logging_mixin.py:188} INFO - [2025-09-27T21:39:46.098+0000] {dag.py:3036} INFO - Sync 1 DAGs
[2025-09-27T21:39:46.108+0000] {logging_mixin.py:188} INFO - [2025-09-27T21:39:46.108+0000] {dag.py:3823} INFO - Setting next_dagrun for content_transformation to None, run_after=None
[2025-09-27T21:39:46.119+0000] {processor.py:183} INFO - Processing /opt/airflow/dags/content_transformation.py took 0.063 seconds
[2025-09-27T21:40:16.316+0000] {processor.py:161} INFO - Started process (PID=469) to work on /opt/airflow/dags/content_transformation.py
[2025-09-27T21:40:16.317+0000] {processor.py:830} INFO - Processing file /opt/airflow/dags/content_transformation.py for tasks to queue
[2025-09-27T21:40:16.318+0000] {logging_mixin.py:188} INFO - [2025-09-27T21:40:16.318+0000] {dagbag.py:538} INFO - Filling up the DagBag from /opt/airflow/dags/content_transformation.py
[2025-09-27T21:40:16.333+0000] {logging_mixin.py:188} INFO - [2025-09-27T21:40:16.333+0000] {shared_utils.py:409} INFO - Инициализированы пути обработки: ['input_pdf', 'temp_dir', 'output_md', 'logs', 'work_dir']
[2025-09-27T21:40:16.333+0000] {logging_mixin.py:188} INFO - [2025-09-27T21:40:16.333+0000] {shared_utils.py:413} INFO - Настроены URL сервисов: ['document_processor', 'translator', 'quality_assurance', 'airflow']
[2025-09-27T21:40:16.339+0000] {processor.py:840} INFO - DAG(s) 'content_transformation' retrieved from /opt/airflow/dags/content_transformation.py
[2025-09-27T21:40:16.356+0000] {logging_mixin.py:188} INFO - [2025-09-27T21:40:16.356+0000] {dag.py:3036} INFO - Sync 1 DAGs
[2025-09-27T21:40:16.366+0000] {logging_mixin.py:188} INFO - [2025-09-27T21:40:16.366+0000] {dag.py:3823} INFO - Setting next_dagrun for content_transformation to None, run_after=None
[2025-09-27T21:40:16.377+0000] {processor.py:183} INFO - Processing /opt/airflow/dags/content_transformation.py took 0.063 seconds
[2025-09-27T21:40:46.572+0000] {processor.py:161} INFO - Started process (PID=482) to work on /opt/airflow/dags/content_transformation.py
[2025-09-27T21:40:46.573+0000] {processor.py:830} INFO - Processing file /opt/airflow/dags/content_transformation.py for tasks to queue
[2025-09-27T21:40:46.574+0000] {logging_mixin.py:188} INFO - [2025-09-27T21:40:46.574+0000] {dagbag.py:538} INFO - Filling up the DagBag from /opt/airflow/dags/content_transformation.py
[2025-09-27T21:40:46.589+0000] {logging_mixin.py:188} INFO - [2025-09-27T21:40:46.589+0000] {shared_utils.py:409} INFO - Инициализированы пути обработки: ['input_pdf', 'temp_dir', 'output_md', 'logs', 'work_dir']
[2025-09-27T21:40:46.589+0000] {logging_mixin.py:188} INFO - [2025-09-27T21:40:46.589+0000] {shared_utils.py:413} INFO - Настроены URL сервисов: ['document_processor', 'translator', 'quality_assurance', 'airflow']
[2025-09-27T21:40:46.594+0000] {processor.py:840} INFO - DAG(s) 'content_transformation' retrieved from /opt/airflow/dags/content_transformation.py
[2025-09-27T21:40:46.612+0000] {logging_mixin.py:188} INFO - [2025-09-27T21:40:46.612+0000] {dag.py:3036} INFO - Sync 1 DAGs
[2025-09-27T21:40:46.621+0000] {logging_mixin.py:188} INFO - [2025-09-27T21:40:46.621+0000] {dag.py:3823} INFO - Setting next_dagrun for content_transformation to None, run_after=None
[2025-09-27T21:40:46.633+0000] {processor.py:183} INFO - Processing /opt/airflow/dags/content_transformation.py took 0.063 seconds
[2025-09-27T21:41:16.923+0000] {processor.py:161} INFO - Started process (PID=495) to work on /opt/airflow/dags/content_transformation.py
[2025-09-27T21:41:16.923+0000] {processor.py:830} INFO - Processing file /opt/airflow/dags/content_transformation.py for tasks to queue
[2025-09-27T21:41:16.925+0000] {logging_mixin.py:188} INFO - [2025-09-27T21:41:16.924+0000] {dagbag.py:538} INFO - Filling up the DagBag from /opt/airflow/dags/content_transformation.py
[2025-09-27T21:41:16.940+0000] {logging_mixin.py:188} INFO - [2025-09-27T21:41:16.940+0000] {shared_utils.py:409} INFO - Инициализированы пути обработки: ['input_pdf', 'temp_dir', 'output_md', 'logs', 'work_dir']
[2025-09-27T21:41:16.940+0000] {logging_mixin.py:188} INFO - [2025-09-27T21:41:16.940+0000] {shared_utils.py:413} INFO - Настроены URL сервисов: ['document_processor', 'translator', 'quality_assurance', 'airflow']
[2025-09-27T21:41:16.946+0000] {processor.py:840} INFO - DAG(s) 'content_transformation' retrieved from /opt/airflow/dags/content_transformation.py
[2025-09-27T21:41:16.964+0000] {logging_mixin.py:188} INFO - [2025-09-27T21:41:16.964+0000] {dag.py:3036} INFO - Sync 1 DAGs
[2025-09-27T21:41:16.974+0000] {logging_mixin.py:188} INFO - [2025-09-27T21:41:16.973+0000] {dag.py:3823} INFO - Setting next_dagrun for content_transformation to None, run_after=None
[2025-09-27T21:41:16.985+0000] {processor.py:183} INFO - Processing /opt/airflow/dags/content_transformation.py took 0.065 seconds
[2025-09-27T21:41:47.195+0000] {processor.py:161} INFO - Started process (PID=508) to work on /opt/airflow/dags/content_transformation.py
[2025-09-27T21:41:47.196+0000] {processor.py:830} INFO - Processing file /opt/airflow/dags/content_transformation.py for tasks to queue
[2025-09-27T21:41:47.197+0000] {logging_mixin.py:188} INFO - [2025-09-27T21:41:47.197+0000] {dagbag.py:538} INFO - Filling up the DagBag from /opt/airflow/dags/content_transformation.py
[2025-09-27T21:41:47.212+0000] {logging_mixin.py:188} INFO - [2025-09-27T21:41:47.212+0000] {shared_utils.py:409} INFO - Инициализированы пути обработки: ['input_pdf', 'temp_dir', 'output_md', 'logs', 'work_dir']
[2025-09-27T21:41:47.212+0000] {logging_mixin.py:188} INFO - [2025-09-27T21:41:47.212+0000] {shared_utils.py:413} INFO - Настроены URL сервисов: ['document_processor', 'translator', 'quality_assurance', 'airflow']
[2025-09-27T21:41:47.218+0000] {processor.py:840} INFO - DAG(s) 'content_transformation' retrieved from /opt/airflow/dags/content_transformation.py
[2025-09-27T21:41:47.235+0000] {logging_mixin.py:188} INFO - [2025-09-27T21:41:47.235+0000] {dag.py:3036} INFO - Sync 1 DAGs
[2025-09-27T21:41:47.244+0000] {logging_mixin.py:188} INFO - [2025-09-27T21:41:47.244+0000] {dag.py:3823} INFO - Setting next_dagrun for content_transformation to None, run_after=None
[2025-09-27T21:41:47.256+0000] {processor.py:183} INFO - Processing /opt/airflow/dags/content_transformation.py took 0.063 seconds
[2025-09-27T21:42:17.453+0000] {processor.py:161} INFO - Started process (PID=521) to work on /opt/airflow/dags/content_transformation.py
[2025-09-27T21:42:17.454+0000] {processor.py:830} INFO - Processing file /opt/airflow/dags/content_transformation.py for tasks to queue
[2025-09-27T21:42:17.455+0000] {logging_mixin.py:188} INFO - [2025-09-27T21:42:17.455+0000] {dagbag.py:538} INFO - Filling up the DagBag from /opt/airflow/dags/content_transformation.py
[2025-09-27T21:42:17.470+0000] {logging_mixin.py:188} INFO - [2025-09-27T21:42:17.470+0000] {shared_utils.py:409} INFO - Инициализированы пути обработки: ['input_pdf', 'temp_dir', 'output_md', 'logs', 'work_dir']
[2025-09-27T21:42:17.470+0000] {logging_mixin.py:188} INFO - [2025-09-27T21:42:17.470+0000] {shared_utils.py:413} INFO - Настроены URL сервисов: ['document_processor', 'translator', 'quality_assurance', 'airflow']
[2025-09-27T21:42:17.476+0000] {processor.py:840} INFO - DAG(s) 'content_transformation' retrieved from /opt/airflow/dags/content_transformation.py
[2025-09-27T21:42:17.494+0000] {logging_mixin.py:188} INFO - [2025-09-27T21:42:17.494+0000] {dag.py:3036} INFO - Sync 1 DAGs
[2025-09-27T21:42:17.503+0000] {logging_mixin.py:188} INFO - [2025-09-27T21:42:17.503+0000] {dag.py:3823} INFO - Setting next_dagrun for content_transformation to None, run_after=None
[2025-09-27T21:42:17.515+0000] {processor.py:183} INFO - Processing /opt/airflow/dags/content_transformation.py took 0.064 seconds
[2025-09-27T21:42:47.717+0000] {processor.py:161} INFO - Started process (PID=534) to work on /opt/airflow/dags/content_transformation.py
[2025-09-27T21:42:47.717+0000] {processor.py:830} INFO - Processing file /opt/airflow/dags/content_transformation.py for tasks to queue
[2025-09-27T21:42:47.719+0000] {logging_mixin.py:188} INFO - [2025-09-27T21:42:47.719+0000] {dagbag.py:538} INFO - Filling up the DagBag from /opt/airflow/dags/content_transformation.py
[2025-09-27T21:42:47.734+0000] {logging_mixin.py:188} INFO - [2025-09-27T21:42:47.733+0000] {shared_utils.py:409} INFO - Инициализированы пути обработки: ['input_pdf', 'temp_dir', 'output_md', 'logs', 'work_dir']
[2025-09-27T21:42:47.734+0000] {logging_mixin.py:188} INFO - [2025-09-27T21:42:47.734+0000] {shared_utils.py:413} INFO - Настроены URL сервисов: ['document_processor', 'translator', 'quality_assurance', 'airflow']
[2025-09-27T21:42:47.739+0000] {processor.py:840} INFO - DAG(s) 'content_transformation' retrieved from /opt/airflow/dags/content_transformation.py
[2025-09-27T21:42:47.757+0000] {logging_mixin.py:188} INFO - [2025-09-27T21:42:47.756+0000] {dag.py:3036} INFO - Sync 1 DAGs
[2025-09-27T21:42:47.766+0000] {logging_mixin.py:188} INFO - [2025-09-27T21:42:47.766+0000] {dag.py:3823} INFO - Setting next_dagrun for content_transformation to None, run_after=None
[2025-09-27T21:42:47.777+0000] {processor.py:183} INFO - Processing /opt/airflow/dags/content_transformation.py took 0.063 seconds
[2025-09-27T21:43:17.976+0000] {processor.py:161} INFO - Started process (PID=552) to work on /opt/airflow/dags/content_transformation.py
[2025-09-27T21:43:17.976+0000] {processor.py:830} INFO - Processing file /opt/airflow/dags/content_transformation.py for tasks to queue
[2025-09-27T21:43:17.978+0000] {logging_mixin.py:188} INFO - [2025-09-27T21:43:17.977+0000] {dagbag.py:538} INFO - Filling up the DagBag from /opt/airflow/dags/content_transformation.py
[2025-09-27T21:43:17.992+0000] {logging_mixin.py:188} INFO - [2025-09-27T21:43:17.992+0000] {shared_utils.py:409} INFO - Инициализированы пути обработки: ['input_pdf', 'temp_dir', 'output_md', 'logs', 'work_dir']
[2025-09-27T21:43:17.993+0000] {logging_mixin.py:188} INFO - [2025-09-27T21:43:17.993+0000] {shared_utils.py:413} INFO - Настроены URL сервисов: ['document_processor', 'translator', 'quality_assurance', 'airflow']
[2025-09-27T21:43:17.998+0000] {processor.py:840} INFO - DAG(s) 'content_transformation' retrieved from /opt/airflow/dags/content_transformation.py
[2025-09-27T21:43:18.015+0000] {logging_mixin.py:188} INFO - [2025-09-27T21:43:18.015+0000] {dag.py:3036} INFO - Sync 1 DAGs
[2025-09-27T21:43:18.025+0000] {logging_mixin.py:188} INFO - [2025-09-27T21:43:18.025+0000] {dag.py:3823} INFO - Setting next_dagrun for content_transformation to None, run_after=None
[2025-09-27T21:43:18.146+0000] {processor.py:183} INFO - Processing /opt/airflow/dags/content_transformation.py took 0.172 seconds
[2025-09-27T21:43:48.429+0000] {processor.py:161} INFO - Started process (PID=565) to work on /opt/airflow/dags/content_transformation.py
[2025-09-27T21:43:48.430+0000] {processor.py:830} INFO - Processing file /opt/airflow/dags/content_transformation.py for tasks to queue
[2025-09-27T21:43:48.431+0000] {logging_mixin.py:188} INFO - [2025-09-27T21:43:48.431+0000] {dagbag.py:538} INFO - Filling up the DagBag from /opt/airflow/dags/content_transformation.py
[2025-09-27T21:43:48.446+0000] {logging_mixin.py:188} INFO - [2025-09-27T21:43:48.446+0000] {shared_utils.py:409} INFO - Инициализированы пути обработки: ['input_pdf', 'temp_dir', 'output_md', 'logs', 'work_dir']
[2025-09-27T21:43:48.446+0000] {logging_mixin.py:188} INFO - [2025-09-27T21:43:48.446+0000] {shared_utils.py:413} INFO - Настроены URL сервисов: ['document_processor', 'translator', 'quality_assurance', 'airflow']
[2025-09-27T21:43:48.452+0000] {processor.py:840} INFO - DAG(s) 'content_transformation' retrieved from /opt/airflow/dags/content_transformation.py
[2025-09-27T21:43:48.469+0000] {logging_mixin.py:188} INFO - [2025-09-27T21:43:48.469+0000] {dag.py:3036} INFO - Sync 1 DAGs
[2025-09-27T21:43:48.478+0000] {logging_mixin.py:188} INFO - [2025-09-27T21:43:48.478+0000] {dag.py:3823} INFO - Setting next_dagrun for content_transformation to None, run_after=None
[2025-09-27T21:43:48.490+0000] {processor.py:183} INFO - Processing /opt/airflow/dags/content_transformation.py took 0.063 seconds
[2025-09-27T21:44:18.688+0000] {processor.py:161} INFO - Started process (PID=578) to work on /opt/airflow/dags/content_transformation.py
[2025-09-27T21:44:18.689+0000] {processor.py:830} INFO - Processing file /opt/airflow/dags/content_transformation.py for tasks to queue
[2025-09-27T21:44:18.690+0000] {logging_mixin.py:188} INFO - [2025-09-27T21:44:18.690+0000] {dagbag.py:538} INFO - Filling up the DagBag from /opt/airflow/dags/content_transformation.py
[2025-09-27T21:44:18.705+0000] {logging_mixin.py:188} INFO - [2025-09-27T21:44:18.705+0000] {shared_utils.py:409} INFO - Инициализированы пути обработки: ['input_pdf', 'temp_dir', 'output_md', 'logs', 'work_dir']
[2025-09-27T21:44:18.705+0000] {logging_mixin.py:188} INFO - [2025-09-27T21:44:18.705+0000] {shared_utils.py:413} INFO - Настроены URL сервисов: ['document_processor', 'translator', 'quality_assurance', 'airflow']
[2025-09-27T21:44:18.710+0000] {processor.py:840} INFO - DAG(s) 'content_transformation' retrieved from /opt/airflow/dags/content_transformation.py
[2025-09-27T21:44:18.727+0000] {logging_mixin.py:188} INFO - [2025-09-27T21:44:18.727+0000] {dag.py:3036} INFO - Sync 1 DAGs
[2025-09-27T21:44:18.737+0000] {logging_mixin.py:188} INFO - [2025-09-27T21:44:18.737+0000] {dag.py:3823} INFO - Setting next_dagrun for content_transformation to None, run_after=None
[2025-09-27T21:44:18.748+0000] {processor.py:183} INFO - Processing /opt/airflow/dags/content_transformation.py took 0.062 seconds
[2025-09-27T21:44:48.946+0000] {processor.py:161} INFO - Started process (PID=591) to work on /opt/airflow/dags/content_transformation.py
[2025-09-27T21:44:48.947+0000] {processor.py:830} INFO - Processing file /opt/airflow/dags/content_transformation.py for tasks to queue
[2025-09-27T21:44:48.948+0000] {logging_mixin.py:188} INFO - [2025-09-27T21:44:48.948+0000] {dagbag.py:538} INFO - Filling up the DagBag from /opt/airflow/dags/content_transformation.py
[2025-09-27T21:44:48.963+0000] {logging_mixin.py:188} INFO - [2025-09-27T21:44:48.963+0000] {shared_utils.py:409} INFO - Инициализированы пути обработки: ['input_pdf', 'temp_dir', 'output_md', 'logs', 'work_dir']
[2025-09-27T21:44:48.963+0000] {logging_mixin.py:188} INFO - [2025-09-27T21:44:48.963+0000] {shared_utils.py:413} INFO - Настроены URL сервисов: ['document_processor', 'translator', 'quality_assurance', 'airflow']
[2025-09-27T21:44:48.969+0000] {processor.py:840} INFO - DAG(s) 'content_transformation' retrieved from /opt/airflow/dags/content_transformation.py
[2025-09-27T21:44:48.988+0000] {logging_mixin.py:188} INFO - [2025-09-27T21:44:48.988+0000] {dag.py:3036} INFO - Sync 1 DAGs
[2025-09-27T21:44:48.998+0000] {logging_mixin.py:188} INFO - [2025-09-27T21:44:48.998+0000] {dag.py:3823} INFO - Setting next_dagrun for content_transformation to None, run_after=None
[2025-09-27T21:44:49.010+0000] {processor.py:183} INFO - Processing /opt/airflow/dags/content_transformation.py took 0.066 seconds
[2025-09-27T21:45:19.306+0000] {processor.py:161} INFO - Started process (PID=604) to work on /opt/airflow/dags/content_transformation.py
[2025-09-27T21:45:19.307+0000] {processor.py:830} INFO - Processing file /opt/airflow/dags/content_transformation.py for tasks to queue
[2025-09-27T21:45:19.308+0000] {logging_mixin.py:188} INFO - [2025-09-27T21:45:19.308+0000] {dagbag.py:538} INFO - Filling up the DagBag from /opt/airflow/dags/content_transformation.py
[2025-09-27T21:45:19.324+0000] {logging_mixin.py:188} INFO - [2025-09-27T21:45:19.323+0000] {shared_utils.py:409} INFO - Инициализированы пути обработки: ['input_pdf', 'temp_dir', 'output_md', 'logs', 'work_dir']
[2025-09-27T21:45:19.324+0000] {logging_mixin.py:188} INFO - [2025-09-27T21:45:19.324+0000] {shared_utils.py:413} INFO - Настроены URL сервисов: ['document_processor', 'translator', 'quality_assurance', 'airflow']
[2025-09-27T21:45:19.329+0000] {processor.py:840} INFO - DAG(s) 'content_transformation' retrieved from /opt/airflow/dags/content_transformation.py
[2025-09-27T21:45:19.348+0000] {logging_mixin.py:188} INFO - [2025-09-27T21:45:19.348+0000] {dag.py:3036} INFO - Sync 1 DAGs
[2025-09-27T21:45:19.357+0000] {logging_mixin.py:188} INFO - [2025-09-27T21:45:19.357+0000] {dag.py:3823} INFO - Setting next_dagrun for content_transformation to None, run_after=None
[2025-09-27T21:45:19.369+0000] {processor.py:183} INFO - Processing /opt/airflow/dags/content_transformation.py took 0.065 seconds
[2025-09-27T21:45:49.646+0000] {processor.py:161} INFO - Started process (PID=617) to work on /opt/airflow/dags/content_transformation.py
[2025-09-27T21:45:49.646+0000] {processor.py:830} INFO - Processing file /opt/airflow/dags/content_transformation.py for tasks to queue
[2025-09-27T21:45:49.648+0000] {logging_mixin.py:188} INFO - [2025-09-27T21:45:49.648+0000] {dagbag.py:538} INFO - Filling up the DagBag from /opt/airflow/dags/content_transformation.py
[2025-09-27T21:45:49.662+0000] {logging_mixin.py:188} INFO - [2025-09-27T21:45:49.662+0000] {shared_utils.py:409} INFO - Инициализированы пути обработки: ['input_pdf', 'temp_dir', 'output_md', 'logs', 'work_dir']
[2025-09-27T21:45:49.663+0000] {logging_mixin.py:188} INFO - [2025-09-27T21:45:49.662+0000] {shared_utils.py:413} INFO - Настроены URL сервисов: ['document_processor', 'translator', 'quality_assurance', 'airflow']
[2025-09-27T21:45:49.668+0000] {processor.py:840} INFO - DAG(s) 'content_transformation' retrieved from /opt/airflow/dags/content_transformation.py
[2025-09-27T21:45:49.686+0000] {logging_mixin.py:188} INFO - [2025-09-27T21:45:49.685+0000] {dag.py:3036} INFO - Sync 1 DAGs
[2025-09-27T21:45:49.695+0000] {logging_mixin.py:188} INFO - [2025-09-27T21:45:49.695+0000] {dag.py:3823} INFO - Setting next_dagrun for content_transformation to None, run_after=None
[2025-09-27T21:45:49.707+0000] {processor.py:183} INFO - Processing /opt/airflow/dags/content_transformation.py took 0.063 seconds
[2025-09-27T21:46:20.038+0000] {processor.py:161} INFO - Started process (PID=630) to work on /opt/airflow/dags/content_transformation.py
[2025-09-27T21:46:20.038+0000] {processor.py:830} INFO - Processing file /opt/airflow/dags/content_transformation.py for tasks to queue
[2025-09-27T21:46:20.039+0000] {logging_mixin.py:188} INFO - [2025-09-27T21:46:20.039+0000] {dagbag.py:538} INFO - Filling up the DagBag from /opt/airflow/dags/content_transformation.py
[2025-09-27T21:46:20.054+0000] {logging_mixin.py:188} INFO - [2025-09-27T21:46:20.054+0000] {shared_utils.py:409} INFO - Инициализированы пути обработки: ['input_pdf', 'temp_dir', 'output_md', 'logs', 'work_dir']
[2025-09-27T21:46:20.054+0000] {logging_mixin.py:188} INFO - [2025-09-27T21:46:20.054+0000] {shared_utils.py:413} INFO - Настроены URL сервисов: ['document_processor', 'translator', 'quality_assurance', 'airflow']
[2025-09-27T21:46:20.060+0000] {processor.py:840} INFO - DAG(s) 'content_transformation' retrieved from /opt/airflow/dags/content_transformation.py
[2025-09-27T21:46:20.078+0000] {logging_mixin.py:188} INFO - [2025-09-27T21:46:20.078+0000] {dag.py:3036} INFO - Sync 1 DAGs
[2025-09-27T21:46:20.088+0000] {logging_mixin.py:188} INFO - [2025-09-27T21:46:20.088+0000] {dag.py:3823} INFO - Setting next_dagrun for content_transformation to None, run_after=None
[2025-09-27T21:46:20.100+0000] {processor.py:183} INFO - Processing /opt/airflow/dags/content_transformation.py took 0.064 seconds
[2025-09-27T21:46:50.488+0000] {processor.py:161} INFO - Started process (PID=643) to work on /opt/airflow/dags/content_transformation.py
[2025-09-27T21:46:50.489+0000] {processor.py:830} INFO - Processing file /opt/airflow/dags/content_transformation.py for tasks to queue
[2025-09-27T21:46:50.490+0000] {logging_mixin.py:188} INFO - [2025-09-27T21:46:50.490+0000] {dagbag.py:538} INFO - Filling up the DagBag from /opt/airflow/dags/content_transformation.py
[2025-09-27T21:46:50.505+0000] {logging_mixin.py:188} INFO - [2025-09-27T21:46:50.505+0000] {shared_utils.py:409} INFO - Инициализированы пути обработки: ['input_pdf', 'temp_dir', 'output_md', 'logs', 'work_dir']
[2025-09-27T21:46:50.505+0000] {logging_mixin.py:188} INFO - [2025-09-27T21:46:50.505+0000] {shared_utils.py:413} INFO - Настроены URL сервисов: ['document_processor', 'translator', 'quality_assurance', 'airflow']
[2025-09-27T21:46:50.511+0000] {processor.py:840} INFO - DAG(s) 'content_transformation' retrieved from /opt/airflow/dags/content_transformation.py
[2025-09-27T21:46:50.529+0000] {logging_mixin.py:188} INFO - [2025-09-27T21:46:50.528+0000] {dag.py:3036} INFO - Sync 1 DAGs
[2025-09-27T21:46:50.538+0000] {logging_mixin.py:188} INFO - [2025-09-27T21:46:50.538+0000] {dag.py:3823} INFO - Setting next_dagrun for content_transformation to None, run_after=None
[2025-09-27T21:46:50.551+0000] {processor.py:183} INFO - Processing /opt/airflow/dags/content_transformation.py took 0.064 seconds
[2025-09-27T21:47:21.021+0000] {processor.py:161} INFO - Started process (PID=656) to work on /opt/airflow/dags/content_transformation.py
[2025-09-27T21:47:21.022+0000] {processor.py:830} INFO - Processing file /opt/airflow/dags/content_transformation.py for tasks to queue
[2025-09-27T21:47:21.023+0000] {logging_mixin.py:188} INFO - [2025-09-27T21:47:21.023+0000] {dagbag.py:538} INFO - Filling up the DagBag from /opt/airflow/dags/content_transformation.py
[2025-09-27T21:47:21.037+0000] {logging_mixin.py:188} INFO - [2025-09-27T21:47:21.037+0000] {shared_utils.py:409} INFO - Инициализированы пути обработки: ['input_pdf', 'temp_dir', 'output_md', 'logs', 'work_dir']
[2025-09-27T21:47:21.038+0000] {logging_mixin.py:188} INFO - [2025-09-27T21:47:21.038+0000] {shared_utils.py:413} INFO - Настроены URL сервисов: ['document_processor', 'translator', 'quality_assurance', 'airflow']
[2025-09-27T21:47:21.043+0000] {processor.py:840} INFO - DAG(s) 'content_transformation' retrieved from /opt/airflow/dags/content_transformation.py
[2025-09-27T21:47:21.063+0000] {logging_mixin.py:188} INFO - [2025-09-27T21:47:21.063+0000] {dag.py:3036} INFO - Sync 1 DAGs
[2025-09-27T21:47:21.073+0000] {logging_mixin.py:188} INFO - [2025-09-27T21:47:21.073+0000] {dag.py:3823} INFO - Setting next_dagrun for content_transformation to None, run_after=None
[2025-09-27T21:47:21.086+0000] {processor.py:183} INFO - Processing /opt/airflow/dags/content_transformation.py took 0.067 seconds
[2025-09-27T21:47:51.403+0000] {processor.py:161} INFO - Started process (PID=669) to work on /opt/airflow/dags/content_transformation.py
[2025-09-27T21:47:51.404+0000] {processor.py:830} INFO - Processing file /opt/airflow/dags/content_transformation.py for tasks to queue
[2025-09-27T21:47:51.405+0000] {logging_mixin.py:188} INFO - [2025-09-27T21:47:51.405+0000] {dagbag.py:538} INFO - Filling up the DagBag from /opt/airflow/dags/content_transformation.py
[2025-09-27T21:47:51.420+0000] {logging_mixin.py:188} INFO - [2025-09-27T21:47:51.420+0000] {shared_utils.py:409} INFO - Инициализированы пути обработки: ['input_pdf', 'temp_dir', 'output_md', 'logs', 'work_dir']
[2025-09-27T21:47:51.420+0000] {logging_mixin.py:188} INFO - [2025-09-27T21:47:51.420+0000] {shared_utils.py:413} INFO - Настроены URL сервисов: ['document_processor', 'translator', 'quality_assurance', 'airflow']
[2025-09-27T21:47:51.426+0000] {processor.py:840} INFO - DAG(s) 'content_transformation' retrieved from /opt/airflow/dags/content_transformation.py
[2025-09-27T21:47:51.444+0000] {logging_mixin.py:188} INFO - [2025-09-27T21:47:51.443+0000] {dag.py:3036} INFO - Sync 1 DAGs
[2025-09-27T21:47:51.453+0000] {logging_mixin.py:188} INFO - [2025-09-27T21:47:51.453+0000] {dag.py:3823} INFO - Setting next_dagrun for content_transformation to None, run_after=None
[2025-09-27T21:47:51.465+0000] {processor.py:183} INFO - Processing /opt/airflow/dags/content_transformation.py took 0.064 seconds
[2025-09-27T21:48:21.782+0000] {processor.py:161} INFO - Started process (PID=682) to work on /opt/airflow/dags/content_transformation.py
[2025-09-27T21:48:21.783+0000] {processor.py:830} INFO - Processing file /opt/airflow/dags/content_transformation.py for tasks to queue
[2025-09-27T21:48:21.784+0000] {logging_mixin.py:188} INFO - [2025-09-27T21:48:21.784+0000] {dagbag.py:538} INFO - Filling up the DagBag from /opt/airflow/dags/content_transformation.py
[2025-09-27T21:48:21.798+0000] {logging_mixin.py:188} INFO - [2025-09-27T21:48:21.798+0000] {shared_utils.py:409} INFO - Инициализированы пути обработки: ['input_pdf', 'temp_dir', 'output_md', 'logs', 'work_dir']
[2025-09-27T21:48:21.799+0000] {logging_mixin.py:188} INFO - [2025-09-27T21:48:21.799+0000] {shared_utils.py:413} INFO - Настроены URL сервисов: ['document_processor', 'translator', 'quality_assurance', 'airflow']
[2025-09-27T21:48:21.804+0000] {processor.py:840} INFO - DAG(s) 'content_transformation' retrieved from /opt/airflow/dags/content_transformation.py
[2025-09-27T21:48:21.821+0000] {logging_mixin.py:188} INFO - [2025-09-27T21:48:21.821+0000] {dag.py:3036} INFO - Sync 1 DAGs
[2025-09-27T21:48:21.831+0000] {logging_mixin.py:188} INFO - [2025-09-27T21:48:21.831+0000] {dag.py:3823} INFO - Setting next_dagrun for content_transformation to None, run_after=None
[2025-09-27T21:48:21.843+0000] {processor.py:183} INFO - Processing /opt/airflow/dags/content_transformation.py took 0.063 seconds
[2025-09-27T21:48:52.229+0000] {processor.py:161} INFO - Started process (PID=695) to work on /opt/airflow/dags/content_transformation.py
[2025-09-27T21:48:52.229+0000] {processor.py:830} INFO - Processing file /opt/airflow/dags/content_transformation.py for tasks to queue
[2025-09-27T21:48:52.231+0000] {logging_mixin.py:188} INFO - [2025-09-27T21:48:52.230+0000] {dagbag.py:538} INFO - Filling up the DagBag from /opt/airflow/dags/content_transformation.py
[2025-09-27T21:48:52.245+0000] {logging_mixin.py:188} INFO - [2025-09-27T21:48:52.245+0000] {shared_utils.py:409} INFO - Инициализированы пути обработки: ['input_pdf', 'temp_dir', 'output_md', 'logs', 'work_dir']
[2025-09-27T21:48:52.245+0000] {logging_mixin.py:188} INFO - [2025-09-27T21:48:52.245+0000] {shared_utils.py:413} INFO - Настроены URL сервисов: ['document_processor', 'translator', 'quality_assurance', 'airflow']
[2025-09-27T21:48:52.251+0000] {processor.py:840} INFO - DAG(s) 'content_transformation' retrieved from /opt/airflow/dags/content_transformation.py
[2025-09-27T21:48:52.269+0000] {logging_mixin.py:188} INFO - [2025-09-27T21:48:52.269+0000] {dag.py:3036} INFO - Sync 1 DAGs
[2025-09-27T21:48:52.278+0000] {logging_mixin.py:188} INFO - [2025-09-27T21:48:52.278+0000] {dag.py:3823} INFO - Setting next_dagrun for content_transformation to None, run_after=None
[2025-09-27T21:48:52.290+0000] {processor.py:183} INFO - Processing /opt/airflow/dags/content_transformation.py took 0.064 seconds
[2025-09-27T21:49:22.757+0000] {processor.py:161} INFO - Started process (PID=708) to work on /opt/airflow/dags/content_transformation.py
[2025-09-27T21:49:22.758+0000] {processor.py:830} INFO - Processing file /opt/airflow/dags/content_transformation.py for tasks to queue
[2025-09-27T21:49:22.759+0000] {logging_mixin.py:188} INFO - [2025-09-27T21:49:22.759+0000] {dagbag.py:538} INFO - Filling up the DagBag from /opt/airflow/dags/content_transformation.py
[2025-09-27T21:49:22.774+0000] {logging_mixin.py:188} INFO - [2025-09-27T21:49:22.774+0000] {shared_utils.py:409} INFO - Инициализированы пути обработки: ['input_pdf', 'temp_dir', 'output_md', 'logs', 'work_dir']
[2025-09-27T21:49:22.774+0000] {logging_mixin.py:188} INFO - [2025-09-27T21:49:22.774+0000] {shared_utils.py:413} INFO - Настроены URL сервисов: ['document_processor', 'translator', 'quality_assurance', 'airflow']
[2025-09-27T21:49:22.779+0000] {processor.py:840} INFO - DAG(s) 'content_transformation' retrieved from /opt/airflow/dags/content_transformation.py
[2025-09-27T21:49:22.797+0000] {logging_mixin.py:188} INFO - [2025-09-27T21:49:22.797+0000] {dag.py:3036} INFO - Sync 1 DAGs
[2025-09-27T21:49:22.806+0000] {logging_mixin.py:188} INFO - [2025-09-27T21:49:22.806+0000] {dag.py:3823} INFO - Setting next_dagrun for content_transformation to None, run_after=None
[2025-09-27T21:49:22.819+0000] {processor.py:183} INFO - Processing /opt/airflow/dags/content_transformation.py took 0.064 seconds
[2025-09-27T21:49:53.135+0000] {processor.py:161} INFO - Started process (PID=721) to work on /opt/airflow/dags/content_transformation.py
[2025-09-27T21:49:53.135+0000] {processor.py:830} INFO - Processing file /opt/airflow/dags/content_transformation.py for tasks to queue
[2025-09-27T21:49:53.137+0000] {logging_mixin.py:188} INFO - [2025-09-27T21:49:53.137+0000] {dagbag.py:538} INFO - Filling up the DagBag from /opt/airflow/dags/content_transformation.py
[2025-09-27T21:49:53.151+0000] {logging_mixin.py:188} INFO - [2025-09-27T21:49:53.151+0000] {shared_utils.py:409} INFO - Инициализированы пути обработки: ['input_pdf', 'temp_dir', 'output_md', 'logs', 'work_dir']
[2025-09-27T21:49:53.151+0000] {logging_mixin.py:188} INFO - [2025-09-27T21:49:53.151+0000] {shared_utils.py:413} INFO - Настроены URL сервисов: ['document_processor', 'translator', 'quality_assurance', 'airflow']
[2025-09-27T21:49:53.157+0000] {processor.py:840} INFO - DAG(s) 'content_transformation' retrieved from /opt/airflow/dags/content_transformation.py
[2025-09-27T21:49:53.175+0000] {logging_mixin.py:188} INFO - [2025-09-27T21:49:53.175+0000] {dag.py:3036} INFO - Sync 1 DAGs
[2025-09-27T21:49:53.184+0000] {logging_mixin.py:188} INFO - [2025-09-27T21:49:53.184+0000] {dag.py:3823} INFO - Setting next_dagrun for content_transformation to None, run_after=None
[2025-09-27T21:49:53.196+0000] {processor.py:183} INFO - Processing /opt/airflow/dags/content_transformation.py took 0.063 seconds
[2025-09-27T21:50:23.515+0000] {processor.py:161} INFO - Started process (PID=734) to work on /opt/airflow/dags/content_transformation.py
[2025-09-27T21:50:23.516+0000] {processor.py:830} INFO - Processing file /opt/airflow/dags/content_transformation.py for tasks to queue
[2025-09-27T21:50:23.517+0000] {logging_mixin.py:188} INFO - [2025-09-27T21:50:23.517+0000] {dagbag.py:538} INFO - Filling up the DagBag from /opt/airflow/dags/content_transformation.py
[2025-09-27T21:50:23.532+0000] {logging_mixin.py:188} INFO - [2025-09-27T21:50:23.532+0000] {shared_utils.py:409} INFO - Инициализированы пути обработки: ['input_pdf', 'temp_dir', 'output_md', 'logs', 'work_dir']
[2025-09-27T21:50:23.532+0000] {logging_mixin.py:188} INFO - [2025-09-27T21:50:23.532+0000] {shared_utils.py:413} INFO - Настроены URL сервисов: ['document_processor', 'translator', 'quality_assurance', 'airflow']
[2025-09-27T21:50:23.538+0000] {processor.py:840} INFO - DAG(s) 'content_transformation' retrieved from /opt/airflow/dags/content_transformation.py
[2025-09-27T21:50:23.556+0000] {logging_mixin.py:188} INFO - [2025-09-27T21:50:23.555+0000] {dag.py:3036} INFO - Sync 1 DAGs
[2025-09-27T21:50:23.565+0000] {logging_mixin.py:188} INFO - [2025-09-27T21:50:23.565+0000] {dag.py:3823} INFO - Setting next_dagrun for content_transformation to None, run_after=None
[2025-09-27T21:50:23.577+0000] {processor.py:183} INFO - Processing /opt/airflow/dags/content_transformation.py took 0.064 seconds
[2025-09-27T21:50:53.895+0000] {processor.py:161} INFO - Started process (PID=747) to work on /opt/airflow/dags/content_transformation.py
[2025-09-27T21:50:53.896+0000] {processor.py:830} INFO - Processing file /opt/airflow/dags/content_transformation.py for tasks to queue
[2025-09-27T21:50:53.897+0000] {logging_mixin.py:188} INFO - [2025-09-27T21:50:53.897+0000] {dagbag.py:538} INFO - Filling up the DagBag from /opt/airflow/dags/content_transformation.py
[2025-09-27T21:50:53.912+0000] {logging_mixin.py:188} INFO - [2025-09-27T21:50:53.911+0000] {shared_utils.py:409} INFO - Инициализированы пути обработки: ['input_pdf', 'temp_dir', 'output_md', 'logs', 'work_dir']
[2025-09-27T21:50:53.912+0000] {logging_mixin.py:188} INFO - [2025-09-27T21:50:53.912+0000] {shared_utils.py:413} INFO - Настроены URL сервисов: ['document_processor', 'translator', 'quality_assurance', 'airflow']
[2025-09-27T21:50:53.917+0000] {processor.py:840} INFO - DAG(s) 'content_transformation' retrieved from /opt/airflow/dags/content_transformation.py
[2025-09-27T21:50:53.935+0000] {logging_mixin.py:188} INFO - [2025-09-27T21:50:53.935+0000] {dag.py:3036} INFO - Sync 1 DAGs
[2025-09-27T21:50:53.944+0000] {logging_mixin.py:188} INFO - [2025-09-27T21:50:53.944+0000] {dag.py:3823} INFO - Setting next_dagrun for content_transformation to None, run_after=None
[2025-09-27T21:50:53.956+0000] {processor.py:183} INFO - Processing /opt/airflow/dags/content_transformation.py took 0.064 seconds
[2025-09-27T21:51:24.431+0000] {processor.py:161} INFO - Started process (PID=760) to work on /opt/airflow/dags/content_transformation.py
[2025-09-27T21:51:24.432+0000] {processor.py:830} INFO - Processing file /opt/airflow/dags/content_transformation.py for tasks to queue
[2025-09-27T21:51:24.433+0000] {logging_mixin.py:188} INFO - [2025-09-27T21:51:24.433+0000] {dagbag.py:538} INFO - Filling up the DagBag from /opt/airflow/dags/content_transformation.py
[2025-09-27T21:51:24.448+0000] {logging_mixin.py:188} INFO - [2025-09-27T21:51:24.448+0000] {shared_utils.py:409} INFO - Инициализированы пути обработки: ['input_pdf', 'temp_dir', 'output_md', 'logs', 'work_dir']
[2025-09-27T21:51:24.448+0000] {logging_mixin.py:188} INFO - [2025-09-27T21:51:24.448+0000] {shared_utils.py:413} INFO - Настроены URL сервисов: ['document_processor', 'translator', 'quality_assurance', 'airflow']
[2025-09-27T21:51:24.454+0000] {processor.py:840} INFO - DAG(s) 'content_transformation' retrieved from /opt/airflow/dags/content_transformation.py
[2025-09-27T21:51:24.472+0000] {logging_mixin.py:188} INFO - [2025-09-27T21:51:24.471+0000] {dag.py:3036} INFO - Sync 1 DAGs
[2025-09-27T21:51:24.481+0000] {logging_mixin.py:188} INFO - [2025-09-27T21:51:24.481+0000] {dag.py:3823} INFO - Setting next_dagrun for content_transformation to None, run_after=None
[2025-09-27T21:51:24.493+0000] {processor.py:183} INFO - Processing /opt/airflow/dags/content_transformation.py took 0.064 seconds
[2025-09-27T21:51:54.806+0000] {processor.py:161} INFO - Started process (PID=773) to work on /opt/airflow/dags/content_transformation.py
[2025-09-27T21:51:54.807+0000] {processor.py:830} INFO - Processing file /opt/airflow/dags/content_transformation.py for tasks to queue
[2025-09-27T21:51:54.808+0000] {logging_mixin.py:188} INFO - [2025-09-27T21:51:54.808+0000] {dagbag.py:538} INFO - Filling up the DagBag from /opt/airflow/dags/content_transformation.py
[2025-09-27T21:51:54.822+0000] {logging_mixin.py:188} INFO - [2025-09-27T21:51:54.822+0000] {shared_utils.py:409} INFO - Инициализированы пути обработки: ['input_pdf', 'temp_dir', 'output_md', 'logs', 'work_dir']
[2025-09-27T21:51:54.823+0000] {logging_mixin.py:188} INFO - [2025-09-27T21:51:54.823+0000] {shared_utils.py:413} INFO - Настроены URL сервисов: ['document_processor', 'translator', 'quality_assurance', 'airflow']
[2025-09-27T21:51:54.828+0000] {processor.py:840} INFO - DAG(s) 'content_transformation' retrieved from /opt/airflow/dags/content_transformation.py
[2025-09-27T21:51:54.846+0000] {logging_mixin.py:188} INFO - [2025-09-27T21:51:54.846+0000] {dag.py:3036} INFO - Sync 1 DAGs
[2025-09-27T21:51:54.855+0000] {logging_mixin.py:188} INFO - [2025-09-27T21:51:54.855+0000] {dag.py:3823} INFO - Setting next_dagrun for content_transformation to None, run_after=None
[2025-09-27T21:51:54.867+0000] {processor.py:183} INFO - Processing /opt/airflow/dags/content_transformation.py took 0.064 seconds
[2025-09-27T21:52:25.190+0000] {processor.py:161} INFO - Started process (PID=786) to work on /opt/airflow/dags/content_transformation.py
[2025-09-27T21:52:25.190+0000] {processor.py:830} INFO - Processing file /opt/airflow/dags/content_transformation.py for tasks to queue
[2025-09-27T21:52:25.192+0000] {logging_mixin.py:188} INFO - [2025-09-27T21:52:25.191+0000] {dagbag.py:538} INFO - Filling up the DagBag from /opt/airflow/dags/content_transformation.py
[2025-09-27T21:52:25.206+0000] {logging_mixin.py:188} INFO - [2025-09-27T21:52:25.206+0000] {shared_utils.py:409} INFO - Инициализированы пути обработки: ['input_pdf', 'temp_dir', 'output_md', 'logs', 'work_dir']
[2025-09-27T21:52:25.206+0000] {logging_mixin.py:188} INFO - [2025-09-27T21:52:25.206+0000] {shared_utils.py:413} INFO - Настроены URL сервисов: ['document_processor', 'translator', 'quality_assurance', 'airflow']
[2025-09-27T21:52:25.212+0000] {processor.py:840} INFO - DAG(s) 'content_transformation' retrieved from /opt/airflow/dags/content_transformation.py
[2025-09-27T21:52:25.230+0000] {logging_mixin.py:188} INFO - [2025-09-27T21:52:25.230+0000] {dag.py:3036} INFO - Sync 1 DAGs
[2025-09-27T21:52:25.239+0000] {logging_mixin.py:188} INFO - [2025-09-27T21:52:25.239+0000] {dag.py:3823} INFO - Setting next_dagrun for content_transformation to None, run_after=None
[2025-09-27T21:52:25.251+0000] {processor.py:183} INFO - Processing /opt/airflow/dags/content_transformation.py took 0.064 seconds
[2025-09-27T21:52:55.742+0000] {processor.py:161} INFO - Started process (PID=799) to work on /opt/airflow/dags/content_transformation.py
[2025-09-27T21:52:55.742+0000] {processor.py:830} INFO - Processing file /opt/airflow/dags/content_transformation.py for tasks to queue
[2025-09-27T21:52:55.744+0000] {logging_mixin.py:188} INFO - [2025-09-27T21:52:55.743+0000] {dagbag.py:538} INFO - Filling up the DagBag from /opt/airflow/dags/content_transformation.py
[2025-09-27T21:52:55.759+0000] {logging_mixin.py:188} INFO - [2025-09-27T21:52:55.759+0000] {shared_utils.py:409} INFO - Инициализированы пути обработки: ['input_pdf', 'temp_dir', 'output_md', 'logs', 'work_dir']
[2025-09-27T21:52:55.759+0000] {logging_mixin.py:188} INFO - [2025-09-27T21:52:55.759+0000] {shared_utils.py:413} INFO - Настроены URL сервисов: ['document_processor', 'translator', 'quality_assurance', 'airflow']
[2025-09-27T21:52:55.765+0000] {processor.py:840} INFO - DAG(s) 'content_transformation' retrieved from /opt/airflow/dags/content_transformation.py
[2025-09-27T21:52:55.783+0000] {logging_mixin.py:188} INFO - [2025-09-27T21:52:55.783+0000] {dag.py:3036} INFO - Sync 1 DAGs
[2025-09-27T21:52:55.793+0000] {logging_mixin.py:188} INFO - [2025-09-27T21:52:55.793+0000] {dag.py:3823} INFO - Setting next_dagrun for content_transformation to None, run_after=None
[2025-09-27T21:52:55.805+0000] {processor.py:183} INFO - Processing /opt/airflow/dags/content_transformation.py took 0.066 seconds
[2025-09-27T21:53:26.128+0000] {processor.py:161} INFO - Started process (PID=812) to work on /opt/airflow/dags/content_transformation.py
[2025-09-27T21:53:26.129+0000] {processor.py:830} INFO - Processing file /opt/airflow/dags/content_transformation.py for tasks to queue
[2025-09-27T21:53:26.130+0000] {logging_mixin.py:188} INFO - [2025-09-27T21:53:26.130+0000] {dagbag.py:538} INFO - Filling up the DagBag from /opt/airflow/dags/content_transformation.py
[2025-09-27T21:53:26.145+0000] {logging_mixin.py:188} INFO - [2025-09-27T21:53:26.145+0000] {shared_utils.py:409} INFO - Инициализированы пути обработки: ['input_pdf', 'temp_dir', 'output_md', 'logs', 'work_dir']
[2025-09-27T21:53:26.145+0000] {logging_mixin.py:188} INFO - [2025-09-27T21:53:26.145+0000] {shared_utils.py:413} INFO - Настроены URL сервисов: ['document_processor', 'translator', 'quality_assurance', 'airflow']
[2025-09-27T21:53:26.151+0000] {processor.py:840} INFO - DAG(s) 'content_transformation' retrieved from /opt/airflow/dags/content_transformation.py
[2025-09-27T21:53:26.169+0000] {logging_mixin.py:188} INFO - [2025-09-27T21:53:26.169+0000] {dag.py:3036} INFO - Sync 1 DAGs
[2025-09-27T21:53:26.179+0000] {logging_mixin.py:188} INFO - [2025-09-27T21:53:26.179+0000] {dag.py:3823} INFO - Setting next_dagrun for content_transformation to None, run_after=None
[2025-09-27T21:53:26.191+0000] {processor.py:183} INFO - Processing /opt/airflow/dags/content_transformation.py took 0.065 seconds
[2025-09-27T21:53:56.510+0000] {processor.py:161} INFO - Started process (PID=825) to work on /opt/airflow/dags/content_transformation.py
[2025-09-27T21:53:56.511+0000] {processor.py:830} INFO - Processing file /opt/airflow/dags/content_transformation.py for tasks to queue
[2025-09-27T21:53:56.512+0000] {logging_mixin.py:188} INFO - [2025-09-27T21:53:56.512+0000] {dagbag.py:538} INFO - Filling up the DagBag from /opt/airflow/dags/content_transformation.py
[2025-09-27T21:53:56.527+0000] {logging_mixin.py:188} INFO - [2025-09-27T21:53:56.527+0000] {shared_utils.py:409} INFO - Инициализированы пути обработки: ['input_pdf', 'temp_dir', 'output_md', 'logs', 'work_dir']
[2025-09-27T21:53:56.528+0000] {logging_mixin.py:188} INFO - [2025-09-27T21:53:56.528+0000] {shared_utils.py:413} INFO - Настроены URL сервисов: ['document_processor', 'translator', 'quality_assurance', 'airflow']
[2025-09-27T21:53:56.533+0000] {processor.py:840} INFO - DAG(s) 'content_transformation' retrieved from /opt/airflow/dags/content_transformation.py
[2025-09-27T21:53:56.553+0000] {logging_mixin.py:188} INFO - [2025-09-27T21:53:56.552+0000] {dag.py:3036} INFO - Sync 1 DAGs
[2025-09-27T21:53:56.563+0000] {logging_mixin.py:188} INFO - [2025-09-27T21:53:56.563+0000] {dag.py:3823} INFO - Setting next_dagrun for content_transformation to None, run_after=None
[2025-09-27T21:53:56.575+0000] {processor.py:183} INFO - Processing /opt/airflow/dags/content_transformation.py took 0.067 seconds
[2025-09-27T21:54:26.896+0000] {processor.py:161} INFO - Started process (PID=838) to work on /opt/airflow/dags/content_transformation.py
[2025-09-27T21:54:26.897+0000] {processor.py:830} INFO - Processing file /opt/airflow/dags/content_transformation.py for tasks to queue
[2025-09-27T21:54:26.898+0000] {logging_mixin.py:188} INFO - [2025-09-27T21:54:26.898+0000] {dagbag.py:538} INFO - Filling up the DagBag from /opt/airflow/dags/content_transformation.py
[2025-09-27T21:54:26.913+0000] {logging_mixin.py:188} INFO - [2025-09-27T21:54:26.913+0000] {shared_utils.py:409} INFO - Инициализированы пути обработки: ['input_pdf', 'temp_dir', 'output_md', 'logs', 'work_dir']
[2025-09-27T21:54:26.913+0000] {logging_mixin.py:188} INFO - [2025-09-27T21:54:26.913+0000] {shared_utils.py:413} INFO - Настроены URL сервисов: ['document_processor', 'translator', 'quality_assurance', 'airflow']
[2025-09-27T21:54:26.918+0000] {processor.py:840} INFO - DAG(s) 'content_transformation' retrieved from /opt/airflow/dags/content_transformation.py
[2025-09-27T21:54:26.936+0000] {logging_mixin.py:188} INFO - [2025-09-27T21:54:26.936+0000] {dag.py:3036} INFO - Sync 1 DAGs
[2025-09-27T21:54:26.946+0000] {logging_mixin.py:188} INFO - [2025-09-27T21:54:26.945+0000] {dag.py:3823} INFO - Setting next_dagrun for content_transformation to None, run_after=None
[2025-09-27T21:54:26.958+0000] {processor.py:183} INFO - Processing /opt/airflow/dags/content_transformation.py took 0.064 seconds
[2025-09-27T21:54:57.443+0000] {processor.py:161} INFO - Started process (PID=851) to work on /opt/airflow/dags/content_transformation.py
[2025-09-27T21:54:57.444+0000] {processor.py:830} INFO - Processing file /opt/airflow/dags/content_transformation.py for tasks to queue
[2025-09-27T21:54:57.445+0000] {logging_mixin.py:188} INFO - [2025-09-27T21:54:57.445+0000] {dagbag.py:538} INFO - Filling up the DagBag from /opt/airflow/dags/content_transformation.py
[2025-09-27T21:54:57.460+0000] {logging_mixin.py:188} INFO - [2025-09-27T21:54:57.460+0000] {shared_utils.py:409} INFO - Инициализированы пути обработки: ['input_pdf', 'temp_dir', 'output_md', 'logs', 'work_dir']
[2025-09-27T21:54:57.460+0000] {logging_mixin.py:188} INFO - [2025-09-27T21:54:57.460+0000] {shared_utils.py:413} INFO - Настроены URL сервисов: ['document_processor', 'translator', 'quality_assurance', 'airflow']
[2025-09-27T21:54:57.466+0000] {processor.py:840} INFO - DAG(s) 'content_transformation' retrieved from /opt/airflow/dags/content_transformation.py
[2025-09-27T21:54:57.485+0000] {logging_mixin.py:188} INFO - [2025-09-27T21:54:57.485+0000] {dag.py:3036} INFO - Sync 1 DAGs
[2025-09-27T21:54:57.494+0000] {logging_mixin.py:188} INFO - [2025-09-27T21:54:57.494+0000] {dag.py:3823} INFO - Setting next_dagrun for content_transformation to None, run_after=None
[2025-09-27T21:54:57.506+0000] {processor.py:183} INFO - Processing /opt/airflow/dags/content_transformation.py took 0.065 seconds
[2025-09-27T21:55:27.838+0000] {processor.py:161} INFO - Started process (PID=864) to work on /opt/airflow/dags/content_transformation.py
[2025-09-27T21:55:27.838+0000] {processor.py:830} INFO - Processing file /opt/airflow/dags/content_transformation.py for tasks to queue
[2025-09-27T21:55:27.840+0000] {logging_mixin.py:188} INFO - [2025-09-27T21:55:27.839+0000] {dagbag.py:538} INFO - Filling up the DagBag from /opt/airflow/dags/content_transformation.py
[2025-09-27T21:55:27.854+0000] {logging_mixin.py:188} INFO - [2025-09-27T21:55:27.854+0000] {shared_utils.py:409} INFO - Инициализированы пути обработки: ['input_pdf', 'temp_dir', 'output_md', 'logs', 'work_dir']
[2025-09-27T21:55:27.855+0000] {logging_mixin.py:188} INFO - [2025-09-27T21:55:27.855+0000] {shared_utils.py:413} INFO - Настроены URL сервисов: ['document_processor', 'translator', 'quality_assurance', 'airflow']
[2025-09-27T21:55:27.860+0000] {processor.py:840} INFO - DAG(s) 'content_transformation' retrieved from /opt/airflow/dags/content_transformation.py
[2025-09-27T21:55:27.878+0000] {logging_mixin.py:188} INFO - [2025-09-27T21:55:27.878+0000] {dag.py:3036} INFO - Sync 1 DAGs
[2025-09-27T21:55:27.887+0000] {logging_mixin.py:188} INFO - [2025-09-27T21:55:27.887+0000] {dag.py:3823} INFO - Setting next_dagrun for content_transformation to None, run_after=None
[2025-09-27T21:55:27.899+0000] {processor.py:183} INFO - Processing /opt/airflow/dags/content_transformation.py took 0.064 seconds
[2025-09-27T21:55:58.224+0000] {processor.py:161} INFO - Started process (PID=877) to work on /opt/airflow/dags/content_transformation.py
[2025-09-27T21:55:58.224+0000] {processor.py:830} INFO - Processing file /opt/airflow/dags/content_transformation.py for tasks to queue
[2025-09-27T21:55:58.226+0000] {logging_mixin.py:188} INFO - [2025-09-27T21:55:58.225+0000] {dagbag.py:538} INFO - Filling up the DagBag from /opt/airflow/dags/content_transformation.py
[2025-09-27T21:55:58.241+0000] {logging_mixin.py:188} INFO - [2025-09-27T21:55:58.240+0000] {shared_utils.py:409} INFO - Инициализированы пути обработки: ['input_pdf', 'temp_dir', 'output_md', 'logs', 'work_dir']
[2025-09-27T21:55:58.241+0000] {logging_mixin.py:188} INFO - [2025-09-27T21:55:58.241+0000] {shared_utils.py:413} INFO - Настроены URL сервисов: ['document_processor', 'translator', 'quality_assurance', 'airflow']
[2025-09-27T21:55:58.246+0000] {processor.py:840} INFO - DAG(s) 'content_transformation' retrieved from /opt/airflow/dags/content_transformation.py
[2025-09-27T21:55:58.265+0000] {logging_mixin.py:188} INFO - [2025-09-27T21:55:58.265+0000] {dag.py:3036} INFO - Sync 1 DAGs
[2025-09-27T21:55:58.274+0000] {logging_mixin.py:188} INFO - [2025-09-27T21:55:58.274+0000] {dag.py:3823} INFO - Setting next_dagrun for content_transformation to None, run_after=None
[2025-09-27T21:55:58.286+0000] {processor.py:183} INFO - Processing /opt/airflow/dags/content_transformation.py took 0.065 seconds
[2025-09-27T21:56:28.693+0000] {processor.py:161} INFO - Started process (PID=890) to work on /opt/airflow/dags/content_transformation.py
[2025-09-27T21:56:28.694+0000] {processor.py:830} INFO - Processing file /opt/airflow/dags/content_transformation.py for tasks to queue
[2025-09-27T21:56:28.695+0000] {logging_mixin.py:188} INFO - [2025-09-27T21:56:28.695+0000] {dagbag.py:538} INFO - Filling up the DagBag from /opt/airflow/dags/content_transformation.py
[2025-09-27T21:56:28.710+0000] {logging_mixin.py:188} INFO - [2025-09-27T21:56:28.710+0000] {shared_utils.py:409} INFO - Инициализированы пути обработки: ['input_pdf', 'temp_dir', 'output_md', 'logs', 'work_dir']
[2025-09-27T21:56:28.710+0000] {logging_mixin.py:188} INFO - [2025-09-27T21:56:28.710+0000] {shared_utils.py:413} INFO - Настроены URL сервисов: ['document_processor', 'translator', 'quality_assurance', 'airflow']
[2025-09-27T21:56:28.715+0000] {processor.py:840} INFO - DAG(s) 'content_transformation' retrieved from /opt/airflow/dags/content_transformation.py
[2025-09-27T21:56:28.733+0000] {logging_mixin.py:188} INFO - [2025-09-27T21:56:28.733+0000] {dag.py:3036} INFO - Sync 1 DAGs
[2025-09-27T21:56:28.743+0000] {logging_mixin.py:188} INFO - [2025-09-27T21:56:28.743+0000] {dag.py:3823} INFO - Setting next_dagrun for content_transformation to None, run_after=None
[2025-09-27T21:56:28.755+0000] {processor.py:183} INFO - Processing /opt/airflow/dags/content_transformation.py took 0.064 seconds
[2025-09-27T21:56:59.226+0000] {processor.py:161} INFO - Started process (PID=903) to work on /opt/airflow/dags/content_transformation.py
[2025-09-27T21:56:59.227+0000] {processor.py:830} INFO - Processing file /opt/airflow/dags/content_transformation.py for tasks to queue
[2025-09-27T21:56:59.228+0000] {logging_mixin.py:188} INFO - [2025-09-27T21:56:59.228+0000] {dagbag.py:538} INFO - Filling up the DagBag from /opt/airflow/dags/content_transformation.py
[2025-09-27T21:56:59.243+0000] {logging_mixin.py:188} INFO - [2025-09-27T21:56:59.243+0000] {shared_utils.py:409} INFO - Инициализированы пути обработки: ['input_pdf', 'temp_dir', 'output_md', 'logs', 'work_dir']
[2025-09-27T21:56:59.243+0000] {logging_mixin.py:188} INFO - [2025-09-27T21:56:59.243+0000] {shared_utils.py:413} INFO - Настроены URL сервисов: ['document_processor', 'translator', 'quality_assurance', 'airflow']
[2025-09-27T21:56:59.249+0000] {processor.py:840} INFO - DAG(s) 'content_transformation' retrieved from /opt/airflow/dags/content_transformation.py
[2025-09-27T21:56:59.267+0000] {logging_mixin.py:188} INFO - [2025-09-27T21:56:59.267+0000] {dag.py:3036} INFO - Sync 1 DAGs
[2025-09-27T21:56:59.276+0000] {logging_mixin.py:188} INFO - [2025-09-27T21:56:59.276+0000] {dag.py:3823} INFO - Setting next_dagrun for content_transformation to None, run_after=None
[2025-09-27T21:56:59.288+0000] {processor.py:183} INFO - Processing /opt/airflow/dags/content_transformation.py took 0.064 seconds
[2025-09-27T21:57:29.610+0000] {processor.py:161} INFO - Started process (PID=916) to work on /opt/airflow/dags/content_transformation.py
[2025-09-27T21:57:29.611+0000] {processor.py:830} INFO - Processing file /opt/airflow/dags/content_transformation.py for tasks to queue
[2025-09-27T21:57:29.612+0000] {logging_mixin.py:188} INFO - [2025-09-27T21:57:29.612+0000] {dagbag.py:538} INFO - Filling up the DagBag from /opt/airflow/dags/content_transformation.py
[2025-09-27T21:57:29.627+0000] {logging_mixin.py:188} INFO - [2025-09-27T21:57:29.627+0000] {shared_utils.py:409} INFO - Инициализированы пути обработки: ['input_pdf', 'temp_dir', 'output_md', 'logs', 'work_dir']
[2025-09-27T21:57:29.627+0000] {logging_mixin.py:188} INFO - [2025-09-27T21:57:29.627+0000] {shared_utils.py:413} INFO - Настроены URL сервисов: ['document_processor', 'translator', 'quality_assurance', 'airflow']
[2025-09-27T21:57:29.632+0000] {processor.py:840} INFO - DAG(s) 'content_transformation' retrieved from /opt/airflow/dags/content_transformation.py
[2025-09-27T21:57:29.650+0000] {logging_mixin.py:188} INFO - [2025-09-27T21:57:29.650+0000] {dag.py:3036} INFO - Sync 1 DAGs
[2025-09-27T21:57:29.660+0000] {logging_mixin.py:188} INFO - [2025-09-27T21:57:29.659+0000] {dag.py:3823} INFO - Setting next_dagrun for content_transformation to None, run_after=None
[2025-09-27T21:57:29.671+0000] {processor.py:183} INFO - Processing /opt/airflow/dags/content_transformation.py took 0.063 seconds
[2025-09-27T21:57:59.993+0000] {processor.py:161} INFO - Started process (PID=929) to work on /opt/airflow/dags/content_transformation.py
[2025-09-27T21:57:59.994+0000] {processor.py:830} INFO - Processing file /opt/airflow/dags/content_transformation.py for tasks to queue
[2025-09-27T21:57:59.995+0000] {logging_mixin.py:188} INFO - [2025-09-27T21:57:59.995+0000] {dagbag.py:538} INFO - Filling up the DagBag from /opt/airflow/dags/content_transformation.py
[2025-09-27T21:58:00.010+0000] {logging_mixin.py:188} INFO - [2025-09-27T21:58:00.010+0000] {shared_utils.py:409} INFO - Инициализированы пути обработки: ['input_pdf', 'temp_dir', 'output_md', 'logs', 'work_dir']
[2025-09-27T21:58:00.010+0000] {logging_mixin.py:188} INFO - [2025-09-27T21:58:00.010+0000] {shared_utils.py:413} INFO - Настроены URL сервисов: ['document_processor', 'translator', 'quality_assurance', 'airflow']
[2025-09-27T21:58:00.015+0000] {processor.py:840} INFO - DAG(s) 'content_transformation' retrieved from /opt/airflow/dags/content_transformation.py
[2025-09-27T21:58:00.033+0000] {logging_mixin.py:188} INFO - [2025-09-27T21:58:00.033+0000] {dag.py:3036} INFO - Sync 1 DAGs
[2025-09-27T21:58:00.042+0000] {logging_mixin.py:188} INFO - [2025-09-27T21:58:00.042+0000] {dag.py:3823} INFO - Setting next_dagrun for content_transformation to None, run_after=None
[2025-09-27T21:58:00.054+0000] {processor.py:183} INFO - Processing /opt/airflow/dags/content_transformation.py took 0.063 seconds
[2025-09-27T21:58:30.446+0000] {processor.py:161} INFO - Started process (PID=942) to work on /opt/airflow/dags/content_transformation.py
[2025-09-27T21:58:30.446+0000] {processor.py:830} INFO - Processing file /opt/airflow/dags/content_transformation.py for tasks to queue
[2025-09-27T21:58:30.448+0000] {logging_mixin.py:188} INFO - [2025-09-27T21:58:30.447+0000] {dagbag.py:538} INFO - Filling up the DagBag from /opt/airflow/dags/content_transformation.py
[2025-09-27T21:58:30.463+0000] {logging_mixin.py:188} INFO - [2025-09-27T21:58:30.462+0000] {shared_utils.py:409} INFO - Инициализированы пути обработки: ['input_pdf', 'temp_dir', 'output_md', 'logs', 'work_dir']
[2025-09-27T21:58:30.463+0000] {logging_mixin.py:188} INFO - [2025-09-27T21:58:30.463+0000] {shared_utils.py:413} INFO - Настроены URL сервисов: ['document_processor', 'translator', 'quality_assurance', 'airflow']
[2025-09-27T21:58:30.469+0000] {processor.py:840} INFO - DAG(s) 'content_transformation' retrieved from /opt/airflow/dags/content_transformation.py
[2025-09-27T21:58:30.487+0000] {logging_mixin.py:188} INFO - [2025-09-27T21:58:30.487+0000] {dag.py:3036} INFO - Sync 1 DAGs
[2025-09-27T21:58:30.496+0000] {logging_mixin.py:188} INFO - [2025-09-27T21:58:30.496+0000] {dag.py:3823} INFO - Setting next_dagrun for content_transformation to None, run_after=None
[2025-09-27T21:58:30.508+0000] {processor.py:183} INFO - Processing /opt/airflow/dags/content_transformation.py took 0.065 seconds
[2025-09-27T21:59:00.980+0000] {processor.py:161} INFO - Started process (PID=955) to work on /opt/airflow/dags/content_transformation.py
[2025-09-27T21:59:00.981+0000] {processor.py:830} INFO - Processing file /opt/airflow/dags/content_transformation.py for tasks to queue
[2025-09-27T21:59:00.982+0000] {logging_mixin.py:188} INFO - [2025-09-27T21:59:00.982+0000] {dagbag.py:538} INFO - Filling up the DagBag from /opt/airflow/dags/content_transformation.py
[2025-09-27T21:59:00.997+0000] {logging_mixin.py:188} INFO - [2025-09-27T21:59:00.996+0000] {shared_utils.py:409} INFO - Инициализированы пути обработки: ['input_pdf', 'temp_dir', 'output_md', 'logs', 'work_dir']
[2025-09-27T21:59:00.997+0000] {logging_mixin.py:188} INFO - [2025-09-27T21:59:00.997+0000] {shared_utils.py:413} INFO - Настроены URL сервисов: ['document_processor', 'translator', 'quality_assurance', 'airflow']
[2025-09-27T21:59:01.002+0000] {processor.py:840} INFO - DAG(s) 'content_transformation' retrieved from /opt/airflow/dags/content_transformation.py
[2025-09-27T21:59:01.020+0000] {logging_mixin.py:188} INFO - [2025-09-27T21:59:01.020+0000] {dag.py:3036} INFO - Sync 1 DAGs
[2025-09-27T21:59:01.029+0000] {logging_mixin.py:188} INFO - [2025-09-27T21:59:01.029+0000] {dag.py:3823} INFO - Setting next_dagrun for content_transformation to None, run_after=None
[2025-09-27T21:59:01.042+0000] {processor.py:183} INFO - Processing /opt/airflow/dags/content_transformation.py took 0.064 seconds
[2025-09-27T21:59:31.365+0000] {processor.py:161} INFO - Started process (PID=968) to work on /opt/airflow/dags/content_transformation.py
[2025-09-27T21:59:31.365+0000] {processor.py:830} INFO - Processing file /opt/airflow/dags/content_transformation.py for tasks to queue
[2025-09-27T21:59:31.367+0000] {logging_mixin.py:188} INFO - [2025-09-27T21:59:31.366+0000] {dagbag.py:538} INFO - Filling up the DagBag from /opt/airflow/dags/content_transformation.py
[2025-09-27T21:59:31.381+0000] {logging_mixin.py:188} INFO - [2025-09-27T21:59:31.381+0000] {shared_utils.py:409} INFO - Инициализированы пути обработки: ['input_pdf', 'temp_dir', 'output_md', 'logs', 'work_dir']
[2025-09-27T21:59:31.382+0000] {logging_mixin.py:188} INFO - [2025-09-27T21:59:31.382+0000] {shared_utils.py:413} INFO - Настроены URL сервисов: ['document_processor', 'translator', 'quality_assurance', 'airflow']
[2025-09-27T21:59:31.387+0000] {processor.py:840} INFO - DAG(s) 'content_transformation' retrieved from /opt/airflow/dags/content_transformation.py
[2025-09-27T21:59:31.405+0000] {logging_mixin.py:188} INFO - [2025-09-27T21:59:31.405+0000] {dag.py:3036} INFO - Sync 1 DAGs
[2025-09-27T21:59:31.415+0000] {logging_mixin.py:188} INFO - [2025-09-27T21:59:31.414+0000] {dag.py:3823} INFO - Setting next_dagrun for content_transformation to None, run_after=None
[2025-09-27T21:59:31.426+0000] {processor.py:183} INFO - Processing /opt/airflow/dags/content_transformation.py took 0.064 seconds
[2025-09-27T22:00:01.746+0000] {processor.py:161} INFO - Started process (PID=981) to work on /opt/airflow/dags/content_transformation.py
[2025-09-27T22:00:01.747+0000] {processor.py:830} INFO - Processing file /opt/airflow/dags/content_transformation.py for tasks to queue
[2025-09-27T22:00:01.748+0000] {logging_mixin.py:188} INFO - [2025-09-27T22:00:01.748+0000] {dagbag.py:538} INFO - Filling up the DagBag from /opt/airflow/dags/content_transformation.py
[2025-09-27T22:00:01.763+0000] {logging_mixin.py:188} INFO - [2025-09-27T22:00:01.763+0000] {shared_utils.py:409} INFO - Инициализированы пути обработки: ['input_pdf', 'temp_dir', 'output_md', 'logs', 'work_dir']
[2025-09-27T22:00:01.763+0000] {logging_mixin.py:188} INFO - [2025-09-27T22:00:01.763+0000] {shared_utils.py:413} INFO - Настроены URL сервисов: ['document_processor', 'translator', 'quality_assurance', 'airflow']
[2025-09-27T22:00:01.769+0000] {processor.py:840} INFO - DAG(s) 'content_transformation' retrieved from /opt/airflow/dags/content_transformation.py
[2025-09-27T22:00:01.786+0000] {logging_mixin.py:188} INFO - [2025-09-27T22:00:01.786+0000] {dag.py:3036} INFO - Sync 1 DAGs
[2025-09-27T22:00:01.796+0000] {logging_mixin.py:188} INFO - [2025-09-27T22:00:01.796+0000] {dag.py:3823} INFO - Setting next_dagrun for content_transformation to None, run_after=None
[2025-09-27T22:00:01.807+0000] {processor.py:183} INFO - Processing /opt/airflow/dags/content_transformation.py took 0.063 seconds
[2025-09-27T22:00:32.300+0000] {processor.py:161} INFO - Started process (PID=994) to work on /opt/airflow/dags/content_transformation.py
[2025-09-27T22:00:32.301+0000] {processor.py:830} INFO - Processing file /opt/airflow/dags/content_transformation.py for tasks to queue
[2025-09-27T22:00:32.302+0000] {logging_mixin.py:188} INFO - [2025-09-27T22:00:32.302+0000] {dagbag.py:538} INFO - Filling up the DagBag from /opt/airflow/dags/content_transformation.py
[2025-09-27T22:00:32.317+0000] {logging_mixin.py:188} INFO - [2025-09-27T22:00:32.317+0000] {shared_utils.py:409} INFO - Инициализированы пути обработки: ['input_pdf', 'temp_dir', 'output_md', 'logs', 'work_dir']
[2025-09-27T22:00:32.317+0000] {logging_mixin.py:188} INFO - [2025-09-27T22:00:32.317+0000] {shared_utils.py:413} INFO - Настроены URL сервисов: ['document_processor', 'translator', 'quality_assurance', 'airflow']
[2025-09-27T22:00:32.323+0000] {processor.py:840} INFO - DAG(s) 'content_transformation' retrieved from /opt/airflow/dags/content_transformation.py
[2025-09-27T22:00:32.342+0000] {logging_mixin.py:188} INFO - [2025-09-27T22:00:32.342+0000] {dag.py:3036} INFO - Sync 1 DAGs
[2025-09-27T22:00:32.351+0000] {logging_mixin.py:188} INFO - [2025-09-27T22:00:32.351+0000] {dag.py:3823} INFO - Setting next_dagrun for content_transformation to None, run_after=None
[2025-09-27T22:00:32.363+0000] {processor.py:183} INFO - Processing /opt/airflow/dags/content_transformation.py took 0.066 seconds
[2025-09-27T22:01:02.697+0000] {processor.py:161} INFO - Started process (PID=1007) to work on /opt/airflow/dags/content_transformation.py
[2025-09-27T22:01:02.697+0000] {processor.py:830} INFO - Processing file /opt/airflow/dags/content_transformation.py for tasks to queue
[2025-09-27T22:01:02.698+0000] {logging_mixin.py:188} INFO - [2025-09-27T22:01:02.698+0000] {dagbag.py:538} INFO - Filling up the DagBag from /opt/airflow/dags/content_transformation.py
[2025-09-27T22:01:02.713+0000] {logging_mixin.py:188} INFO - [2025-09-27T22:01:02.713+0000] {shared_utils.py:409} INFO - Инициализированы пути обработки: ['input_pdf', 'temp_dir', 'output_md', 'logs', 'work_dir']
[2025-09-27T22:01:02.714+0000] {logging_mixin.py:188} INFO - [2025-09-27T22:01:02.713+0000] {shared_utils.py:413} INFO - Настроены URL сервисов: ['document_processor', 'translator', 'quality_assurance', 'airflow']
[2025-09-27T22:01:02.719+0000] {processor.py:840} INFO - DAG(s) 'content_transformation' retrieved from /opt/airflow/dags/content_transformation.py
[2025-09-27T22:01:02.738+0000] {logging_mixin.py:188} INFO - [2025-09-27T22:01:02.738+0000] {dag.py:3036} INFO - Sync 1 DAGs
[2025-09-27T22:01:02.748+0000] {logging_mixin.py:188} INFO - [2025-09-27T22:01:02.748+0000] {dag.py:3823} INFO - Setting next_dagrun for content_transformation to None, run_after=None
[2025-09-27T22:01:02.759+0000] {processor.py:183} INFO - Processing /opt/airflow/dags/content_transformation.py took 0.065 seconds
[2025-09-27T22:01:33.087+0000] {processor.py:161} INFO - Started process (PID=1020) to work on /opt/airflow/dags/content_transformation.py
[2025-09-27T22:01:33.087+0000] {processor.py:830} INFO - Processing file /opt/airflow/dags/content_transformation.py for tasks to queue
[2025-09-27T22:01:33.089+0000] {logging_mixin.py:188} INFO - [2025-09-27T22:01:33.088+0000] {dagbag.py:538} INFO - Filling up the DagBag from /opt/airflow/dags/content_transformation.py
[2025-09-27T22:01:33.103+0000] {logging_mixin.py:188} INFO - [2025-09-27T22:01:33.103+0000] {shared_utils.py:409} INFO - Инициализированы пути обработки: ['input_pdf', 'temp_dir', 'output_md', 'logs', 'work_dir']
[2025-09-27T22:01:33.104+0000] {logging_mixin.py:188} INFO - [2025-09-27T22:01:33.103+0000] {shared_utils.py:413} INFO - Настроены URL сервисов: ['document_processor', 'translator', 'quality_assurance', 'airflow']
[2025-09-27T22:01:33.109+0000] {processor.py:840} INFO - DAG(s) 'content_transformation' retrieved from /opt/airflow/dags/content_transformation.py
[2025-09-27T22:01:33.127+0000] {logging_mixin.py:188} INFO - [2025-09-27T22:01:33.127+0000] {dag.py:3036} INFO - Sync 1 DAGs
[2025-09-27T22:01:33.137+0000] {logging_mixin.py:188} INFO - [2025-09-27T22:01:33.137+0000] {dag.py:3823} INFO - Setting next_dagrun for content_transformation to None, run_after=None
[2025-09-27T22:01:33.148+0000] {processor.py:183} INFO - Processing /opt/airflow/dags/content_transformation.py took 0.064 seconds
[2025-09-27T22:02:03.471+0000] {processor.py:161} INFO - Started process (PID=1033) to work on /opt/airflow/dags/content_transformation.py
[2025-09-27T22:02:03.471+0000] {processor.py:830} INFO - Processing file /opt/airflow/dags/content_transformation.py for tasks to queue
[2025-09-27T22:02:03.473+0000] {logging_mixin.py:188} INFO - [2025-09-27T22:02:03.472+0000] {dagbag.py:538} INFO - Filling up the DagBag from /opt/airflow/dags/content_transformation.py
[2025-09-27T22:02:03.487+0000] {logging_mixin.py:188} INFO - [2025-09-27T22:02:03.487+0000] {shared_utils.py:409} INFO - Инициализированы пути обработки: ['input_pdf', 'temp_dir', 'output_md', 'logs', 'work_dir']
[2025-09-27T22:02:03.488+0000] {logging_mixin.py:188} INFO - [2025-09-27T22:02:03.487+0000] {shared_utils.py:413} INFO - Настроены URL сервисов: ['document_processor', 'translator', 'quality_assurance', 'airflow']
[2025-09-27T22:02:03.493+0000] {processor.py:840} INFO - DAG(s) 'content_transformation' retrieved from /opt/airflow/dags/content_transformation.py
[2025-09-27T22:02:03.511+0000] {logging_mixin.py:188} INFO - [2025-09-27T22:02:03.511+0000] {dag.py:3036} INFO - Sync 1 DAGs
[2025-09-27T22:02:03.520+0000] {logging_mixin.py:188} INFO - [2025-09-27T22:02:03.520+0000] {dag.py:3823} INFO - Setting next_dagrun for content_transformation to None, run_after=None
[2025-09-27T22:02:03.532+0000] {processor.py:183} INFO - Processing /opt/airflow/dags/content_transformation.py took 0.064 seconds
[2025-09-27T22:02:34.018+0000] {processor.py:161} INFO - Started process (PID=1046) to work on /opt/airflow/dags/content_transformation.py
[2025-09-27T22:02:34.019+0000] {processor.py:830} INFO - Processing file /opt/airflow/dags/content_transformation.py for tasks to queue
[2025-09-27T22:02:34.020+0000] {logging_mixin.py:188} INFO - [2025-09-27T22:02:34.020+0000] {dagbag.py:538} INFO - Filling up the DagBag from /opt/airflow/dags/content_transformation.py
[2025-09-27T22:02:34.035+0000] {logging_mixin.py:188} INFO - [2025-09-27T22:02:34.035+0000] {shared_utils.py:409} INFO - Инициализированы пути обработки: ['input_pdf', 'temp_dir', 'output_md', 'logs', 'work_dir']
[2025-09-27T22:02:34.036+0000] {logging_mixin.py:188} INFO - [2025-09-27T22:02:34.036+0000] {shared_utils.py:413} INFO - Настроены URL сервисов: ['document_processor', 'translator', 'quality_assurance', 'airflow']
[2025-09-27T22:02:34.041+0000] {processor.py:840} INFO - DAG(s) 'content_transformation' retrieved from /opt/airflow/dags/content_transformation.py
[2025-09-27T22:02:34.060+0000] {logging_mixin.py:188} INFO - [2025-09-27T22:02:34.059+0000] {dag.py:3036} INFO - Sync 1 DAGs
[2025-09-27T22:02:34.069+0000] {logging_mixin.py:188} INFO - [2025-09-27T22:02:34.069+0000] {dag.py:3823} INFO - Setting next_dagrun for content_transformation to None, run_after=None
[2025-09-27T22:02:34.081+0000] {processor.py:183} INFO - Processing /opt/airflow/dags/content_transformation.py took 0.066 seconds
[2025-09-27T22:03:04.416+0000] {processor.py:161} INFO - Started process (PID=1059) to work on /opt/airflow/dags/content_transformation.py
[2025-09-27T22:03:04.417+0000] {processor.py:830} INFO - Processing file /opt/airflow/dags/content_transformation.py for tasks to queue
[2025-09-27T22:03:04.418+0000] {logging_mixin.py:188} INFO - [2025-09-27T22:03:04.418+0000] {dagbag.py:538} INFO - Filling up the DagBag from /opt/airflow/dags/content_transformation.py
[2025-09-27T22:03:04.433+0000] {logging_mixin.py:188} INFO - [2025-09-27T22:03:04.433+0000] {shared_utils.py:409} INFO - Инициализированы пути обработки: ['input_pdf', 'temp_dir', 'output_md', 'logs', 'work_dir']
[2025-09-27T22:03:04.433+0000] {logging_mixin.py:188} INFO - [2025-09-27T22:03:04.433+0000] {shared_utils.py:413} INFO - Настроены URL сервисов: ['document_processor', 'translator', 'quality_assurance', 'airflow']
[2025-09-27T22:03:04.438+0000] {processor.py:840} INFO - DAG(s) 'content_transformation' retrieved from /opt/airflow/dags/content_transformation.py
[2025-09-27T22:03:04.457+0000] {logging_mixin.py:188} INFO - [2025-09-27T22:03:04.456+0000] {dag.py:3036} INFO - Sync 1 DAGs
[2025-09-27T22:03:04.466+0000] {logging_mixin.py:188} INFO - [2025-09-27T22:03:04.466+0000] {dag.py:3823} INFO - Setting next_dagrun for content_transformation to None, run_after=None
[2025-09-27T22:03:04.478+0000] {processor.py:183} INFO - Processing /opt/airflow/dags/content_transformation.py took 0.064 seconds
[2025-09-27T22:03:34.801+0000] {processor.py:161} INFO - Started process (PID=1072) to work on /opt/airflow/dags/content_transformation.py
[2025-09-27T22:03:34.802+0000] {processor.py:830} INFO - Processing file /opt/airflow/dags/content_transformation.py for tasks to queue
[2025-09-27T22:03:34.804+0000] {logging_mixin.py:188} INFO - [2025-09-27T22:03:34.803+0000] {dagbag.py:538} INFO - Filling up the DagBag from /opt/airflow/dags/content_transformation.py
[2025-09-27T22:03:34.818+0000] {logging_mixin.py:188} INFO - [2025-09-27T22:03:34.818+0000] {shared_utils.py:409} INFO - Инициализированы пути обработки: ['input_pdf', 'temp_dir', 'output_md', 'logs', 'work_dir']
[2025-09-27T22:03:34.819+0000] {logging_mixin.py:188} INFO - [2025-09-27T22:03:34.818+0000] {shared_utils.py:413} INFO - Настроены URL сервисов: ['document_processor', 'translator', 'quality_assurance', 'airflow']
[2025-09-27T22:03:34.824+0000] {processor.py:840} INFO - DAG(s) 'content_transformation' retrieved from /opt/airflow/dags/content_transformation.py
[2025-09-27T22:03:34.842+0000] {logging_mixin.py:188} INFO - [2025-09-27T22:03:34.842+0000] {dag.py:3036} INFO - Sync 1 DAGs
[2025-09-27T22:03:34.852+0000] {logging_mixin.py:188} INFO - [2025-09-27T22:03:34.851+0000] {dag.py:3823} INFO - Setting next_dagrun for content_transformation to None, run_after=None
[2025-09-27T22:03:34.863+0000] {processor.py:183} INFO - Processing /opt/airflow/dags/content_transformation.py took 0.064 seconds
[2025-09-27T22:04:05.186+0000] {processor.py:161} INFO - Started process (PID=1085) to work on /opt/airflow/dags/content_transformation.py
[2025-09-27T22:04:05.187+0000] {processor.py:830} INFO - Processing file /opt/airflow/dags/content_transformation.py for tasks to queue
[2025-09-27T22:04:05.188+0000] {logging_mixin.py:188} INFO - [2025-09-27T22:04:05.188+0000] {dagbag.py:538} INFO - Filling up the DagBag from /opt/airflow/dags/content_transformation.py
[2025-09-27T22:04:05.203+0000] {logging_mixin.py:188} INFO - [2025-09-27T22:04:05.203+0000] {shared_utils.py:409} INFO - Инициализированы пути обработки: ['input_pdf', 'temp_dir', 'output_md', 'logs', 'work_dir']
[2025-09-27T22:04:05.203+0000] {logging_mixin.py:188} INFO - [2025-09-27T22:04:05.203+0000] {shared_utils.py:413} INFO - Настроены URL сервисов: ['document_processor', 'translator', 'quality_assurance', 'airflow']
[2025-09-27T22:04:05.209+0000] {processor.py:840} INFO - DAG(s) 'content_transformation' retrieved from /opt/airflow/dags/content_transformation.py
[2025-09-27T22:04:05.227+0000] {logging_mixin.py:188} INFO - [2025-09-27T22:04:05.227+0000] {dag.py:3036} INFO - Sync 1 DAGs
[2025-09-27T22:04:05.237+0000] {logging_mixin.py:188} INFO - [2025-09-27T22:04:05.236+0000] {dag.py:3823} INFO - Setting next_dagrun for content_transformation to None, run_after=None
[2025-09-27T22:04:05.248+0000] {processor.py:183} INFO - Processing /opt/airflow/dags/content_transformation.py took 0.064 seconds
[2025-09-27T22:04:35.737+0000] {processor.py:161} INFO - Started process (PID=1098) to work on /opt/airflow/dags/content_transformation.py
[2025-09-27T22:04:35.737+0000] {processor.py:830} INFO - Processing file /opt/airflow/dags/content_transformation.py for tasks to queue
[2025-09-27T22:04:35.739+0000] {logging_mixin.py:188} INFO - [2025-09-27T22:04:35.739+0000] {dagbag.py:538} INFO - Filling up the DagBag from /opt/airflow/dags/content_transformation.py
[2025-09-27T22:04:35.754+0000] {logging_mixin.py:188} INFO - [2025-09-27T22:04:35.754+0000] {shared_utils.py:409} INFO - Инициализированы пути обработки: ['input_pdf', 'temp_dir', 'output_md', 'logs', 'work_dir']
[2025-09-27T22:04:35.754+0000] {logging_mixin.py:188} INFO - [2025-09-27T22:04:35.754+0000] {shared_utils.py:413} INFO - Настроены URL сервисов: ['document_processor', 'translator', 'quality_assurance', 'airflow']
[2025-09-27T22:04:35.760+0000] {processor.py:840} INFO - DAG(s) 'content_transformation' retrieved from /opt/airflow/dags/content_transformation.py
[2025-09-27T22:04:35.778+0000] {logging_mixin.py:188} INFO - [2025-09-27T22:04:35.778+0000] {dag.py:3036} INFO - Sync 1 DAGs
[2025-09-27T22:04:35.788+0000] {logging_mixin.py:188} INFO - [2025-09-27T22:04:35.788+0000] {dag.py:3823} INFO - Setting next_dagrun for content_transformation to None, run_after=None
[2025-09-27T22:04:35.800+0000] {processor.py:183} INFO - Processing /opt/airflow/dags/content_transformation.py took 0.066 seconds
[2025-09-27T22:05:06.130+0000] {processor.py:161} INFO - Started process (PID=1111) to work on /opt/airflow/dags/content_transformation.py
[2025-09-27T22:05:06.131+0000] {processor.py:830} INFO - Processing file /opt/airflow/dags/content_transformation.py for tasks to queue
[2025-09-27T22:05:06.132+0000] {logging_mixin.py:188} INFO - [2025-09-27T22:05:06.132+0000] {dagbag.py:538} INFO - Filling up the DagBag from /opt/airflow/dags/content_transformation.py
[2025-09-27T22:05:06.147+0000] {logging_mixin.py:188} INFO - [2025-09-27T22:05:06.147+0000] {shared_utils.py:409} INFO - Инициализированы пути обработки: ['input_pdf', 'temp_dir', 'output_md', 'logs', 'work_dir']
[2025-09-27T22:05:06.147+0000] {logging_mixin.py:188} INFO - [2025-09-27T22:05:06.147+0000] {shared_utils.py:413} INFO - Настроены URL сервисов: ['document_processor', 'translator', 'quality_assurance', 'airflow']
[2025-09-27T22:05:06.152+0000] {processor.py:840} INFO - DAG(s) 'content_transformation' retrieved from /opt/airflow/dags/content_transformation.py
[2025-09-27T22:05:06.170+0000] {logging_mixin.py:188} INFO - [2025-09-27T22:05:06.170+0000] {dag.py:3036} INFO - Sync 1 DAGs
[2025-09-27T22:05:06.180+0000] {logging_mixin.py:188} INFO - [2025-09-27T22:05:06.179+0000] {dag.py:3823} INFO - Setting next_dagrun for content_transformation to None, run_after=None
[2025-09-27T22:05:06.191+0000] {processor.py:183} INFO - Processing /opt/airflow/dags/content_transformation.py took 0.064 seconds
[2025-09-27T22:05:36.514+0000] {processor.py:161} INFO - Started process (PID=1124) to work on /opt/airflow/dags/content_transformation.py
[2025-09-27T22:05:36.515+0000] {processor.py:830} INFO - Processing file /opt/airflow/dags/content_transformation.py for tasks to queue
[2025-09-27T22:05:36.516+0000] {logging_mixin.py:188} INFO - [2025-09-27T22:05:36.516+0000] {dagbag.py:538} INFO - Filling up the DagBag from /opt/airflow/dags/content_transformation.py
[2025-09-27T22:05:36.531+0000] {logging_mixin.py:188} INFO - [2025-09-27T22:05:36.530+0000] {shared_utils.py:409} INFO - Инициализированы пути обработки: ['input_pdf', 'temp_dir', 'output_md', 'logs', 'work_dir']
[2025-09-27T22:05:36.531+0000] {logging_mixin.py:188} INFO - [2025-09-27T22:05:36.531+0000] {shared_utils.py:413} INFO - Настроены URL сервисов: ['document_processor', 'translator', 'quality_assurance', 'airflow']
[2025-09-27T22:05:36.536+0000] {processor.py:840} INFO - DAG(s) 'content_transformation' retrieved from /opt/airflow/dags/content_transformation.py
[2025-09-27T22:05:36.554+0000] {logging_mixin.py:188} INFO - [2025-09-27T22:05:36.554+0000] {dag.py:3036} INFO - Sync 1 DAGs
[2025-09-27T22:05:36.564+0000] {logging_mixin.py:188} INFO - [2025-09-27T22:05:36.563+0000] {dag.py:3823} INFO - Setting next_dagrun for content_transformation to None, run_after=None
[2025-09-27T22:05:36.575+0000] {processor.py:183} INFO - Processing /opt/airflow/dags/content_transformation.py took 0.064 seconds
[2025-09-27T22:06:06.898+0000] {processor.py:161} INFO - Started process (PID=1137) to work on /opt/airflow/dags/content_transformation.py
[2025-09-27T22:06:06.898+0000] {processor.py:830} INFO - Processing file /opt/airflow/dags/content_transformation.py for tasks to queue
[2025-09-27T22:06:06.900+0000] {logging_mixin.py:188} INFO - [2025-09-27T22:06:06.900+0000] {dagbag.py:538} INFO - Filling up the DagBag from /opt/airflow/dags/content_transformation.py
[2025-09-27T22:06:06.915+0000] {logging_mixin.py:188} INFO - [2025-09-27T22:06:06.915+0000] {shared_utils.py:409} INFO - Инициализированы пути обработки: ['input_pdf', 'temp_dir', 'output_md', 'logs', 'work_dir']
[2025-09-27T22:06:06.915+0000] {logging_mixin.py:188} INFO - [2025-09-27T22:06:06.915+0000] {shared_utils.py:413} INFO - Настроены URL сервисов: ['document_processor', 'translator', 'quality_assurance', 'airflow']
[2025-09-27T22:06:06.920+0000] {processor.py:840} INFO - DAG(s) 'content_transformation' retrieved from /opt/airflow/dags/content_transformation.py
[2025-09-27T22:06:06.939+0000] {logging_mixin.py:188} INFO - [2025-09-27T22:06:06.938+0000] {dag.py:3036} INFO - Sync 1 DAGs
[2025-09-27T22:06:06.948+0000] {logging_mixin.py:188} INFO - [2025-09-27T22:06:06.948+0000] {dag.py:3823} INFO - Setting next_dagrun for content_transformation to None, run_after=None
[2025-09-27T22:06:06.960+0000] {processor.py:183} INFO - Processing /opt/airflow/dags/content_transformation.py took 0.064 seconds
[2025-09-27T22:06:37.553+0000] {processor.py:161} INFO - Started process (PID=1150) to work on /opt/airflow/dags/content_transformation.py
[2025-09-27T22:06:37.554+0000] {processor.py:830} INFO - Processing file /opt/airflow/dags/content_transformation.py for tasks to queue
[2025-09-27T22:06:37.555+0000] {logging_mixin.py:188} INFO - [2025-09-27T22:06:37.555+0000] {dagbag.py:538} INFO - Filling up the DagBag from /opt/airflow/dags/content_transformation.py
[2025-09-27T22:06:37.571+0000] {logging_mixin.py:188} INFO - [2025-09-27T22:06:37.570+0000] {shared_utils.py:409} INFO - Инициализированы пути обработки: ['input_pdf', 'temp_dir', 'output_md', 'logs', 'work_dir']
[2025-09-27T22:06:37.571+0000] {logging_mixin.py:188} INFO - [2025-09-27T22:06:37.571+0000] {shared_utils.py:413} INFO - Настроены URL сервисов: ['document_processor', 'translator', 'quality_assurance', 'airflow']
[2025-09-27T22:06:37.576+0000] {processor.py:840} INFO - DAG(s) 'content_transformation' retrieved from /opt/airflow/dags/content_transformation.py
[2025-09-27T22:06:37.595+0000] {logging_mixin.py:188} INFO - [2025-09-27T22:06:37.595+0000] {dag.py:3036} INFO - Sync 1 DAGs
[2025-09-27T22:06:37.605+0000] {logging_mixin.py:188} INFO - [2025-09-27T22:06:37.604+0000] {dag.py:3823} INFO - Setting next_dagrun for content_transformation to None, run_after=None
[2025-09-27T22:06:37.616+0000] {processor.py:183} INFO - Processing /opt/airflow/dags/content_transformation.py took 0.066 seconds
[2025-09-27T22:07:07.900+0000] {processor.py:161} INFO - Started process (PID=1163) to work on /opt/airflow/dags/content_transformation.py
[2025-09-27T22:07:07.900+0000] {processor.py:830} INFO - Processing file /opt/airflow/dags/content_transformation.py for tasks to queue
[2025-09-27T22:07:07.901+0000] {logging_mixin.py:188} INFO - [2025-09-27T22:07:07.901+0000] {dagbag.py:538} INFO - Filling up the DagBag from /opt/airflow/dags/content_transformation.py
[2025-09-27T22:07:07.916+0000] {logging_mixin.py:188} INFO - [2025-09-27T22:07:07.916+0000] {shared_utils.py:409} INFO - Инициализированы пути обработки: ['input_pdf', 'temp_dir', 'output_md', 'logs', 'work_dir']
[2025-09-27T22:07:07.916+0000] {logging_mixin.py:188} INFO - [2025-09-27T22:07:07.916+0000] {shared_utils.py:413} INFO - Настроены URL сервисов: ['document_processor', 'translator', 'quality_assurance', 'airflow']
[2025-09-27T22:07:07.922+0000] {processor.py:840} INFO - DAG(s) 'content_transformation' retrieved from /opt/airflow/dags/content_transformation.py
[2025-09-27T22:07:07.940+0000] {logging_mixin.py:188} INFO - [2025-09-27T22:07:07.940+0000] {dag.py:3036} INFO - Sync 1 DAGs
[2025-09-27T22:07:07.949+0000] {logging_mixin.py:188} INFO - [2025-09-27T22:07:07.949+0000] {dag.py:3823} INFO - Setting next_dagrun for content_transformation to None, run_after=None
[2025-09-27T22:07:07.962+0000] {processor.py:183} INFO - Processing /opt/airflow/dags/content_transformation.py took 0.065 seconds
[2025-09-27T22:07:38.286+0000] {processor.py:161} INFO - Started process (PID=1176) to work on /opt/airflow/dags/content_transformation.py
[2025-09-27T22:07:38.286+0000] {processor.py:830} INFO - Processing file /opt/airflow/dags/content_transformation.py for tasks to queue
[2025-09-27T22:07:38.288+0000] {logging_mixin.py:188} INFO - [2025-09-27T22:07:38.288+0000] {dagbag.py:538} INFO - Filling up the DagBag from /opt/airflow/dags/content_transformation.py
[2025-09-27T22:07:38.302+0000] {logging_mixin.py:188} INFO - [2025-09-27T22:07:38.302+0000] {shared_utils.py:409} INFO - Инициализированы пути обработки: ['input_pdf', 'temp_dir', 'output_md', 'logs', 'work_dir']
[2025-09-27T22:07:38.303+0000] {logging_mixin.py:188} INFO - [2025-09-27T22:07:38.302+0000] {shared_utils.py:413} INFO - Настроены URL сервисов: ['document_processor', 'translator', 'quality_assurance', 'airflow']
[2025-09-27T22:07:38.308+0000] {processor.py:840} INFO - DAG(s) 'content_transformation' retrieved from /opt/airflow/dags/content_transformation.py
[2025-09-27T22:07:38.326+0000] {logging_mixin.py:188} INFO - [2025-09-27T22:07:38.325+0000] {dag.py:3036} INFO - Sync 1 DAGs
[2025-09-27T22:07:38.335+0000] {logging_mixin.py:188} INFO - [2025-09-27T22:07:38.335+0000] {dag.py:3823} INFO - Setting next_dagrun for content_transformation to None, run_after=None
[2025-09-27T22:07:38.347+0000] {processor.py:183} INFO - Processing /opt/airflow/dags/content_transformation.py took 0.063 seconds
[2025-09-27T22:08:08.667+0000] {processor.py:161} INFO - Started process (PID=1189) to work on /opt/airflow/dags/content_transformation.py
[2025-09-27T22:08:08.667+0000] {processor.py:830} INFO - Processing file /opt/airflow/dags/content_transformation.py for tasks to queue
[2025-09-27T22:08:08.669+0000] {logging_mixin.py:188} INFO - [2025-09-27T22:08:08.668+0000] {dagbag.py:538} INFO - Filling up the DagBag from /opt/airflow/dags/content_transformation.py
[2025-09-27T22:08:08.684+0000] {logging_mixin.py:188} INFO - [2025-09-27T22:08:08.683+0000] {shared_utils.py:409} INFO - Инициализированы пути обработки: ['input_pdf', 'temp_dir', 'output_md', 'logs', 'work_dir']
[2025-09-27T22:08:08.684+0000] {logging_mixin.py:188} INFO - [2025-09-27T22:08:08.684+0000] {shared_utils.py:413} INFO - Настроены URL сервисов: ['document_processor', 'translator', 'quality_assurance', 'airflow']
[2025-09-27T22:08:08.689+0000] {processor.py:840} INFO - DAG(s) 'content_transformation' retrieved from /opt/airflow/dags/content_transformation.py
[2025-09-27T22:08:08.707+0000] {logging_mixin.py:188} INFO - [2025-09-27T22:08:08.707+0000] {dag.py:3036} INFO - Sync 1 DAGs
[2025-09-27T22:08:08.717+0000] {logging_mixin.py:188} INFO - [2025-09-27T22:08:08.717+0000] {dag.py:3823} INFO - Setting next_dagrun for content_transformation to None, run_after=None
[2025-09-27T22:08:08.729+0000] {processor.py:183} INFO - Processing /opt/airflow/dags/content_transformation.py took 0.065 seconds
