[2025-09-27T21:39:46.126+0000] {processor.py:161} INFO - Started process (PID=457) to work on /opt/airflow/dags/document_preprocessing.py
[2025-09-27T21:39:46.126+0000] {processor.py:830} INFO - Processing file /opt/airflow/dags/document_preprocessing.py for tasks to queue
[2025-09-27T21:39:46.127+0000] {logging_mixin.py:188} INFO - [2025-09-27T21:39:46.127+0000] {dagbag.py:538} INFO - Filling up the DagBag from /opt/airflow/dags/document_preprocessing.py
[2025-09-27T21:39:46.136+0000] {logging_mixin.py:188} INFO - [2025-09-27T21:39:46.136+0000] {shared_utils.py:409} INFO - Инициализированы пути обработки: ['input_pdf', 'temp_dir', 'output_md', 'logs', 'work_dir']
[2025-09-27T21:39:46.137+0000] {logging_mixin.py:188} INFO - [2025-09-27T21:39:46.136+0000] {shared_utils.py:413} INFO - Настроены URL сервисов: ['document_processor', 'translator', 'quality_assurance', 'airflow']
[2025-09-27T21:39:46.141+0000] {processor.py:840} INFO - DAG(s) 'document_preprocessing' retrieved from /opt/airflow/dags/document_preprocessing.py
[2025-09-27T21:39:46.160+0000] {logging_mixin.py:188} INFO - [2025-09-27T21:39:46.160+0000] {dag.py:3036} INFO - Sync 1 DAGs
[2025-09-27T21:39:46.170+0000] {logging_mixin.py:188} INFO - [2025-09-27T21:39:46.170+0000] {dag.py:3823} INFO - Setting next_dagrun for document_preprocessing to None, run_after=None
[2025-09-27T21:39:46.182+0000] {processor.py:183} INFO - Processing /opt/airflow/dags/document_preprocessing.py took 0.058 seconds
[2025-09-27T21:40:16.383+0000] {processor.py:161} INFO - Started process (PID=470) to work on /opt/airflow/dags/document_preprocessing.py
[2025-09-27T21:40:16.384+0000] {processor.py:830} INFO - Processing file /opt/airflow/dags/document_preprocessing.py for tasks to queue
[2025-09-27T21:40:16.385+0000] {logging_mixin.py:188} INFO - [2025-09-27T21:40:16.385+0000] {dagbag.py:538} INFO - Filling up the DagBag from /opt/airflow/dags/document_preprocessing.py
[2025-09-27T21:40:16.394+0000] {logging_mixin.py:188} INFO - [2025-09-27T21:40:16.394+0000] {shared_utils.py:409} INFO - Инициализированы пути обработки: ['input_pdf', 'temp_dir', 'output_md', 'logs', 'work_dir']
[2025-09-27T21:40:16.394+0000] {logging_mixin.py:188} INFO - [2025-09-27T21:40:16.394+0000] {shared_utils.py:413} INFO - Настроены URL сервисов: ['document_processor', 'translator', 'quality_assurance', 'airflow']
[2025-09-27T21:40:16.399+0000] {processor.py:840} INFO - DAG(s) 'document_preprocessing' retrieved from /opt/airflow/dags/document_preprocessing.py
[2025-09-27T21:40:16.418+0000] {logging_mixin.py:188} INFO - [2025-09-27T21:40:16.418+0000] {dag.py:3036} INFO - Sync 1 DAGs
[2025-09-27T21:40:16.427+0000] {logging_mixin.py:188} INFO - [2025-09-27T21:40:16.427+0000] {dag.py:3823} INFO - Setting next_dagrun for document_preprocessing to None, run_after=None
[2025-09-27T21:40:16.439+0000] {processor.py:183} INFO - Processing /opt/airflow/dags/document_preprocessing.py took 0.058 seconds
[2025-09-27T21:40:46.638+0000] {processor.py:161} INFO - Started process (PID=483) to work on /opt/airflow/dags/document_preprocessing.py
[2025-09-27T21:40:46.639+0000] {processor.py:830} INFO - Processing file /opt/airflow/dags/document_preprocessing.py for tasks to queue
[2025-09-27T21:40:46.640+0000] {logging_mixin.py:188} INFO - [2025-09-27T21:40:46.640+0000] {dagbag.py:538} INFO - Filling up the DagBag from /opt/airflow/dags/document_preprocessing.py
[2025-09-27T21:40:46.649+0000] {logging_mixin.py:188} INFO - [2025-09-27T21:40:46.649+0000] {shared_utils.py:409} INFO - Инициализированы пути обработки: ['input_pdf', 'temp_dir', 'output_md', 'logs', 'work_dir']
[2025-09-27T21:40:46.649+0000] {logging_mixin.py:188} INFO - [2025-09-27T21:40:46.649+0000] {shared_utils.py:413} INFO - Настроены URL сервисов: ['document_processor', 'translator', 'quality_assurance', 'airflow']
[2025-09-27T21:40:46.654+0000] {processor.py:840} INFO - DAG(s) 'document_preprocessing' retrieved from /opt/airflow/dags/document_preprocessing.py
[2025-09-27T21:40:46.672+0000] {logging_mixin.py:188} INFO - [2025-09-27T21:40:46.672+0000] {dag.py:3036} INFO - Sync 1 DAGs
[2025-09-27T21:40:46.682+0000] {logging_mixin.py:188} INFO - [2025-09-27T21:40:46.682+0000] {dag.py:3823} INFO - Setting next_dagrun for document_preprocessing to None, run_after=None
[2025-09-27T21:40:46.693+0000] {processor.py:183} INFO - Processing /opt/airflow/dags/document_preprocessing.py took 0.057 seconds
[2025-09-27T21:41:17.005+0000] {processor.py:161} INFO - Started process (PID=496) to work on /opt/airflow/dags/document_preprocessing.py
[2025-09-27T21:41:17.005+0000] {processor.py:830} INFO - Processing file /opt/airflow/dags/document_preprocessing.py for tasks to queue
[2025-09-27T21:41:17.006+0000] {logging_mixin.py:188} INFO - [2025-09-27T21:41:17.006+0000] {dagbag.py:538} INFO - Filling up the DagBag from /opt/airflow/dags/document_preprocessing.py
[2025-09-27T21:41:17.016+0000] {logging_mixin.py:188} INFO - [2025-09-27T21:41:17.015+0000] {shared_utils.py:409} INFO - Инициализированы пути обработки: ['input_pdf', 'temp_dir', 'output_md', 'logs', 'work_dir']
[2025-09-27T21:41:17.016+0000] {logging_mixin.py:188} INFO - [2025-09-27T21:41:17.016+0000] {shared_utils.py:413} INFO - Настроены URL сервисов: ['document_processor', 'translator', 'quality_assurance', 'airflow']
[2025-09-27T21:41:17.020+0000] {processor.py:840} INFO - DAG(s) 'document_preprocessing' retrieved from /opt/airflow/dags/document_preprocessing.py
[2025-09-27T21:41:17.041+0000] {logging_mixin.py:188} INFO - [2025-09-27T21:41:17.041+0000] {dag.py:3036} INFO - Sync 1 DAGs
[2025-09-27T21:41:17.052+0000] {logging_mixin.py:188} INFO - [2025-09-27T21:41:17.052+0000] {dag.py:3823} INFO - Setting next_dagrun for document_preprocessing to None, run_after=None
[2025-09-27T21:41:17.064+0000] {processor.py:183} INFO - Processing /opt/airflow/dags/document_preprocessing.py took 0.061 seconds
[2025-09-27T21:41:47.262+0000] {processor.py:161} INFO - Started process (PID=509) to work on /opt/airflow/dags/document_preprocessing.py
[2025-09-27T21:41:47.263+0000] {processor.py:830} INFO - Processing file /opt/airflow/dags/document_preprocessing.py for tasks to queue
[2025-09-27T21:41:47.264+0000] {logging_mixin.py:188} INFO - [2025-09-27T21:41:47.264+0000] {dagbag.py:538} INFO - Filling up the DagBag from /opt/airflow/dags/document_preprocessing.py
[2025-09-27T21:41:47.273+0000] {logging_mixin.py:188} INFO - [2025-09-27T21:41:47.273+0000] {shared_utils.py:409} INFO - Инициализированы пути обработки: ['input_pdf', 'temp_dir', 'output_md', 'logs', 'work_dir']
[2025-09-27T21:41:47.273+0000] {logging_mixin.py:188} INFO - [2025-09-27T21:41:47.273+0000] {shared_utils.py:413} INFO - Настроены URL сервисов: ['document_processor', 'translator', 'quality_assurance', 'airflow']
[2025-09-27T21:41:47.278+0000] {processor.py:840} INFO - DAG(s) 'document_preprocessing' retrieved from /opt/airflow/dags/document_preprocessing.py
[2025-09-27T21:41:47.299+0000] {logging_mixin.py:188} INFO - [2025-09-27T21:41:47.299+0000] {dag.py:3036} INFO - Sync 1 DAGs
[2025-09-27T21:41:47.309+0000] {logging_mixin.py:188} INFO - [2025-09-27T21:41:47.309+0000] {dag.py:3823} INFO - Setting next_dagrun for document_preprocessing to None, run_after=None
[2025-09-27T21:41:47.321+0000] {processor.py:183} INFO - Processing /opt/airflow/dags/document_preprocessing.py took 0.061 seconds
[2025-09-27T21:42:17.525+0000] {processor.py:161} INFO - Started process (PID=522) to work on /opt/airflow/dags/document_preprocessing.py
[2025-09-27T21:42:17.525+0000] {processor.py:830} INFO - Processing file /opt/airflow/dags/document_preprocessing.py for tasks to queue
[2025-09-27T21:42:17.527+0000] {logging_mixin.py:188} INFO - [2025-09-27T21:42:17.526+0000] {dagbag.py:538} INFO - Filling up the DagBag from /opt/airflow/dags/document_preprocessing.py
[2025-09-27T21:42:17.535+0000] {logging_mixin.py:188} INFO - [2025-09-27T21:42:17.535+0000] {shared_utils.py:409} INFO - Инициализированы пути обработки: ['input_pdf', 'temp_dir', 'output_md', 'logs', 'work_dir']
[2025-09-27T21:42:17.536+0000] {logging_mixin.py:188} INFO - [2025-09-27T21:42:17.535+0000] {shared_utils.py:413} INFO - Настроены URL сервисов: ['document_processor', 'translator', 'quality_assurance', 'airflow']
[2025-09-27T21:42:17.540+0000] {processor.py:840} INFO - DAG(s) 'document_preprocessing' retrieved from /opt/airflow/dags/document_preprocessing.py
[2025-09-27T21:42:17.561+0000] {logging_mixin.py:188} INFO - [2025-09-27T21:42:17.560+0000] {dag.py:3036} INFO - Sync 1 DAGs
[2025-09-27T21:42:17.570+0000] {logging_mixin.py:188} INFO - [2025-09-27T21:42:17.570+0000] {dag.py:3823} INFO - Setting next_dagrun for document_preprocessing to None, run_after=None
[2025-09-27T21:42:17.582+0000] {processor.py:183} INFO - Processing /opt/airflow/dags/document_preprocessing.py took 0.060 seconds
[2025-09-27T21:42:47.783+0000] {processor.py:161} INFO - Started process (PID=535) to work on /opt/airflow/dags/document_preprocessing.py
[2025-09-27T21:42:47.784+0000] {processor.py:830} INFO - Processing file /opt/airflow/dags/document_preprocessing.py for tasks to queue
[2025-09-27T21:42:47.785+0000] {logging_mixin.py:188} INFO - [2025-09-27T21:42:47.785+0000] {dagbag.py:538} INFO - Filling up the DagBag from /opt/airflow/dags/document_preprocessing.py
[2025-09-27T21:42:47.794+0000] {logging_mixin.py:188} INFO - [2025-09-27T21:42:47.794+0000] {shared_utils.py:409} INFO - Инициализированы пути обработки: ['input_pdf', 'temp_dir', 'output_md', 'logs', 'work_dir']
[2025-09-27T21:42:47.794+0000] {logging_mixin.py:188} INFO - [2025-09-27T21:42:47.794+0000] {shared_utils.py:413} INFO - Настроены URL сервисов: ['document_processor', 'translator', 'quality_assurance', 'airflow']
[2025-09-27T21:42:47.799+0000] {processor.py:840} INFO - DAG(s) 'document_preprocessing' retrieved from /opt/airflow/dags/document_preprocessing.py
[2025-09-27T21:42:47.817+0000] {logging_mixin.py:188} INFO - [2025-09-27T21:42:47.817+0000] {dag.py:3036} INFO - Sync 1 DAGs
[2025-09-27T21:42:47.827+0000] {logging_mixin.py:188} INFO - [2025-09-27T21:42:47.826+0000] {dag.py:3823} INFO - Setting next_dagrun for document_preprocessing to None, run_after=None
[2025-09-27T21:42:47.839+0000] {processor.py:183} INFO - Processing /opt/airflow/dags/document_preprocessing.py took 0.058 seconds
[2025-09-27T21:43:18.041+0000] {processor.py:161} INFO - Started process (PID=553) to work on /opt/airflow/dags/document_preprocessing.py
[2025-09-27T21:43:18.042+0000] {processor.py:830} INFO - Processing file /opt/airflow/dags/document_preprocessing.py for tasks to queue
[2025-09-27T21:43:18.043+0000] {logging_mixin.py:188} INFO - [2025-09-27T21:43:18.043+0000] {dagbag.py:538} INFO - Filling up the DagBag from /opt/airflow/dags/document_preprocessing.py
[2025-09-27T21:43:18.053+0000] {logging_mixin.py:188} INFO - [2025-09-27T21:43:18.052+0000] {shared_utils.py:409} INFO - Инициализированы пути обработки: ['input_pdf', 'temp_dir', 'output_md', 'logs', 'work_dir']
[2025-09-27T21:43:18.053+0000] {logging_mixin.py:188} INFO - [2025-09-27T21:43:18.053+0000] {shared_utils.py:413} INFO - Настроены URL сервисов: ['document_processor', 'translator', 'quality_assurance', 'airflow']
[2025-09-27T21:43:18.165+0000] {processor.py:840} INFO - DAG(s) 'document_preprocessing' retrieved from /opt/airflow/dags/document_preprocessing.py
[2025-09-27T21:43:18.183+0000] {logging_mixin.py:188} INFO - [2025-09-27T21:43:18.182+0000] {dag.py:3036} INFO - Sync 1 DAGs
[2025-09-27T21:43:18.191+0000] {logging_mixin.py:188} INFO - [2025-09-27T21:43:18.191+0000] {dag.py:3823} INFO - Setting next_dagrun for document_preprocessing to None, run_after=None
[2025-09-27T21:43:18.202+0000] {processor.py:183} INFO - Processing /opt/airflow/dags/document_preprocessing.py took 0.163 seconds
[2025-09-27T21:43:48.497+0000] {processor.py:161} INFO - Started process (PID=566) to work on /opt/airflow/dags/document_preprocessing.py
[2025-09-27T21:43:48.498+0000] {processor.py:830} INFO - Processing file /opt/airflow/dags/document_preprocessing.py for tasks to queue
[2025-09-27T21:43:48.499+0000] {logging_mixin.py:188} INFO - [2025-09-27T21:43:48.499+0000] {dagbag.py:538} INFO - Filling up the DagBag from /opt/airflow/dags/document_preprocessing.py
[2025-09-27T21:43:48.509+0000] {logging_mixin.py:188} INFO - [2025-09-27T21:43:48.509+0000] {shared_utils.py:409} INFO - Инициализированы пути обработки: ['input_pdf', 'temp_dir', 'output_md', 'logs', 'work_dir']
[2025-09-27T21:43:48.509+0000] {logging_mixin.py:188} INFO - [2025-09-27T21:43:48.509+0000] {shared_utils.py:413} INFO - Настроены URL сервисов: ['document_processor', 'translator', 'quality_assurance', 'airflow']
[2025-09-27T21:43:48.514+0000] {processor.py:840} INFO - DAG(s) 'document_preprocessing' retrieved from /opt/airflow/dags/document_preprocessing.py
[2025-09-27T21:43:48.534+0000] {logging_mixin.py:188} INFO - [2025-09-27T21:43:48.534+0000] {dag.py:3036} INFO - Sync 1 DAGs
[2025-09-27T21:43:48.544+0000] {logging_mixin.py:188} INFO - [2025-09-27T21:43:48.544+0000] {dag.py:3823} INFO - Setting next_dagrun for document_preprocessing to None, run_after=None
[2025-09-27T21:43:48.556+0000] {processor.py:183} INFO - Processing /opt/airflow/dags/document_preprocessing.py took 0.062 seconds
[2025-09-27T21:44:18.755+0000] {processor.py:161} INFO - Started process (PID=579) to work on /opt/airflow/dags/document_preprocessing.py
[2025-09-27T21:44:18.756+0000] {processor.py:830} INFO - Processing file /opt/airflow/dags/document_preprocessing.py for tasks to queue
[2025-09-27T21:44:18.757+0000] {logging_mixin.py:188} INFO - [2025-09-27T21:44:18.757+0000] {dagbag.py:538} INFO - Filling up the DagBag from /opt/airflow/dags/document_preprocessing.py
[2025-09-27T21:44:18.767+0000] {logging_mixin.py:188} INFO - [2025-09-27T21:44:18.767+0000] {shared_utils.py:409} INFO - Инициализированы пути обработки: ['input_pdf', 'temp_dir', 'output_md', 'logs', 'work_dir']
[2025-09-27T21:44:18.767+0000] {logging_mixin.py:188} INFO - [2025-09-27T21:44:18.767+0000] {shared_utils.py:413} INFO - Настроены URL сервисов: ['document_processor', 'translator', 'quality_assurance', 'airflow']
[2025-09-27T21:44:18.772+0000] {processor.py:840} INFO - DAG(s) 'document_preprocessing' retrieved from /opt/airflow/dags/document_preprocessing.py
[2025-09-27T21:44:18.792+0000] {logging_mixin.py:188} INFO - [2025-09-27T21:44:18.792+0000] {dag.py:3036} INFO - Sync 1 DAGs
[2025-09-27T21:44:18.802+0000] {logging_mixin.py:188} INFO - [2025-09-27T21:44:18.802+0000] {dag.py:3823} INFO - Setting next_dagrun for document_preprocessing to None, run_after=None
[2025-09-27T21:44:18.814+0000] {processor.py:183} INFO - Processing /opt/airflow/dags/document_preprocessing.py took 0.061 seconds
[2025-09-27T21:44:49.013+0000] {processor.py:161} INFO - Started process (PID=592) to work on /opt/airflow/dags/document_preprocessing.py
[2025-09-27T21:44:49.013+0000] {processor.py:830} INFO - Processing file /opt/airflow/dags/document_preprocessing.py for tasks to queue
[2025-09-27T21:44:49.015+0000] {logging_mixin.py:188} INFO - [2025-09-27T21:44:49.014+0000] {dagbag.py:538} INFO - Filling up the DagBag from /opt/airflow/dags/document_preprocessing.py
[2025-09-27T21:44:49.024+0000] {logging_mixin.py:188} INFO - [2025-09-27T21:44:49.024+0000] {shared_utils.py:409} INFO - Инициализированы пути обработки: ['input_pdf', 'temp_dir', 'output_md', 'logs', 'work_dir']
[2025-09-27T21:44:49.024+0000] {logging_mixin.py:188} INFO - [2025-09-27T21:44:49.024+0000] {shared_utils.py:413} INFO - Настроены URL сервисов: ['document_processor', 'translator', 'quality_assurance', 'airflow']
[2025-09-27T21:44:49.029+0000] {processor.py:840} INFO - DAG(s) 'document_preprocessing' retrieved from /opt/airflow/dags/document_preprocessing.py
[2025-09-27T21:44:49.048+0000] {logging_mixin.py:188} INFO - [2025-09-27T21:44:49.047+0000] {dag.py:3036} INFO - Sync 1 DAGs
[2025-09-27T21:44:49.057+0000] {logging_mixin.py:188} INFO - [2025-09-27T21:44:49.057+0000] {dag.py:3823} INFO - Setting next_dagrun for document_preprocessing to None, run_after=None
[2025-09-27T21:44:49.069+0000] {processor.py:183} INFO - Processing /opt/airflow/dags/document_preprocessing.py took 0.058 seconds
[2025-09-27T21:45:19.388+0000] {processor.py:161} INFO - Started process (PID=605) to work on /opt/airflow/dags/document_preprocessing.py
[2025-09-27T21:45:19.388+0000] {processor.py:830} INFO - Processing file /opt/airflow/dags/document_preprocessing.py for tasks to queue
[2025-09-27T21:45:19.389+0000] {logging_mixin.py:188} INFO - [2025-09-27T21:45:19.389+0000] {dagbag.py:538} INFO - Filling up the DagBag from /opt/airflow/dags/document_preprocessing.py
[2025-09-27T21:45:19.398+0000] {logging_mixin.py:188} INFO - [2025-09-27T21:45:19.398+0000] {shared_utils.py:409} INFO - Инициализированы пути обработки: ['input_pdf', 'temp_dir', 'output_md', 'logs', 'work_dir']
[2025-09-27T21:45:19.398+0000] {logging_mixin.py:188} INFO - [2025-09-27T21:45:19.398+0000] {shared_utils.py:413} INFO - Настроены URL сервисов: ['document_processor', 'translator', 'quality_assurance', 'airflow']
[2025-09-27T21:45:19.403+0000] {processor.py:840} INFO - DAG(s) 'document_preprocessing' retrieved from /opt/airflow/dags/document_preprocessing.py
[2025-09-27T21:45:19.423+0000] {logging_mixin.py:188} INFO - [2025-09-27T21:45:19.423+0000] {dag.py:3036} INFO - Sync 1 DAGs
[2025-09-27T21:45:19.433+0000] {logging_mixin.py:188} INFO - [2025-09-27T21:45:19.433+0000] {dag.py:3823} INFO - Setting next_dagrun for document_preprocessing to None, run_after=None
[2025-09-27T21:45:19.445+0000] {processor.py:183} INFO - Processing /opt/airflow/dags/document_preprocessing.py took 0.059 seconds
[2025-09-27T21:45:49.726+0000] {processor.py:161} INFO - Started process (PID=618) to work on /opt/airflow/dags/document_preprocessing.py
[2025-09-27T21:45:49.726+0000] {processor.py:830} INFO - Processing file /opt/airflow/dags/document_preprocessing.py for tasks to queue
[2025-09-27T21:45:49.727+0000] {logging_mixin.py:188} INFO - [2025-09-27T21:45:49.727+0000] {dagbag.py:538} INFO - Filling up the DagBag from /opt/airflow/dags/document_preprocessing.py
[2025-09-27T21:45:49.737+0000] {logging_mixin.py:188} INFO - [2025-09-27T21:45:49.737+0000] {shared_utils.py:409} INFO - Инициализированы пути обработки: ['input_pdf', 'temp_dir', 'output_md', 'logs', 'work_dir']
[2025-09-27T21:45:49.737+0000] {logging_mixin.py:188} INFO - [2025-09-27T21:45:49.737+0000] {shared_utils.py:413} INFO - Настроены URL сервисов: ['document_processor', 'translator', 'quality_assurance', 'airflow']
[2025-09-27T21:45:49.742+0000] {processor.py:840} INFO - DAG(s) 'document_preprocessing' retrieved from /opt/airflow/dags/document_preprocessing.py
[2025-09-27T21:45:49.761+0000] {logging_mixin.py:188} INFO - [2025-09-27T21:45:49.761+0000] {dag.py:3036} INFO - Sync 1 DAGs
[2025-09-27T21:45:49.770+0000] {logging_mixin.py:188} INFO - [2025-09-27T21:45:49.770+0000] {dag.py:3823} INFO - Setting next_dagrun for document_preprocessing to None, run_after=None
[2025-09-27T21:45:49.782+0000] {processor.py:183} INFO - Processing /opt/airflow/dags/document_preprocessing.py took 0.059 seconds
[2025-09-27T21:46:20.118+0000] {processor.py:161} INFO - Started process (PID=631) to work on /opt/airflow/dags/document_preprocessing.py
[2025-09-27T21:46:20.119+0000] {processor.py:830} INFO - Processing file /opt/airflow/dags/document_preprocessing.py for tasks to queue
[2025-09-27T21:46:20.120+0000] {logging_mixin.py:188} INFO - [2025-09-27T21:46:20.120+0000] {dagbag.py:538} INFO - Filling up the DagBag from /opt/airflow/dags/document_preprocessing.py
[2025-09-27T21:46:20.130+0000] {logging_mixin.py:188} INFO - [2025-09-27T21:46:20.130+0000] {shared_utils.py:409} INFO - Инициализированы пути обработки: ['input_pdf', 'temp_dir', 'output_md', 'logs', 'work_dir']
[2025-09-27T21:46:20.130+0000] {logging_mixin.py:188} INFO - [2025-09-27T21:46:20.130+0000] {shared_utils.py:413} INFO - Настроены URL сервисов: ['document_processor', 'translator', 'quality_assurance', 'airflow']
[2025-09-27T21:46:20.135+0000] {processor.py:840} INFO - DAG(s) 'document_preprocessing' retrieved from /opt/airflow/dags/document_preprocessing.py
[2025-09-27T21:46:20.154+0000] {logging_mixin.py:188} INFO - [2025-09-27T21:46:20.154+0000] {dag.py:3036} INFO - Sync 1 DAGs
[2025-09-27T21:46:20.164+0000] {logging_mixin.py:188} INFO - [2025-09-27T21:46:20.164+0000] {dag.py:3823} INFO - Setting next_dagrun for document_preprocessing to None, run_after=None
[2025-09-27T21:46:20.176+0000] {processor.py:183} INFO - Processing /opt/airflow/dags/document_preprocessing.py took 0.060 seconds
[2025-09-27T21:46:50.570+0000] {processor.py:161} INFO - Started process (PID=644) to work on /opt/airflow/dags/document_preprocessing.py
[2025-09-27T21:46:50.571+0000] {processor.py:830} INFO - Processing file /opt/airflow/dags/document_preprocessing.py for tasks to queue
[2025-09-27T21:46:50.572+0000] {logging_mixin.py:188} INFO - [2025-09-27T21:46:50.572+0000] {dagbag.py:538} INFO - Filling up the DagBag from /opt/airflow/dags/document_preprocessing.py
[2025-09-27T21:46:50.582+0000] {logging_mixin.py:188} INFO - [2025-09-27T21:46:50.582+0000] {shared_utils.py:409} INFO - Инициализированы пути обработки: ['input_pdf', 'temp_dir', 'output_md', 'logs', 'work_dir']
[2025-09-27T21:46:50.582+0000] {logging_mixin.py:188} INFO - [2025-09-27T21:46:50.582+0000] {shared_utils.py:413} INFO - Настроены URL сервисов: ['document_processor', 'translator', 'quality_assurance', 'airflow']
[2025-09-27T21:46:50.587+0000] {processor.py:840} INFO - DAG(s) 'document_preprocessing' retrieved from /opt/airflow/dags/document_preprocessing.py
[2025-09-27T21:46:50.606+0000] {logging_mixin.py:188} INFO - [2025-09-27T21:46:50.606+0000] {dag.py:3036} INFO - Sync 1 DAGs
[2025-09-27T21:46:50.616+0000] {logging_mixin.py:188} INFO - [2025-09-27T21:46:50.616+0000] {dag.py:3823} INFO - Setting next_dagrun for document_preprocessing to None, run_after=None
[2025-09-27T21:46:50.628+0000] {processor.py:183} INFO - Processing /opt/airflow/dags/document_preprocessing.py took 0.060 seconds
[2025-09-27T21:47:21.107+0000] {processor.py:161} INFO - Started process (PID=657) to work on /opt/airflow/dags/document_preprocessing.py
[2025-09-27T21:47:21.108+0000] {processor.py:830} INFO - Processing file /opt/airflow/dags/document_preprocessing.py for tasks to queue
[2025-09-27T21:47:21.109+0000] {logging_mixin.py:188} INFO - [2025-09-27T21:47:21.109+0000] {dagbag.py:538} INFO - Filling up the DagBag from /opt/airflow/dags/document_preprocessing.py
[2025-09-27T21:47:21.119+0000] {logging_mixin.py:188} INFO - [2025-09-27T21:47:21.119+0000] {shared_utils.py:409} INFO - Инициализированы пути обработки: ['input_pdf', 'temp_dir', 'output_md', 'logs', 'work_dir']
[2025-09-27T21:47:21.119+0000] {logging_mixin.py:188} INFO - [2025-09-27T21:47:21.119+0000] {shared_utils.py:413} INFO - Настроены URL сервисов: ['document_processor', 'translator', 'quality_assurance', 'airflow']
[2025-09-27T21:47:21.124+0000] {processor.py:840} INFO - DAG(s) 'document_preprocessing' retrieved from /opt/airflow/dags/document_preprocessing.py
[2025-09-27T21:47:21.144+0000] {logging_mixin.py:188} INFO - [2025-09-27T21:47:21.144+0000] {dag.py:3036} INFO - Sync 1 DAGs
[2025-09-27T21:47:21.154+0000] {logging_mixin.py:188} INFO - [2025-09-27T21:47:21.154+0000] {dag.py:3823} INFO - Setting next_dagrun for document_preprocessing to None, run_after=None
[2025-09-27T21:47:21.166+0000] {processor.py:183} INFO - Processing /opt/airflow/dags/document_preprocessing.py took 0.061 seconds
[2025-09-27T21:47:51.484+0000] {processor.py:161} INFO - Started process (PID=670) to work on /opt/airflow/dags/document_preprocessing.py
[2025-09-27T21:47:51.485+0000] {processor.py:830} INFO - Processing file /opt/airflow/dags/document_preprocessing.py for tasks to queue
[2025-09-27T21:47:51.486+0000] {logging_mixin.py:188} INFO - [2025-09-27T21:47:51.486+0000] {dagbag.py:538} INFO - Filling up the DagBag from /opt/airflow/dags/document_preprocessing.py
[2025-09-27T21:47:51.496+0000] {logging_mixin.py:188} INFO - [2025-09-27T21:47:51.496+0000] {shared_utils.py:409} INFO - Инициализированы пути обработки: ['input_pdf', 'temp_dir', 'output_md', 'logs', 'work_dir']
[2025-09-27T21:47:51.496+0000] {logging_mixin.py:188} INFO - [2025-09-27T21:47:51.496+0000] {shared_utils.py:413} INFO - Настроены URL сервисов: ['document_processor', 'translator', 'quality_assurance', 'airflow']
[2025-09-27T21:47:51.500+0000] {processor.py:840} INFO - DAG(s) 'document_preprocessing' retrieved from /opt/airflow/dags/document_preprocessing.py
[2025-09-27T21:47:51.520+0000] {logging_mixin.py:188} INFO - [2025-09-27T21:47:51.520+0000] {dag.py:3036} INFO - Sync 1 DAGs
[2025-09-27T21:47:51.529+0000] {logging_mixin.py:188} INFO - [2025-09-27T21:47:51.529+0000] {dag.py:3823} INFO - Setting next_dagrun for document_preprocessing to None, run_after=None
[2025-09-27T21:47:51.541+0000] {processor.py:183} INFO - Processing /opt/airflow/dags/document_preprocessing.py took 0.059 seconds
[2025-09-27T21:48:21.861+0000] {processor.py:161} INFO - Started process (PID=683) to work on /opt/airflow/dags/document_preprocessing.py
[2025-09-27T21:48:21.862+0000] {processor.py:830} INFO - Processing file /opt/airflow/dags/document_preprocessing.py for tasks to queue
[2025-09-27T21:48:21.863+0000] {logging_mixin.py:188} INFO - [2025-09-27T21:48:21.863+0000] {dagbag.py:538} INFO - Filling up the DagBag from /opt/airflow/dags/document_preprocessing.py
[2025-09-27T21:48:21.873+0000] {logging_mixin.py:188} INFO - [2025-09-27T21:48:21.872+0000] {shared_utils.py:409} INFO - Инициализированы пути обработки: ['input_pdf', 'temp_dir', 'output_md', 'logs', 'work_dir']
[2025-09-27T21:48:21.873+0000] {logging_mixin.py:188} INFO - [2025-09-27T21:48:21.873+0000] {shared_utils.py:413} INFO - Настроены URL сервисов: ['document_processor', 'translator', 'quality_assurance', 'airflow']
[2025-09-27T21:48:21.877+0000] {processor.py:840} INFO - DAG(s) 'document_preprocessing' retrieved from /opt/airflow/dags/document_preprocessing.py
[2025-09-27T21:48:21.896+0000] {logging_mixin.py:188} INFO - [2025-09-27T21:48:21.896+0000] {dag.py:3036} INFO - Sync 1 DAGs
[2025-09-27T21:48:21.906+0000] {logging_mixin.py:188} INFO - [2025-09-27T21:48:21.906+0000] {dag.py:3823} INFO - Setting next_dagrun for document_preprocessing to None, run_after=None
[2025-09-27T21:48:21.918+0000] {processor.py:183} INFO - Processing /opt/airflow/dags/document_preprocessing.py took 0.059 seconds
[2025-09-27T21:48:52.309+0000] {processor.py:161} INFO - Started process (PID=696) to work on /opt/airflow/dags/document_preprocessing.py
[2025-09-27T21:48:52.310+0000] {processor.py:830} INFO - Processing file /opt/airflow/dags/document_preprocessing.py for tasks to queue
[2025-09-27T21:48:52.311+0000] {logging_mixin.py:188} INFO - [2025-09-27T21:48:52.311+0000] {dagbag.py:538} INFO - Filling up the DagBag from /opt/airflow/dags/document_preprocessing.py
[2025-09-27T21:48:52.320+0000] {logging_mixin.py:188} INFO - [2025-09-27T21:48:52.320+0000] {shared_utils.py:409} INFO - Инициализированы пути обработки: ['input_pdf', 'temp_dir', 'output_md', 'logs', 'work_dir']
[2025-09-27T21:48:52.321+0000] {logging_mixin.py:188} INFO - [2025-09-27T21:48:52.321+0000] {shared_utils.py:413} INFO - Настроены URL сервисов: ['document_processor', 'translator', 'quality_assurance', 'airflow']
[2025-09-27T21:48:52.325+0000] {processor.py:840} INFO - DAG(s) 'document_preprocessing' retrieved from /opt/airflow/dags/document_preprocessing.py
[2025-09-27T21:48:52.345+0000] {logging_mixin.py:188} INFO - [2025-09-27T21:48:52.345+0000] {dag.py:3036} INFO - Sync 1 DAGs
[2025-09-27T21:48:52.355+0000] {logging_mixin.py:188} INFO - [2025-09-27T21:48:52.354+0000] {dag.py:3823} INFO - Setting next_dagrun for document_preprocessing to None, run_after=None
[2025-09-27T21:48:52.366+0000] {processor.py:183} INFO - Processing /opt/airflow/dags/document_preprocessing.py took 0.060 seconds
[2025-09-27T21:49:22.837+0000] {processor.py:161} INFO - Started process (PID=709) to work on /opt/airflow/dags/document_preprocessing.py
[2025-09-27T21:49:22.838+0000] {processor.py:830} INFO - Processing file /opt/airflow/dags/document_preprocessing.py for tasks to queue
[2025-09-27T21:49:22.839+0000] {logging_mixin.py:188} INFO - [2025-09-27T21:49:22.839+0000] {dagbag.py:538} INFO - Filling up the DagBag from /opt/airflow/dags/document_preprocessing.py
[2025-09-27T21:49:22.849+0000] {logging_mixin.py:188} INFO - [2025-09-27T21:49:22.849+0000] {shared_utils.py:409} INFO - Инициализированы пути обработки: ['input_pdf', 'temp_dir', 'output_md', 'logs', 'work_dir']
[2025-09-27T21:49:22.849+0000] {logging_mixin.py:188} INFO - [2025-09-27T21:49:22.849+0000] {shared_utils.py:413} INFO - Настроены URL сервисов: ['document_processor', 'translator', 'quality_assurance', 'airflow']
[2025-09-27T21:49:22.854+0000] {processor.py:840} INFO - DAG(s) 'document_preprocessing' retrieved from /opt/airflow/dags/document_preprocessing.py
[2025-09-27T21:49:22.872+0000] {logging_mixin.py:188} INFO - [2025-09-27T21:49:22.872+0000] {dag.py:3036} INFO - Sync 1 DAGs
[2025-09-27T21:49:22.882+0000] {logging_mixin.py:188} INFO - [2025-09-27T21:49:22.882+0000] {dag.py:3823} INFO - Setting next_dagrun for document_preprocessing to None, run_after=None
[2025-09-27T21:49:22.893+0000] {processor.py:183} INFO - Processing /opt/airflow/dags/document_preprocessing.py took 0.058 seconds
[2025-09-27T21:49:53.214+0000] {processor.py:161} INFO - Started process (PID=722) to work on /opt/airflow/dags/document_preprocessing.py
[2025-09-27T21:49:53.215+0000] {processor.py:830} INFO - Processing file /opt/airflow/dags/document_preprocessing.py for tasks to queue
[2025-09-27T21:49:53.216+0000] {logging_mixin.py:188} INFO - [2025-09-27T21:49:53.216+0000] {dagbag.py:538} INFO - Filling up the DagBag from /opt/airflow/dags/document_preprocessing.py
[2025-09-27T21:49:53.225+0000] {logging_mixin.py:188} INFO - [2025-09-27T21:49:53.225+0000] {shared_utils.py:409} INFO - Инициализированы пути обработки: ['input_pdf', 'temp_dir', 'output_md', 'logs', 'work_dir']
[2025-09-27T21:49:53.225+0000] {logging_mixin.py:188} INFO - [2025-09-27T21:49:53.225+0000] {shared_utils.py:413} INFO - Настроены URL сервисов: ['document_processor', 'translator', 'quality_assurance', 'airflow']
[2025-09-27T21:49:53.230+0000] {processor.py:840} INFO - DAG(s) 'document_preprocessing' retrieved from /opt/airflow/dags/document_preprocessing.py
[2025-09-27T21:49:53.249+0000] {logging_mixin.py:188} INFO - [2025-09-27T21:49:53.249+0000] {dag.py:3036} INFO - Sync 1 DAGs
[2025-09-27T21:49:53.258+0000] {logging_mixin.py:188} INFO - [2025-09-27T21:49:53.258+0000] {dag.py:3823} INFO - Setting next_dagrun for document_preprocessing to None, run_after=None
[2025-09-27T21:49:53.271+0000] {processor.py:183} INFO - Processing /opt/airflow/dags/document_preprocessing.py took 0.059 seconds
[2025-09-27T21:50:23.595+0000] {processor.py:161} INFO - Started process (PID=735) to work on /opt/airflow/dags/document_preprocessing.py
[2025-09-27T21:50:23.596+0000] {processor.py:830} INFO - Processing file /opt/airflow/dags/document_preprocessing.py for tasks to queue
[2025-09-27T21:50:23.597+0000] {logging_mixin.py:188} INFO - [2025-09-27T21:50:23.597+0000] {dagbag.py:538} INFO - Filling up the DagBag from /opt/airflow/dags/document_preprocessing.py
[2025-09-27T21:50:23.607+0000] {logging_mixin.py:188} INFO - [2025-09-27T21:50:23.607+0000] {shared_utils.py:409} INFO - Инициализированы пути обработки: ['input_pdf', 'temp_dir', 'output_md', 'logs', 'work_dir']
[2025-09-27T21:50:23.607+0000] {logging_mixin.py:188} INFO - [2025-09-27T21:50:23.607+0000] {shared_utils.py:413} INFO - Настроены URL сервисов: ['document_processor', 'translator', 'quality_assurance', 'airflow']
[2025-09-27T21:50:23.612+0000] {processor.py:840} INFO - DAG(s) 'document_preprocessing' retrieved from /opt/airflow/dags/document_preprocessing.py
[2025-09-27T21:50:23.630+0000] {logging_mixin.py:188} INFO - [2025-09-27T21:50:23.630+0000] {dag.py:3036} INFO - Sync 1 DAGs
[2025-09-27T21:50:23.640+0000] {logging_mixin.py:188} INFO - [2025-09-27T21:50:23.640+0000] {dag.py:3823} INFO - Setting next_dagrun for document_preprocessing to None, run_after=None
[2025-09-27T21:50:23.651+0000] {processor.py:183} INFO - Processing /opt/airflow/dags/document_preprocessing.py took 0.058 seconds
[2025-09-27T21:50:53.975+0000] {processor.py:161} INFO - Started process (PID=748) to work on /opt/airflow/dags/document_preprocessing.py
[2025-09-27T21:50:53.976+0000] {processor.py:830} INFO - Processing file /opt/airflow/dags/document_preprocessing.py for tasks to queue
[2025-09-27T21:50:53.977+0000] {logging_mixin.py:188} INFO - [2025-09-27T21:50:53.977+0000] {dagbag.py:538} INFO - Filling up the DagBag from /opt/airflow/dags/document_preprocessing.py
[2025-09-27T21:50:53.987+0000] {logging_mixin.py:188} INFO - [2025-09-27T21:50:53.987+0000] {shared_utils.py:409} INFO - Инициализированы пути обработки: ['input_pdf', 'temp_dir', 'output_md', 'logs', 'work_dir']
[2025-09-27T21:50:53.987+0000] {logging_mixin.py:188} INFO - [2025-09-27T21:50:53.987+0000] {shared_utils.py:413} INFO - Настроены URL сервисов: ['document_processor', 'translator', 'quality_assurance', 'airflow']
[2025-09-27T21:50:53.992+0000] {processor.py:840} INFO - DAG(s) 'document_preprocessing' retrieved from /opt/airflow/dags/document_preprocessing.py
[2025-09-27T21:50:54.011+0000] {logging_mixin.py:188} INFO - [2025-09-27T21:50:54.011+0000] {dag.py:3036} INFO - Sync 1 DAGs
[2025-09-27T21:50:54.021+0000] {logging_mixin.py:188} INFO - [2025-09-27T21:50:54.021+0000] {dag.py:3823} INFO - Setting next_dagrun for document_preprocessing to None, run_after=None
[2025-09-27T21:50:54.033+0000] {processor.py:183} INFO - Processing /opt/airflow/dags/document_preprocessing.py took 0.060 seconds
[2025-09-27T21:51:24.511+0000] {processor.py:161} INFO - Started process (PID=761) to work on /opt/airflow/dags/document_preprocessing.py
[2025-09-27T21:51:24.512+0000] {processor.py:830} INFO - Processing file /opt/airflow/dags/document_preprocessing.py for tasks to queue
[2025-09-27T21:51:24.513+0000] {logging_mixin.py:188} INFO - [2025-09-27T21:51:24.513+0000] {dagbag.py:538} INFO - Filling up the DagBag from /opt/airflow/dags/document_preprocessing.py
[2025-09-27T21:51:24.523+0000] {logging_mixin.py:188} INFO - [2025-09-27T21:51:24.523+0000] {shared_utils.py:409} INFO - Инициализированы пути обработки: ['input_pdf', 'temp_dir', 'output_md', 'logs', 'work_dir']
[2025-09-27T21:51:24.523+0000] {logging_mixin.py:188} INFO - [2025-09-27T21:51:24.523+0000] {shared_utils.py:413} INFO - Настроены URL сервисов: ['document_processor', 'translator', 'quality_assurance', 'airflow']
[2025-09-27T21:51:24.527+0000] {processor.py:840} INFO - DAG(s) 'document_preprocessing' retrieved from /opt/airflow/dags/document_preprocessing.py
[2025-09-27T21:51:24.546+0000] {logging_mixin.py:188} INFO - [2025-09-27T21:51:24.546+0000] {dag.py:3036} INFO - Sync 1 DAGs
[2025-09-27T21:51:24.556+0000] {logging_mixin.py:188} INFO - [2025-09-27T21:51:24.555+0000] {dag.py:3823} INFO - Setting next_dagrun for document_preprocessing to None, run_after=None
[2025-09-27T21:51:24.567+0000] {processor.py:183} INFO - Processing /opt/airflow/dags/document_preprocessing.py took 0.058 seconds
[2025-09-27T21:51:54.887+0000] {processor.py:161} INFO - Started process (PID=774) to work on /opt/airflow/dags/document_preprocessing.py
[2025-09-27T21:51:54.887+0000] {processor.py:830} INFO - Processing file /opt/airflow/dags/document_preprocessing.py for tasks to queue
[2025-09-27T21:51:54.889+0000] {logging_mixin.py:188} INFO - [2025-09-27T21:51:54.889+0000] {dagbag.py:538} INFO - Filling up the DagBag from /opt/airflow/dags/document_preprocessing.py
[2025-09-27T21:51:54.898+0000] {logging_mixin.py:188} INFO - [2025-09-27T21:51:54.898+0000] {shared_utils.py:409} INFO - Инициализированы пути обработки: ['input_pdf', 'temp_dir', 'output_md', 'logs', 'work_dir']
[2025-09-27T21:51:54.899+0000] {logging_mixin.py:188} INFO - [2025-09-27T21:51:54.898+0000] {shared_utils.py:413} INFO - Настроены URL сервисов: ['document_processor', 'translator', 'quality_assurance', 'airflow']
[2025-09-27T21:51:54.903+0000] {processor.py:840} INFO - DAG(s) 'document_preprocessing' retrieved from /opt/airflow/dags/document_preprocessing.py
[2025-09-27T21:51:54.923+0000] {logging_mixin.py:188} INFO - [2025-09-27T21:51:54.922+0000] {dag.py:3036} INFO - Sync 1 DAGs
[2025-09-27T21:51:54.932+0000] {logging_mixin.py:188} INFO - [2025-09-27T21:51:54.932+0000] {dag.py:3823} INFO - Setting next_dagrun for document_preprocessing to None, run_after=None
[2025-09-27T21:51:54.943+0000] {processor.py:183} INFO - Processing /opt/airflow/dags/document_preprocessing.py took 0.059 seconds
[2025-09-27T21:52:25.270+0000] {processor.py:161} INFO - Started process (PID=787) to work on /opt/airflow/dags/document_preprocessing.py
[2025-09-27T21:52:25.271+0000] {processor.py:830} INFO - Processing file /opt/airflow/dags/document_preprocessing.py for tasks to queue
[2025-09-27T21:52:25.272+0000] {logging_mixin.py:188} INFO - [2025-09-27T21:52:25.272+0000] {dagbag.py:538} INFO - Filling up the DagBag from /opt/airflow/dags/document_preprocessing.py
[2025-09-27T21:52:25.281+0000] {logging_mixin.py:188} INFO - [2025-09-27T21:52:25.281+0000] {shared_utils.py:409} INFO - Инициализированы пути обработки: ['input_pdf', 'temp_dir', 'output_md', 'logs', 'work_dir']
[2025-09-27T21:52:25.282+0000] {logging_mixin.py:188} INFO - [2025-09-27T21:52:25.282+0000] {shared_utils.py:413} INFO - Настроены URL сервисов: ['document_processor', 'translator', 'quality_assurance', 'airflow']
[2025-09-27T21:52:25.286+0000] {processor.py:840} INFO - DAG(s) 'document_preprocessing' retrieved from /opt/airflow/dags/document_preprocessing.py
[2025-09-27T21:52:25.306+0000] {logging_mixin.py:188} INFO - [2025-09-27T21:52:25.305+0000] {dag.py:3036} INFO - Sync 1 DAGs
[2025-09-27T21:52:25.315+0000] {logging_mixin.py:188} INFO - [2025-09-27T21:52:25.315+0000] {dag.py:3823} INFO - Setting next_dagrun for document_preprocessing to None, run_after=None
[2025-09-27T21:52:25.327+0000] {processor.py:183} INFO - Processing /opt/airflow/dags/document_preprocessing.py took 0.059 seconds
[2025-09-27T21:52:55.825+0000] {processor.py:161} INFO - Started process (PID=800) to work on /opt/airflow/dags/document_preprocessing.py
[2025-09-27T21:52:55.826+0000] {processor.py:830} INFO - Processing file /opt/airflow/dags/document_preprocessing.py for tasks to queue
[2025-09-27T21:52:55.827+0000] {logging_mixin.py:188} INFO - [2025-09-27T21:52:55.827+0000] {dagbag.py:538} INFO - Filling up the DagBag from /opt/airflow/dags/document_preprocessing.py
[2025-09-27T21:52:55.837+0000] {logging_mixin.py:188} INFO - [2025-09-27T21:52:55.837+0000] {shared_utils.py:409} INFO - Инициализированы пути обработки: ['input_pdf', 'temp_dir', 'output_md', 'logs', 'work_dir']
[2025-09-27T21:52:55.837+0000] {logging_mixin.py:188} INFO - [2025-09-27T21:52:55.837+0000] {shared_utils.py:413} INFO - Настроены URL сервисов: ['document_processor', 'translator', 'quality_assurance', 'airflow']
[2025-09-27T21:52:55.842+0000] {processor.py:840} INFO - DAG(s) 'document_preprocessing' retrieved from /opt/airflow/dags/document_preprocessing.py
[2025-09-27T21:52:55.861+0000] {logging_mixin.py:188} INFO - [2025-09-27T21:52:55.861+0000] {dag.py:3036} INFO - Sync 1 DAGs
[2025-09-27T21:52:55.870+0000] {logging_mixin.py:188} INFO - [2025-09-27T21:52:55.870+0000] {dag.py:3823} INFO - Setting next_dagrun for document_preprocessing to None, run_after=None
[2025-09-27T21:52:55.882+0000] {processor.py:183} INFO - Processing /opt/airflow/dags/document_preprocessing.py took 0.059 seconds
[2025-09-27T21:53:26.211+0000] {processor.py:161} INFO - Started process (PID=813) to work on /opt/airflow/dags/document_preprocessing.py
[2025-09-27T21:53:26.212+0000] {processor.py:830} INFO - Processing file /opt/airflow/dags/document_preprocessing.py for tasks to queue
[2025-09-27T21:53:26.213+0000] {logging_mixin.py:188} INFO - [2025-09-27T21:53:26.213+0000] {dagbag.py:538} INFO - Filling up the DagBag from /opt/airflow/dags/document_preprocessing.py
[2025-09-27T21:53:26.222+0000] {logging_mixin.py:188} INFO - [2025-09-27T21:53:26.222+0000] {shared_utils.py:409} INFO - Инициализированы пути обработки: ['input_pdf', 'temp_dir', 'output_md', 'logs', 'work_dir']
[2025-09-27T21:53:26.222+0000] {logging_mixin.py:188} INFO - [2025-09-27T21:53:26.222+0000] {shared_utils.py:413} INFO - Настроены URL сервисов: ['document_processor', 'translator', 'quality_assurance', 'airflow']
[2025-09-27T21:53:26.227+0000] {processor.py:840} INFO - DAG(s) 'document_preprocessing' retrieved from /opt/airflow/dags/document_preprocessing.py
[2025-09-27T21:53:26.246+0000] {logging_mixin.py:188} INFO - [2025-09-27T21:53:26.246+0000] {dag.py:3036} INFO - Sync 1 DAGs
[2025-09-27T21:53:26.256+0000] {logging_mixin.py:188} INFO - [2025-09-27T21:53:26.255+0000] {dag.py:3823} INFO - Setting next_dagrun for document_preprocessing to None, run_after=None
[2025-09-27T21:53:26.268+0000] {processor.py:183} INFO - Processing /opt/airflow/dags/document_preprocessing.py took 0.059 seconds
[2025-09-27T21:53:56.598+0000] {processor.py:161} INFO - Started process (PID=826) to work on /opt/airflow/dags/document_preprocessing.py
[2025-09-27T21:53:56.598+0000] {processor.py:830} INFO - Processing file /opt/airflow/dags/document_preprocessing.py for tasks to queue
[2025-09-27T21:53:56.600+0000] {logging_mixin.py:188} INFO - [2025-09-27T21:53:56.599+0000] {dagbag.py:538} INFO - Filling up the DagBag from /opt/airflow/dags/document_preprocessing.py
[2025-09-27T21:53:56.609+0000] {logging_mixin.py:188} INFO - [2025-09-27T21:53:56.609+0000] {shared_utils.py:409} INFO - Инициализированы пути обработки: ['input_pdf', 'temp_dir', 'output_md', 'logs', 'work_dir']
[2025-09-27T21:53:56.610+0000] {logging_mixin.py:188} INFO - [2025-09-27T21:53:56.610+0000] {shared_utils.py:413} INFO - Настроены URL сервисов: ['document_processor', 'translator', 'quality_assurance', 'airflow']
[2025-09-27T21:53:56.614+0000] {processor.py:840} INFO - DAG(s) 'document_preprocessing' retrieved from /opt/airflow/dags/document_preprocessing.py
[2025-09-27T21:53:56.634+0000] {logging_mixin.py:188} INFO - [2025-09-27T21:53:56.634+0000] {dag.py:3036} INFO - Sync 1 DAGs
[2025-09-27T21:53:56.644+0000] {logging_mixin.py:188} INFO - [2025-09-27T21:53:56.644+0000] {dag.py:3823} INFO - Setting next_dagrun for document_preprocessing to None, run_after=None
[2025-09-27T21:53:56.656+0000] {processor.py:183} INFO - Processing /opt/airflow/dags/document_preprocessing.py took 0.061 seconds
[2025-09-27T21:54:26.977+0000] {processor.py:161} INFO - Started process (PID=839) to work on /opt/airflow/dags/document_preprocessing.py
[2025-09-27T21:54:26.977+0000] {processor.py:830} INFO - Processing file /opt/airflow/dags/document_preprocessing.py for tasks to queue
[2025-09-27T21:54:26.979+0000] {logging_mixin.py:188} INFO - [2025-09-27T21:54:26.979+0000] {dagbag.py:538} INFO - Filling up the DagBag from /opt/airflow/dags/document_preprocessing.py
[2025-09-27T21:54:26.989+0000] {logging_mixin.py:188} INFO - [2025-09-27T21:54:26.988+0000] {shared_utils.py:409} INFO - Инициализированы пути обработки: ['input_pdf', 'temp_dir', 'output_md', 'logs', 'work_dir']
[2025-09-27T21:54:26.989+0000] {logging_mixin.py:188} INFO - [2025-09-27T21:54:26.989+0000] {shared_utils.py:413} INFO - Настроены URL сервисов: ['document_processor', 'translator', 'quality_assurance', 'airflow']
[2025-09-27T21:54:26.994+0000] {processor.py:840} INFO - DAG(s) 'document_preprocessing' retrieved from /opt/airflow/dags/document_preprocessing.py
[2025-09-27T21:54:27.013+0000] {logging_mixin.py:188} INFO - [2025-09-27T21:54:27.013+0000] {dag.py:3036} INFO - Sync 1 DAGs
[2025-09-27T21:54:27.023+0000] {logging_mixin.py:188} INFO - [2025-09-27T21:54:27.023+0000] {dag.py:3823} INFO - Setting next_dagrun for document_preprocessing to None, run_after=None
[2025-09-27T21:54:27.035+0000] {processor.py:183} INFO - Processing /opt/airflow/dags/document_preprocessing.py took 0.061 seconds
[2025-09-27T21:54:57.526+0000] {processor.py:161} INFO - Started process (PID=852) to work on /opt/airflow/dags/document_preprocessing.py
[2025-09-27T21:54:57.527+0000] {processor.py:830} INFO - Processing file /opt/airflow/dags/document_preprocessing.py for tasks to queue
[2025-09-27T21:54:57.528+0000] {logging_mixin.py:188} INFO - [2025-09-27T21:54:57.528+0000] {dagbag.py:538} INFO - Filling up the DagBag from /opt/airflow/dags/document_preprocessing.py
[2025-09-27T21:54:57.538+0000] {logging_mixin.py:188} INFO - [2025-09-27T21:54:57.538+0000] {shared_utils.py:409} INFO - Инициализированы пути обработки: ['input_pdf', 'temp_dir', 'output_md', 'logs', 'work_dir']
[2025-09-27T21:54:57.538+0000] {logging_mixin.py:188} INFO - [2025-09-27T21:54:57.538+0000] {shared_utils.py:413} INFO - Настроены URL сервисов: ['document_processor', 'translator', 'quality_assurance', 'airflow']
[2025-09-27T21:54:57.543+0000] {processor.py:840} INFO - DAG(s) 'document_preprocessing' retrieved from /opt/airflow/dags/document_preprocessing.py
[2025-09-27T21:54:57.562+0000] {logging_mixin.py:188} INFO - [2025-09-27T21:54:57.562+0000] {dag.py:3036} INFO - Sync 1 DAGs
[2025-09-27T21:54:57.571+0000] {logging_mixin.py:188} INFO - [2025-09-27T21:54:57.571+0000] {dag.py:3823} INFO - Setting next_dagrun for document_preprocessing to None, run_after=None
[2025-09-27T21:54:57.583+0000] {processor.py:183} INFO - Processing /opt/airflow/dags/document_preprocessing.py took 0.058 seconds
[2025-09-27T21:55:27.918+0000] {processor.py:161} INFO - Started process (PID=865) to work on /opt/airflow/dags/document_preprocessing.py
[2025-09-27T21:55:27.918+0000] {processor.py:830} INFO - Processing file /opt/airflow/dags/document_preprocessing.py for tasks to queue
[2025-09-27T21:55:27.920+0000] {logging_mixin.py:188} INFO - [2025-09-27T21:55:27.919+0000] {dagbag.py:538} INFO - Filling up the DagBag from /opt/airflow/dags/document_preprocessing.py
[2025-09-27T21:55:27.929+0000] {logging_mixin.py:188} INFO - [2025-09-27T21:55:27.929+0000] {shared_utils.py:409} INFO - Инициализированы пути обработки: ['input_pdf', 'temp_dir', 'output_md', 'logs', 'work_dir']
[2025-09-27T21:55:27.929+0000] {logging_mixin.py:188} INFO - [2025-09-27T21:55:27.929+0000] {shared_utils.py:413} INFO - Настроены URL сервисов: ['document_processor', 'translator', 'quality_assurance', 'airflow']
[2025-09-27T21:55:27.934+0000] {processor.py:840} INFO - DAG(s) 'document_preprocessing' retrieved from /opt/airflow/dags/document_preprocessing.py
[2025-09-27T21:55:27.953+0000] {logging_mixin.py:188} INFO - [2025-09-27T21:55:27.953+0000] {dag.py:3036} INFO - Sync 1 DAGs
[2025-09-27T21:55:27.962+0000] {logging_mixin.py:188} INFO - [2025-09-27T21:55:27.962+0000] {dag.py:3823} INFO - Setting next_dagrun for document_preprocessing to None, run_after=None
[2025-09-27T21:55:27.974+0000] {processor.py:183} INFO - Processing /opt/airflow/dags/document_preprocessing.py took 0.058 seconds
[2025-09-27T21:55:58.306+0000] {processor.py:161} INFO - Started process (PID=878) to work on /opt/airflow/dags/document_preprocessing.py
[2025-09-27T21:55:58.306+0000] {processor.py:830} INFO - Processing file /opt/airflow/dags/document_preprocessing.py for tasks to queue
[2025-09-27T21:55:58.308+0000] {logging_mixin.py:188} INFO - [2025-09-27T21:55:58.308+0000] {dagbag.py:538} INFO - Filling up the DagBag from /opt/airflow/dags/document_preprocessing.py
[2025-09-27T21:55:58.317+0000] {logging_mixin.py:188} INFO - [2025-09-27T21:55:58.317+0000] {shared_utils.py:409} INFO - Инициализированы пути обработки: ['input_pdf', 'temp_dir', 'output_md', 'logs', 'work_dir']
[2025-09-27T21:55:58.317+0000] {logging_mixin.py:188} INFO - [2025-09-27T21:55:58.317+0000] {shared_utils.py:413} INFO - Настроены URL сервисов: ['document_processor', 'translator', 'quality_assurance', 'airflow']
[2025-09-27T21:55:58.322+0000] {processor.py:840} INFO - DAG(s) 'document_preprocessing' retrieved from /opt/airflow/dags/document_preprocessing.py
[2025-09-27T21:55:58.343+0000] {logging_mixin.py:188} INFO - [2025-09-27T21:55:58.342+0000] {dag.py:3036} INFO - Sync 1 DAGs
[2025-09-27T21:55:58.352+0000] {logging_mixin.py:188} INFO - [2025-09-27T21:55:58.352+0000] {dag.py:3823} INFO - Setting next_dagrun for document_preprocessing to None, run_after=None
[2025-09-27T21:55:58.365+0000] {processor.py:183} INFO - Processing /opt/airflow/dags/document_preprocessing.py took 0.061 seconds
[2025-09-27T21:56:28.774+0000] {processor.py:161} INFO - Started process (PID=891) to work on /opt/airflow/dags/document_preprocessing.py
[2025-09-27T21:56:28.775+0000] {processor.py:830} INFO - Processing file /opt/airflow/dags/document_preprocessing.py for tasks to queue
[2025-09-27T21:56:28.776+0000] {logging_mixin.py:188} INFO - [2025-09-27T21:56:28.776+0000] {dagbag.py:538} INFO - Filling up the DagBag from /opt/airflow/dags/document_preprocessing.py
[2025-09-27T21:56:28.786+0000] {logging_mixin.py:188} INFO - [2025-09-27T21:56:28.786+0000] {shared_utils.py:409} INFO - Инициализированы пути обработки: ['input_pdf', 'temp_dir', 'output_md', 'logs', 'work_dir']
[2025-09-27T21:56:28.786+0000] {logging_mixin.py:188} INFO - [2025-09-27T21:56:28.786+0000] {shared_utils.py:413} INFO - Настроены URL сервисов: ['document_processor', 'translator', 'quality_assurance', 'airflow']
[2025-09-27T21:56:28.791+0000] {processor.py:840} INFO - DAG(s) 'document_preprocessing' retrieved from /opt/airflow/dags/document_preprocessing.py
[2025-09-27T21:56:28.810+0000] {logging_mixin.py:188} INFO - [2025-09-27T21:56:28.810+0000] {dag.py:3036} INFO - Sync 1 DAGs
[2025-09-27T21:56:28.820+0000] {logging_mixin.py:188} INFO - [2025-09-27T21:56:28.820+0000] {dag.py:3823} INFO - Setting next_dagrun for document_preprocessing to None, run_after=None
[2025-09-27T21:56:28.832+0000] {processor.py:183} INFO - Processing /opt/airflow/dags/document_preprocessing.py took 0.060 seconds
[2025-09-27T21:56:59.307+0000] {processor.py:161} INFO - Started process (PID=904) to work on /opt/airflow/dags/document_preprocessing.py
[2025-09-27T21:56:59.307+0000] {processor.py:830} INFO - Processing file /opt/airflow/dags/document_preprocessing.py for tasks to queue
[2025-09-27T21:56:59.308+0000] {logging_mixin.py:188} INFO - [2025-09-27T21:56:59.308+0000] {dagbag.py:538} INFO - Filling up the DagBag from /opt/airflow/dags/document_preprocessing.py
[2025-09-27T21:56:59.318+0000] {logging_mixin.py:188} INFO - [2025-09-27T21:56:59.318+0000] {shared_utils.py:409} INFO - Инициализированы пути обработки: ['input_pdf', 'temp_dir', 'output_md', 'logs', 'work_dir']
[2025-09-27T21:56:59.318+0000] {logging_mixin.py:188} INFO - [2025-09-27T21:56:59.318+0000] {shared_utils.py:413} INFO - Настроены URL сервисов: ['document_processor', 'translator', 'quality_assurance', 'airflow']
[2025-09-27T21:56:59.323+0000] {processor.py:840} INFO - DAG(s) 'document_preprocessing' retrieved from /opt/airflow/dags/document_preprocessing.py
[2025-09-27T21:56:59.342+0000] {logging_mixin.py:188} INFO - [2025-09-27T21:56:59.341+0000] {dag.py:3036} INFO - Sync 1 DAGs
[2025-09-27T21:56:59.351+0000] {logging_mixin.py:188} INFO - [2025-09-27T21:56:59.351+0000] {dag.py:3823} INFO - Setting next_dagrun for document_preprocessing to None, run_after=None
[2025-09-27T21:56:59.363+0000] {processor.py:183} INFO - Processing /opt/airflow/dags/document_preprocessing.py took 0.058 seconds
[2025-09-27T21:57:29.690+0000] {processor.py:161} INFO - Started process (PID=917) to work on /opt/airflow/dags/document_preprocessing.py
[2025-09-27T21:57:29.691+0000] {processor.py:830} INFO - Processing file /opt/airflow/dags/document_preprocessing.py for tasks to queue
[2025-09-27T21:57:29.692+0000] {logging_mixin.py:188} INFO - [2025-09-27T21:57:29.692+0000] {dagbag.py:538} INFO - Filling up the DagBag from /opt/airflow/dags/document_preprocessing.py
[2025-09-27T21:57:29.702+0000] {logging_mixin.py:188} INFO - [2025-09-27T21:57:29.702+0000] {shared_utils.py:409} INFO - Инициализированы пути обработки: ['input_pdf', 'temp_dir', 'output_md', 'logs', 'work_dir']
[2025-09-27T21:57:29.702+0000] {logging_mixin.py:188} INFO - [2025-09-27T21:57:29.702+0000] {shared_utils.py:413} INFO - Настроены URL сервисов: ['document_processor', 'translator', 'quality_assurance', 'airflow']
[2025-09-27T21:57:29.707+0000] {processor.py:840} INFO - DAG(s) 'document_preprocessing' retrieved from /opt/airflow/dags/document_preprocessing.py
[2025-09-27T21:57:29.726+0000] {logging_mixin.py:188} INFO - [2025-09-27T21:57:29.726+0000] {dag.py:3036} INFO - Sync 1 DAGs
[2025-09-27T21:57:29.735+0000] {logging_mixin.py:188} INFO - [2025-09-27T21:57:29.735+0000] {dag.py:3823} INFO - Setting next_dagrun for document_preprocessing to None, run_after=None
[2025-09-27T21:57:29.747+0000] {processor.py:183} INFO - Processing /opt/airflow/dags/document_preprocessing.py took 0.059 seconds
[2025-09-27T21:58:00.073+0000] {processor.py:161} INFO - Started process (PID=930) to work on /opt/airflow/dags/document_preprocessing.py
[2025-09-27T21:58:00.073+0000] {processor.py:830} INFO - Processing file /opt/airflow/dags/document_preprocessing.py for tasks to queue
[2025-09-27T21:58:00.075+0000] {logging_mixin.py:188} INFO - [2025-09-27T21:58:00.074+0000] {dagbag.py:538} INFO - Filling up the DagBag from /opt/airflow/dags/document_preprocessing.py
[2025-09-27T21:58:00.084+0000] {logging_mixin.py:188} INFO - [2025-09-27T21:58:00.084+0000] {shared_utils.py:409} INFO - Инициализированы пути обработки: ['input_pdf', 'temp_dir', 'output_md', 'logs', 'work_dir']
[2025-09-27T21:58:00.084+0000] {logging_mixin.py:188} INFO - [2025-09-27T21:58:00.084+0000] {shared_utils.py:413} INFO - Настроены URL сервисов: ['document_processor', 'translator', 'quality_assurance', 'airflow']
[2025-09-27T21:58:00.089+0000] {processor.py:840} INFO - DAG(s) 'document_preprocessing' retrieved from /opt/airflow/dags/document_preprocessing.py
[2025-09-27T21:58:00.108+0000] {logging_mixin.py:188} INFO - [2025-09-27T21:58:00.108+0000] {dag.py:3036} INFO - Sync 1 DAGs
[2025-09-27T21:58:00.117+0000] {logging_mixin.py:188} INFO - [2025-09-27T21:58:00.117+0000] {dag.py:3823} INFO - Setting next_dagrun for document_preprocessing to None, run_after=None
[2025-09-27T21:58:00.129+0000] {processor.py:183} INFO - Processing /opt/airflow/dags/document_preprocessing.py took 0.058 seconds
[2025-09-27T21:58:30.529+0000] {processor.py:161} INFO - Started process (PID=943) to work on /opt/airflow/dags/document_preprocessing.py
[2025-09-27T21:58:30.530+0000] {processor.py:830} INFO - Processing file /opt/airflow/dags/document_preprocessing.py for tasks to queue
[2025-09-27T21:58:30.531+0000] {logging_mixin.py:188} INFO - [2025-09-27T21:58:30.531+0000] {dagbag.py:538} INFO - Filling up the DagBag from /opt/airflow/dags/document_preprocessing.py
[2025-09-27T21:58:30.541+0000] {logging_mixin.py:188} INFO - [2025-09-27T21:58:30.540+0000] {shared_utils.py:409} INFO - Инициализированы пути обработки: ['input_pdf', 'temp_dir', 'output_md', 'logs', 'work_dir']
[2025-09-27T21:58:30.541+0000] {logging_mixin.py:188} INFO - [2025-09-27T21:58:30.541+0000] {shared_utils.py:413} INFO - Настроены URL сервисов: ['document_processor', 'translator', 'quality_assurance', 'airflow']
[2025-09-27T21:58:30.546+0000] {processor.py:840} INFO - DAG(s) 'document_preprocessing' retrieved from /opt/airflow/dags/document_preprocessing.py
[2025-09-27T21:58:30.565+0000] {logging_mixin.py:188} INFO - [2025-09-27T21:58:30.565+0000] {dag.py:3036} INFO - Sync 1 DAGs
[2025-09-27T21:58:30.575+0000] {logging_mixin.py:188} INFO - [2025-09-27T21:58:30.575+0000] {dag.py:3823} INFO - Setting next_dagrun for document_preprocessing to None, run_after=None
[2025-09-27T21:58:30.587+0000] {processor.py:183} INFO - Processing /opt/airflow/dags/document_preprocessing.py took 0.060 seconds
[2025-09-27T21:59:01.060+0000] {processor.py:161} INFO - Started process (PID=956) to work on /opt/airflow/dags/document_preprocessing.py
[2025-09-27T21:59:01.061+0000] {processor.py:830} INFO - Processing file /opt/airflow/dags/document_preprocessing.py for tasks to queue
[2025-09-27T21:59:01.062+0000] {logging_mixin.py:188} INFO - [2025-09-27T21:59:01.062+0000] {dagbag.py:538} INFO - Filling up the DagBag from /opt/airflow/dags/document_preprocessing.py
[2025-09-27T21:59:01.072+0000] {logging_mixin.py:188} INFO - [2025-09-27T21:59:01.072+0000] {shared_utils.py:409} INFO - Инициализированы пути обработки: ['input_pdf', 'temp_dir', 'output_md', 'logs', 'work_dir']
[2025-09-27T21:59:01.072+0000] {logging_mixin.py:188} INFO - [2025-09-27T21:59:01.072+0000] {shared_utils.py:413} INFO - Настроены URL сервисов: ['document_processor', 'translator', 'quality_assurance', 'airflow']
[2025-09-27T21:59:01.076+0000] {processor.py:840} INFO - DAG(s) 'document_preprocessing' retrieved from /opt/airflow/dags/document_preprocessing.py
[2025-09-27T21:59:01.095+0000] {logging_mixin.py:188} INFO - [2025-09-27T21:59:01.095+0000] {dag.py:3036} INFO - Sync 1 DAGs
[2025-09-27T21:59:01.105+0000] {logging_mixin.py:188} INFO - [2025-09-27T21:59:01.105+0000] {dag.py:3823} INFO - Setting next_dagrun for document_preprocessing to None, run_after=None
[2025-09-27T21:59:01.116+0000] {processor.py:183} INFO - Processing /opt/airflow/dags/document_preprocessing.py took 0.058 seconds
[2025-09-27T21:59:31.445+0000] {processor.py:161} INFO - Started process (PID=969) to work on /opt/airflow/dags/document_preprocessing.py
[2025-09-27T21:59:31.446+0000] {processor.py:830} INFO - Processing file /opt/airflow/dags/document_preprocessing.py for tasks to queue
[2025-09-27T21:59:31.447+0000] {logging_mixin.py:188} INFO - [2025-09-27T21:59:31.447+0000] {dagbag.py:538} INFO - Filling up the DagBag from /opt/airflow/dags/document_preprocessing.py
[2025-09-27T21:59:31.457+0000] {logging_mixin.py:188} INFO - [2025-09-27T21:59:31.457+0000] {shared_utils.py:409} INFO - Инициализированы пути обработки: ['input_pdf', 'temp_dir', 'output_md', 'logs', 'work_dir']
[2025-09-27T21:59:31.457+0000] {logging_mixin.py:188} INFO - [2025-09-27T21:59:31.457+0000] {shared_utils.py:413} INFO - Настроены URL сервисов: ['document_processor', 'translator', 'quality_assurance', 'airflow']
[2025-09-27T21:59:31.462+0000] {processor.py:840} INFO - DAG(s) 'document_preprocessing' retrieved from /opt/airflow/dags/document_preprocessing.py
[2025-09-27T21:59:31.481+0000] {logging_mixin.py:188} INFO - [2025-09-27T21:59:31.481+0000] {dag.py:3036} INFO - Sync 1 DAGs
[2025-09-27T21:59:31.490+0000] {logging_mixin.py:188} INFO - [2025-09-27T21:59:31.490+0000] {dag.py:3823} INFO - Setting next_dagrun for document_preprocessing to None, run_after=None
[2025-09-27T21:59:31.502+0000] {processor.py:183} INFO - Processing /opt/airflow/dags/document_preprocessing.py took 0.060 seconds
[2025-09-27T22:00:01.827+0000] {processor.py:161} INFO - Started process (PID=982) to work on /opt/airflow/dags/document_preprocessing.py
[2025-09-27T22:00:01.827+0000] {processor.py:830} INFO - Processing file /opt/airflow/dags/document_preprocessing.py for tasks to queue
[2025-09-27T22:00:01.829+0000] {logging_mixin.py:188} INFO - [2025-09-27T22:00:01.828+0000] {dagbag.py:538} INFO - Filling up the DagBag from /opt/airflow/dags/document_preprocessing.py
[2025-09-27T22:00:01.838+0000] {logging_mixin.py:188} INFO - [2025-09-27T22:00:01.838+0000] {shared_utils.py:409} INFO - Инициализированы пути обработки: ['input_pdf', 'temp_dir', 'output_md', 'logs', 'work_dir']
[2025-09-27T22:00:01.838+0000] {logging_mixin.py:188} INFO - [2025-09-27T22:00:01.838+0000] {shared_utils.py:413} INFO - Настроены URL сервисов: ['document_processor', 'translator', 'quality_assurance', 'airflow']
[2025-09-27T22:00:01.843+0000] {processor.py:840} INFO - DAG(s) 'document_preprocessing' retrieved from /opt/airflow/dags/document_preprocessing.py
[2025-09-27T22:00:01.862+0000] {logging_mixin.py:188} INFO - [2025-09-27T22:00:01.862+0000] {dag.py:3036} INFO - Sync 1 DAGs
[2025-09-27T22:00:01.872+0000] {logging_mixin.py:188} INFO - [2025-09-27T22:00:01.871+0000] {dag.py:3823} INFO - Setting next_dagrun for document_preprocessing to None, run_after=None
[2025-09-27T22:00:01.883+0000] {processor.py:183} INFO - Processing /opt/airflow/dags/document_preprocessing.py took 0.059 seconds
[2025-09-27T22:00:32.383+0000] {processor.py:161} INFO - Started process (PID=995) to work on /opt/airflow/dags/document_preprocessing.py
[2025-09-27T22:00:32.383+0000] {processor.py:830} INFO - Processing file /opt/airflow/dags/document_preprocessing.py for tasks to queue
[2025-09-27T22:00:32.385+0000] {logging_mixin.py:188} INFO - [2025-09-27T22:00:32.384+0000] {dagbag.py:538} INFO - Filling up the DagBag from /opt/airflow/dags/document_preprocessing.py
[2025-09-27T22:00:32.394+0000] {logging_mixin.py:188} INFO - [2025-09-27T22:00:32.394+0000] {shared_utils.py:409} INFO - Инициализированы пути обработки: ['input_pdf', 'temp_dir', 'output_md', 'logs', 'work_dir']
[2025-09-27T22:00:32.394+0000] {logging_mixin.py:188} INFO - [2025-09-27T22:00:32.394+0000] {shared_utils.py:413} INFO - Настроены URL сервисов: ['document_processor', 'translator', 'quality_assurance', 'airflow']
[2025-09-27T22:00:32.399+0000] {processor.py:840} INFO - DAG(s) 'document_preprocessing' retrieved from /opt/airflow/dags/document_preprocessing.py
[2025-09-27T22:00:32.418+0000] {logging_mixin.py:188} INFO - [2025-09-27T22:00:32.418+0000] {dag.py:3036} INFO - Sync 1 DAGs
[2025-09-27T22:00:32.428+0000] {logging_mixin.py:188} INFO - [2025-09-27T22:00:32.428+0000] {dag.py:3823} INFO - Setting next_dagrun for document_preprocessing to None, run_after=None
[2025-09-27T22:00:32.439+0000] {processor.py:183} INFO - Processing /opt/airflow/dags/document_preprocessing.py took 0.059 seconds
[2025-09-27T22:01:02.779+0000] {processor.py:161} INFO - Started process (PID=1008) to work on /opt/airflow/dags/document_preprocessing.py
[2025-09-27T22:01:02.780+0000] {processor.py:830} INFO - Processing file /opt/airflow/dags/document_preprocessing.py for tasks to queue
[2025-09-27T22:01:02.781+0000] {logging_mixin.py:188} INFO - [2025-09-27T22:01:02.781+0000] {dagbag.py:538} INFO - Filling up the DagBag from /opt/airflow/dags/document_preprocessing.py
[2025-09-27T22:01:02.791+0000] {logging_mixin.py:188} INFO - [2025-09-27T22:01:02.791+0000] {shared_utils.py:409} INFO - Инициализированы пути обработки: ['input_pdf', 'temp_dir', 'output_md', 'logs', 'work_dir']
[2025-09-27T22:01:02.791+0000] {logging_mixin.py:188} INFO - [2025-09-27T22:01:02.791+0000] {shared_utils.py:413} INFO - Настроены URL сервисов: ['document_processor', 'translator', 'quality_assurance', 'airflow']
[2025-09-27T22:01:02.795+0000] {processor.py:840} INFO - DAG(s) 'document_preprocessing' retrieved from /opt/airflow/dags/document_preprocessing.py
[2025-09-27T22:01:02.815+0000] {logging_mixin.py:188} INFO - [2025-09-27T22:01:02.815+0000] {dag.py:3036} INFO - Sync 1 DAGs
[2025-09-27T22:01:02.824+0000] {logging_mixin.py:188} INFO - [2025-09-27T22:01:02.824+0000] {dag.py:3823} INFO - Setting next_dagrun for document_preprocessing to None, run_after=None
[2025-09-27T22:01:02.836+0000] {processor.py:183} INFO - Processing /opt/airflow/dags/document_preprocessing.py took 0.059 seconds
[2025-09-27T22:01:33.168+0000] {processor.py:161} INFO - Started process (PID=1021) to work on /opt/airflow/dags/document_preprocessing.py
[2025-09-27T22:01:33.168+0000] {processor.py:830} INFO - Processing file /opt/airflow/dags/document_preprocessing.py for tasks to queue
[2025-09-27T22:01:33.170+0000] {logging_mixin.py:188} INFO - [2025-09-27T22:01:33.169+0000] {dagbag.py:538} INFO - Filling up the DagBag from /opt/airflow/dags/document_preprocessing.py
[2025-09-27T22:01:33.179+0000] {logging_mixin.py:188} INFO - [2025-09-27T22:01:33.179+0000] {shared_utils.py:409} INFO - Инициализированы пути обработки: ['input_pdf', 'temp_dir', 'output_md', 'logs', 'work_dir']
[2025-09-27T22:01:33.179+0000] {logging_mixin.py:188} INFO - [2025-09-27T22:01:33.179+0000] {shared_utils.py:413} INFO - Настроены URL сервисов: ['document_processor', 'translator', 'quality_assurance', 'airflow']
[2025-09-27T22:01:33.184+0000] {processor.py:840} INFO - DAG(s) 'document_preprocessing' retrieved from /opt/airflow/dags/document_preprocessing.py
[2025-09-27T22:01:33.203+0000] {logging_mixin.py:188} INFO - [2025-09-27T22:01:33.203+0000] {dag.py:3036} INFO - Sync 1 DAGs
[2025-09-27T22:01:33.212+0000] {logging_mixin.py:188} INFO - [2025-09-27T22:01:33.212+0000] {dag.py:3823} INFO - Setting next_dagrun for document_preprocessing to None, run_after=None
[2025-09-27T22:01:33.224+0000] {processor.py:183} INFO - Processing /opt/airflow/dags/document_preprocessing.py took 0.059 seconds
[2025-09-27T22:02:03.551+0000] {processor.py:161} INFO - Started process (PID=1034) to work on /opt/airflow/dags/document_preprocessing.py
[2025-09-27T22:02:03.552+0000] {processor.py:830} INFO - Processing file /opt/airflow/dags/document_preprocessing.py for tasks to queue
[2025-09-27T22:02:03.553+0000] {logging_mixin.py:188} INFO - [2025-09-27T22:02:03.553+0000] {dagbag.py:538} INFO - Filling up the DagBag from /opt/airflow/dags/document_preprocessing.py
[2025-09-27T22:02:03.563+0000] {logging_mixin.py:188} INFO - [2025-09-27T22:02:03.562+0000] {shared_utils.py:409} INFO - Инициализированы пути обработки: ['input_pdf', 'temp_dir', 'output_md', 'logs', 'work_dir']
[2025-09-27T22:02:03.563+0000] {logging_mixin.py:188} INFO - [2025-09-27T22:02:03.563+0000] {shared_utils.py:413} INFO - Настроены URL сервисов: ['document_processor', 'translator', 'quality_assurance', 'airflow']
[2025-09-27T22:02:03.567+0000] {processor.py:840} INFO - DAG(s) 'document_preprocessing' retrieved from /opt/airflow/dags/document_preprocessing.py
[2025-09-27T22:02:03.587+0000] {logging_mixin.py:188} INFO - [2025-09-27T22:02:03.587+0000] {dag.py:3036} INFO - Sync 1 DAGs
[2025-09-27T22:02:03.597+0000] {logging_mixin.py:188} INFO - [2025-09-27T22:02:03.596+0000] {dag.py:3823} INFO - Setting next_dagrun for document_preprocessing to None, run_after=None
[2025-09-27T22:02:03.608+0000] {processor.py:183} INFO - Processing /opt/airflow/dags/document_preprocessing.py took 0.059 seconds
[2025-09-27T22:02:34.101+0000] {processor.py:161} INFO - Started process (PID=1047) to work on /opt/airflow/dags/document_preprocessing.py
[2025-09-27T22:02:34.102+0000] {processor.py:830} INFO - Processing file /opt/airflow/dags/document_preprocessing.py for tasks to queue
[2025-09-27T22:02:34.103+0000] {logging_mixin.py:188} INFO - [2025-09-27T22:02:34.103+0000] {dagbag.py:538} INFO - Filling up the DagBag from /opt/airflow/dags/document_preprocessing.py
[2025-09-27T22:02:34.113+0000] {logging_mixin.py:188} INFO - [2025-09-27T22:02:34.112+0000] {shared_utils.py:409} INFO - Инициализированы пути обработки: ['input_pdf', 'temp_dir', 'output_md', 'logs', 'work_dir']
[2025-09-27T22:02:34.113+0000] {logging_mixin.py:188} INFO - [2025-09-27T22:02:34.113+0000] {shared_utils.py:413} INFO - Настроены URL сервисов: ['document_processor', 'translator', 'quality_assurance', 'airflow']
[2025-09-27T22:02:34.117+0000] {processor.py:840} INFO - DAG(s) 'document_preprocessing' retrieved from /opt/airflow/dags/document_preprocessing.py
[2025-09-27T22:02:34.136+0000] {logging_mixin.py:188} INFO - [2025-09-27T22:02:34.136+0000] {dag.py:3036} INFO - Sync 1 DAGs
[2025-09-27T22:02:34.146+0000] {logging_mixin.py:188} INFO - [2025-09-27T22:02:34.145+0000] {dag.py:3823} INFO - Setting next_dagrun for document_preprocessing to None, run_after=None
[2025-09-27T22:02:34.157+0000] {processor.py:183} INFO - Processing /opt/airflow/dags/document_preprocessing.py took 0.058 seconds
[2025-09-27T22:03:04.497+0000] {processor.py:161} INFO - Started process (PID=1060) to work on /opt/airflow/dags/document_preprocessing.py
[2025-09-27T22:03:04.497+0000] {processor.py:830} INFO - Processing file /opt/airflow/dags/document_preprocessing.py for tasks to queue
[2025-09-27T22:03:04.498+0000] {logging_mixin.py:188} INFO - [2025-09-27T22:03:04.498+0000] {dagbag.py:538} INFO - Filling up the DagBag from /opt/airflow/dags/document_preprocessing.py
[2025-09-27T22:03:04.508+0000] {logging_mixin.py:188} INFO - [2025-09-27T22:03:04.508+0000] {shared_utils.py:409} INFO - Инициализированы пути обработки: ['input_pdf', 'temp_dir', 'output_md', 'logs', 'work_dir']
[2025-09-27T22:03:04.508+0000] {logging_mixin.py:188} INFO - [2025-09-27T22:03:04.508+0000] {shared_utils.py:413} INFO - Настроены URL сервисов: ['document_processor', 'translator', 'quality_assurance', 'airflow']
[2025-09-27T22:03:04.513+0000] {processor.py:840} INFO - DAG(s) 'document_preprocessing' retrieved from /opt/airflow/dags/document_preprocessing.py
[2025-09-27T22:03:04.532+0000] {logging_mixin.py:188} INFO - [2025-09-27T22:03:04.532+0000] {dag.py:3036} INFO - Sync 1 DAGs
[2025-09-27T22:03:04.541+0000] {logging_mixin.py:188} INFO - [2025-09-27T22:03:04.541+0000] {dag.py:3823} INFO - Setting next_dagrun for document_preprocessing to None, run_after=None
[2025-09-27T22:03:04.553+0000] {processor.py:183} INFO - Processing /opt/airflow/dags/document_preprocessing.py took 0.059 seconds
[2025-09-27T22:03:34.882+0000] {processor.py:161} INFO - Started process (PID=1073) to work on /opt/airflow/dags/document_preprocessing.py
[2025-09-27T22:03:34.883+0000] {processor.py:830} INFO - Processing file /opt/airflow/dags/document_preprocessing.py for tasks to queue
[2025-09-27T22:03:34.884+0000] {logging_mixin.py:188} INFO - [2025-09-27T22:03:34.884+0000] {dagbag.py:538} INFO - Filling up the DagBag from /opt/airflow/dags/document_preprocessing.py
[2025-09-27T22:03:34.894+0000] {logging_mixin.py:188} INFO - [2025-09-27T22:03:34.893+0000] {shared_utils.py:409} INFO - Инициализированы пути обработки: ['input_pdf', 'temp_dir', 'output_md', 'logs', 'work_dir']
[2025-09-27T22:03:34.894+0000] {logging_mixin.py:188} INFO - [2025-09-27T22:03:34.894+0000] {shared_utils.py:413} INFO - Настроены URL сервисов: ['document_processor', 'translator', 'quality_assurance', 'airflow']
[2025-09-27T22:03:34.898+0000] {processor.py:840} INFO - DAG(s) 'document_preprocessing' retrieved from /opt/airflow/dags/document_preprocessing.py
[2025-09-27T22:03:34.917+0000] {logging_mixin.py:188} INFO - [2025-09-27T22:03:34.917+0000] {dag.py:3036} INFO - Sync 1 DAGs
[2025-09-27T22:03:34.926+0000] {logging_mixin.py:188} INFO - [2025-09-27T22:03:34.926+0000] {dag.py:3823} INFO - Setting next_dagrun for document_preprocessing to None, run_after=None
[2025-09-27T22:03:34.938+0000] {processor.py:183} INFO - Processing /opt/airflow/dags/document_preprocessing.py took 0.058 seconds
[2025-09-27T22:04:05.268+0000] {processor.py:161} INFO - Started process (PID=1086) to work on /opt/airflow/dags/document_preprocessing.py
[2025-09-27T22:04:05.269+0000] {processor.py:830} INFO - Processing file /opt/airflow/dags/document_preprocessing.py for tasks to queue
[2025-09-27T22:04:05.270+0000] {logging_mixin.py:188} INFO - [2025-09-27T22:04:05.270+0000] {dagbag.py:538} INFO - Filling up the DagBag from /opt/airflow/dags/document_preprocessing.py
[2025-09-27T22:04:05.280+0000] {logging_mixin.py:188} INFO - [2025-09-27T22:04:05.279+0000] {shared_utils.py:409} INFO - Инициализированы пути обработки: ['input_pdf', 'temp_dir', 'output_md', 'logs', 'work_dir']
[2025-09-27T22:04:05.280+0000] {logging_mixin.py:188} INFO - [2025-09-27T22:04:05.280+0000] {shared_utils.py:413} INFO - Настроены URL сервисов: ['document_processor', 'translator', 'quality_assurance', 'airflow']
[2025-09-27T22:04:05.285+0000] {processor.py:840} INFO - DAG(s) 'document_preprocessing' retrieved from /opt/airflow/dags/document_preprocessing.py
[2025-09-27T22:04:05.305+0000] {logging_mixin.py:188} INFO - [2025-09-27T22:04:05.305+0000] {dag.py:3036} INFO - Sync 1 DAGs
[2025-09-27T22:04:05.315+0000] {logging_mixin.py:188} INFO - [2025-09-27T22:04:05.315+0000] {dag.py:3823} INFO - Setting next_dagrun for document_preprocessing to None, run_after=None
[2025-09-27T22:04:05.326+0000] {processor.py:183} INFO - Processing /opt/airflow/dags/document_preprocessing.py took 0.061 seconds
[2025-09-27T22:04:35.820+0000] {processor.py:161} INFO - Started process (PID=1099) to work on /opt/airflow/dags/document_preprocessing.py
[2025-09-27T22:04:35.821+0000] {processor.py:830} INFO - Processing file /opt/airflow/dags/document_preprocessing.py for tasks to queue
[2025-09-27T22:04:35.822+0000] {logging_mixin.py:188} INFO - [2025-09-27T22:04:35.822+0000] {dagbag.py:538} INFO - Filling up the DagBag from /opt/airflow/dags/document_preprocessing.py
[2025-09-27T22:04:35.832+0000] {logging_mixin.py:188} INFO - [2025-09-27T22:04:35.832+0000] {shared_utils.py:409} INFO - Инициализированы пути обработки: ['input_pdf', 'temp_dir', 'output_md', 'logs', 'work_dir']
[2025-09-27T22:04:35.832+0000] {logging_mixin.py:188} INFO - [2025-09-27T22:04:35.832+0000] {shared_utils.py:413} INFO - Настроены URL сервисов: ['document_processor', 'translator', 'quality_assurance', 'airflow']
[2025-09-27T22:04:35.836+0000] {processor.py:840} INFO - DAG(s) 'document_preprocessing' retrieved from /opt/airflow/dags/document_preprocessing.py
[2025-09-27T22:04:35.856+0000] {logging_mixin.py:188} INFO - [2025-09-27T22:04:35.855+0000] {dag.py:3036} INFO - Sync 1 DAGs
[2025-09-27T22:04:35.865+0000] {logging_mixin.py:188} INFO - [2025-09-27T22:04:35.865+0000] {dag.py:3823} INFO - Setting next_dagrun for document_preprocessing to None, run_after=None
[2025-09-27T22:04:35.876+0000] {processor.py:183} INFO - Processing /opt/airflow/dags/document_preprocessing.py took 0.058 seconds
[2025-09-27T22:05:06.211+0000] {processor.py:161} INFO - Started process (PID=1112) to work on /opt/airflow/dags/document_preprocessing.py
[2025-09-27T22:05:06.211+0000] {processor.py:830} INFO - Processing file /opt/airflow/dags/document_preprocessing.py for tasks to queue
[2025-09-27T22:05:06.213+0000] {logging_mixin.py:188} INFO - [2025-09-27T22:05:06.212+0000] {dagbag.py:538} INFO - Filling up the DagBag from /opt/airflow/dags/document_preprocessing.py
[2025-09-27T22:05:06.222+0000] {logging_mixin.py:188} INFO - [2025-09-27T22:05:06.222+0000] {shared_utils.py:409} INFO - Инициализированы пути обработки: ['input_pdf', 'temp_dir', 'output_md', 'logs', 'work_dir']
[2025-09-27T22:05:06.222+0000] {logging_mixin.py:188} INFO - [2025-09-27T22:05:06.222+0000] {shared_utils.py:413} INFO - Настроены URL сервисов: ['document_processor', 'translator', 'quality_assurance', 'airflow']
[2025-09-27T22:05:06.227+0000] {processor.py:840} INFO - DAG(s) 'document_preprocessing' retrieved from /opt/airflow/dags/document_preprocessing.py
[2025-09-27T22:05:06.246+0000] {logging_mixin.py:188} INFO - [2025-09-27T22:05:06.246+0000] {dag.py:3036} INFO - Sync 1 DAGs
[2025-09-27T22:05:06.256+0000] {logging_mixin.py:188} INFO - [2025-09-27T22:05:06.256+0000] {dag.py:3823} INFO - Setting next_dagrun for document_preprocessing to None, run_after=None
[2025-09-27T22:05:06.268+0000] {processor.py:183} INFO - Processing /opt/airflow/dags/document_preprocessing.py took 0.059 seconds
[2025-09-27T22:05:36.595+0000] {processor.py:161} INFO - Started process (PID=1125) to work on /opt/airflow/dags/document_preprocessing.py
[2025-09-27T22:05:36.595+0000] {processor.py:830} INFO - Processing file /opt/airflow/dags/document_preprocessing.py for tasks to queue
[2025-09-27T22:05:36.597+0000] {logging_mixin.py:188} INFO - [2025-09-27T22:05:36.596+0000] {dagbag.py:538} INFO - Filling up the DagBag from /opt/airflow/dags/document_preprocessing.py
[2025-09-27T22:05:36.606+0000] {logging_mixin.py:188} INFO - [2025-09-27T22:05:36.606+0000] {shared_utils.py:409} INFO - Инициализированы пути обработки: ['input_pdf', 'temp_dir', 'output_md', 'logs', 'work_dir']
[2025-09-27T22:05:36.606+0000] {logging_mixin.py:188} INFO - [2025-09-27T22:05:36.606+0000] {shared_utils.py:413} INFO - Настроены URL сервисов: ['document_processor', 'translator', 'quality_assurance', 'airflow']
[2025-09-27T22:05:36.611+0000] {processor.py:840} INFO - DAG(s) 'document_preprocessing' retrieved from /opt/airflow/dags/document_preprocessing.py
[2025-09-27T22:05:36.630+0000] {logging_mixin.py:188} INFO - [2025-09-27T22:05:36.630+0000] {dag.py:3036} INFO - Sync 1 DAGs
[2025-09-27T22:05:36.639+0000] {logging_mixin.py:188} INFO - [2025-09-27T22:05:36.639+0000] {dag.py:3823} INFO - Setting next_dagrun for document_preprocessing to None, run_after=None
[2025-09-27T22:05:36.651+0000] {processor.py:183} INFO - Processing /opt/airflow/dags/document_preprocessing.py took 0.059 seconds
[2025-09-27T22:06:06.979+0000] {processor.py:161} INFO - Started process (PID=1138) to work on /opt/airflow/dags/document_preprocessing.py
[2025-09-27T22:06:06.979+0000] {processor.py:830} INFO - Processing file /opt/airflow/dags/document_preprocessing.py for tasks to queue
[2025-09-27T22:06:06.981+0000] {logging_mixin.py:188} INFO - [2025-09-27T22:06:06.980+0000] {dagbag.py:538} INFO - Filling up the DagBag from /opt/airflow/dags/document_preprocessing.py
[2025-09-27T22:06:06.990+0000] {logging_mixin.py:188} INFO - [2025-09-27T22:06:06.990+0000] {shared_utils.py:409} INFO - Инициализированы пути обработки: ['input_pdf', 'temp_dir', 'output_md', 'logs', 'work_dir']
[2025-09-27T22:06:06.990+0000] {logging_mixin.py:188} INFO - [2025-09-27T22:06:06.990+0000] {shared_utils.py:413} INFO - Настроены URL сервисов: ['document_processor', 'translator', 'quality_assurance', 'airflow']
[2025-09-27T22:06:06.995+0000] {processor.py:840} INFO - DAG(s) 'document_preprocessing' retrieved from /opt/airflow/dags/document_preprocessing.py
[2025-09-27T22:06:07.015+0000] {logging_mixin.py:188} INFO - [2025-09-27T22:06:07.015+0000] {dag.py:3036} INFO - Sync 1 DAGs
[2025-09-27T22:06:07.024+0000] {logging_mixin.py:188} INFO - [2025-09-27T22:06:07.024+0000] {dag.py:3823} INFO - Setting next_dagrun for document_preprocessing to None, run_after=None
[2025-09-27T22:06:07.036+0000] {processor.py:183} INFO - Processing /opt/airflow/dags/document_preprocessing.py took 0.060 seconds
[2025-09-27T22:06:37.636+0000] {processor.py:161} INFO - Started process (PID=1151) to work on /opt/airflow/dags/document_preprocessing.py
[2025-09-27T22:06:37.637+0000] {processor.py:830} INFO - Processing file /opt/airflow/dags/document_preprocessing.py for tasks to queue
[2025-09-27T22:06:37.638+0000] {logging_mixin.py:188} INFO - [2025-09-27T22:06:37.638+0000] {dagbag.py:538} INFO - Filling up the DagBag from /opt/airflow/dags/document_preprocessing.py
[2025-09-27T22:06:37.648+0000] {logging_mixin.py:188} INFO - [2025-09-27T22:06:37.648+0000] {shared_utils.py:409} INFO - Инициализированы пути обработки: ['input_pdf', 'temp_dir', 'output_md', 'logs', 'work_dir']
[2025-09-27T22:06:37.648+0000] {logging_mixin.py:188} INFO - [2025-09-27T22:06:37.648+0000] {shared_utils.py:413} INFO - Настроены URL сервисов: ['document_processor', 'translator', 'quality_assurance', 'airflow']
[2025-09-27T22:06:37.653+0000] {processor.py:840} INFO - DAG(s) 'document_preprocessing' retrieved from /opt/airflow/dags/document_preprocessing.py
[2025-09-27T22:06:37.672+0000] {logging_mixin.py:188} INFO - [2025-09-27T22:06:37.672+0000] {dag.py:3036} INFO - Sync 1 DAGs
[2025-09-27T22:06:37.681+0000] {logging_mixin.py:188} INFO - [2025-09-27T22:06:37.681+0000] {dag.py:3823} INFO - Setting next_dagrun for document_preprocessing to None, run_after=None
[2025-09-27T22:06:37.692+0000] {processor.py:183} INFO - Processing /opt/airflow/dags/document_preprocessing.py took 0.058 seconds
[2025-09-27T22:07:07.981+0000] {processor.py:161} INFO - Started process (PID=1164) to work on /opt/airflow/dags/document_preprocessing.py
[2025-09-27T22:07:07.982+0000] {processor.py:830} INFO - Processing file /opt/airflow/dags/document_preprocessing.py for tasks to queue
[2025-09-27T22:07:07.983+0000] {logging_mixin.py:188} INFO - [2025-09-27T22:07:07.983+0000] {dagbag.py:538} INFO - Filling up the DagBag from /opt/airflow/dags/document_preprocessing.py
[2025-09-27T22:07:07.993+0000] {logging_mixin.py:188} INFO - [2025-09-27T22:07:07.993+0000] {shared_utils.py:409} INFO - Инициализированы пути обработки: ['input_pdf', 'temp_dir', 'output_md', 'logs', 'work_dir']
[2025-09-27T22:07:07.993+0000] {logging_mixin.py:188} INFO - [2025-09-27T22:07:07.993+0000] {shared_utils.py:413} INFO - Настроены URL сервисов: ['document_processor', 'translator', 'quality_assurance', 'airflow']
[2025-09-27T22:07:07.998+0000] {processor.py:840} INFO - DAG(s) 'document_preprocessing' retrieved from /opt/airflow/dags/document_preprocessing.py
[2025-09-27T22:07:08.017+0000] {logging_mixin.py:188} INFO - [2025-09-27T22:07:08.017+0000] {dag.py:3036} INFO - Sync 1 DAGs
[2025-09-27T22:07:08.027+0000] {logging_mixin.py:188} INFO - [2025-09-27T22:07:08.027+0000] {dag.py:3823} INFO - Setting next_dagrun for document_preprocessing to None, run_after=None
[2025-09-27T22:07:08.038+0000] {processor.py:183} INFO - Processing /opt/airflow/dags/document_preprocessing.py took 0.060 seconds
[2025-09-27T22:07:38.365+0000] {processor.py:161} INFO - Started process (PID=1177) to work on /opt/airflow/dags/document_preprocessing.py
[2025-09-27T22:07:38.366+0000] {processor.py:830} INFO - Processing file /opt/airflow/dags/document_preprocessing.py for tasks to queue
[2025-09-27T22:07:38.367+0000] {logging_mixin.py:188} INFO - [2025-09-27T22:07:38.367+0000] {dagbag.py:538} INFO - Filling up the DagBag from /opt/airflow/dags/document_preprocessing.py
[2025-09-27T22:07:38.377+0000] {logging_mixin.py:188} INFO - [2025-09-27T22:07:38.376+0000] {shared_utils.py:409} INFO - Инициализированы пути обработки: ['input_pdf', 'temp_dir', 'output_md', 'logs', 'work_dir']
[2025-09-27T22:07:38.377+0000] {logging_mixin.py:188} INFO - [2025-09-27T22:07:38.377+0000] {shared_utils.py:413} INFO - Настроены URL сервисов: ['document_processor', 'translator', 'quality_assurance', 'airflow']
[2025-09-27T22:07:38.381+0000] {processor.py:840} INFO - DAG(s) 'document_preprocessing' retrieved from /opt/airflow/dags/document_preprocessing.py
[2025-09-27T22:07:38.400+0000] {logging_mixin.py:188} INFO - [2025-09-27T22:07:38.400+0000] {dag.py:3036} INFO - Sync 1 DAGs
[2025-09-27T22:07:38.410+0000] {logging_mixin.py:188} INFO - [2025-09-27T22:07:38.409+0000] {dag.py:3823} INFO - Setting next_dagrun for document_preprocessing to None, run_after=None
[2025-09-27T22:07:38.422+0000] {processor.py:183} INFO - Processing /opt/airflow/dags/document_preprocessing.py took 0.059 seconds
[2025-09-27T22:08:08.749+0000] {processor.py:161} INFO - Started process (PID=1190) to work on /opt/airflow/dags/document_preprocessing.py
[2025-09-27T22:08:08.749+0000] {processor.py:830} INFO - Processing file /opt/airflow/dags/document_preprocessing.py for tasks to queue
[2025-09-27T22:08:08.751+0000] {logging_mixin.py:188} INFO - [2025-09-27T22:08:08.750+0000] {dagbag.py:538} INFO - Filling up the DagBag from /opt/airflow/dags/document_preprocessing.py
[2025-09-27T22:08:08.760+0000] {logging_mixin.py:188} INFO - [2025-09-27T22:08:08.760+0000] {shared_utils.py:409} INFO - Инициализированы пути обработки: ['input_pdf', 'temp_dir', 'output_md', 'logs', 'work_dir']
[2025-09-27T22:08:08.760+0000] {logging_mixin.py:188} INFO - [2025-09-27T22:08:08.760+0000] {shared_utils.py:413} INFO - Настроены URL сервисов: ['document_processor', 'translator', 'quality_assurance', 'airflow']
[2025-09-27T22:08:08.765+0000] {processor.py:840} INFO - DAG(s) 'document_preprocessing' retrieved from /opt/airflow/dags/document_preprocessing.py
[2025-09-27T22:08:08.784+0000] {logging_mixin.py:188} INFO - [2025-09-27T22:08:08.784+0000] {dag.py:3036} INFO - Sync 1 DAGs
[2025-09-27T22:08:08.794+0000] {logging_mixin.py:188} INFO - [2025-09-27T22:08:08.794+0000] {dag.py:3823} INFO - Setting next_dagrun for document_preprocessing to None, run_after=None
[2025-09-27T22:08:08.806+0000] {processor.py:183} INFO - Processing /opt/airflow/dags/document_preprocessing.py took 0.059 seconds
