[2025-09-27T21:39:46.042+0000] {processor.py:161} INFO - Started process (PID=455) to work on /opt/airflow/dags/orchestrator_dag.py
[2025-09-27T21:39:46.043+0000] {processor.py:830} INFO - Processing file /opt/airflow/dags/orchestrator_dag.py for tasks to queue
[2025-09-27T21:39:46.044+0000] {logging_mixin.py:188} INFO - [2025-09-27T21:39:46.044+0000] {dagbag.py:538} INFO - Filling up the DagBag from /opt/airflow/dags/orchestrator_dag.py
[2025-09-27T21:39:46.053+0000] {logging_mixin.py:188} INFO - [2025-09-27T21:39:46.053+0000] {shared_utils.py:409} INFO - Инициализированы пути обработки: ['input_pdf', 'temp_dir', 'output_md', 'logs', 'work_dir']
[2025-09-27T21:39:46.053+0000] {logging_mixin.py:188} INFO - [2025-09-27T21:39:46.053+0000] {shared_utils.py:413} INFO - Настроены URL сервисов: ['document_processor', 'translator', 'quality_assurance', 'airflow']
[2025-09-27T21:39:46.059+0000] {processor.py:840} INFO - DAG(s) 'orchestrator_dag' retrieved from /opt/airflow/dags/orchestrator_dag.py
[2025-09-27T21:39:46.085+0000] {logging_mixin.py:188} INFO - [2025-09-27T21:39:46.085+0000] {dag.py:3036} INFO - Sync 1 DAGs
[2025-09-27T21:39:46.095+0000] {logging_mixin.py:188} INFO - [2025-09-27T21:39:46.095+0000] {dag.py:3823} INFO - Setting next_dagrun for orchestrator_dag to None, run_after=None
[2025-09-27T21:39:46.107+0000] {processor.py:183} INFO - Processing /opt/airflow/dags/orchestrator_dag.py took 0.067 seconds
[2025-09-27T21:40:16.299+0000] {processor.py:161} INFO - Started process (PID=468) to work on /opt/airflow/dags/orchestrator_dag.py
[2025-09-27T21:40:16.300+0000] {processor.py:830} INFO - Processing file /opt/airflow/dags/orchestrator_dag.py for tasks to queue
[2025-09-27T21:40:16.301+0000] {logging_mixin.py:188} INFO - [2025-09-27T21:40:16.301+0000] {dagbag.py:538} INFO - Filling up the DagBag from /opt/airflow/dags/orchestrator_dag.py
[2025-09-27T21:40:16.310+0000] {logging_mixin.py:188} INFO - [2025-09-27T21:40:16.310+0000] {shared_utils.py:409} INFO - Инициализированы пути обработки: ['input_pdf', 'temp_dir', 'output_md', 'logs', 'work_dir']
[2025-09-27T21:40:16.310+0000] {logging_mixin.py:188} INFO - [2025-09-27T21:40:16.310+0000] {shared_utils.py:413} INFO - Настроены URL сервисов: ['document_processor', 'translator', 'quality_assurance', 'airflow']
[2025-09-27T21:40:16.317+0000] {processor.py:840} INFO - DAG(s) 'orchestrator_dag' retrieved from /opt/airflow/dags/orchestrator_dag.py
[2025-09-27T21:40:16.343+0000] {logging_mixin.py:188} INFO - [2025-09-27T21:40:16.343+0000] {dag.py:3036} INFO - Sync 1 DAGs
[2025-09-27T21:40:16.352+0000] {logging_mixin.py:188} INFO - [2025-09-27T21:40:16.352+0000] {dag.py:3823} INFO - Setting next_dagrun for orchestrator_dag to None, run_after=None
[2025-09-27T21:40:16.364+0000] {processor.py:183} INFO - Processing /opt/airflow/dags/orchestrator_dag.py took 0.067 seconds
[2025-09-27T21:40:46.555+0000] {processor.py:161} INFO - Started process (PID=481) to work on /opt/airflow/dags/orchestrator_dag.py
[2025-09-27T21:40:46.556+0000] {processor.py:830} INFO - Processing file /opt/airflow/dags/orchestrator_dag.py for tasks to queue
[2025-09-27T21:40:46.557+0000] {logging_mixin.py:188} INFO - [2025-09-27T21:40:46.557+0000] {dagbag.py:538} INFO - Filling up the DagBag from /opt/airflow/dags/orchestrator_dag.py
[2025-09-27T21:40:46.566+0000] {logging_mixin.py:188} INFO - [2025-09-27T21:40:46.566+0000] {shared_utils.py:409} INFO - Инициализированы пути обработки: ['input_pdf', 'temp_dir', 'output_md', 'logs', 'work_dir']
[2025-09-27T21:40:46.566+0000] {logging_mixin.py:188} INFO - [2025-09-27T21:40:46.566+0000] {shared_utils.py:413} INFO - Настроены URL сервисов: ['document_processor', 'translator', 'quality_assurance', 'airflow']
[2025-09-27T21:40:46.573+0000] {processor.py:840} INFO - DAG(s) 'orchestrator_dag' retrieved from /opt/airflow/dags/orchestrator_dag.py
[2025-09-27T21:40:46.598+0000] {logging_mixin.py:188} INFO - [2025-09-27T21:40:46.598+0000] {dag.py:3036} INFO - Sync 1 DAGs
[2025-09-27T21:40:46.607+0000] {logging_mixin.py:188} INFO - [2025-09-27T21:40:46.607+0000] {dag.py:3823} INFO - Setting next_dagrun for orchestrator_dag to None, run_after=None
[2025-09-27T21:40:46.619+0000] {processor.py:183} INFO - Processing /opt/airflow/dags/orchestrator_dag.py took 0.066 seconds
[2025-09-27T21:41:16.811+0000] {processor.py:161} INFO - Started process (PID=494) to work on /opt/airflow/dags/orchestrator_dag.py
[2025-09-27T21:41:16.811+0000] {processor.py:830} INFO - Processing file /opt/airflow/dags/orchestrator_dag.py for tasks to queue
[2025-09-27T21:41:16.813+0000] {logging_mixin.py:188} INFO - [2025-09-27T21:41:16.812+0000] {dagbag.py:538} INFO - Filling up the DagBag from /opt/airflow/dags/orchestrator_dag.py
[2025-09-27T21:41:16.821+0000] {logging_mixin.py:188} INFO - [2025-09-27T21:41:16.821+0000] {shared_utils.py:409} INFO - Инициализированы пути обработки: ['input_pdf', 'temp_dir', 'output_md', 'logs', 'work_dir']
[2025-09-27T21:41:16.822+0000] {logging_mixin.py:188} INFO - [2025-09-27T21:41:16.821+0000] {shared_utils.py:413} INFO - Настроены URL сервисов: ['document_processor', 'translator', 'quality_assurance', 'airflow']
[2025-09-27T21:41:16.828+0000] {processor.py:840} INFO - DAG(s) 'orchestrator_dag' retrieved from /opt/airflow/dags/orchestrator_dag.py
[2025-09-27T21:41:16.852+0000] {logging_mixin.py:188} INFO - [2025-09-27T21:41:16.852+0000] {dag.py:3036} INFO - Sync 1 DAGs
[2025-09-27T21:41:16.861+0000] {logging_mixin.py:188} INFO - [2025-09-27T21:41:16.861+0000] {dag.py:3823} INFO - Setting next_dagrun for orchestrator_dag to None, run_after=None
[2025-09-27T21:41:16.872+0000] {processor.py:183} INFO - Processing /opt/airflow/dags/orchestrator_dag.py took 0.064 seconds
[2025-09-27T21:41:47.179+0000] {processor.py:161} INFO - Started process (PID=507) to work on /opt/airflow/dags/orchestrator_dag.py
[2025-09-27T21:41:47.179+0000] {processor.py:830} INFO - Processing file /opt/airflow/dags/orchestrator_dag.py for tasks to queue
[2025-09-27T21:41:47.181+0000] {logging_mixin.py:188} INFO - [2025-09-27T21:41:47.181+0000] {dagbag.py:538} INFO - Filling up the DagBag from /opt/airflow/dags/orchestrator_dag.py
[2025-09-27T21:41:47.190+0000] {logging_mixin.py:188} INFO - [2025-09-27T21:41:47.190+0000] {shared_utils.py:409} INFO - Инициализированы пути обработки: ['input_pdf', 'temp_dir', 'output_md', 'logs', 'work_dir']
[2025-09-27T21:41:47.190+0000] {logging_mixin.py:188} INFO - [2025-09-27T21:41:47.190+0000] {shared_utils.py:413} INFO - Настроены URL сервисов: ['document_processor', 'translator', 'quality_assurance', 'airflow']
[2025-09-27T21:41:47.196+0000] {processor.py:840} INFO - DAG(s) 'orchestrator_dag' retrieved from /opt/airflow/dags/orchestrator_dag.py
[2025-09-27T21:41:47.221+0000] {logging_mixin.py:188} INFO - [2025-09-27T21:41:47.221+0000] {dag.py:3036} INFO - Sync 1 DAGs
[2025-09-27T21:41:47.231+0000] {logging_mixin.py:188} INFO - [2025-09-27T21:41:47.231+0000] {dag.py:3823} INFO - Setting next_dagrun for orchestrator_dag to None, run_after=None
[2025-09-27T21:41:47.243+0000] {processor.py:183} INFO - Processing /opt/airflow/dags/orchestrator_dag.py took 0.066 seconds
[2025-09-27T21:42:17.437+0000] {processor.py:161} INFO - Started process (PID=520) to work on /opt/airflow/dags/orchestrator_dag.py
[2025-09-27T21:42:17.438+0000] {processor.py:830} INFO - Processing file /opt/airflow/dags/orchestrator_dag.py for tasks to queue
[2025-09-27T21:42:17.439+0000] {logging_mixin.py:188} INFO - [2025-09-27T21:42:17.439+0000] {dagbag.py:538} INFO - Filling up the DagBag from /opt/airflow/dags/orchestrator_dag.py
[2025-09-27T21:42:17.448+0000] {logging_mixin.py:188} INFO - [2025-09-27T21:42:17.448+0000] {shared_utils.py:409} INFO - Инициализированы пути обработки: ['input_pdf', 'temp_dir', 'output_md', 'logs', 'work_dir']
[2025-09-27T21:42:17.448+0000] {logging_mixin.py:188} INFO - [2025-09-27T21:42:17.448+0000] {shared_utils.py:413} INFO - Настроены URL сервисов: ['document_processor', 'translator', 'quality_assurance', 'airflow']
[2025-09-27T21:42:17.454+0000] {processor.py:840} INFO - DAG(s) 'orchestrator_dag' retrieved from /opt/airflow/dags/orchestrator_dag.py
[2025-09-27T21:42:17.482+0000] {logging_mixin.py:188} INFO - [2025-09-27T21:42:17.481+0000] {dag.py:3036} INFO - Sync 1 DAGs
[2025-09-27T21:42:17.492+0000] {logging_mixin.py:188} INFO - [2025-09-27T21:42:17.492+0000] {dag.py:3823} INFO - Setting next_dagrun for orchestrator_dag to None, run_after=None
[2025-09-27T21:42:17.504+0000] {processor.py:183} INFO - Processing /opt/airflow/dags/orchestrator_dag.py took 0.070 seconds
[2025-09-27T21:42:47.700+0000] {processor.py:161} INFO - Started process (PID=533) to work on /opt/airflow/dags/orchestrator_dag.py
[2025-09-27T21:42:47.701+0000] {processor.py:830} INFO - Processing file /opt/airflow/dags/orchestrator_dag.py for tasks to queue
[2025-09-27T21:42:47.702+0000] {logging_mixin.py:188} INFO - [2025-09-27T21:42:47.702+0000] {dagbag.py:538} INFO - Filling up the DagBag from /opt/airflow/dags/orchestrator_dag.py
[2025-09-27T21:42:47.711+0000] {logging_mixin.py:188} INFO - [2025-09-27T21:42:47.711+0000] {shared_utils.py:409} INFO - Инициализированы пути обработки: ['input_pdf', 'temp_dir', 'output_md', 'logs', 'work_dir']
[2025-09-27T21:42:47.711+0000] {logging_mixin.py:188} INFO - [2025-09-27T21:42:47.711+0000] {shared_utils.py:413} INFO - Настроены URL сервисов: ['document_processor', 'translator', 'quality_assurance', 'airflow']
[2025-09-27T21:42:47.718+0000] {processor.py:840} INFO - DAG(s) 'orchestrator_dag' retrieved from /opt/airflow/dags/orchestrator_dag.py
[2025-09-27T21:42:47.743+0000] {logging_mixin.py:188} INFO - [2025-09-27T21:42:47.743+0000] {dag.py:3036} INFO - Sync 1 DAGs
[2025-09-27T21:42:47.753+0000] {logging_mixin.py:188} INFO - [2025-09-27T21:42:47.753+0000] {dag.py:3823} INFO - Setting next_dagrun for orchestrator_dag to None, run_after=None
[2025-09-27T21:42:47.764+0000] {processor.py:183} INFO - Processing /opt/airflow/dags/orchestrator_dag.py took 0.066 seconds
[2025-09-27T21:43:17.959+0000] {processor.py:161} INFO - Started process (PID=551) to work on /opt/airflow/dags/orchestrator_dag.py
[2025-09-27T21:43:17.960+0000] {processor.py:830} INFO - Processing file /opt/airflow/dags/orchestrator_dag.py for tasks to queue
[2025-09-27T21:43:17.961+0000] {logging_mixin.py:188} INFO - [2025-09-27T21:43:17.961+0000] {dagbag.py:538} INFO - Filling up the DagBag from /opt/airflow/dags/orchestrator_dag.py
[2025-09-27T21:43:17.970+0000] {logging_mixin.py:188} INFO - [2025-09-27T21:43:17.970+0000] {shared_utils.py:409} INFO - Инициализированы пути обработки: ['input_pdf', 'temp_dir', 'output_md', 'logs', 'work_dir']
[2025-09-27T21:43:17.970+0000] {logging_mixin.py:188} INFO - [2025-09-27T21:43:17.970+0000] {shared_utils.py:413} INFO - Настроены URL сервисов: ['document_processor', 'translator', 'quality_assurance', 'airflow']
[2025-09-27T21:43:17.976+0000] {processor.py:840} INFO - DAG(s) 'orchestrator_dag' retrieved from /opt/airflow/dags/orchestrator_dag.py
[2025-09-27T21:43:18.001+0000] {logging_mixin.py:188} INFO - [2025-09-27T21:43:18.001+0000] {dag.py:3036} INFO - Sync 1 DAGs
[2025-09-27T21:43:18.011+0000] {logging_mixin.py:188} INFO - [2025-09-27T21:43:18.010+0000] {dag.py:3823} INFO - Setting next_dagrun for orchestrator_dag to None, run_after=None
[2025-09-27T21:43:18.022+0000] {processor.py:183} INFO - Processing /opt/airflow/dags/orchestrator_dag.py took 0.065 seconds
[2025-09-27T21:43:48.413+0000] {processor.py:161} INFO - Started process (PID=564) to work on /opt/airflow/dags/orchestrator_dag.py
[2025-09-27T21:43:48.413+0000] {processor.py:830} INFO - Processing file /opt/airflow/dags/orchestrator_dag.py for tasks to queue
[2025-09-27T21:43:48.415+0000] {logging_mixin.py:188} INFO - [2025-09-27T21:43:48.414+0000] {dagbag.py:538} INFO - Filling up the DagBag from /opt/airflow/dags/orchestrator_dag.py
[2025-09-27T21:43:48.424+0000] {logging_mixin.py:188} INFO - [2025-09-27T21:43:48.423+0000] {shared_utils.py:409} INFO - Инициализированы пути обработки: ['input_pdf', 'temp_dir', 'output_md', 'logs', 'work_dir']
[2025-09-27T21:43:48.424+0000] {logging_mixin.py:188} INFO - [2025-09-27T21:43:48.424+0000] {shared_utils.py:413} INFO - Настроены URL сервисов: ['document_processor', 'translator', 'quality_assurance', 'airflow']
[2025-09-27T21:43:48.430+0000] {processor.py:840} INFO - DAG(s) 'orchestrator_dag' retrieved from /opt/airflow/dags/orchestrator_dag.py
[2025-09-27T21:43:48.455+0000] {logging_mixin.py:188} INFO - [2025-09-27T21:43:48.455+0000] {dag.py:3036} INFO - Sync 1 DAGs
[2025-09-27T21:43:48.465+0000] {logging_mixin.py:188} INFO - [2025-09-27T21:43:48.465+0000] {dag.py:3823} INFO - Setting next_dagrun for orchestrator_dag to None, run_after=None
[2025-09-27T21:43:48.476+0000] {processor.py:183} INFO - Processing /opt/airflow/dags/orchestrator_dag.py took 0.066 seconds
[2025-09-27T21:44:18.672+0000] {processor.py:161} INFO - Started process (PID=577) to work on /opt/airflow/dags/orchestrator_dag.py
[2025-09-27T21:44:18.673+0000] {processor.py:830} INFO - Processing file /opt/airflow/dags/orchestrator_dag.py for tasks to queue
[2025-09-27T21:44:18.674+0000] {logging_mixin.py:188} INFO - [2025-09-27T21:44:18.674+0000] {dagbag.py:538} INFO - Filling up the DagBag from /opt/airflow/dags/orchestrator_dag.py
[2025-09-27T21:44:18.683+0000] {logging_mixin.py:188} INFO - [2025-09-27T21:44:18.683+0000] {shared_utils.py:409} INFO - Инициализированы пути обработки: ['input_pdf', 'temp_dir', 'output_md', 'logs', 'work_dir']
[2025-09-27T21:44:18.683+0000] {logging_mixin.py:188} INFO - [2025-09-27T21:44:18.683+0000] {shared_utils.py:413} INFO - Настроены URL сервисов: ['document_processor', 'translator', 'quality_assurance', 'airflow']
[2025-09-27T21:44:18.689+0000] {processor.py:840} INFO - DAG(s) 'orchestrator_dag' retrieved from /opt/airflow/dags/orchestrator_dag.py
[2025-09-27T21:44:18.714+0000] {logging_mixin.py:188} INFO - [2025-09-27T21:44:18.714+0000] {dag.py:3036} INFO - Sync 1 DAGs
[2025-09-27T21:44:18.724+0000] {logging_mixin.py:188} INFO - [2025-09-27T21:44:18.724+0000] {dag.py:3823} INFO - Setting next_dagrun for orchestrator_dag to None, run_after=None
[2025-09-27T21:44:18.735+0000] {processor.py:183} INFO - Processing /opt/airflow/dags/orchestrator_dag.py took 0.066 seconds
[2025-09-27T21:44:48.929+0000] {processor.py:161} INFO - Started process (PID=590) to work on /opt/airflow/dags/orchestrator_dag.py
[2025-09-27T21:44:48.930+0000] {processor.py:830} INFO - Processing file /opt/airflow/dags/orchestrator_dag.py for tasks to queue
[2025-09-27T21:44:48.931+0000] {logging_mixin.py:188} INFO - [2025-09-27T21:44:48.931+0000] {dagbag.py:538} INFO - Filling up the DagBag from /opt/airflow/dags/orchestrator_dag.py
[2025-09-27T21:44:48.940+0000] {logging_mixin.py:188} INFO - [2025-09-27T21:44:48.940+0000] {shared_utils.py:409} INFO - Инициализированы пути обработки: ['input_pdf', 'temp_dir', 'output_md', 'logs', 'work_dir']
[2025-09-27T21:44:48.940+0000] {logging_mixin.py:188} INFO - [2025-09-27T21:44:48.940+0000] {shared_utils.py:413} INFO - Настроены URL сервисов: ['document_processor', 'translator', 'quality_assurance', 'airflow']
[2025-09-27T21:44:48.947+0000] {processor.py:840} INFO - DAG(s) 'orchestrator_dag' retrieved from /opt/airflow/dags/orchestrator_dag.py
[2025-09-27T21:44:48.972+0000] {logging_mixin.py:188} INFO - [2025-09-27T21:44:48.971+0000] {dag.py:3036} INFO - Sync 1 DAGs
[2025-09-27T21:44:48.982+0000] {logging_mixin.py:188} INFO - [2025-09-27T21:44:48.982+0000] {dag.py:3823} INFO - Setting next_dagrun for orchestrator_dag to None, run_after=None
[2025-09-27T21:44:48.994+0000] {processor.py:183} INFO - Processing /opt/airflow/dags/orchestrator_dag.py took 0.067 seconds
[2025-09-27T21:45:19.188+0000] {processor.py:161} INFO - Started process (PID=603) to work on /opt/airflow/dags/orchestrator_dag.py
[2025-09-27T21:45:19.189+0000] {processor.py:830} INFO - Processing file /opt/airflow/dags/orchestrator_dag.py for tasks to queue
[2025-09-27T21:45:19.190+0000] {logging_mixin.py:188} INFO - [2025-09-27T21:45:19.190+0000] {dagbag.py:538} INFO - Filling up the DagBag from /opt/airflow/dags/orchestrator_dag.py
[2025-09-27T21:45:19.199+0000] {logging_mixin.py:188} INFO - [2025-09-27T21:45:19.199+0000] {shared_utils.py:409} INFO - Инициализированы пути обработки: ['input_pdf', 'temp_dir', 'output_md', 'logs', 'work_dir']
[2025-09-27T21:45:19.199+0000] {logging_mixin.py:188} INFO - [2025-09-27T21:45:19.199+0000] {shared_utils.py:413} INFO - Настроены URL сервисов: ['document_processor', 'translator', 'quality_assurance', 'airflow']
[2025-09-27T21:45:19.205+0000] {processor.py:840} INFO - DAG(s) 'orchestrator_dag' retrieved from /opt/airflow/dags/orchestrator_dag.py
[2025-09-27T21:45:19.231+0000] {logging_mixin.py:188} INFO - [2025-09-27T21:45:19.231+0000] {dag.py:3036} INFO - Sync 1 DAGs
[2025-09-27T21:45:19.241+0000] {logging_mixin.py:188} INFO - [2025-09-27T21:45:19.241+0000] {dag.py:3823} INFO - Setting next_dagrun for orchestrator_dag to None, run_after=None
[2025-09-27T21:45:19.253+0000] {processor.py:183} INFO - Processing /opt/airflow/dags/orchestrator_dag.py took 0.067 seconds
[2025-09-27T21:45:49.559+0000] {processor.py:161} INFO - Started process (PID=615) to work on /opt/airflow/dags/orchestrator_dag.py
[2025-09-27T21:45:49.559+0000] {processor.py:830} INFO - Processing file /opt/airflow/dags/orchestrator_dag.py for tasks to queue
[2025-09-27T21:45:49.561+0000] {logging_mixin.py:188} INFO - [2025-09-27T21:45:49.560+0000] {dagbag.py:538} INFO - Filling up the DagBag from /opt/airflow/dags/orchestrator_dag.py
[2025-09-27T21:45:49.570+0000] {logging_mixin.py:188} INFO - [2025-09-27T21:45:49.570+0000] {shared_utils.py:409} INFO - Инициализированы пути обработки: ['input_pdf', 'temp_dir', 'output_md', 'logs', 'work_dir']
[2025-09-27T21:45:49.570+0000] {logging_mixin.py:188} INFO - [2025-09-27T21:45:49.570+0000] {shared_utils.py:413} INFO - Настроены URL сервисов: ['document_processor', 'translator', 'quality_assurance', 'airflow']
[2025-09-27T21:45:49.576+0000] {processor.py:840} INFO - DAG(s) 'orchestrator_dag' retrieved from /opt/airflow/dags/orchestrator_dag.py
[2025-09-27T21:45:49.601+0000] {logging_mixin.py:188} INFO - [2025-09-27T21:45:49.601+0000] {dag.py:3036} INFO - Sync 1 DAGs
[2025-09-27T21:45:49.611+0000] {logging_mixin.py:188} INFO - [2025-09-27T21:45:49.611+0000] {dag.py:3823} INFO - Setting next_dagrun for orchestrator_dag to None, run_after=None
[2025-09-27T21:45:49.622+0000] {processor.py:183} INFO - Processing /opt/airflow/dags/orchestrator_dag.py took 0.066 seconds
[2025-09-27T21:46:19.950+0000] {processor.py:161} INFO - Started process (PID=628) to work on /opt/airflow/dags/orchestrator_dag.py
[2025-09-27T21:46:19.950+0000] {processor.py:830} INFO - Processing file /opt/airflow/dags/orchestrator_dag.py for tasks to queue
[2025-09-27T21:46:19.952+0000] {logging_mixin.py:188} INFO - [2025-09-27T21:46:19.951+0000] {dagbag.py:538} INFO - Filling up the DagBag from /opt/airflow/dags/orchestrator_dag.py
[2025-09-27T21:46:19.961+0000] {logging_mixin.py:188} INFO - [2025-09-27T21:46:19.961+0000] {shared_utils.py:409} INFO - Инициализированы пути обработки: ['input_pdf', 'temp_dir', 'output_md', 'logs', 'work_dir']
[2025-09-27T21:46:19.961+0000] {logging_mixin.py:188} INFO - [2025-09-27T21:46:19.961+0000] {shared_utils.py:413} INFO - Настроены URL сервисов: ['document_processor', 'translator', 'quality_assurance', 'airflow']
[2025-09-27T21:46:19.967+0000] {processor.py:840} INFO - DAG(s) 'orchestrator_dag' retrieved from /opt/airflow/dags/orchestrator_dag.py
[2025-09-27T21:46:19.993+0000] {logging_mixin.py:188} INFO - [2025-09-27T21:46:19.993+0000] {dag.py:3036} INFO - Sync 1 DAGs
[2025-09-27T21:46:20.003+0000] {logging_mixin.py:188} INFO - [2025-09-27T21:46:20.003+0000] {dag.py:3823} INFO - Setting next_dagrun for orchestrator_dag to None, run_after=None
[2025-09-27T21:46:20.014+0000] {processor.py:183} INFO - Processing /opt/airflow/dags/orchestrator_dag.py took 0.067 seconds
[2025-09-27T21:46:50.401+0000] {processor.py:161} INFO - Started process (PID=641) to work on /opt/airflow/dags/orchestrator_dag.py
[2025-09-27T21:46:50.401+0000] {processor.py:830} INFO - Processing file /opt/airflow/dags/orchestrator_dag.py for tasks to queue
[2025-09-27T21:46:50.402+0000] {logging_mixin.py:188} INFO - [2025-09-27T21:46:50.402+0000] {dagbag.py:538} INFO - Filling up the DagBag from /opt/airflow/dags/orchestrator_dag.py
[2025-09-27T21:46:50.412+0000] {logging_mixin.py:188} INFO - [2025-09-27T21:46:50.412+0000] {shared_utils.py:409} INFO - Инициализированы пути обработки: ['input_pdf', 'temp_dir', 'output_md', 'logs', 'work_dir']
[2025-09-27T21:46:50.412+0000] {logging_mixin.py:188} INFO - [2025-09-27T21:46:50.412+0000] {shared_utils.py:413} INFO - Настроены URL сервисов: ['document_processor', 'translator', 'quality_assurance', 'airflow']
[2025-09-27T21:46:50.418+0000] {processor.py:840} INFO - DAG(s) 'orchestrator_dag' retrieved from /opt/airflow/dags/orchestrator_dag.py
[2025-09-27T21:46:50.444+0000] {logging_mixin.py:188} INFO - [2025-09-27T21:46:50.444+0000] {dag.py:3036} INFO - Sync 1 DAGs
[2025-09-27T21:46:50.454+0000] {logging_mixin.py:188} INFO - [2025-09-27T21:46:50.454+0000] {dag.py:3823} INFO - Setting next_dagrun for orchestrator_dag to None, run_after=None
[2025-09-27T21:46:50.465+0000] {processor.py:183} INFO - Processing /opt/airflow/dags/orchestrator_dag.py took 0.067 seconds
[2025-09-27T21:47:20.932+0000] {processor.py:161} INFO - Started process (PID=654) to work on /opt/airflow/dags/orchestrator_dag.py
[2025-09-27T21:47:20.932+0000] {processor.py:830} INFO - Processing file /opt/airflow/dags/orchestrator_dag.py for tasks to queue
[2025-09-27T21:47:20.933+0000] {logging_mixin.py:188} INFO - [2025-09-27T21:47:20.933+0000] {dagbag.py:538} INFO - Filling up the DagBag from /opt/airflow/dags/orchestrator_dag.py
[2025-09-27T21:47:20.943+0000] {logging_mixin.py:188} INFO - [2025-09-27T21:47:20.943+0000] {shared_utils.py:409} INFO - Инициализированы пути обработки: ['input_pdf', 'temp_dir', 'output_md', 'logs', 'work_dir']
[2025-09-27T21:47:20.943+0000] {logging_mixin.py:188} INFO - [2025-09-27T21:47:20.943+0000] {shared_utils.py:413} INFO - Настроены URL сервисов: ['document_processor', 'translator', 'quality_assurance', 'airflow']
[2025-09-27T21:47:20.949+0000] {processor.py:840} INFO - DAG(s) 'orchestrator_dag' retrieved from /opt/airflow/dags/orchestrator_dag.py
[2025-09-27T21:47:20.975+0000] {logging_mixin.py:188} INFO - [2025-09-27T21:47:20.975+0000] {dag.py:3036} INFO - Sync 1 DAGs
[2025-09-27T21:47:20.985+0000] {logging_mixin.py:188} INFO - [2025-09-27T21:47:20.985+0000] {dag.py:3823} INFO - Setting next_dagrun for orchestrator_dag to None, run_after=None
[2025-09-27T21:47:20.997+0000] {processor.py:183} INFO - Processing /opt/airflow/dags/orchestrator_dag.py took 0.067 seconds
[2025-09-27T21:47:51.315+0000] {processor.py:161} INFO - Started process (PID=667) to work on /opt/airflow/dags/orchestrator_dag.py
[2025-09-27T21:47:51.315+0000] {processor.py:830} INFO - Processing file /opt/airflow/dags/orchestrator_dag.py for tasks to queue
[2025-09-27T21:47:51.317+0000] {logging_mixin.py:188} INFO - [2025-09-27T21:47:51.316+0000] {dagbag.py:538} INFO - Filling up the DagBag from /opt/airflow/dags/orchestrator_dag.py
[2025-09-27T21:47:51.326+0000] {logging_mixin.py:188} INFO - [2025-09-27T21:47:51.326+0000] {shared_utils.py:409} INFO - Инициализированы пути обработки: ['input_pdf', 'temp_dir', 'output_md', 'logs', 'work_dir']
[2025-09-27T21:47:51.326+0000] {logging_mixin.py:188} INFO - [2025-09-27T21:47:51.326+0000] {shared_utils.py:413} INFO - Настроены URL сервисов: ['document_processor', 'translator', 'quality_assurance', 'airflow']
[2025-09-27T21:47:51.332+0000] {processor.py:840} INFO - DAG(s) 'orchestrator_dag' retrieved from /opt/airflow/dags/orchestrator_dag.py
[2025-09-27T21:47:51.358+0000] {logging_mixin.py:188} INFO - [2025-09-27T21:47:51.358+0000] {dag.py:3036} INFO - Sync 1 DAGs
[2025-09-27T21:47:51.368+0000] {logging_mixin.py:188} INFO - [2025-09-27T21:47:51.367+0000] {dag.py:3823} INFO - Setting next_dagrun for orchestrator_dag to None, run_after=None
[2025-09-27T21:47:51.379+0000] {processor.py:183} INFO - Processing /opt/airflow/dags/orchestrator_dag.py took 0.067 seconds
[2025-09-27T21:48:21.694+0000] {processor.py:161} INFO - Started process (PID=680) to work on /opt/airflow/dags/orchestrator_dag.py
[2025-09-27T21:48:21.695+0000] {processor.py:830} INFO - Processing file /opt/airflow/dags/orchestrator_dag.py for tasks to queue
[2025-09-27T21:48:21.696+0000] {logging_mixin.py:188} INFO - [2025-09-27T21:48:21.696+0000] {dagbag.py:538} INFO - Filling up the DagBag from /opt/airflow/dags/orchestrator_dag.py
[2025-09-27T21:48:21.705+0000] {logging_mixin.py:188} INFO - [2025-09-27T21:48:21.705+0000] {shared_utils.py:409} INFO - Инициализированы пути обработки: ['input_pdf', 'temp_dir', 'output_md', 'logs', 'work_dir']
[2025-09-27T21:48:21.706+0000] {logging_mixin.py:188} INFO - [2025-09-27T21:48:21.705+0000] {shared_utils.py:413} INFO - Настроены URL сервисов: ['document_processor', 'translator', 'quality_assurance', 'airflow']
[2025-09-27T21:48:21.712+0000] {processor.py:840} INFO - DAG(s) 'orchestrator_dag' retrieved from /opt/airflow/dags/orchestrator_dag.py
[2025-09-27T21:48:21.737+0000] {logging_mixin.py:188} INFO - [2025-09-27T21:48:21.737+0000] {dag.py:3036} INFO - Sync 1 DAGs
[2025-09-27T21:48:21.747+0000] {logging_mixin.py:188} INFO - [2025-09-27T21:48:21.747+0000] {dag.py:3823} INFO - Setting next_dagrun for orchestrator_dag to None, run_after=None
[2025-09-27T21:48:21.758+0000] {processor.py:183} INFO - Processing /opt/airflow/dags/orchestrator_dag.py took 0.066 seconds
[2025-09-27T21:48:52.140+0000] {processor.py:161} INFO - Started process (PID=693) to work on /opt/airflow/dags/orchestrator_dag.py
[2025-09-27T21:48:52.141+0000] {processor.py:830} INFO - Processing file /opt/airflow/dags/orchestrator_dag.py for tasks to queue
[2025-09-27T21:48:52.142+0000] {logging_mixin.py:188} INFO - [2025-09-27T21:48:52.142+0000] {dagbag.py:538} INFO - Filling up the DagBag from /opt/airflow/dags/orchestrator_dag.py
[2025-09-27T21:48:52.152+0000] {logging_mixin.py:188} INFO - [2025-09-27T21:48:52.151+0000] {shared_utils.py:409} INFO - Инициализированы пути обработки: ['input_pdf', 'temp_dir', 'output_md', 'logs', 'work_dir']
[2025-09-27T21:48:52.152+0000] {logging_mixin.py:188} INFO - [2025-09-27T21:48:52.152+0000] {shared_utils.py:413} INFO - Настроены URL сервисов: ['document_processor', 'translator', 'quality_assurance', 'airflow']
[2025-09-27T21:48:52.158+0000] {processor.py:840} INFO - DAG(s) 'orchestrator_dag' retrieved from /opt/airflow/dags/orchestrator_dag.py
[2025-09-27T21:48:52.184+0000] {logging_mixin.py:188} INFO - [2025-09-27T21:48:52.183+0000] {dag.py:3036} INFO - Sync 1 DAGs
[2025-09-27T21:48:52.193+0000] {logging_mixin.py:188} INFO - [2025-09-27T21:48:52.193+0000] {dag.py:3823} INFO - Setting next_dagrun for orchestrator_dag to None, run_after=None
[2025-09-27T21:48:52.205+0000] {processor.py:183} INFO - Processing /opt/airflow/dags/orchestrator_dag.py took 0.067 seconds
[2025-09-27T21:49:22.669+0000] {processor.py:161} INFO - Started process (PID=706) to work on /opt/airflow/dags/orchestrator_dag.py
[2025-09-27T21:49:22.670+0000] {processor.py:830} INFO - Processing file /opt/airflow/dags/orchestrator_dag.py for tasks to queue
[2025-09-27T21:49:22.671+0000] {logging_mixin.py:188} INFO - [2025-09-27T21:49:22.671+0000] {dagbag.py:538} INFO - Filling up the DagBag from /opt/airflow/dags/orchestrator_dag.py
[2025-09-27T21:49:22.681+0000] {logging_mixin.py:188} INFO - [2025-09-27T21:49:22.680+0000] {shared_utils.py:409} INFO - Инициализированы пути обработки: ['input_pdf', 'temp_dir', 'output_md', 'logs', 'work_dir']
[2025-09-27T21:49:22.681+0000] {logging_mixin.py:188} INFO - [2025-09-27T21:49:22.681+0000] {shared_utils.py:413} INFO - Настроены URL сервисов: ['document_processor', 'translator', 'quality_assurance', 'airflow']
[2025-09-27T21:49:22.687+0000] {processor.py:840} INFO - DAG(s) 'orchestrator_dag' retrieved from /opt/airflow/dags/orchestrator_dag.py
[2025-09-27T21:49:22.712+0000] {logging_mixin.py:188} INFO - [2025-09-27T21:49:22.712+0000] {dag.py:3036} INFO - Sync 1 DAGs
[2025-09-27T21:49:22.722+0000] {logging_mixin.py:188} INFO - [2025-09-27T21:49:22.722+0000] {dag.py:3823} INFO - Setting next_dagrun for orchestrator_dag to None, run_after=None
[2025-09-27T21:49:22.734+0000] {processor.py:183} INFO - Processing /opt/airflow/dags/orchestrator_dag.py took 0.066 seconds
[2025-09-27T21:49:53.047+0000] {processor.py:161} INFO - Started process (PID=719) to work on /opt/airflow/dags/orchestrator_dag.py
[2025-09-27T21:49:53.048+0000] {processor.py:830} INFO - Processing file /opt/airflow/dags/orchestrator_dag.py for tasks to queue
[2025-09-27T21:49:53.049+0000] {logging_mixin.py:188} INFO - [2025-09-27T21:49:53.049+0000] {dagbag.py:538} INFO - Filling up the DagBag from /opt/airflow/dags/orchestrator_dag.py
[2025-09-27T21:49:53.058+0000] {logging_mixin.py:188} INFO - [2025-09-27T21:49:53.058+0000] {shared_utils.py:409} INFO - Инициализированы пути обработки: ['input_pdf', 'temp_dir', 'output_md', 'logs', 'work_dir']
[2025-09-27T21:49:53.058+0000] {logging_mixin.py:188} INFO - [2025-09-27T21:49:53.058+0000] {shared_utils.py:413} INFO - Настроены URL сервисов: ['document_processor', 'translator', 'quality_assurance', 'airflow']
[2025-09-27T21:49:53.064+0000] {processor.py:840} INFO - DAG(s) 'orchestrator_dag' retrieved from /opt/airflow/dags/orchestrator_dag.py
[2025-09-27T21:49:53.090+0000] {logging_mixin.py:188} INFO - [2025-09-27T21:49:53.090+0000] {dag.py:3036} INFO - Sync 1 DAGs
[2025-09-27T21:49:53.100+0000] {logging_mixin.py:188} INFO - [2025-09-27T21:49:53.100+0000] {dag.py:3823} INFO - Setting next_dagrun for orchestrator_dag to None, run_after=None
[2025-09-27T21:49:53.112+0000] {processor.py:183} INFO - Processing /opt/airflow/dags/orchestrator_dag.py took 0.067 seconds
[2025-09-27T21:50:23.427+0000] {processor.py:161} INFO - Started process (PID=732) to work on /opt/airflow/dags/orchestrator_dag.py
[2025-09-27T21:50:23.427+0000] {processor.py:830} INFO - Processing file /opt/airflow/dags/orchestrator_dag.py for tasks to queue
[2025-09-27T21:50:23.429+0000] {logging_mixin.py:188} INFO - [2025-09-27T21:50:23.428+0000] {dagbag.py:538} INFO - Filling up the DagBag from /opt/airflow/dags/orchestrator_dag.py
[2025-09-27T21:50:23.438+0000] {logging_mixin.py:188} INFO - [2025-09-27T21:50:23.438+0000] {shared_utils.py:409} INFO - Инициализированы пути обработки: ['input_pdf', 'temp_dir', 'output_md', 'logs', 'work_dir']
[2025-09-27T21:50:23.438+0000] {logging_mixin.py:188} INFO - [2025-09-27T21:50:23.438+0000] {shared_utils.py:413} INFO - Настроены URL сервисов: ['document_processor', 'translator', 'quality_assurance', 'airflow']
[2025-09-27T21:50:23.444+0000] {processor.py:840} INFO - DAG(s) 'orchestrator_dag' retrieved from /opt/airflow/dags/orchestrator_dag.py
[2025-09-27T21:50:23.470+0000] {logging_mixin.py:188} INFO - [2025-09-27T21:50:23.470+0000] {dag.py:3036} INFO - Sync 1 DAGs
[2025-09-27T21:50:23.480+0000] {logging_mixin.py:188} INFO - [2025-09-27T21:50:23.480+0000] {dag.py:3823} INFO - Setting next_dagrun for orchestrator_dag to None, run_after=None
[2025-09-27T21:50:23.491+0000] {processor.py:183} INFO - Processing /opt/airflow/dags/orchestrator_dag.py took 0.067 seconds
[2025-09-27T21:50:53.807+0000] {processor.py:161} INFO - Started process (PID=745) to work on /opt/airflow/dags/orchestrator_dag.py
[2025-09-27T21:50:53.807+0000] {processor.py:830} INFO - Processing file /opt/airflow/dags/orchestrator_dag.py for tasks to queue
[2025-09-27T21:50:53.808+0000] {logging_mixin.py:188} INFO - [2025-09-27T21:50:53.808+0000] {dagbag.py:538} INFO - Filling up the DagBag from /opt/airflow/dags/orchestrator_dag.py
[2025-09-27T21:50:53.818+0000] {logging_mixin.py:188} INFO - [2025-09-27T21:50:53.818+0000] {shared_utils.py:409} INFO - Инициализированы пути обработки: ['input_pdf', 'temp_dir', 'output_md', 'logs', 'work_dir']
[2025-09-27T21:50:53.818+0000] {logging_mixin.py:188} INFO - [2025-09-27T21:50:53.818+0000] {shared_utils.py:413} INFO - Настроены URL сервисов: ['document_processor', 'translator', 'quality_assurance', 'airflow']
[2025-09-27T21:50:53.824+0000] {processor.py:840} INFO - DAG(s) 'orchestrator_dag' retrieved from /opt/airflow/dags/orchestrator_dag.py
[2025-09-27T21:50:53.850+0000] {logging_mixin.py:188} INFO - [2025-09-27T21:50:53.850+0000] {dag.py:3036} INFO - Sync 1 DAGs
[2025-09-27T21:50:53.860+0000] {logging_mixin.py:188} INFO - [2025-09-27T21:50:53.859+0000] {dag.py:3823} INFO - Setting next_dagrun for orchestrator_dag to None, run_after=None
[2025-09-27T21:50:53.871+0000] {processor.py:183} INFO - Processing /opt/airflow/dags/orchestrator_dag.py took 0.067 seconds
[2025-09-27T21:51:24.343+0000] {processor.py:161} INFO - Started process (PID=758) to work on /opt/airflow/dags/orchestrator_dag.py
[2025-09-27T21:51:24.344+0000] {processor.py:830} INFO - Processing file /opt/airflow/dags/orchestrator_dag.py for tasks to queue
[2025-09-27T21:51:24.345+0000] {logging_mixin.py:188} INFO - [2025-09-27T21:51:24.345+0000] {dagbag.py:538} INFO - Filling up the DagBag from /opt/airflow/dags/orchestrator_dag.py
[2025-09-27T21:51:24.354+0000] {logging_mixin.py:188} INFO - [2025-09-27T21:51:24.354+0000] {shared_utils.py:409} INFO - Инициализированы пути обработки: ['input_pdf', 'temp_dir', 'output_md', 'logs', 'work_dir']
[2025-09-27T21:51:24.354+0000] {logging_mixin.py:188} INFO - [2025-09-27T21:51:24.354+0000] {shared_utils.py:413} INFO - Настроены URL сервисов: ['document_processor', 'translator', 'quality_assurance', 'airflow']
[2025-09-27T21:51:24.360+0000] {processor.py:840} INFO - DAG(s) 'orchestrator_dag' retrieved from /opt/airflow/dags/orchestrator_dag.py
[2025-09-27T21:51:24.386+0000] {logging_mixin.py:188} INFO - [2025-09-27T21:51:24.386+0000] {dag.py:3036} INFO - Sync 1 DAGs
[2025-09-27T21:51:24.396+0000] {logging_mixin.py:188} INFO - [2025-09-27T21:51:24.395+0000] {dag.py:3823} INFO - Setting next_dagrun for orchestrator_dag to None, run_after=None
[2025-09-27T21:51:24.407+0000] {processor.py:183} INFO - Processing /opt/airflow/dags/orchestrator_dag.py took 0.066 seconds
[2025-09-27T21:51:54.718+0000] {processor.py:161} INFO - Started process (PID=771) to work on /opt/airflow/dags/orchestrator_dag.py
[2025-09-27T21:51:54.719+0000] {processor.py:830} INFO - Processing file /opt/airflow/dags/orchestrator_dag.py for tasks to queue
[2025-09-27T21:51:54.720+0000] {logging_mixin.py:188} INFO - [2025-09-27T21:51:54.720+0000] {dagbag.py:538} INFO - Filling up the DagBag from /opt/airflow/dags/orchestrator_dag.py
[2025-09-27T21:51:54.729+0000] {logging_mixin.py:188} INFO - [2025-09-27T21:51:54.729+0000] {shared_utils.py:409} INFO - Инициализированы пути обработки: ['input_pdf', 'temp_dir', 'output_md', 'logs', 'work_dir']
[2025-09-27T21:51:54.729+0000] {logging_mixin.py:188} INFO - [2025-09-27T21:51:54.729+0000] {shared_utils.py:413} INFO - Настроены URL сервисов: ['document_processor', 'translator', 'quality_assurance', 'airflow']
[2025-09-27T21:51:54.735+0000] {processor.py:840} INFO - DAG(s) 'orchestrator_dag' retrieved from /opt/airflow/dags/orchestrator_dag.py
[2025-09-27T21:51:54.761+0000] {logging_mixin.py:188} INFO - [2025-09-27T21:51:54.761+0000] {dag.py:3036} INFO - Sync 1 DAGs
[2025-09-27T21:51:54.771+0000] {logging_mixin.py:188} INFO - [2025-09-27T21:51:54.771+0000] {dag.py:3823} INFO - Setting next_dagrun for orchestrator_dag to None, run_after=None
[2025-09-27T21:51:54.782+0000] {processor.py:183} INFO - Processing /opt/airflow/dags/orchestrator_dag.py took 0.066 seconds
[2025-09-27T21:52:25.100+0000] {processor.py:161} INFO - Started process (PID=784) to work on /opt/airflow/dags/orchestrator_dag.py
[2025-09-27T21:52:25.101+0000] {processor.py:830} INFO - Processing file /opt/airflow/dags/orchestrator_dag.py for tasks to queue
[2025-09-27T21:52:25.102+0000] {logging_mixin.py:188} INFO - [2025-09-27T21:52:25.102+0000] {dagbag.py:538} INFO - Filling up the DagBag from /opt/airflow/dags/orchestrator_dag.py
[2025-09-27T21:52:25.111+0000] {logging_mixin.py:188} INFO - [2025-09-27T21:52:25.111+0000] {shared_utils.py:409} INFO - Инициализированы пути обработки: ['input_pdf', 'temp_dir', 'output_md', 'logs', 'work_dir']
[2025-09-27T21:52:25.112+0000] {logging_mixin.py:188} INFO - [2025-09-27T21:52:25.112+0000] {shared_utils.py:413} INFO - Настроены URL сервисов: ['document_processor', 'translator', 'quality_assurance', 'airflow']
[2025-09-27T21:52:25.118+0000] {processor.py:840} INFO - DAG(s) 'orchestrator_dag' retrieved from /opt/airflow/dags/orchestrator_dag.py
[2025-09-27T21:52:25.144+0000] {logging_mixin.py:188} INFO - [2025-09-27T21:52:25.144+0000] {dag.py:3036} INFO - Sync 1 DAGs
[2025-09-27T21:52:25.154+0000] {logging_mixin.py:188} INFO - [2025-09-27T21:52:25.154+0000] {dag.py:3823} INFO - Setting next_dagrun for orchestrator_dag to None, run_after=None
[2025-09-27T21:52:25.166+0000] {processor.py:183} INFO - Processing /opt/airflow/dags/orchestrator_dag.py took 0.067 seconds
[2025-09-27T21:52:55.553+0000] {processor.py:161} INFO - Started process (PID=797) to work on /opt/airflow/dags/orchestrator_dag.py
[2025-09-27T21:52:55.553+0000] {processor.py:830} INFO - Processing file /opt/airflow/dags/orchestrator_dag.py for tasks to queue
[2025-09-27T21:52:55.554+0000] {logging_mixin.py:188} INFO - [2025-09-27T21:52:55.554+0000] {dagbag.py:538} INFO - Filling up the DagBag from /opt/airflow/dags/orchestrator_dag.py
[2025-09-27T21:52:55.564+0000] {logging_mixin.py:188} INFO - [2025-09-27T21:52:55.563+0000] {shared_utils.py:409} INFO - Инициализированы пути обработки: ['input_pdf', 'temp_dir', 'output_md', 'logs', 'work_dir']
[2025-09-27T21:52:55.564+0000] {logging_mixin.py:188} INFO - [2025-09-27T21:52:55.564+0000] {shared_utils.py:413} INFO - Настроены URL сервисов: ['document_processor', 'translator', 'quality_assurance', 'airflow']
[2025-09-27T21:52:55.570+0000] {processor.py:840} INFO - DAG(s) 'orchestrator_dag' retrieved from /opt/airflow/dags/orchestrator_dag.py
[2025-09-27T21:52:55.596+0000] {logging_mixin.py:188} INFO - [2025-09-27T21:52:55.595+0000] {dag.py:3036} INFO - Sync 1 DAGs
[2025-09-27T21:52:55.605+0000] {logging_mixin.py:188} INFO - [2025-09-27T21:52:55.605+0000] {dag.py:3823} INFO - Setting next_dagrun for orchestrator_dag to None, run_after=None
[2025-09-27T21:52:55.617+0000] {processor.py:183} INFO - Processing /opt/airflow/dags/orchestrator_dag.py took 0.066 seconds
[2025-09-27T21:53:26.034+0000] {processor.py:161} INFO - Started process (PID=810) to work on /opt/airflow/dags/orchestrator_dag.py
[2025-09-27T21:53:26.034+0000] {processor.py:830} INFO - Processing file /opt/airflow/dags/orchestrator_dag.py for tasks to queue
[2025-09-27T21:53:26.036+0000] {logging_mixin.py:188} INFO - [2025-09-27T21:53:26.035+0000] {dagbag.py:538} INFO - Filling up the DagBag from /opt/airflow/dags/orchestrator_dag.py
[2025-09-27T21:53:26.045+0000] {logging_mixin.py:188} INFO - [2025-09-27T21:53:26.045+0000] {shared_utils.py:409} INFO - Инициализированы пути обработки: ['input_pdf', 'temp_dir', 'output_md', 'logs', 'work_dir']
[2025-09-27T21:53:26.045+0000] {logging_mixin.py:188} INFO - [2025-09-27T21:53:26.045+0000] {shared_utils.py:413} INFO - Настроены URL сервисов: ['document_processor', 'translator', 'quality_assurance', 'airflow']
[2025-09-27T21:53:26.051+0000] {processor.py:840} INFO - DAG(s) 'orchestrator_dag' retrieved from /opt/airflow/dags/orchestrator_dag.py
[2025-09-27T21:53:26.079+0000] {logging_mixin.py:188} INFO - [2025-09-27T21:53:26.079+0000] {dag.py:3036} INFO - Sync 1 DAGs
[2025-09-27T21:53:26.089+0000] {logging_mixin.py:188} INFO - [2025-09-27T21:53:26.089+0000] {dag.py:3823} INFO - Setting next_dagrun for orchestrator_dag to None, run_after=None
[2025-09-27T21:53:26.102+0000] {processor.py:183} INFO - Processing /opt/airflow/dags/orchestrator_dag.py took 0.070 seconds
[2025-09-27T21:53:56.417+0000] {processor.py:161} INFO - Started process (PID=823) to work on /opt/airflow/dags/orchestrator_dag.py
[2025-09-27T21:53:56.417+0000] {processor.py:830} INFO - Processing file /opt/airflow/dags/orchestrator_dag.py for tasks to queue
[2025-09-27T21:53:56.418+0000] {logging_mixin.py:188} INFO - [2025-09-27T21:53:56.418+0000] {dagbag.py:538} INFO - Filling up the DagBag from /opt/airflow/dags/orchestrator_dag.py
[2025-09-27T21:53:56.428+0000] {logging_mixin.py:188} INFO - [2025-09-27T21:53:56.428+0000] {shared_utils.py:409} INFO - Инициализированы пути обработки: ['input_pdf', 'temp_dir', 'output_md', 'logs', 'work_dir']
[2025-09-27T21:53:56.428+0000] {logging_mixin.py:188} INFO - [2025-09-27T21:53:56.428+0000] {shared_utils.py:413} INFO - Настроены URL сервисов: ['document_processor', 'translator', 'quality_assurance', 'airflow']
[2025-09-27T21:53:56.434+0000] {processor.py:840} INFO - DAG(s) 'orchestrator_dag' retrieved from /opt/airflow/dags/orchestrator_dag.py
[2025-09-27T21:53:56.462+0000] {logging_mixin.py:188} INFO - [2025-09-27T21:53:56.462+0000] {dag.py:3036} INFO - Sync 1 DAGs
[2025-09-27T21:53:56.472+0000] {logging_mixin.py:188} INFO - [2025-09-27T21:53:56.472+0000] {dag.py:3823} INFO - Setting next_dagrun for orchestrator_dag to None, run_after=None
[2025-09-27T21:53:56.484+0000] {processor.py:183} INFO - Processing /opt/airflow/dags/orchestrator_dag.py took 0.069 seconds
[2025-09-27T21:54:26.807+0000] {processor.py:161} INFO - Started process (PID=836) to work on /opt/airflow/dags/orchestrator_dag.py
[2025-09-27T21:54:26.808+0000] {processor.py:830} INFO - Processing file /opt/airflow/dags/orchestrator_dag.py for tasks to queue
[2025-09-27T21:54:26.809+0000] {logging_mixin.py:188} INFO - [2025-09-27T21:54:26.809+0000] {dagbag.py:538} INFO - Filling up the DagBag from /opt/airflow/dags/orchestrator_dag.py
[2025-09-27T21:54:26.818+0000] {logging_mixin.py:188} INFO - [2025-09-27T21:54:26.818+0000] {shared_utils.py:409} INFO - Инициализированы пути обработки: ['input_pdf', 'temp_dir', 'output_md', 'logs', 'work_dir']
[2025-09-27T21:54:26.819+0000] {logging_mixin.py:188} INFO - [2025-09-27T21:54:26.819+0000] {shared_utils.py:413} INFO - Настроены URL сервисов: ['document_processor', 'translator', 'quality_assurance', 'airflow']
[2025-09-27T21:54:26.825+0000] {processor.py:840} INFO - DAG(s) 'orchestrator_dag' retrieved from /opt/airflow/dags/orchestrator_dag.py
[2025-09-27T21:54:26.851+0000] {logging_mixin.py:188} INFO - [2025-09-27T21:54:26.851+0000] {dag.py:3036} INFO - Sync 1 DAGs
[2025-09-27T21:54:26.860+0000] {logging_mixin.py:188} INFO - [2025-09-27T21:54:26.860+0000] {dag.py:3823} INFO - Setting next_dagrun for orchestrator_dag to None, run_after=None
[2025-09-27T21:54:26.872+0000] {processor.py:183} INFO - Processing /opt/airflow/dags/orchestrator_dag.py took 0.067 seconds
[2025-09-27T21:54:57.260+0000] {processor.py:161} INFO - Started process (PID=849) to work on /opt/airflow/dags/orchestrator_dag.py
[2025-09-27T21:54:57.261+0000] {processor.py:830} INFO - Processing file /opt/airflow/dags/orchestrator_dag.py for tasks to queue
[2025-09-27T21:54:57.262+0000] {logging_mixin.py:188} INFO - [2025-09-27T21:54:57.262+0000] {dagbag.py:538} INFO - Filling up the DagBag from /opt/airflow/dags/orchestrator_dag.py
[2025-09-27T21:54:57.272+0000] {logging_mixin.py:188} INFO - [2025-09-27T21:54:57.271+0000] {shared_utils.py:409} INFO - Инициализированы пути обработки: ['input_pdf', 'temp_dir', 'output_md', 'logs', 'work_dir']
[2025-09-27T21:54:57.272+0000] {logging_mixin.py:188} INFO - [2025-09-27T21:54:57.272+0000] {shared_utils.py:413} INFO - Настроены URL сервисов: ['document_processor', 'translator', 'quality_assurance', 'airflow']
[2025-09-27T21:54:57.278+0000] {processor.py:840} INFO - DAG(s) 'orchestrator_dag' retrieved from /opt/airflow/dags/orchestrator_dag.py
[2025-09-27T21:54:57.306+0000] {logging_mixin.py:188} INFO - [2025-09-27T21:54:57.306+0000] {dag.py:3036} INFO - Sync 1 DAGs
[2025-09-27T21:54:57.316+0000] {logging_mixin.py:188} INFO - [2025-09-27T21:54:57.316+0000] {dag.py:3823} INFO - Setting next_dagrun for orchestrator_dag to None, run_after=None
[2025-09-27T21:54:57.329+0000] {processor.py:183} INFO - Processing /opt/airflow/dags/orchestrator_dag.py took 0.070 seconds
[2025-09-27T21:55:27.749+0000] {processor.py:161} INFO - Started process (PID=862) to work on /opt/airflow/dags/orchestrator_dag.py
[2025-09-27T21:55:27.749+0000] {processor.py:830} INFO - Processing file /opt/airflow/dags/orchestrator_dag.py for tasks to queue
[2025-09-27T21:55:27.751+0000] {logging_mixin.py:188} INFO - [2025-09-27T21:55:27.750+0000] {dagbag.py:538} INFO - Filling up the DagBag from /opt/airflow/dags/orchestrator_dag.py
[2025-09-27T21:55:27.760+0000] {logging_mixin.py:188} INFO - [2025-09-27T21:55:27.760+0000] {shared_utils.py:409} INFO - Инициализированы пути обработки: ['input_pdf', 'temp_dir', 'output_md', 'logs', 'work_dir']
[2025-09-27T21:55:27.760+0000] {logging_mixin.py:188} INFO - [2025-09-27T21:55:27.760+0000] {shared_utils.py:413} INFO - Настроены URL сервисов: ['document_processor', 'translator', 'quality_assurance', 'airflow']
[2025-09-27T21:55:27.766+0000] {processor.py:840} INFO - DAG(s) 'orchestrator_dag' retrieved from /opt/airflow/dags/orchestrator_dag.py
[2025-09-27T21:55:27.792+0000] {logging_mixin.py:188} INFO - [2025-09-27T21:55:27.792+0000] {dag.py:3036} INFO - Sync 1 DAGs
[2025-09-27T21:55:27.802+0000] {logging_mixin.py:188} INFO - [2025-09-27T21:55:27.801+0000] {dag.py:3823} INFO - Setting next_dagrun for orchestrator_dag to None, run_after=None
[2025-09-27T21:55:27.813+0000] {processor.py:183} INFO - Processing /opt/airflow/dags/orchestrator_dag.py took 0.066 seconds
[2025-09-27T21:55:58.129+0000] {processor.py:161} INFO - Started process (PID=875) to work on /opt/airflow/dags/orchestrator_dag.py
[2025-09-27T21:55:58.129+0000] {processor.py:830} INFO - Processing file /opt/airflow/dags/orchestrator_dag.py for tasks to queue
[2025-09-27T21:55:58.131+0000] {logging_mixin.py:188} INFO - [2025-09-27T21:55:58.130+0000] {dagbag.py:538} INFO - Filling up the DagBag from /opt/airflow/dags/orchestrator_dag.py
[2025-09-27T21:55:58.140+0000] {logging_mixin.py:188} INFO - [2025-09-27T21:55:58.140+0000] {shared_utils.py:409} INFO - Инициализированы пути обработки: ['input_pdf', 'temp_dir', 'output_md', 'logs', 'work_dir']
[2025-09-27T21:55:58.140+0000] {logging_mixin.py:188} INFO - [2025-09-27T21:55:58.140+0000] {shared_utils.py:413} INFO - Настроены URL сервисов: ['document_processor', 'translator', 'quality_assurance', 'airflow']
[2025-09-27T21:55:58.146+0000] {processor.py:840} INFO - DAG(s) 'orchestrator_dag' retrieved from /opt/airflow/dags/orchestrator_dag.py
[2025-09-27T21:55:58.174+0000] {logging_mixin.py:188} INFO - [2025-09-27T21:55:58.174+0000] {dag.py:3036} INFO - Sync 1 DAGs
[2025-09-27T21:55:58.185+0000] {logging_mixin.py:188} INFO - [2025-09-27T21:55:58.185+0000] {dag.py:3823} INFO - Setting next_dagrun for orchestrator_dag to None, run_after=None
[2025-09-27T21:55:58.197+0000] {processor.py:183} INFO - Processing /opt/airflow/dags/orchestrator_dag.py took 0.070 seconds
[2025-09-27T21:56:28.605+0000] {processor.py:161} INFO - Started process (PID=888) to work on /opt/airflow/dags/orchestrator_dag.py
[2025-09-27T21:56:28.605+0000] {processor.py:830} INFO - Processing file /opt/airflow/dags/orchestrator_dag.py for tasks to queue
[2025-09-27T21:56:28.607+0000] {logging_mixin.py:188} INFO - [2025-09-27T21:56:28.606+0000] {dagbag.py:538} INFO - Filling up the DagBag from /opt/airflow/dags/orchestrator_dag.py
[2025-09-27T21:56:28.616+0000] {logging_mixin.py:188} INFO - [2025-09-27T21:56:28.616+0000] {shared_utils.py:409} INFO - Инициализированы пути обработки: ['input_pdf', 'temp_dir', 'output_md', 'logs', 'work_dir']
[2025-09-27T21:56:28.616+0000] {logging_mixin.py:188} INFO - [2025-09-27T21:56:28.616+0000] {shared_utils.py:413} INFO - Настроены URL сервисов: ['document_processor', 'translator', 'quality_assurance', 'airflow']
[2025-09-27T21:56:28.623+0000] {processor.py:840} INFO - DAG(s) 'orchestrator_dag' retrieved from /opt/airflow/dags/orchestrator_dag.py
[2025-09-27T21:56:28.648+0000] {logging_mixin.py:188} INFO - [2025-09-27T21:56:28.648+0000] {dag.py:3036} INFO - Sync 1 DAGs
[2025-09-27T21:56:28.658+0000] {logging_mixin.py:188} INFO - [2025-09-27T21:56:28.658+0000] {dag.py:3823} INFO - Setting next_dagrun for orchestrator_dag to None, run_after=None
[2025-09-27T21:56:28.669+0000] {processor.py:183} INFO - Processing /opt/airflow/dags/orchestrator_dag.py took 0.066 seconds
[2025-09-27T21:56:59.137+0000] {processor.py:161} INFO - Started process (PID=901) to work on /opt/airflow/dags/orchestrator_dag.py
[2025-09-27T21:56:59.138+0000] {processor.py:830} INFO - Processing file /opt/airflow/dags/orchestrator_dag.py for tasks to queue
[2025-09-27T21:56:59.139+0000] {logging_mixin.py:188} INFO - [2025-09-27T21:56:59.138+0000] {dagbag.py:538} INFO - Filling up the DagBag from /opt/airflow/dags/orchestrator_dag.py
[2025-09-27T21:56:59.148+0000] {logging_mixin.py:188} INFO - [2025-09-27T21:56:59.148+0000] {shared_utils.py:409} INFO - Инициализированы пути обработки: ['input_pdf', 'temp_dir', 'output_md', 'logs', 'work_dir']
[2025-09-27T21:56:59.148+0000] {logging_mixin.py:188} INFO - [2025-09-27T21:56:59.148+0000] {shared_utils.py:413} INFO - Настроены URL сервисов: ['document_processor', 'translator', 'quality_assurance', 'airflow']
[2025-09-27T21:56:59.155+0000] {processor.py:840} INFO - DAG(s) 'orchestrator_dag' retrieved from /opt/airflow/dags/orchestrator_dag.py
[2025-09-27T21:56:59.181+0000] {logging_mixin.py:188} INFO - [2025-09-27T21:56:59.181+0000] {dag.py:3036} INFO - Sync 1 DAGs
[2025-09-27T21:56:59.190+0000] {logging_mixin.py:188} INFO - [2025-09-27T21:56:59.190+0000] {dag.py:3823} INFO - Setting next_dagrun for orchestrator_dag to None, run_after=None
[2025-09-27T21:56:59.202+0000] {processor.py:183} INFO - Processing /opt/airflow/dags/orchestrator_dag.py took 0.067 seconds
[2025-09-27T21:57:29.522+0000] {processor.py:161} INFO - Started process (PID=914) to work on /opt/airflow/dags/orchestrator_dag.py
[2025-09-27T21:57:29.523+0000] {processor.py:830} INFO - Processing file /opt/airflow/dags/orchestrator_dag.py for tasks to queue
[2025-09-27T21:57:29.524+0000] {logging_mixin.py:188} INFO - [2025-09-27T21:57:29.524+0000] {dagbag.py:538} INFO - Filling up the DagBag from /opt/airflow/dags/orchestrator_dag.py
[2025-09-27T21:57:29.533+0000] {logging_mixin.py:188} INFO - [2025-09-27T21:57:29.533+0000] {shared_utils.py:409} INFO - Инициализированы пути обработки: ['input_pdf', 'temp_dir', 'output_md', 'logs', 'work_dir']
[2025-09-27T21:57:29.534+0000] {logging_mixin.py:188} INFO - [2025-09-27T21:57:29.533+0000] {shared_utils.py:413} INFO - Настроены URL сервисов: ['document_processor', 'translator', 'quality_assurance', 'airflow']
[2025-09-27T21:57:29.540+0000] {processor.py:840} INFO - DAG(s) 'orchestrator_dag' retrieved from /opt/airflow/dags/orchestrator_dag.py
[2025-09-27T21:57:29.565+0000] {logging_mixin.py:188} INFO - [2025-09-27T21:57:29.565+0000] {dag.py:3036} INFO - Sync 1 DAGs
[2025-09-27T21:57:29.575+0000] {logging_mixin.py:188} INFO - [2025-09-27T21:57:29.575+0000] {dag.py:3823} INFO - Setting next_dagrun for orchestrator_dag to None, run_after=None
[2025-09-27T21:57:29.586+0000] {processor.py:183} INFO - Processing /opt/airflow/dags/orchestrator_dag.py took 0.066 seconds
[2025-09-27T21:57:59.905+0000] {processor.py:161} INFO - Started process (PID=927) to work on /opt/airflow/dags/orchestrator_dag.py
[2025-09-27T21:57:59.906+0000] {processor.py:830} INFO - Processing file /opt/airflow/dags/orchestrator_dag.py for tasks to queue
[2025-09-27T21:57:59.907+0000] {logging_mixin.py:188} INFO - [2025-09-27T21:57:59.907+0000] {dagbag.py:538} INFO - Filling up the DagBag from /opt/airflow/dags/orchestrator_dag.py
[2025-09-27T21:57:59.916+0000] {logging_mixin.py:188} INFO - [2025-09-27T21:57:59.916+0000] {shared_utils.py:409} INFO - Инициализированы пути обработки: ['input_pdf', 'temp_dir', 'output_md', 'logs', 'work_dir']
[2025-09-27T21:57:59.916+0000] {logging_mixin.py:188} INFO - [2025-09-27T21:57:59.916+0000] {shared_utils.py:413} INFO - Настроены URL сервисов: ['document_processor', 'translator', 'quality_assurance', 'airflow']
[2025-09-27T21:57:59.922+0000] {processor.py:840} INFO - DAG(s) 'orchestrator_dag' retrieved from /opt/airflow/dags/orchestrator_dag.py
[2025-09-27T21:57:59.948+0000] {logging_mixin.py:188} INFO - [2025-09-27T21:57:59.948+0000] {dag.py:3036} INFO - Sync 1 DAGs
[2025-09-27T21:57:59.958+0000] {logging_mixin.py:188} INFO - [2025-09-27T21:57:59.957+0000] {dag.py:3823} INFO - Setting next_dagrun for orchestrator_dag to None, run_after=None
[2025-09-27T21:57:59.969+0000] {processor.py:183} INFO - Processing /opt/airflow/dags/orchestrator_dag.py took 0.066 seconds
[2025-09-27T21:58:30.357+0000] {processor.py:161} INFO - Started process (PID=940) to work on /opt/airflow/dags/orchestrator_dag.py
[2025-09-27T21:58:30.357+0000] {processor.py:830} INFO - Processing file /opt/airflow/dags/orchestrator_dag.py for tasks to queue
[2025-09-27T21:58:30.358+0000] {logging_mixin.py:188} INFO - [2025-09-27T21:58:30.358+0000] {dagbag.py:538} INFO - Filling up the DagBag from /opt/airflow/dags/orchestrator_dag.py
[2025-09-27T21:58:30.368+0000] {logging_mixin.py:188} INFO - [2025-09-27T21:58:30.367+0000] {shared_utils.py:409} INFO - Инициализированы пути обработки: ['input_pdf', 'temp_dir', 'output_md', 'logs', 'work_dir']
[2025-09-27T21:58:30.368+0000] {logging_mixin.py:188} INFO - [2025-09-27T21:58:30.368+0000] {shared_utils.py:413} INFO - Настроены URL сервисов: ['document_processor', 'translator', 'quality_assurance', 'airflow']
[2025-09-27T21:58:30.374+0000] {processor.py:840} INFO - DAG(s) 'orchestrator_dag' retrieved from /opt/airflow/dags/orchestrator_dag.py
[2025-09-27T21:58:30.400+0000] {logging_mixin.py:188} INFO - [2025-09-27T21:58:30.400+0000] {dag.py:3036} INFO - Sync 1 DAGs
[2025-09-27T21:58:30.410+0000] {logging_mixin.py:188} INFO - [2025-09-27T21:58:30.410+0000] {dag.py:3823} INFO - Setting next_dagrun for orchestrator_dag to None, run_after=None
[2025-09-27T21:58:30.421+0000] {processor.py:183} INFO - Processing /opt/airflow/dags/orchestrator_dag.py took 0.067 seconds
[2025-09-27T21:59:00.891+0000] {processor.py:161} INFO - Started process (PID=953) to work on /opt/airflow/dags/orchestrator_dag.py
[2025-09-27T21:59:00.892+0000] {processor.py:830} INFO - Processing file /opt/airflow/dags/orchestrator_dag.py for tasks to queue
[2025-09-27T21:59:00.893+0000] {logging_mixin.py:188} INFO - [2025-09-27T21:59:00.893+0000] {dagbag.py:538} INFO - Filling up the DagBag from /opt/airflow/dags/orchestrator_dag.py
[2025-09-27T21:59:00.902+0000] {logging_mixin.py:188} INFO - [2025-09-27T21:59:00.902+0000] {shared_utils.py:409} INFO - Инициализированы пути обработки: ['input_pdf', 'temp_dir', 'output_md', 'logs', 'work_dir']
[2025-09-27T21:59:00.903+0000] {logging_mixin.py:188} INFO - [2025-09-27T21:59:00.903+0000] {shared_utils.py:413} INFO - Настроены URL сервисов: ['document_processor', 'translator', 'quality_assurance', 'airflow']
[2025-09-27T21:59:00.909+0000] {processor.py:840} INFO - DAG(s) 'orchestrator_dag' retrieved from /opt/airflow/dags/orchestrator_dag.py
[2025-09-27T21:59:00.934+0000] {logging_mixin.py:188} INFO - [2025-09-27T21:59:00.934+0000] {dag.py:3036} INFO - Sync 1 DAGs
[2025-09-27T21:59:00.944+0000] {logging_mixin.py:188} INFO - [2025-09-27T21:59:00.944+0000] {dag.py:3823} INFO - Setting next_dagrun for orchestrator_dag to None, run_after=None
[2025-09-27T21:59:00.955+0000] {processor.py:183} INFO - Processing /opt/airflow/dags/orchestrator_dag.py took 0.067 seconds
[2025-09-27T21:59:31.276+0000] {processor.py:161} INFO - Started process (PID=966) to work on /opt/airflow/dags/orchestrator_dag.py
[2025-09-27T21:59:31.276+0000] {processor.py:830} INFO - Processing file /opt/airflow/dags/orchestrator_dag.py for tasks to queue
[2025-09-27T21:59:31.277+0000] {logging_mixin.py:188} INFO - [2025-09-27T21:59:31.277+0000] {dagbag.py:538} INFO - Filling up the DagBag from /opt/airflow/dags/orchestrator_dag.py
[2025-09-27T21:59:31.287+0000] {logging_mixin.py:188} INFO - [2025-09-27T21:59:31.286+0000] {shared_utils.py:409} INFO - Инициализированы пути обработки: ['input_pdf', 'temp_dir', 'output_md', 'logs', 'work_dir']
[2025-09-27T21:59:31.287+0000] {logging_mixin.py:188} INFO - [2025-09-27T21:59:31.287+0000] {shared_utils.py:413} INFO - Настроены URL сервисов: ['document_processor', 'translator', 'quality_assurance', 'airflow']
[2025-09-27T21:59:31.293+0000] {processor.py:840} INFO - DAG(s) 'orchestrator_dag' retrieved from /opt/airflow/dags/orchestrator_dag.py
[2025-09-27T21:59:31.319+0000] {logging_mixin.py:188} INFO - [2025-09-27T21:59:31.319+0000] {dag.py:3036} INFO - Sync 1 DAGs
[2025-09-27T21:59:31.329+0000] {logging_mixin.py:188} INFO - [2025-09-27T21:59:31.328+0000] {dag.py:3823} INFO - Setting next_dagrun for orchestrator_dag to None, run_after=None
[2025-09-27T21:59:31.340+0000] {processor.py:183} INFO - Processing /opt/airflow/dags/orchestrator_dag.py took 0.067 seconds
[2025-09-27T22:00:01.658+0000] {processor.py:161} INFO - Started process (PID=979) to work on /opt/airflow/dags/orchestrator_dag.py
[2025-09-27T22:00:01.659+0000] {processor.py:830} INFO - Processing file /opt/airflow/dags/orchestrator_dag.py for tasks to queue
[2025-09-27T22:00:01.660+0000] {logging_mixin.py:188} INFO - [2025-09-27T22:00:01.660+0000] {dagbag.py:538} INFO - Filling up the DagBag from /opt/airflow/dags/orchestrator_dag.py
[2025-09-27T22:00:01.669+0000] {logging_mixin.py:188} INFO - [2025-09-27T22:00:01.669+0000] {shared_utils.py:409} INFO - Инициализированы пути обработки: ['input_pdf', 'temp_dir', 'output_md', 'logs', 'work_dir']
[2025-09-27T22:00:01.669+0000] {logging_mixin.py:188} INFO - [2025-09-27T22:00:01.669+0000] {shared_utils.py:413} INFO - Настроены URL сервисов: ['document_processor', 'translator', 'quality_assurance', 'airflow']
[2025-09-27T22:00:01.676+0000] {processor.py:840} INFO - DAG(s) 'orchestrator_dag' retrieved from /opt/airflow/dags/orchestrator_dag.py
[2025-09-27T22:00:01.701+0000] {logging_mixin.py:188} INFO - [2025-09-27T22:00:01.701+0000] {dag.py:3036} INFO - Sync 1 DAGs
[2025-09-27T22:00:01.711+0000] {logging_mixin.py:188} INFO - [2025-09-27T22:00:01.711+0000] {dag.py:3823} INFO - Setting next_dagrun for orchestrator_dag to None, run_after=None
[2025-09-27T22:00:01.722+0000] {processor.py:183} INFO - Processing /opt/airflow/dags/orchestrator_dag.py took 0.067 seconds
[2025-09-27T22:00:32.114+0000] {processor.py:161} INFO - Started process (PID=992) to work on /opt/airflow/dags/orchestrator_dag.py
[2025-09-27T22:00:32.115+0000] {processor.py:830} INFO - Processing file /opt/airflow/dags/orchestrator_dag.py for tasks to queue
[2025-09-27T22:00:32.116+0000] {logging_mixin.py:188} INFO - [2025-09-27T22:00:32.116+0000] {dagbag.py:538} INFO - Filling up the DagBag from /opt/airflow/dags/orchestrator_dag.py
[2025-09-27T22:00:32.125+0000] {logging_mixin.py:188} INFO - [2025-09-27T22:00:32.125+0000] {shared_utils.py:409} INFO - Инициализированы пути обработки: ['input_pdf', 'temp_dir', 'output_md', 'logs', 'work_dir']
[2025-09-27T22:00:32.126+0000] {logging_mixin.py:188} INFO - [2025-09-27T22:00:32.126+0000] {shared_utils.py:413} INFO - Настроены URL сервисов: ['document_processor', 'translator', 'quality_assurance', 'airflow']
[2025-09-27T22:00:32.132+0000] {processor.py:840} INFO - DAG(s) 'orchestrator_dag' retrieved from /opt/airflow/dags/orchestrator_dag.py
[2025-09-27T22:00:32.160+0000] {logging_mixin.py:188} INFO - [2025-09-27T22:00:32.159+0000] {dag.py:3036} INFO - Sync 1 DAGs
[2025-09-27T22:00:32.170+0000] {logging_mixin.py:188} INFO - [2025-09-27T22:00:32.170+0000] {dag.py:3823} INFO - Setting next_dagrun for orchestrator_dag to None, run_after=None
[2025-09-27T22:00:32.182+0000] {processor.py:183} INFO - Processing /opt/airflow/dags/orchestrator_dag.py took 0.070 seconds
[2025-09-27T22:01:02.603+0000] {processor.py:161} INFO - Started process (PID=1005) to work on /opt/airflow/dags/orchestrator_dag.py
[2025-09-27T22:01:02.603+0000] {processor.py:830} INFO - Processing file /opt/airflow/dags/orchestrator_dag.py for tasks to queue
[2025-09-27T22:01:02.604+0000] {logging_mixin.py:188} INFO - [2025-09-27T22:01:02.604+0000] {dagbag.py:538} INFO - Filling up the DagBag from /opt/airflow/dags/orchestrator_dag.py
[2025-09-27T22:01:02.614+0000] {logging_mixin.py:188} INFO - [2025-09-27T22:01:02.613+0000] {shared_utils.py:409} INFO - Инициализированы пути обработки: ['input_pdf', 'temp_dir', 'output_md', 'logs', 'work_dir']
[2025-09-27T22:01:02.614+0000] {logging_mixin.py:188} INFO - [2025-09-27T22:01:02.614+0000] {shared_utils.py:413} INFO - Настроены URL сервисов: ['document_processor', 'translator', 'quality_assurance', 'airflow']
[2025-09-27T22:01:02.620+0000] {processor.py:840} INFO - DAG(s) 'orchestrator_dag' retrieved from /opt/airflow/dags/orchestrator_dag.py
[2025-09-27T22:01:02.648+0000] {logging_mixin.py:188} INFO - [2025-09-27T22:01:02.648+0000] {dag.py:3036} INFO - Sync 1 DAGs
[2025-09-27T22:01:02.658+0000] {logging_mixin.py:188} INFO - [2025-09-27T22:01:02.658+0000] {dag.py:3823} INFO - Setting next_dagrun for orchestrator_dag to None, run_after=None
[2025-09-27T22:01:02.670+0000] {processor.py:183} INFO - Processing /opt/airflow/dags/orchestrator_dag.py took 0.069 seconds
[2025-09-27T22:01:32.996+0000] {processor.py:161} INFO - Started process (PID=1018) to work on /opt/airflow/dags/orchestrator_dag.py
[2025-09-27T22:01:32.997+0000] {processor.py:830} INFO - Processing file /opt/airflow/dags/orchestrator_dag.py for tasks to queue
[2025-09-27T22:01:32.998+0000] {logging_mixin.py:188} INFO - [2025-09-27T22:01:32.998+0000] {dagbag.py:538} INFO - Filling up the DagBag from /opt/airflow/dags/orchestrator_dag.py
[2025-09-27T22:01:33.007+0000] {logging_mixin.py:188} INFO - [2025-09-27T22:01:33.007+0000] {shared_utils.py:409} INFO - Инициализированы пути обработки: ['input_pdf', 'temp_dir', 'output_md', 'logs', 'work_dir']
[2025-09-27T22:01:33.008+0000] {logging_mixin.py:188} INFO - [2025-09-27T22:01:33.008+0000] {shared_utils.py:413} INFO - Настроены URL сервисов: ['document_processor', 'translator', 'quality_assurance', 'airflow']
[2025-09-27T22:01:33.014+0000] {processor.py:840} INFO - DAG(s) 'orchestrator_dag' retrieved from /opt/airflow/dags/orchestrator_dag.py
[2025-09-27T22:01:33.040+0000] {logging_mixin.py:188} INFO - [2025-09-27T22:01:33.040+0000] {dag.py:3036} INFO - Sync 1 DAGs
[2025-09-27T22:01:33.050+0000] {logging_mixin.py:188} INFO - [2025-09-27T22:01:33.050+0000] {dag.py:3823} INFO - Setting next_dagrun for orchestrator_dag to None, run_after=None
[2025-09-27T22:01:33.062+0000] {processor.py:183} INFO - Processing /opt/airflow/dags/orchestrator_dag.py took 0.067 seconds
[2025-09-27T22:02:03.382+0000] {processor.py:161} INFO - Started process (PID=1031) to work on /opt/airflow/dags/orchestrator_dag.py
[2025-09-27T22:02:03.383+0000] {processor.py:830} INFO - Processing file /opt/airflow/dags/orchestrator_dag.py for tasks to queue
[2025-09-27T22:02:03.384+0000] {logging_mixin.py:188} INFO - [2025-09-27T22:02:03.384+0000] {dagbag.py:538} INFO - Filling up the DagBag from /opt/airflow/dags/orchestrator_dag.py
[2025-09-27T22:02:03.393+0000] {logging_mixin.py:188} INFO - [2025-09-27T22:02:03.393+0000] {shared_utils.py:409} INFO - Инициализированы пути обработки: ['input_pdf', 'temp_dir', 'output_md', 'logs', 'work_dir']
[2025-09-27T22:02:03.393+0000] {logging_mixin.py:188} INFO - [2025-09-27T22:02:03.393+0000] {shared_utils.py:413} INFO - Настроены URL сервисов: ['document_processor', 'translator', 'quality_assurance', 'airflow']
[2025-09-27T22:02:03.399+0000] {processor.py:840} INFO - DAG(s) 'orchestrator_dag' retrieved from /opt/airflow/dags/orchestrator_dag.py
[2025-09-27T22:02:03.425+0000] {logging_mixin.py:188} INFO - [2025-09-27T22:02:03.425+0000] {dag.py:3036} INFO - Sync 1 DAGs
[2025-09-27T22:02:03.435+0000] {logging_mixin.py:188} INFO - [2025-09-27T22:02:03.435+0000] {dag.py:3823} INFO - Setting next_dagrun for orchestrator_dag to None, run_after=None
[2025-09-27T22:02:03.447+0000] {processor.py:183} INFO - Processing /opt/airflow/dags/orchestrator_dag.py took 0.067 seconds
[2025-09-27T22:02:33.839+0000] {processor.py:161} INFO - Started process (PID=1044) to work on /opt/airflow/dags/orchestrator_dag.py
[2025-09-27T22:02:33.840+0000] {processor.py:830} INFO - Processing file /opt/airflow/dags/orchestrator_dag.py for tasks to queue
[2025-09-27T22:02:33.841+0000] {logging_mixin.py:188} INFO - [2025-09-27T22:02:33.841+0000] {dagbag.py:538} INFO - Filling up the DagBag from /opt/airflow/dags/orchestrator_dag.py
[2025-09-27T22:02:33.850+0000] {logging_mixin.py:188} INFO - [2025-09-27T22:02:33.850+0000] {shared_utils.py:409} INFO - Инициализированы пути обработки: ['input_pdf', 'temp_dir', 'output_md', 'logs', 'work_dir']
[2025-09-27T22:02:33.850+0000] {logging_mixin.py:188} INFO - [2025-09-27T22:02:33.850+0000] {shared_utils.py:413} INFO - Настроены URL сервисов: ['document_processor', 'translator', 'quality_assurance', 'airflow']
[2025-09-27T22:02:33.857+0000] {processor.py:840} INFO - DAG(s) 'orchestrator_dag' retrieved from /opt/airflow/dags/orchestrator_dag.py
[2025-09-27T22:02:33.882+0000] {logging_mixin.py:188} INFO - [2025-09-27T22:02:33.882+0000] {dag.py:3036} INFO - Sync 1 DAGs
[2025-09-27T22:02:33.891+0000] {logging_mixin.py:188} INFO - [2025-09-27T22:02:33.891+0000] {dag.py:3823} INFO - Setting next_dagrun for orchestrator_dag to None, run_after=None
[2025-09-27T22:02:33.903+0000] {processor.py:183} INFO - Processing /opt/airflow/dags/orchestrator_dag.py took 0.066 seconds
[2025-09-27T22:03:04.327+0000] {processor.py:161} INFO - Started process (PID=1057) to work on /opt/airflow/dags/orchestrator_dag.py
[2025-09-27T22:03:04.328+0000] {processor.py:830} INFO - Processing file /opt/airflow/dags/orchestrator_dag.py for tasks to queue
[2025-09-27T22:03:04.329+0000] {logging_mixin.py:188} INFO - [2025-09-27T22:03:04.329+0000] {dagbag.py:538} INFO - Filling up the DagBag from /opt/airflow/dags/orchestrator_dag.py
[2025-09-27T22:03:04.338+0000] {logging_mixin.py:188} INFO - [2025-09-27T22:03:04.338+0000] {shared_utils.py:409} INFO - Инициализированы пути обработки: ['input_pdf', 'temp_dir', 'output_md', 'logs', 'work_dir']
[2025-09-27T22:03:04.338+0000] {logging_mixin.py:188} INFO - [2025-09-27T22:03:04.338+0000] {shared_utils.py:413} INFO - Настроены URL сервисов: ['document_processor', 'translator', 'quality_assurance', 'airflow']
[2025-09-27T22:03:04.344+0000] {processor.py:840} INFO - DAG(s) 'orchestrator_dag' retrieved from /opt/airflow/dags/orchestrator_dag.py
[2025-09-27T22:03:04.370+0000] {logging_mixin.py:188} INFO - [2025-09-27T22:03:04.370+0000] {dag.py:3036} INFO - Sync 1 DAGs
[2025-09-27T22:03:04.380+0000] {logging_mixin.py:188} INFO - [2025-09-27T22:03:04.380+0000] {dag.py:3823} INFO - Setting next_dagrun for orchestrator_dag to None, run_after=None
[2025-09-27T22:03:04.391+0000] {processor.py:183} INFO - Processing /opt/airflow/dags/orchestrator_dag.py took 0.067 seconds
[2025-09-27T22:03:34.713+0000] {processor.py:161} INFO - Started process (PID=1070) to work on /opt/airflow/dags/orchestrator_dag.py
[2025-09-27T22:03:34.714+0000] {processor.py:830} INFO - Processing file /opt/airflow/dags/orchestrator_dag.py for tasks to queue
[2025-09-27T22:03:34.715+0000] {logging_mixin.py:188} INFO - [2025-09-27T22:03:34.715+0000] {dagbag.py:538} INFO - Filling up the DagBag from /opt/airflow/dags/orchestrator_dag.py
[2025-09-27T22:03:34.724+0000] {logging_mixin.py:188} INFO - [2025-09-27T22:03:34.724+0000] {shared_utils.py:409} INFO - Инициализированы пути обработки: ['input_pdf', 'temp_dir', 'output_md', 'logs', 'work_dir']
[2025-09-27T22:03:34.725+0000] {logging_mixin.py:188} INFO - [2025-09-27T22:03:34.725+0000] {shared_utils.py:413} INFO - Настроены URL сервисов: ['document_processor', 'translator', 'quality_assurance', 'airflow']
[2025-09-27T22:03:34.731+0000] {processor.py:840} INFO - DAG(s) 'orchestrator_dag' retrieved from /opt/airflow/dags/orchestrator_dag.py
[2025-09-27T22:03:34.757+0000] {logging_mixin.py:188} INFO - [2025-09-27T22:03:34.756+0000] {dag.py:3036} INFO - Sync 1 DAGs
[2025-09-27T22:03:34.766+0000] {logging_mixin.py:188} INFO - [2025-09-27T22:03:34.766+0000] {dag.py:3823} INFO - Setting next_dagrun for orchestrator_dag to None, run_after=None
[2025-09-27T22:03:34.777+0000] {processor.py:183} INFO - Processing /opt/airflow/dags/orchestrator_dag.py took 0.066 seconds
[2025-09-27T22:04:05.097+0000] {processor.py:161} INFO - Started process (PID=1083) to work on /opt/airflow/dags/orchestrator_dag.py
[2025-09-27T22:04:05.098+0000] {processor.py:830} INFO - Processing file /opt/airflow/dags/orchestrator_dag.py for tasks to queue
[2025-09-27T22:04:05.099+0000] {logging_mixin.py:188} INFO - [2025-09-27T22:04:05.099+0000] {dagbag.py:538} INFO - Filling up the DagBag from /opt/airflow/dags/orchestrator_dag.py
[2025-09-27T22:04:05.108+0000] {logging_mixin.py:188} INFO - [2025-09-27T22:04:05.108+0000] {shared_utils.py:409} INFO - Инициализированы пути обработки: ['input_pdf', 'temp_dir', 'output_md', 'logs', 'work_dir']
[2025-09-27T22:04:05.108+0000] {logging_mixin.py:188} INFO - [2025-09-27T22:04:05.108+0000] {shared_utils.py:413} INFO - Настроены URL сервисов: ['document_processor', 'translator', 'quality_assurance', 'airflow']
[2025-09-27T22:04:05.115+0000] {processor.py:840} INFO - DAG(s) 'orchestrator_dag' retrieved from /opt/airflow/dags/orchestrator_dag.py
[2025-09-27T22:04:05.141+0000] {logging_mixin.py:188} INFO - [2025-09-27T22:04:05.140+0000] {dag.py:3036} INFO - Sync 1 DAGs
[2025-09-27T22:04:05.150+0000] {logging_mixin.py:188} INFO - [2025-09-27T22:04:05.150+0000] {dag.py:3823} INFO - Setting next_dagrun for orchestrator_dag to None, run_after=None
[2025-09-27T22:04:05.162+0000] {processor.py:183} INFO - Processing /opt/airflow/dags/orchestrator_dag.py took 0.067 seconds
[2025-09-27T22:04:35.559+0000] {processor.py:161} INFO - Started process (PID=1096) to work on /opt/airflow/dags/orchestrator_dag.py
[2025-09-27T22:04:35.559+0000] {processor.py:830} INFO - Processing file /opt/airflow/dags/orchestrator_dag.py for tasks to queue
[2025-09-27T22:04:35.561+0000] {logging_mixin.py:188} INFO - [2025-09-27T22:04:35.561+0000] {dagbag.py:538} INFO - Filling up the DagBag from /opt/airflow/dags/orchestrator_dag.py
[2025-09-27T22:04:35.570+0000] {logging_mixin.py:188} INFO - [2025-09-27T22:04:35.570+0000] {shared_utils.py:409} INFO - Инициализированы пути обработки: ['input_pdf', 'temp_dir', 'output_md', 'logs', 'work_dir']
[2025-09-27T22:04:35.570+0000] {logging_mixin.py:188} INFO - [2025-09-27T22:04:35.570+0000] {shared_utils.py:413} INFO - Настроены URL сервисов: ['document_processor', 'translator', 'quality_assurance', 'airflow']
[2025-09-27T22:04:35.577+0000] {processor.py:840} INFO - DAG(s) 'orchestrator_dag' retrieved from /opt/airflow/dags/orchestrator_dag.py
[2025-09-27T22:04:35.602+0000] {logging_mixin.py:188} INFO - [2025-09-27T22:04:35.602+0000] {dag.py:3036} INFO - Sync 1 DAGs
[2025-09-27T22:04:35.612+0000] {logging_mixin.py:188} INFO - [2025-09-27T22:04:35.612+0000] {dag.py:3823} INFO - Setting next_dagrun for orchestrator_dag to None, run_after=None
[2025-09-27T22:04:35.623+0000] {processor.py:183} INFO - Processing /opt/airflow/dags/orchestrator_dag.py took 0.066 seconds
[2025-09-27T22:05:06.041+0000] {processor.py:161} INFO - Started process (PID=1109) to work on /opt/airflow/dags/orchestrator_dag.py
[2025-09-27T22:05:06.042+0000] {processor.py:830} INFO - Processing file /opt/airflow/dags/orchestrator_dag.py for tasks to queue
[2025-09-27T22:05:06.043+0000] {logging_mixin.py:188} INFO - [2025-09-27T22:05:06.043+0000] {dagbag.py:538} INFO - Filling up the DagBag from /opt/airflow/dags/orchestrator_dag.py
[2025-09-27T22:05:06.052+0000] {logging_mixin.py:188} INFO - [2025-09-27T22:05:06.052+0000] {shared_utils.py:409} INFO - Инициализированы пути обработки: ['input_pdf', 'temp_dir', 'output_md', 'logs', 'work_dir']
[2025-09-27T22:05:06.052+0000] {logging_mixin.py:188} INFO - [2025-09-27T22:05:06.052+0000] {shared_utils.py:413} INFO - Настроены URL сервисов: ['document_processor', 'translator', 'quality_assurance', 'airflow']
[2025-09-27T22:05:06.059+0000] {processor.py:840} INFO - DAG(s) 'orchestrator_dag' retrieved from /opt/airflow/dags/orchestrator_dag.py
[2025-09-27T22:05:06.084+0000] {logging_mixin.py:188} INFO - [2025-09-27T22:05:06.084+0000] {dag.py:3036} INFO - Sync 1 DAGs
[2025-09-27T22:05:06.094+0000] {logging_mixin.py:188} INFO - [2025-09-27T22:05:06.094+0000] {dag.py:3823} INFO - Setting next_dagrun for orchestrator_dag to None, run_after=None
[2025-09-27T22:05:06.105+0000] {processor.py:183} INFO - Processing /opt/airflow/dags/orchestrator_dag.py took 0.066 seconds
[2025-09-27T22:05:36.425+0000] {processor.py:161} INFO - Started process (PID=1122) to work on /opt/airflow/dags/orchestrator_dag.py
[2025-09-27T22:05:36.426+0000] {processor.py:830} INFO - Processing file /opt/airflow/dags/orchestrator_dag.py for tasks to queue
[2025-09-27T22:05:36.427+0000] {logging_mixin.py:188} INFO - [2025-09-27T22:05:36.427+0000] {dagbag.py:538} INFO - Filling up the DagBag from /opt/airflow/dags/orchestrator_dag.py
[2025-09-27T22:05:36.436+0000] {logging_mixin.py:188} INFO - [2025-09-27T22:05:36.436+0000] {shared_utils.py:409} INFO - Инициализированы пути обработки: ['input_pdf', 'temp_dir', 'output_md', 'logs', 'work_dir']
[2025-09-27T22:05:36.437+0000] {logging_mixin.py:188} INFO - [2025-09-27T22:05:36.437+0000] {shared_utils.py:413} INFO - Настроены URL сервисов: ['document_processor', 'translator', 'quality_assurance', 'airflow']
[2025-09-27T22:05:36.443+0000] {processor.py:840} INFO - DAG(s) 'orchestrator_dag' retrieved from /opt/airflow/dags/orchestrator_dag.py
[2025-09-27T22:05:36.468+0000] {logging_mixin.py:188} INFO - [2025-09-27T22:05:36.468+0000] {dag.py:3036} INFO - Sync 1 DAGs
[2025-09-27T22:05:36.478+0000] {logging_mixin.py:188} INFO - [2025-09-27T22:05:36.478+0000] {dag.py:3823} INFO - Setting next_dagrun for orchestrator_dag to None, run_after=None
[2025-09-27T22:05:36.490+0000] {processor.py:183} INFO - Processing /opt/airflow/dags/orchestrator_dag.py took 0.067 seconds
[2025-09-27T22:06:06.809+0000] {processor.py:161} INFO - Started process (PID=1135) to work on /opt/airflow/dags/orchestrator_dag.py
[2025-09-27T22:06:06.809+0000] {processor.py:830} INFO - Processing file /opt/airflow/dags/orchestrator_dag.py for tasks to queue
[2025-09-27T22:06:06.811+0000] {logging_mixin.py:188} INFO - [2025-09-27T22:06:06.810+0000] {dagbag.py:538} INFO - Filling up the DagBag from /opt/airflow/dags/orchestrator_dag.py
[2025-09-27T22:06:06.820+0000] {logging_mixin.py:188} INFO - [2025-09-27T22:06:06.820+0000] {shared_utils.py:409} INFO - Инициализированы пути обработки: ['input_pdf', 'temp_dir', 'output_md', 'logs', 'work_dir']
[2025-09-27T22:06:06.820+0000] {logging_mixin.py:188} INFO - [2025-09-27T22:06:06.820+0000] {shared_utils.py:413} INFO - Настроены URL сервисов: ['document_processor', 'translator', 'quality_assurance', 'airflow']
[2025-09-27T22:06:06.826+0000] {processor.py:840} INFO - DAG(s) 'orchestrator_dag' retrieved from /opt/airflow/dags/orchestrator_dag.py
[2025-09-27T22:06:06.852+0000] {logging_mixin.py:188} INFO - [2025-09-27T22:06:06.852+0000] {dag.py:3036} INFO - Sync 1 DAGs
[2025-09-27T22:06:06.861+0000] {logging_mixin.py:188} INFO - [2025-09-27T22:06:06.861+0000] {dag.py:3823} INFO - Setting next_dagrun for orchestrator_dag to None, run_after=None
[2025-09-27T22:06:06.873+0000] {processor.py:183} INFO - Processing /opt/airflow/dags/orchestrator_dag.py took 0.066 seconds
[2025-09-27T22:06:37.268+0000] {processor.py:161} INFO - Started process (PID=1148) to work on /opt/airflow/dags/orchestrator_dag.py
[2025-09-27T22:06:37.268+0000] {processor.py:830} INFO - Processing file /opt/airflow/dags/orchestrator_dag.py for tasks to queue
[2025-09-27T22:06:37.270+0000] {logging_mixin.py:188} INFO - [2025-09-27T22:06:37.269+0000] {dagbag.py:538} INFO - Filling up the DagBag from /opt/airflow/dags/orchestrator_dag.py
[2025-09-27T22:06:37.279+0000] {logging_mixin.py:188} INFO - [2025-09-27T22:06:37.279+0000] {shared_utils.py:409} INFO - Инициализированы пути обработки: ['input_pdf', 'temp_dir', 'output_md', 'logs', 'work_dir']
[2025-09-27T22:06:37.279+0000] {logging_mixin.py:188} INFO - [2025-09-27T22:06:37.279+0000] {shared_utils.py:413} INFO - Настроены URL сервисов: ['document_processor', 'translator', 'quality_assurance', 'airflow']
[2025-09-27T22:06:37.286+0000] {processor.py:840} INFO - DAG(s) 'orchestrator_dag' retrieved from /opt/airflow/dags/orchestrator_dag.py
[2025-09-27T22:06:37.311+0000] {logging_mixin.py:188} INFO - [2025-09-27T22:06:37.311+0000] {dag.py:3036} INFO - Sync 1 DAGs
[2025-09-27T22:06:37.433+0000] {logging_mixin.py:188} INFO - [2025-09-27T22:06:37.432+0000] {dag.py:3823} INFO - Setting next_dagrun for orchestrator_dag to None, run_after=None
[2025-09-27T22:06:37.444+0000] {processor.py:183} INFO - Processing /opt/airflow/dags/orchestrator_dag.py took 0.178 seconds
[2025-09-27T22:07:07.810+0000] {processor.py:161} INFO - Started process (PID=1161) to work on /opt/airflow/dags/orchestrator_dag.py
[2025-09-27T22:07:07.810+0000] {processor.py:830} INFO - Processing file /opt/airflow/dags/orchestrator_dag.py for tasks to queue
[2025-09-27T22:07:07.812+0000] {logging_mixin.py:188} INFO - [2025-09-27T22:07:07.812+0000] {dagbag.py:538} INFO - Filling up the DagBag from /opt/airflow/dags/orchestrator_dag.py
[2025-09-27T22:07:07.821+0000] {logging_mixin.py:188} INFO - [2025-09-27T22:07:07.821+0000] {shared_utils.py:409} INFO - Инициализированы пути обработки: ['input_pdf', 'temp_dir', 'output_md', 'logs', 'work_dir']
[2025-09-27T22:07:07.821+0000] {logging_mixin.py:188} INFO - [2025-09-27T22:07:07.821+0000] {shared_utils.py:413} INFO - Настроены URL сервисов: ['document_processor', 'translator', 'quality_assurance', 'airflow']
[2025-09-27T22:07:07.828+0000] {processor.py:840} INFO - DAG(s) 'orchestrator_dag' retrieved from /opt/airflow/dags/orchestrator_dag.py
[2025-09-27T22:07:07.854+0000] {logging_mixin.py:188} INFO - [2025-09-27T22:07:07.854+0000] {dag.py:3036} INFO - Sync 1 DAGs
[2025-09-27T22:07:07.864+0000] {logging_mixin.py:188} INFO - [2025-09-27T22:07:07.864+0000] {dag.py:3823} INFO - Setting next_dagrun for orchestrator_dag to None, run_after=None
[2025-09-27T22:07:07.875+0000] {processor.py:183} INFO - Processing /opt/airflow/dags/orchestrator_dag.py took 0.068 seconds
[2025-09-27T22:07:38.198+0000] {processor.py:161} INFO - Started process (PID=1174) to work on /opt/airflow/dags/orchestrator_dag.py
[2025-09-27T22:07:38.198+0000] {processor.py:830} INFO - Processing file /opt/airflow/dags/orchestrator_dag.py for tasks to queue
[2025-09-27T22:07:38.199+0000] {logging_mixin.py:188} INFO - [2025-09-27T22:07:38.199+0000] {dagbag.py:538} INFO - Filling up the DagBag from /opt/airflow/dags/orchestrator_dag.py
[2025-09-27T22:07:38.209+0000] {logging_mixin.py:188} INFO - [2025-09-27T22:07:38.208+0000] {shared_utils.py:409} INFO - Инициализированы пути обработки: ['input_pdf', 'temp_dir', 'output_md', 'logs', 'work_dir']
[2025-09-27T22:07:38.209+0000] {logging_mixin.py:188} INFO - [2025-09-27T22:07:38.209+0000] {shared_utils.py:413} INFO - Настроены URL сервисов: ['document_processor', 'translator', 'quality_assurance', 'airflow']
[2025-09-27T22:07:38.215+0000] {processor.py:840} INFO - DAG(s) 'orchestrator_dag' retrieved from /opt/airflow/dags/orchestrator_dag.py
[2025-09-27T22:07:38.241+0000] {logging_mixin.py:188} INFO - [2025-09-27T22:07:38.241+0000] {dag.py:3036} INFO - Sync 1 DAGs
[2025-09-27T22:07:38.250+0000] {logging_mixin.py:188} INFO - [2025-09-27T22:07:38.250+0000] {dag.py:3823} INFO - Setting next_dagrun for orchestrator_dag to None, run_after=None
[2025-09-27T22:07:38.262+0000] {processor.py:183} INFO - Processing /opt/airflow/dags/orchestrator_dag.py took 0.066 seconds
[2025-09-27T22:08:08.579+0000] {processor.py:161} INFO - Started process (PID=1187) to work on /opt/airflow/dags/orchestrator_dag.py
[2025-09-27T22:08:08.579+0000] {processor.py:830} INFO - Processing file /opt/airflow/dags/orchestrator_dag.py for tasks to queue
[2025-09-27T22:08:08.580+0000] {logging_mixin.py:188} INFO - [2025-09-27T22:08:08.580+0000] {dagbag.py:538} INFO - Filling up the DagBag from /opt/airflow/dags/orchestrator_dag.py
[2025-09-27T22:08:08.590+0000] {logging_mixin.py:188} INFO - [2025-09-27T22:08:08.589+0000] {shared_utils.py:409} INFO - Инициализированы пути обработки: ['input_pdf', 'temp_dir', 'output_md', 'logs', 'work_dir']
[2025-09-27T22:08:08.590+0000] {logging_mixin.py:188} INFO - [2025-09-27T22:08:08.590+0000] {shared_utils.py:413} INFO - Настроены URL сервисов: ['document_processor', 'translator', 'quality_assurance', 'airflow']
[2025-09-27T22:08:08.596+0000] {processor.py:840} INFO - DAG(s) 'orchestrator_dag' retrieved from /opt/airflow/dags/orchestrator_dag.py
[2025-09-27T22:08:08.622+0000] {logging_mixin.py:188} INFO - [2025-09-27T22:08:08.622+0000] {dag.py:3036} INFO - Sync 1 DAGs
[2025-09-27T22:08:08.631+0000] {logging_mixin.py:188} INFO - [2025-09-27T22:08:08.631+0000] {dag.py:3823} INFO - Setting next_dagrun for orchestrator_dag to None, run_after=None
[2025-09-27T22:08:08.643+0000] {processor.py:183} INFO - Processing /opt/airflow/dags/orchestrator_dag.py took 0.066 seconds
