[2025-09-27T21:39:46.137+0000] {processor.py:161} INFO - Started process (PID=458) to work on /opt/airflow/dags/shared_utils.py
[2025-09-27T21:39:46.138+0000] {processor.py:830} INFO - Processing file /opt/airflow/dags/shared_utils.py for tasks to queue
[2025-09-27T21:39:46.139+0000] {logging_mixin.py:188} INFO - [2025-09-27T21:39:46.139+0000] {dagbag.py:538} INFO - Filling up the DagBag from /opt/airflow/dags/shared_utils.py
[2025-09-27T21:39:46.144+0000] {logging_mixin.py:188} INFO - [2025-09-27T21:39:46.144+0000] {shared_utils.py:409} INFO - Инициализированы пути обработки: ['input_pdf', 'temp_dir', 'output_md', 'logs', 'work_dir']
[2025-09-27T21:39:46.145+0000] {logging_mixin.py:188} INFO - [2025-09-27T21:39:46.145+0000] {shared_utils.py:413} INFO - Настроены URL сервисов: ['document_processor', 'translator', 'quality_assurance', 'airflow']
[2025-09-27T21:39:46.145+0000] {processor.py:842} WARNING - No viable dags retrieved from /opt/airflow/dags/shared_utils.py
[2025-09-27T21:39:46.156+0000] {processor.py:183} INFO - Processing /opt/airflow/dags/shared_utils.py took 0.021 seconds
[2025-09-27T21:40:16.396+0000] {processor.py:161} INFO - Started process (PID=471) to work on /opt/airflow/dags/shared_utils.py
[2025-09-27T21:40:16.396+0000] {processor.py:830} INFO - Processing file /opt/airflow/dags/shared_utils.py for tasks to queue
[2025-09-27T21:40:16.398+0000] {logging_mixin.py:188} INFO - [2025-09-27T21:40:16.397+0000] {dagbag.py:538} INFO - Filling up the DagBag from /opt/airflow/dags/shared_utils.py
[2025-09-27T21:40:16.403+0000] {logging_mixin.py:188} INFO - [2025-09-27T21:40:16.403+0000] {shared_utils.py:409} INFO - Инициализированы пути обработки: ['input_pdf', 'temp_dir', 'output_md', 'logs', 'work_dir']
[2025-09-27T21:40:16.403+0000] {logging_mixin.py:188} INFO - [2025-09-27T21:40:16.403+0000] {shared_utils.py:413} INFO - Настроены URL сервисов: ['document_processor', 'translator', 'quality_assurance', 'airflow']
[2025-09-27T21:40:16.403+0000] {processor.py:842} WARNING - No viable dags retrieved from /opt/airflow/dags/shared_utils.py
[2025-09-27T21:40:16.415+0000] {processor.py:183} INFO - Processing /opt/airflow/dags/shared_utils.py took 0.021 seconds
[2025-09-27T21:40:46.651+0000] {processor.py:161} INFO - Started process (PID=484) to work on /opt/airflow/dags/shared_utils.py
[2025-09-27T21:40:46.652+0000] {processor.py:830} INFO - Processing file /opt/airflow/dags/shared_utils.py for tasks to queue
[2025-09-27T21:40:46.653+0000] {logging_mixin.py:188} INFO - [2025-09-27T21:40:46.653+0000] {dagbag.py:538} INFO - Filling up the DagBag from /opt/airflow/dags/shared_utils.py
[2025-09-27T21:40:46.658+0000] {logging_mixin.py:188} INFO - [2025-09-27T21:40:46.658+0000] {shared_utils.py:409} INFO - Инициализированы пути обработки: ['input_pdf', 'temp_dir', 'output_md', 'logs', 'work_dir']
[2025-09-27T21:40:46.658+0000] {logging_mixin.py:188} INFO - [2025-09-27T21:40:46.658+0000] {shared_utils.py:413} INFO - Настроены URL сервисов: ['document_processor', 'translator', 'quality_assurance', 'airflow']
[2025-09-27T21:40:46.658+0000] {processor.py:842} WARNING - No viable dags retrieved from /opt/airflow/dags/shared_utils.py
[2025-09-27T21:40:46.670+0000] {processor.py:183} INFO - Processing /opt/airflow/dags/shared_utils.py took 0.021 seconds
[2025-09-27T21:41:17.013+0000] {processor.py:161} INFO - Started process (PID=497) to work on /opt/airflow/dags/shared_utils.py
[2025-09-27T21:41:17.013+0000] {processor.py:830} INFO - Processing file /opt/airflow/dags/shared_utils.py for tasks to queue
[2025-09-27T21:41:17.015+0000] {logging_mixin.py:188} INFO - [2025-09-27T21:41:17.014+0000] {dagbag.py:538} INFO - Filling up the DagBag from /opt/airflow/dags/shared_utils.py
[2025-09-27T21:41:17.020+0000] {logging_mixin.py:188} INFO - [2025-09-27T21:41:17.020+0000] {shared_utils.py:409} INFO - Инициализированы пути обработки: ['input_pdf', 'temp_dir', 'output_md', 'logs', 'work_dir']
[2025-09-27T21:41:17.020+0000] {logging_mixin.py:188} INFO - [2025-09-27T21:41:17.020+0000] {shared_utils.py:413} INFO - Настроены URL сервисов: ['document_processor', 'translator', 'quality_assurance', 'airflow']
[2025-09-27T21:41:17.020+0000] {processor.py:842} WARNING - No viable dags retrieved from /opt/airflow/dags/shared_utils.py
[2025-09-27T21:41:17.032+0000] {processor.py:183} INFO - Processing /opt/airflow/dags/shared_utils.py took 0.022 seconds
[2025-09-27T21:41:47.274+0000] {processor.py:161} INFO - Started process (PID=510) to work on /opt/airflow/dags/shared_utils.py
[2025-09-27T21:41:47.274+0000] {processor.py:830} INFO - Processing file /opt/airflow/dags/shared_utils.py for tasks to queue
[2025-09-27T21:41:47.276+0000] {logging_mixin.py:188} INFO - [2025-09-27T21:41:47.276+0000] {dagbag.py:538} INFO - Filling up the DagBag from /opt/airflow/dags/shared_utils.py
[2025-09-27T21:41:47.281+0000] {logging_mixin.py:188} INFO - [2025-09-27T21:41:47.281+0000] {shared_utils.py:409} INFO - Инициализированы пути обработки: ['input_pdf', 'temp_dir', 'output_md', 'logs', 'work_dir']
[2025-09-27T21:41:47.281+0000] {logging_mixin.py:188} INFO - [2025-09-27T21:41:47.281+0000] {shared_utils.py:413} INFO - Настроены URL сервисов: ['document_processor', 'translator', 'quality_assurance', 'airflow']
[2025-09-27T21:41:47.281+0000] {processor.py:842} WARNING - No viable dags retrieved from /opt/airflow/dags/shared_utils.py
[2025-09-27T21:41:47.293+0000] {processor.py:183} INFO - Processing /opt/airflow/dags/shared_utils.py took 0.022 seconds
[2025-09-27T21:42:17.536+0000] {processor.py:161} INFO - Started process (PID=523) to work on /opt/airflow/dags/shared_utils.py
[2025-09-27T21:42:17.536+0000] {processor.py:830} INFO - Processing file /opt/airflow/dags/shared_utils.py for tasks to queue
[2025-09-27T21:42:17.537+0000] {logging_mixin.py:188} INFO - [2025-09-27T21:42:17.537+0000] {dagbag.py:538} INFO - Filling up the DagBag from /opt/airflow/dags/shared_utils.py
[2025-09-27T21:42:17.543+0000] {logging_mixin.py:188} INFO - [2025-09-27T21:42:17.543+0000] {shared_utils.py:409} INFO - Инициализированы пути обработки: ['input_pdf', 'temp_dir', 'output_md', 'logs', 'work_dir']
[2025-09-27T21:42:17.543+0000] {logging_mixin.py:188} INFO - [2025-09-27T21:42:17.543+0000] {shared_utils.py:413} INFO - Настроены URL сервисов: ['document_processor', 'translator', 'quality_assurance', 'airflow']
[2025-09-27T21:42:17.543+0000] {processor.py:842} WARNING - No viable dags retrieved from /opt/airflow/dags/shared_utils.py
[2025-09-27T21:42:17.555+0000] {processor.py:183} INFO - Processing /opt/airflow/dags/shared_utils.py took 0.022 seconds
[2025-09-27T21:42:47.795+0000] {processor.py:161} INFO - Started process (PID=536) to work on /opt/airflow/dags/shared_utils.py
[2025-09-27T21:42:47.796+0000] {processor.py:830} INFO - Processing file /opt/airflow/dags/shared_utils.py for tasks to queue
[2025-09-27T21:42:47.797+0000] {logging_mixin.py:188} INFO - [2025-09-27T21:42:47.797+0000] {dagbag.py:538} INFO - Filling up the DagBag from /opt/airflow/dags/shared_utils.py
[2025-09-27T21:42:47.803+0000] {logging_mixin.py:188} INFO - [2025-09-27T21:42:47.802+0000] {shared_utils.py:409} INFO - Инициализированы пути обработки: ['input_pdf', 'temp_dir', 'output_md', 'logs', 'work_dir']
[2025-09-27T21:42:47.803+0000] {logging_mixin.py:188} INFO - [2025-09-27T21:42:47.803+0000] {shared_utils.py:413} INFO - Настроены URL сервисов: ['document_processor', 'translator', 'quality_assurance', 'airflow']
[2025-09-27T21:42:47.803+0000] {processor.py:842} WARNING - No viable dags retrieved from /opt/airflow/dags/shared_utils.py
[2025-09-27T21:42:47.814+0000] {processor.py:183} INFO - Processing /opt/airflow/dags/shared_utils.py took 0.021 seconds
[2025-09-27T21:43:18.252+0000] {processor.py:161} INFO - Started process (PID=554) to work on /opt/airflow/dags/shared_utils.py
[2025-09-27T21:43:18.252+0000] {processor.py:830} INFO - Processing file /opt/airflow/dags/shared_utils.py for tasks to queue
[2025-09-27T21:43:18.254+0000] {logging_mixin.py:188} INFO - [2025-09-27T21:43:18.253+0000] {dagbag.py:538} INFO - Filling up the DagBag from /opt/airflow/dags/shared_utils.py
[2025-09-27T21:43:18.259+0000] {logging_mixin.py:188} INFO - [2025-09-27T21:43:18.259+0000] {shared_utils.py:409} INFO - Инициализированы пути обработки: ['input_pdf', 'temp_dir', 'output_md', 'logs', 'work_dir']
[2025-09-27T21:43:18.259+0000] {logging_mixin.py:188} INFO - [2025-09-27T21:43:18.259+0000] {shared_utils.py:413} INFO - Настроены URL сервисов: ['document_processor', 'translator', 'quality_assurance', 'airflow']
[2025-09-27T21:43:18.259+0000] {processor.py:842} WARNING - No viable dags retrieved from /opt/airflow/dags/shared_utils.py
[2025-09-27T21:43:18.271+0000] {processor.py:183} INFO - Processing /opt/airflow/dags/shared_utils.py took 0.021 seconds
[2025-09-27T21:43:48.509+0000] {processor.py:161} INFO - Started process (PID=567) to work on /opt/airflow/dags/shared_utils.py
[2025-09-27T21:43:48.509+0000] {processor.py:830} INFO - Processing file /opt/airflow/dags/shared_utils.py for tasks to queue
[2025-09-27T21:43:48.511+0000] {logging_mixin.py:188} INFO - [2025-09-27T21:43:48.510+0000] {dagbag.py:538} INFO - Filling up the DagBag from /opt/airflow/dags/shared_utils.py
[2025-09-27T21:43:48.516+0000] {logging_mixin.py:188} INFO - [2025-09-27T21:43:48.516+0000] {shared_utils.py:409} INFO - Инициализированы пути обработки: ['input_pdf', 'temp_dir', 'output_md', 'logs', 'work_dir']
[2025-09-27T21:43:48.516+0000] {logging_mixin.py:188} INFO - [2025-09-27T21:43:48.516+0000] {shared_utils.py:413} INFO - Настроены URL сервисов: ['document_processor', 'translator', 'quality_assurance', 'airflow']
[2025-09-27T21:43:48.516+0000] {processor.py:842} WARNING - No viable dags retrieved from /opt/airflow/dags/shared_utils.py
[2025-09-27T21:43:48.528+0000] {processor.py:183} INFO - Processing /opt/airflow/dags/shared_utils.py took 0.022 seconds
[2025-09-27T21:44:18.767+0000] {processor.py:161} INFO - Started process (PID=580) to work on /opt/airflow/dags/shared_utils.py
[2025-09-27T21:44:18.768+0000] {processor.py:830} INFO - Processing file /opt/airflow/dags/shared_utils.py for tasks to queue
[2025-09-27T21:44:18.769+0000] {logging_mixin.py:188} INFO - [2025-09-27T21:44:18.769+0000] {dagbag.py:538} INFO - Filling up the DagBag from /opt/airflow/dags/shared_utils.py
[2025-09-27T21:44:18.774+0000] {logging_mixin.py:188} INFO - [2025-09-27T21:44:18.774+0000] {shared_utils.py:409} INFO - Инициализированы пути обработки: ['input_pdf', 'temp_dir', 'output_md', 'logs', 'work_dir']
[2025-09-27T21:44:18.775+0000] {logging_mixin.py:188} INFO - [2025-09-27T21:44:18.774+0000] {shared_utils.py:413} INFO - Настроены URL сервисов: ['document_processor', 'translator', 'quality_assurance', 'airflow']
[2025-09-27T21:44:18.775+0000] {processor.py:842} WARNING - No viable dags retrieved from /opt/airflow/dags/shared_utils.py
[2025-09-27T21:44:18.786+0000] {processor.py:183} INFO - Processing /opt/airflow/dags/shared_utils.py took 0.022 seconds
[2025-09-27T21:44:49.032+0000] {processor.py:161} INFO - Started process (PID=593) to work on /opt/airflow/dags/shared_utils.py
[2025-09-27T21:44:49.032+0000] {processor.py:830} INFO - Processing file /opt/airflow/dags/shared_utils.py for tasks to queue
[2025-09-27T21:44:49.034+0000] {logging_mixin.py:188} INFO - [2025-09-27T21:44:49.034+0000] {dagbag.py:538} INFO - Filling up the DagBag from /opt/airflow/dags/shared_utils.py
[2025-09-27T21:44:49.039+0000] {logging_mixin.py:188} INFO - [2025-09-27T21:44:49.039+0000] {shared_utils.py:409} INFO - Инициализированы пути обработки: ['input_pdf', 'temp_dir', 'output_md', 'logs', 'work_dir']
[2025-09-27T21:44:49.039+0000] {logging_mixin.py:188} INFO - [2025-09-27T21:44:49.039+0000] {shared_utils.py:413} INFO - Настроены URL сервисов: ['document_processor', 'translator', 'quality_assurance', 'airflow']
[2025-09-27T21:44:49.040+0000] {processor.py:842} WARNING - No viable dags retrieved from /opt/airflow/dags/shared_utils.py
[2025-09-27T21:44:49.051+0000] {processor.py:183} INFO - Processing /opt/airflow/dags/shared_utils.py took 0.021 seconds
[2025-09-27T21:45:19.395+0000] {processor.py:161} INFO - Started process (PID=606) to work on /opt/airflow/dags/shared_utils.py
[2025-09-27T21:45:19.396+0000] {processor.py:830} INFO - Processing file /opt/airflow/dags/shared_utils.py for tasks to queue
[2025-09-27T21:45:19.397+0000] {logging_mixin.py:188} INFO - [2025-09-27T21:45:19.397+0000] {dagbag.py:538} INFO - Filling up the DagBag from /opt/airflow/dags/shared_utils.py
[2025-09-27T21:45:19.403+0000] {logging_mixin.py:188} INFO - [2025-09-27T21:45:19.402+0000] {shared_utils.py:409} INFO - Инициализированы пути обработки: ['input_pdf', 'temp_dir', 'output_md', 'logs', 'work_dir']
[2025-09-27T21:45:19.403+0000] {logging_mixin.py:188} INFO - [2025-09-27T21:45:19.403+0000] {shared_utils.py:413} INFO - Настроены URL сервисов: ['document_processor', 'translator', 'quality_assurance', 'airflow']
[2025-09-27T21:45:19.403+0000] {processor.py:842} WARNING - No viable dags retrieved from /opt/airflow/dags/shared_utils.py
[2025-09-27T21:45:19.415+0000] {processor.py:183} INFO - Processing /opt/airflow/dags/shared_utils.py took 0.022 seconds
[2025-09-27T21:45:49.799+0000] {processor.py:161} INFO - Started process (PID=619) to work on /opt/airflow/dags/shared_utils.py
[2025-09-27T21:45:49.800+0000] {processor.py:830} INFO - Processing file /opt/airflow/dags/shared_utils.py for tasks to queue
[2025-09-27T21:45:49.801+0000] {logging_mixin.py:188} INFO - [2025-09-27T21:45:49.801+0000] {dagbag.py:538} INFO - Filling up the DagBag from /opt/airflow/dags/shared_utils.py
[2025-09-27T21:45:49.807+0000] {logging_mixin.py:188} INFO - [2025-09-27T21:45:49.806+0000] {shared_utils.py:409} INFO - Инициализированы пути обработки: ['input_pdf', 'temp_dir', 'output_md', 'logs', 'work_dir']
[2025-09-27T21:45:49.807+0000] {logging_mixin.py:188} INFO - [2025-09-27T21:45:49.807+0000] {shared_utils.py:413} INFO - Настроены URL сервисов: ['document_processor', 'translator', 'quality_assurance', 'airflow']
[2025-09-27T21:45:49.807+0000] {processor.py:842} WARNING - No viable dags retrieved from /opt/airflow/dags/shared_utils.py
[2025-09-27T21:45:49.818+0000] {processor.py:183} INFO - Processing /opt/airflow/dags/shared_utils.py took 0.021 seconds
[2025-09-27T21:46:20.194+0000] {processor.py:161} INFO - Started process (PID=632) to work on /opt/airflow/dags/shared_utils.py
[2025-09-27T21:46:20.194+0000] {processor.py:830} INFO - Processing file /opt/airflow/dags/shared_utils.py for tasks to queue
[2025-09-27T21:46:20.196+0000] {logging_mixin.py:188} INFO - [2025-09-27T21:46:20.195+0000] {dagbag.py:538} INFO - Filling up the DagBag from /opt/airflow/dags/shared_utils.py
[2025-09-27T21:46:20.201+0000] {logging_mixin.py:188} INFO - [2025-09-27T21:46:20.201+0000] {shared_utils.py:409} INFO - Инициализированы пути обработки: ['input_pdf', 'temp_dir', 'output_md', 'logs', 'work_dir']
[2025-09-27T21:46:20.201+0000] {logging_mixin.py:188} INFO - [2025-09-27T21:46:20.201+0000] {shared_utils.py:413} INFO - Настроены URL сервисов: ['document_processor', 'translator', 'quality_assurance', 'airflow']
[2025-09-27T21:46:20.201+0000] {processor.py:842} WARNING - No viable dags retrieved from /opt/airflow/dags/shared_utils.py
[2025-09-27T21:46:20.213+0000] {processor.py:183} INFO - Processing /opt/airflow/dags/shared_utils.py took 0.022 seconds
[2025-09-27T21:46:50.646+0000] {processor.py:161} INFO - Started process (PID=645) to work on /opt/airflow/dags/shared_utils.py
[2025-09-27T21:46:50.647+0000] {processor.py:830} INFO - Processing file /opt/airflow/dags/shared_utils.py for tasks to queue
[2025-09-27T21:46:50.648+0000] {logging_mixin.py:188} INFO - [2025-09-27T21:46:50.648+0000] {dagbag.py:538} INFO - Filling up the DagBag from /opt/airflow/dags/shared_utils.py
[2025-09-27T21:46:50.654+0000] {logging_mixin.py:188} INFO - [2025-09-27T21:46:50.654+0000] {shared_utils.py:409} INFO - Инициализированы пути обработки: ['input_pdf', 'temp_dir', 'output_md', 'logs', 'work_dir']
[2025-09-27T21:46:50.654+0000] {logging_mixin.py:188} INFO - [2025-09-27T21:46:50.654+0000] {shared_utils.py:413} INFO - Настроены URL сервисов: ['document_processor', 'translator', 'quality_assurance', 'airflow']
[2025-09-27T21:46:50.654+0000] {processor.py:842} WARNING - No viable dags retrieved from /opt/airflow/dags/shared_utils.py
[2025-09-27T21:46:50.666+0000] {processor.py:183} INFO - Processing /opt/airflow/dags/shared_utils.py took 0.022 seconds
[2025-09-27T21:47:21.183+0000] {processor.py:161} INFO - Started process (PID=658) to work on /opt/airflow/dags/shared_utils.py
[2025-09-27T21:47:21.184+0000] {processor.py:830} INFO - Processing file /opt/airflow/dags/shared_utils.py for tasks to queue
[2025-09-27T21:47:21.185+0000] {logging_mixin.py:188} INFO - [2025-09-27T21:47:21.185+0000] {dagbag.py:538} INFO - Filling up the DagBag from /opt/airflow/dags/shared_utils.py
[2025-09-27T21:47:21.191+0000] {logging_mixin.py:188} INFO - [2025-09-27T21:47:21.191+0000] {shared_utils.py:409} INFO - Инициализированы пути обработки: ['input_pdf', 'temp_dir', 'output_md', 'logs', 'work_dir']
[2025-09-27T21:47:21.191+0000] {logging_mixin.py:188} INFO - [2025-09-27T21:47:21.191+0000] {shared_utils.py:413} INFO - Настроены URL сервисов: ['document_processor', 'translator', 'quality_assurance', 'airflow']
[2025-09-27T21:47:21.191+0000] {processor.py:842} WARNING - No viable dags retrieved from /opt/airflow/dags/shared_utils.py
[2025-09-27T21:47:21.202+0000] {processor.py:183} INFO - Processing /opt/airflow/dags/shared_utils.py took 0.021 seconds
[2025-09-27T21:47:51.559+0000] {processor.py:161} INFO - Started process (PID=671) to work on /opt/airflow/dags/shared_utils.py
[2025-09-27T21:47:51.559+0000] {processor.py:830} INFO - Processing file /opt/airflow/dags/shared_utils.py for tasks to queue
[2025-09-27T21:47:51.561+0000] {logging_mixin.py:188} INFO - [2025-09-27T21:47:51.560+0000] {dagbag.py:538} INFO - Filling up the DagBag from /opt/airflow/dags/shared_utils.py
[2025-09-27T21:47:51.566+0000] {logging_mixin.py:188} INFO - [2025-09-27T21:47:51.566+0000] {shared_utils.py:409} INFO - Инициализированы пути обработки: ['input_pdf', 'temp_dir', 'output_md', 'logs', 'work_dir']
[2025-09-27T21:47:51.566+0000] {logging_mixin.py:188} INFO - [2025-09-27T21:47:51.566+0000] {shared_utils.py:413} INFO - Настроены URL сервисов: ['document_processor', 'translator', 'quality_assurance', 'airflow']
[2025-09-27T21:47:51.566+0000] {processor.py:842} WARNING - No viable dags retrieved from /opt/airflow/dags/shared_utils.py
[2025-09-27T21:47:51.578+0000] {processor.py:183} INFO - Processing /opt/airflow/dags/shared_utils.py took 0.021 seconds
[2025-09-27T21:48:21.935+0000] {processor.py:161} INFO - Started process (PID=684) to work on /opt/airflow/dags/shared_utils.py
[2025-09-27T21:48:21.936+0000] {processor.py:830} INFO - Processing file /opt/airflow/dags/shared_utils.py for tasks to queue
[2025-09-27T21:48:21.937+0000] {logging_mixin.py:188} INFO - [2025-09-27T21:48:21.937+0000] {dagbag.py:538} INFO - Filling up the DagBag from /opt/airflow/dags/shared_utils.py
[2025-09-27T21:48:21.943+0000] {logging_mixin.py:188} INFO - [2025-09-27T21:48:21.942+0000] {shared_utils.py:409} INFO - Инициализированы пути обработки: ['input_pdf', 'temp_dir', 'output_md', 'logs', 'work_dir']
[2025-09-27T21:48:21.943+0000] {logging_mixin.py:188} INFO - [2025-09-27T21:48:21.943+0000] {shared_utils.py:413} INFO - Настроены URL сервисов: ['document_processor', 'translator', 'quality_assurance', 'airflow']
[2025-09-27T21:48:21.943+0000] {processor.py:842} WARNING - No viable dags retrieved from /opt/airflow/dags/shared_utils.py
[2025-09-27T21:48:21.954+0000] {processor.py:183} INFO - Processing /opt/airflow/dags/shared_utils.py took 0.022 seconds
[2025-09-27T21:48:52.385+0000] {processor.py:161} INFO - Started process (PID=697) to work on /opt/airflow/dags/shared_utils.py
[2025-09-27T21:48:52.385+0000] {processor.py:830} INFO - Processing file /opt/airflow/dags/shared_utils.py for tasks to queue
[2025-09-27T21:48:52.387+0000] {logging_mixin.py:188} INFO - [2025-09-27T21:48:52.386+0000] {dagbag.py:538} INFO - Filling up the DagBag from /opt/airflow/dags/shared_utils.py
[2025-09-27T21:48:52.392+0000] {logging_mixin.py:188} INFO - [2025-09-27T21:48:52.392+0000] {shared_utils.py:409} INFO - Инициализированы пути обработки: ['input_pdf', 'temp_dir', 'output_md', 'logs', 'work_dir']
[2025-09-27T21:48:52.392+0000] {logging_mixin.py:188} INFO - [2025-09-27T21:48:52.392+0000] {shared_utils.py:413} INFO - Настроены URL сервисов: ['document_processor', 'translator', 'quality_assurance', 'airflow']
[2025-09-27T21:48:52.392+0000] {processor.py:842} WARNING - No viable dags retrieved from /opt/airflow/dags/shared_utils.py
[2025-09-27T21:48:52.404+0000] {processor.py:183} INFO - Processing /opt/airflow/dags/shared_utils.py took 0.022 seconds
[2025-09-27T21:49:22.910+0000] {processor.py:161} INFO - Started process (PID=710) to work on /opt/airflow/dags/shared_utils.py
[2025-09-27T21:49:22.911+0000] {processor.py:830} INFO - Processing file /opt/airflow/dags/shared_utils.py for tasks to queue
[2025-09-27T21:49:22.912+0000] {logging_mixin.py:188} INFO - [2025-09-27T21:49:22.912+0000] {dagbag.py:538} INFO - Filling up the DagBag from /opt/airflow/dags/shared_utils.py
[2025-09-27T21:49:22.917+0000] {logging_mixin.py:188} INFO - [2025-09-27T21:49:22.917+0000] {shared_utils.py:409} INFO - Инициализированы пути обработки: ['input_pdf', 'temp_dir', 'output_md', 'logs', 'work_dir']
[2025-09-27T21:49:22.917+0000] {logging_mixin.py:188} INFO - [2025-09-27T21:49:22.917+0000] {shared_utils.py:413} INFO - Настроены URL сервисов: ['document_processor', 'translator', 'quality_assurance', 'airflow']
[2025-09-27T21:49:22.918+0000] {processor.py:842} WARNING - No viable dags retrieved from /opt/airflow/dags/shared_utils.py
[2025-09-27T21:49:22.929+0000] {processor.py:183} INFO - Processing /opt/airflow/dags/shared_utils.py took 0.021 seconds
[2025-09-27T21:49:53.288+0000] {processor.py:161} INFO - Started process (PID=723) to work on /opt/airflow/dags/shared_utils.py
[2025-09-27T21:49:53.288+0000] {processor.py:830} INFO - Processing file /opt/airflow/dags/shared_utils.py for tasks to queue
[2025-09-27T21:49:53.290+0000] {logging_mixin.py:188} INFO - [2025-09-27T21:49:53.290+0000] {dagbag.py:538} INFO - Filling up the DagBag from /opt/airflow/dags/shared_utils.py
[2025-09-27T21:49:53.295+0000] {logging_mixin.py:188} INFO - [2025-09-27T21:49:53.295+0000] {shared_utils.py:409} INFO - Инициализированы пути обработки: ['input_pdf', 'temp_dir', 'output_md', 'logs', 'work_dir']
[2025-09-27T21:49:53.295+0000] {logging_mixin.py:188} INFO - [2025-09-27T21:49:53.295+0000] {shared_utils.py:413} INFO - Настроены URL сервисов: ['document_processor', 'translator', 'quality_assurance', 'airflow']
[2025-09-27T21:49:53.296+0000] {processor.py:842} WARNING - No viable dags retrieved from /opt/airflow/dags/shared_utils.py
[2025-09-27T21:49:53.307+0000] {processor.py:183} INFO - Processing /opt/airflow/dags/shared_utils.py took 0.022 seconds
[2025-09-27T21:50:23.668+0000] {processor.py:161} INFO - Started process (PID=736) to work on /opt/airflow/dags/shared_utils.py
[2025-09-27T21:50:23.669+0000] {processor.py:830} INFO - Processing file /opt/airflow/dags/shared_utils.py for tasks to queue
[2025-09-27T21:50:23.670+0000] {logging_mixin.py:188} INFO - [2025-09-27T21:50:23.670+0000] {dagbag.py:538} INFO - Filling up the DagBag from /opt/airflow/dags/shared_utils.py
[2025-09-27T21:50:23.675+0000] {logging_mixin.py:188} INFO - [2025-09-27T21:50:23.675+0000] {shared_utils.py:409} INFO - Инициализированы пути обработки: ['input_pdf', 'temp_dir', 'output_md', 'logs', 'work_dir']
[2025-09-27T21:50:23.676+0000] {logging_mixin.py:188} INFO - [2025-09-27T21:50:23.675+0000] {shared_utils.py:413} INFO - Настроены URL сервисов: ['document_processor', 'translator', 'quality_assurance', 'airflow']
[2025-09-27T21:50:23.676+0000] {processor.py:842} WARNING - No viable dags retrieved from /opt/airflow/dags/shared_utils.py
[2025-09-27T21:50:23.687+0000] {processor.py:183} INFO - Processing /opt/airflow/dags/shared_utils.py took 0.021 seconds
[2025-09-27T21:50:54.052+0000] {processor.py:161} INFO - Started process (PID=749) to work on /opt/airflow/dags/shared_utils.py
[2025-09-27T21:50:54.053+0000] {processor.py:830} INFO - Processing file /opt/airflow/dags/shared_utils.py for tasks to queue
[2025-09-27T21:50:54.054+0000] {logging_mixin.py:188} INFO - [2025-09-27T21:50:54.054+0000] {dagbag.py:538} INFO - Filling up the DagBag from /opt/airflow/dags/shared_utils.py
[2025-09-27T21:50:54.059+0000] {logging_mixin.py:188} INFO - [2025-09-27T21:50:54.059+0000] {shared_utils.py:409} INFO - Инициализированы пути обработки: ['input_pdf', 'temp_dir', 'output_md', 'logs', 'work_dir']
[2025-09-27T21:50:54.059+0000] {logging_mixin.py:188} INFO - [2025-09-27T21:50:54.059+0000] {shared_utils.py:413} INFO - Настроены URL сервисов: ['document_processor', 'translator', 'quality_assurance', 'airflow']
[2025-09-27T21:50:54.060+0000] {processor.py:842} WARNING - No viable dags retrieved from /opt/airflow/dags/shared_utils.py
[2025-09-27T21:50:54.071+0000] {processor.py:183} INFO - Processing /opt/airflow/dags/shared_utils.py took 0.022 seconds
[2025-09-27T21:51:24.584+0000] {processor.py:161} INFO - Started process (PID=762) to work on /opt/airflow/dags/shared_utils.py
[2025-09-27T21:51:24.585+0000] {processor.py:830} INFO - Processing file /opt/airflow/dags/shared_utils.py for tasks to queue
[2025-09-27T21:51:24.586+0000] {logging_mixin.py:188} INFO - [2025-09-27T21:51:24.586+0000] {dagbag.py:538} INFO - Filling up the DagBag from /opt/airflow/dags/shared_utils.py
[2025-09-27T21:51:24.591+0000] {logging_mixin.py:188} INFO - [2025-09-27T21:51:24.591+0000] {shared_utils.py:409} INFO - Инициализированы пути обработки: ['input_pdf', 'temp_dir', 'output_md', 'logs', 'work_dir']
[2025-09-27T21:51:24.592+0000] {logging_mixin.py:188} INFO - [2025-09-27T21:51:24.591+0000] {shared_utils.py:413} INFO - Настроены URL сервисов: ['document_processor', 'translator', 'quality_assurance', 'airflow']
[2025-09-27T21:51:24.592+0000] {processor.py:842} WARNING - No viable dags retrieved from /opt/airflow/dags/shared_utils.py
[2025-09-27T21:51:24.603+0000] {processor.py:183} INFO - Processing /opt/airflow/dags/shared_utils.py took 0.021 seconds
[2025-09-27T21:51:54.961+0000] {processor.py:161} INFO - Started process (PID=775) to work on /opt/airflow/dags/shared_utils.py
[2025-09-27T21:51:54.962+0000] {processor.py:830} INFO - Processing file /opt/airflow/dags/shared_utils.py for tasks to queue
[2025-09-27T21:51:54.963+0000] {logging_mixin.py:188} INFO - [2025-09-27T21:51:54.963+0000] {dagbag.py:538} INFO - Filling up the DagBag from /opt/airflow/dags/shared_utils.py
[2025-09-27T21:51:54.968+0000] {logging_mixin.py:188} INFO - [2025-09-27T21:51:54.968+0000] {shared_utils.py:409} INFO - Инициализированы пути обработки: ['input_pdf', 'temp_dir', 'output_md', 'logs', 'work_dir']
[2025-09-27T21:51:54.968+0000] {logging_mixin.py:188} INFO - [2025-09-27T21:51:54.968+0000] {shared_utils.py:413} INFO - Настроены URL сервисов: ['document_processor', 'translator', 'quality_assurance', 'airflow']
[2025-09-27T21:51:54.969+0000] {processor.py:842} WARNING - No viable dags retrieved from /opt/airflow/dags/shared_utils.py
[2025-09-27T21:51:54.980+0000] {processor.py:183} INFO - Processing /opt/airflow/dags/shared_utils.py took 0.021 seconds
[2025-09-27T21:52:25.346+0000] {processor.py:161} INFO - Started process (PID=788) to work on /opt/airflow/dags/shared_utils.py
[2025-09-27T21:52:25.346+0000] {processor.py:830} INFO - Processing file /opt/airflow/dags/shared_utils.py for tasks to queue
[2025-09-27T21:52:25.347+0000] {logging_mixin.py:188} INFO - [2025-09-27T21:52:25.347+0000] {dagbag.py:538} INFO - Filling up the DagBag from /opt/airflow/dags/shared_utils.py
[2025-09-27T21:52:25.353+0000] {logging_mixin.py:188} INFO - [2025-09-27T21:52:25.353+0000] {shared_utils.py:409} INFO - Инициализированы пути обработки: ['input_pdf', 'temp_dir', 'output_md', 'logs', 'work_dir']
[2025-09-27T21:52:25.353+0000] {logging_mixin.py:188} INFO - [2025-09-27T21:52:25.353+0000] {shared_utils.py:413} INFO - Настроены URL сервисов: ['document_processor', 'translator', 'quality_assurance', 'airflow']
[2025-09-27T21:52:25.353+0000] {processor.py:842} WARNING - No viable dags retrieved from /opt/airflow/dags/shared_utils.py
[2025-09-27T21:52:25.365+0000] {processor.py:183} INFO - Processing /opt/airflow/dags/shared_utils.py took 0.022 seconds
[2025-09-27T21:52:55.900+0000] {processor.py:161} INFO - Started process (PID=801) to work on /opt/airflow/dags/shared_utils.py
[2025-09-27T21:52:55.900+0000] {processor.py:830} INFO - Processing file /opt/airflow/dags/shared_utils.py for tasks to queue
[2025-09-27T21:52:55.902+0000] {logging_mixin.py:188} INFO - [2025-09-27T21:52:55.901+0000] {dagbag.py:538} INFO - Filling up the DagBag from /opt/airflow/dags/shared_utils.py
[2025-09-27T21:52:55.907+0000] {logging_mixin.py:188} INFO - [2025-09-27T21:52:55.907+0000] {shared_utils.py:409} INFO - Инициализированы пути обработки: ['input_pdf', 'temp_dir', 'output_md', 'logs', 'work_dir']
[2025-09-27T21:52:55.907+0000] {logging_mixin.py:188} INFO - [2025-09-27T21:52:55.907+0000] {shared_utils.py:413} INFO - Настроены URL сервисов: ['document_processor', 'translator', 'quality_assurance', 'airflow']
[2025-09-27T21:52:55.907+0000] {processor.py:842} WARNING - No viable dags retrieved from /opt/airflow/dags/shared_utils.py
[2025-09-27T21:52:55.919+0000] {processor.py:183} INFO - Processing /opt/airflow/dags/shared_utils.py took 0.022 seconds
[2025-09-27T21:53:26.285+0000] {processor.py:161} INFO - Started process (PID=814) to work on /opt/airflow/dags/shared_utils.py
[2025-09-27T21:53:26.286+0000] {processor.py:830} INFO - Processing file /opt/airflow/dags/shared_utils.py for tasks to queue
[2025-09-27T21:53:26.287+0000] {logging_mixin.py:188} INFO - [2025-09-27T21:53:26.287+0000] {dagbag.py:538} INFO - Filling up the DagBag from /opt/airflow/dags/shared_utils.py
[2025-09-27T21:53:26.293+0000] {logging_mixin.py:188} INFO - [2025-09-27T21:53:26.293+0000] {shared_utils.py:409} INFO - Инициализированы пути обработки: ['input_pdf', 'temp_dir', 'output_md', 'logs', 'work_dir']
[2025-09-27T21:53:26.293+0000] {logging_mixin.py:188} INFO - [2025-09-27T21:53:26.293+0000] {shared_utils.py:413} INFO - Настроены URL сервисов: ['document_processor', 'translator', 'quality_assurance', 'airflow']
[2025-09-27T21:53:26.293+0000] {processor.py:842} WARNING - No viable dags retrieved from /opt/airflow/dags/shared_utils.py
[2025-09-27T21:53:26.305+0000] {processor.py:183} INFO - Processing /opt/airflow/dags/shared_utils.py took 0.022 seconds
[2025-09-27T21:53:56.674+0000] {processor.py:161} INFO - Started process (PID=827) to work on /opt/airflow/dags/shared_utils.py
[2025-09-27T21:53:56.675+0000] {processor.py:830} INFO - Processing file /opt/airflow/dags/shared_utils.py for tasks to queue
[2025-09-27T21:53:56.676+0000] {logging_mixin.py:188} INFO - [2025-09-27T21:53:56.676+0000] {dagbag.py:538} INFO - Filling up the DagBag from /opt/airflow/dags/shared_utils.py
[2025-09-27T21:53:56.682+0000] {logging_mixin.py:188} INFO - [2025-09-27T21:53:56.682+0000] {shared_utils.py:409} INFO - Инициализированы пути обработки: ['input_pdf', 'temp_dir', 'output_md', 'logs', 'work_dir']
[2025-09-27T21:53:56.682+0000] {logging_mixin.py:188} INFO - [2025-09-27T21:53:56.682+0000] {shared_utils.py:413} INFO - Настроены URL сервисов: ['document_processor', 'translator', 'quality_assurance', 'airflow']
[2025-09-27T21:53:56.682+0000] {processor.py:842} WARNING - No viable dags retrieved from /opt/airflow/dags/shared_utils.py
[2025-09-27T21:53:56.694+0000] {processor.py:183} INFO - Processing /opt/airflow/dags/shared_utils.py took 0.022 seconds
[2025-09-27T21:54:27.054+0000] {processor.py:161} INFO - Started process (PID=840) to work on /opt/airflow/dags/shared_utils.py
[2025-09-27T21:54:27.055+0000] {processor.py:830} INFO - Processing file /opt/airflow/dags/shared_utils.py for tasks to queue
[2025-09-27T21:54:27.056+0000] {logging_mixin.py:188} INFO - [2025-09-27T21:54:27.056+0000] {dagbag.py:538} INFO - Filling up the DagBag from /opt/airflow/dags/shared_utils.py
[2025-09-27T21:54:27.062+0000] {logging_mixin.py:188} INFO - [2025-09-27T21:54:27.062+0000] {shared_utils.py:409} INFO - Инициализированы пути обработки: ['input_pdf', 'temp_dir', 'output_md', 'logs', 'work_dir']
[2025-09-27T21:54:27.062+0000] {logging_mixin.py:188} INFO - [2025-09-27T21:54:27.062+0000] {shared_utils.py:413} INFO - Настроены URL сервисов: ['document_processor', 'translator', 'quality_assurance', 'airflow']
[2025-09-27T21:54:27.062+0000] {processor.py:842} WARNING - No viable dags retrieved from /opt/airflow/dags/shared_utils.py
[2025-09-27T21:54:27.074+0000] {processor.py:183} INFO - Processing /opt/airflow/dags/shared_utils.py took 0.022 seconds
[2025-09-27T21:54:57.600+0000] {processor.py:161} INFO - Started process (PID=853) to work on /opt/airflow/dags/shared_utils.py
[2025-09-27T21:54:57.601+0000] {processor.py:830} INFO - Processing file /opt/airflow/dags/shared_utils.py for tasks to queue
[2025-09-27T21:54:57.602+0000] {logging_mixin.py:188} INFO - [2025-09-27T21:54:57.602+0000] {dagbag.py:538} INFO - Filling up the DagBag from /opt/airflow/dags/shared_utils.py
[2025-09-27T21:54:57.607+0000] {logging_mixin.py:188} INFO - [2025-09-27T21:54:57.607+0000] {shared_utils.py:409} INFO - Инициализированы пути обработки: ['input_pdf', 'temp_dir', 'output_md', 'logs', 'work_dir']
[2025-09-27T21:54:57.608+0000] {logging_mixin.py:188} INFO - [2025-09-27T21:54:57.608+0000] {shared_utils.py:413} INFO - Настроены URL сервисов: ['document_processor', 'translator', 'quality_assurance', 'airflow']
[2025-09-27T21:54:57.608+0000] {processor.py:842} WARNING - No viable dags retrieved from /opt/airflow/dags/shared_utils.py
[2025-09-27T21:54:57.619+0000] {processor.py:183} INFO - Processing /opt/airflow/dags/shared_utils.py took 0.021 seconds
[2025-09-27T21:55:27.991+0000] {processor.py:161} INFO - Started process (PID=866) to work on /opt/airflow/dags/shared_utils.py
[2025-09-27T21:55:27.991+0000] {processor.py:830} INFO - Processing file /opt/airflow/dags/shared_utils.py for tasks to queue
[2025-09-27T21:55:27.993+0000] {logging_mixin.py:188} INFO - [2025-09-27T21:55:27.992+0000] {dagbag.py:538} INFO - Filling up the DagBag from /opt/airflow/dags/shared_utils.py
[2025-09-27T21:55:27.998+0000] {logging_mixin.py:188} INFO - [2025-09-27T21:55:27.998+0000] {shared_utils.py:409} INFO - Инициализированы пути обработки: ['input_pdf', 'temp_dir', 'output_md', 'logs', 'work_dir']
[2025-09-27T21:55:27.998+0000] {logging_mixin.py:188} INFO - [2025-09-27T21:55:27.998+0000] {shared_utils.py:413} INFO - Настроены URL сервисов: ['document_processor', 'translator', 'quality_assurance', 'airflow']
[2025-09-27T21:55:27.998+0000] {processor.py:842} WARNING - No viable dags retrieved from /opt/airflow/dags/shared_utils.py
[2025-09-27T21:55:28.009+0000] {processor.py:183} INFO - Processing /opt/airflow/dags/shared_utils.py took 0.021 seconds
[2025-09-27T21:55:58.386+0000] {processor.py:161} INFO - Started process (PID=879) to work on /opt/airflow/dags/shared_utils.py
[2025-09-27T21:55:58.387+0000] {processor.py:830} INFO - Processing file /opt/airflow/dags/shared_utils.py for tasks to queue
[2025-09-27T21:55:58.388+0000] {logging_mixin.py:188} INFO - [2025-09-27T21:55:58.388+0000] {dagbag.py:538} INFO - Filling up the DagBag from /opt/airflow/dags/shared_utils.py
[2025-09-27T21:55:58.393+0000] {logging_mixin.py:188} INFO - [2025-09-27T21:55:58.393+0000] {shared_utils.py:409} INFO - Инициализированы пути обработки: ['input_pdf', 'temp_dir', 'output_md', 'logs', 'work_dir']
[2025-09-27T21:55:58.394+0000] {logging_mixin.py:188} INFO - [2025-09-27T21:55:58.394+0000] {shared_utils.py:413} INFO - Настроены URL сервисов: ['document_processor', 'translator', 'quality_assurance', 'airflow']
[2025-09-27T21:55:58.394+0000] {processor.py:842} WARNING - No viable dags retrieved from /opt/airflow/dags/shared_utils.py
[2025-09-27T21:55:58.406+0000] {processor.py:183} INFO - Processing /opt/airflow/dags/shared_utils.py took 0.023 seconds
[2025-09-27T21:56:28.851+0000] {processor.py:161} INFO - Started process (PID=892) to work on /opt/airflow/dags/shared_utils.py
[2025-09-27T21:56:28.851+0000] {processor.py:830} INFO - Processing file /opt/airflow/dags/shared_utils.py for tasks to queue
[2025-09-27T21:56:28.853+0000] {logging_mixin.py:188} INFO - [2025-09-27T21:56:28.853+0000] {dagbag.py:538} INFO - Filling up the DagBag from /opt/airflow/dags/shared_utils.py
[2025-09-27T21:56:28.858+0000] {logging_mixin.py:188} INFO - [2025-09-27T21:56:28.858+0000] {shared_utils.py:409} INFO - Инициализированы пути обработки: ['input_pdf', 'temp_dir', 'output_md', 'logs', 'work_dir']
[2025-09-27T21:56:28.858+0000] {logging_mixin.py:188} INFO - [2025-09-27T21:56:28.858+0000] {shared_utils.py:413} INFO - Настроены URL сервисов: ['document_processor', 'translator', 'quality_assurance', 'airflow']
[2025-09-27T21:56:28.859+0000] {processor.py:842} WARNING - No viable dags retrieved from /opt/airflow/dags/shared_utils.py
[2025-09-27T21:56:28.870+0000] {processor.py:183} INFO - Processing /opt/airflow/dags/shared_utils.py took 0.022 seconds
[2025-09-27T21:56:59.380+0000] {processor.py:161} INFO - Started process (PID=905) to work on /opt/airflow/dags/shared_utils.py
[2025-09-27T21:56:59.381+0000] {processor.py:830} INFO - Processing file /opt/airflow/dags/shared_utils.py for tasks to queue
[2025-09-27T21:56:59.382+0000] {logging_mixin.py:188} INFO - [2025-09-27T21:56:59.382+0000] {dagbag.py:538} INFO - Filling up the DagBag from /opt/airflow/dags/shared_utils.py
[2025-09-27T21:56:59.387+0000] {logging_mixin.py:188} INFO - [2025-09-27T21:56:59.387+0000] {shared_utils.py:409} INFO - Инициализированы пути обработки: ['input_pdf', 'temp_dir', 'output_md', 'logs', 'work_dir']
[2025-09-27T21:56:59.388+0000] {logging_mixin.py:188} INFO - [2025-09-27T21:56:59.387+0000] {shared_utils.py:413} INFO - Настроены URL сервисов: ['document_processor', 'translator', 'quality_assurance', 'airflow']
[2025-09-27T21:56:59.388+0000] {processor.py:842} WARNING - No viable dags retrieved from /opt/airflow/dags/shared_utils.py
[2025-09-27T21:56:59.399+0000] {processor.py:183} INFO - Processing /opt/airflow/dags/shared_utils.py took 0.021 seconds
[2025-09-27T21:57:29.764+0000] {processor.py:161} INFO - Started process (PID=918) to work on /opt/airflow/dags/shared_utils.py
[2025-09-27T21:57:29.765+0000] {processor.py:830} INFO - Processing file /opt/airflow/dags/shared_utils.py for tasks to queue
[2025-09-27T21:57:29.766+0000] {logging_mixin.py:188} INFO - [2025-09-27T21:57:29.766+0000] {dagbag.py:538} INFO - Filling up the DagBag from /opt/airflow/dags/shared_utils.py
[2025-09-27T21:57:29.772+0000] {logging_mixin.py:188} INFO - [2025-09-27T21:57:29.771+0000] {shared_utils.py:409} INFO - Инициализированы пути обработки: ['input_pdf', 'temp_dir', 'output_md', 'logs', 'work_dir']
[2025-09-27T21:57:29.772+0000] {logging_mixin.py:188} INFO - [2025-09-27T21:57:29.772+0000] {shared_utils.py:413} INFO - Настроены URL сервисов: ['document_processor', 'translator', 'quality_assurance', 'airflow']
[2025-09-27T21:57:29.772+0000] {processor.py:842} WARNING - No viable dags retrieved from /opt/airflow/dags/shared_utils.py
[2025-09-27T21:57:29.783+0000] {processor.py:183} INFO - Processing /opt/airflow/dags/shared_utils.py took 0.021 seconds
[2025-09-27T21:58:00.146+0000] {processor.py:161} INFO - Started process (PID=931) to work on /opt/airflow/dags/shared_utils.py
[2025-09-27T21:58:00.147+0000] {processor.py:830} INFO - Processing file /opt/airflow/dags/shared_utils.py for tasks to queue
[2025-09-27T21:58:00.148+0000] {logging_mixin.py:188} INFO - [2025-09-27T21:58:00.148+0000] {dagbag.py:538} INFO - Filling up the DagBag from /opt/airflow/dags/shared_utils.py
[2025-09-27T21:58:00.153+0000] {logging_mixin.py:188} INFO - [2025-09-27T21:58:00.153+0000] {shared_utils.py:409} INFO - Инициализированы пути обработки: ['input_pdf', 'temp_dir', 'output_md', 'logs', 'work_dir']
[2025-09-27T21:58:00.154+0000] {logging_mixin.py:188} INFO - [2025-09-27T21:58:00.154+0000] {shared_utils.py:413} INFO - Настроены URL сервисов: ['document_processor', 'translator', 'quality_assurance', 'airflow']
[2025-09-27T21:58:00.154+0000] {processor.py:842} WARNING - No viable dags retrieved from /opt/airflow/dags/shared_utils.py
[2025-09-27T21:58:00.165+0000] {processor.py:183} INFO - Processing /opt/airflow/dags/shared_utils.py took 0.021 seconds
[2025-09-27T21:58:30.605+0000] {processor.py:161} INFO - Started process (PID=944) to work on /opt/airflow/dags/shared_utils.py
[2025-09-27T21:58:30.606+0000] {processor.py:830} INFO - Processing file /opt/airflow/dags/shared_utils.py for tasks to queue
[2025-09-27T21:58:30.607+0000] {logging_mixin.py:188} INFO - [2025-09-27T21:58:30.607+0000] {dagbag.py:538} INFO - Filling up the DagBag from /opt/airflow/dags/shared_utils.py
[2025-09-27T21:58:30.612+0000] {logging_mixin.py:188} INFO - [2025-09-27T21:58:30.612+0000] {shared_utils.py:409} INFO - Инициализированы пути обработки: ['input_pdf', 'temp_dir', 'output_md', 'logs', 'work_dir']
[2025-09-27T21:58:30.612+0000] {logging_mixin.py:188} INFO - [2025-09-27T21:58:30.612+0000] {shared_utils.py:413} INFO - Настроены URL сервисов: ['document_processor', 'translator', 'quality_assurance', 'airflow']
[2025-09-27T21:58:30.612+0000] {processor.py:842} WARNING - No viable dags retrieved from /opt/airflow/dags/shared_utils.py
[2025-09-27T21:58:30.624+0000] {processor.py:183} INFO - Processing /opt/airflow/dags/shared_utils.py took 0.022 seconds
[2025-09-27T21:59:01.133+0000] {processor.py:161} INFO - Started process (PID=957) to work on /opt/airflow/dags/shared_utils.py
[2025-09-27T21:59:01.134+0000] {processor.py:830} INFO - Processing file /opt/airflow/dags/shared_utils.py for tasks to queue
[2025-09-27T21:59:01.135+0000] {logging_mixin.py:188} INFO - [2025-09-27T21:59:01.135+0000] {dagbag.py:538} INFO - Filling up the DagBag from /opt/airflow/dags/shared_utils.py
[2025-09-27T21:59:01.141+0000] {logging_mixin.py:188} INFO - [2025-09-27T21:59:01.141+0000] {shared_utils.py:409} INFO - Инициализированы пути обработки: ['input_pdf', 'temp_dir', 'output_md', 'logs', 'work_dir']
[2025-09-27T21:59:01.141+0000] {logging_mixin.py:188} INFO - [2025-09-27T21:59:01.141+0000] {shared_utils.py:413} INFO - Настроены URL сервисов: ['document_processor', 'translator', 'quality_assurance', 'airflow']
[2025-09-27T21:59:01.141+0000] {processor.py:842} WARNING - No viable dags retrieved from /opt/airflow/dags/shared_utils.py
[2025-09-27T21:59:01.152+0000] {processor.py:183} INFO - Processing /opt/airflow/dags/shared_utils.py took 0.021 seconds
[2025-09-27T21:59:31.520+0000] {processor.py:161} INFO - Started process (PID=970) to work on /opt/airflow/dags/shared_utils.py
[2025-09-27T21:59:31.520+0000] {processor.py:830} INFO - Processing file /opt/airflow/dags/shared_utils.py for tasks to queue
[2025-09-27T21:59:31.522+0000] {logging_mixin.py:188} INFO - [2025-09-27T21:59:31.521+0000] {dagbag.py:538} INFO - Filling up the DagBag from /opt/airflow/dags/shared_utils.py
[2025-09-27T21:59:31.527+0000] {logging_mixin.py:188} INFO - [2025-09-27T21:59:31.527+0000] {shared_utils.py:409} INFO - Инициализированы пути обработки: ['input_pdf', 'temp_dir', 'output_md', 'logs', 'work_dir']
[2025-09-27T21:59:31.527+0000] {logging_mixin.py:188} INFO - [2025-09-27T21:59:31.527+0000] {shared_utils.py:413} INFO - Настроены URL сервисов: ['document_processor', 'translator', 'quality_assurance', 'airflow']
[2025-09-27T21:59:31.527+0000] {processor.py:842} WARNING - No viable dags retrieved from /opt/airflow/dags/shared_utils.py
[2025-09-27T21:59:31.538+0000] {processor.py:183} INFO - Processing /opt/airflow/dags/shared_utils.py took 0.021 seconds
[2025-09-27T22:00:01.901+0000] {processor.py:161} INFO - Started process (PID=983) to work on /opt/airflow/dags/shared_utils.py
[2025-09-27T22:00:01.902+0000] {processor.py:830} INFO - Processing file /opt/airflow/dags/shared_utils.py for tasks to queue
[2025-09-27T22:00:01.903+0000] {logging_mixin.py:188} INFO - [2025-09-27T22:00:01.903+0000] {dagbag.py:538} INFO - Filling up the DagBag from /opt/airflow/dags/shared_utils.py
[2025-09-27T22:00:01.909+0000] {logging_mixin.py:188} INFO - [2025-09-27T22:00:01.909+0000] {shared_utils.py:409} INFO - Инициализированы пути обработки: ['input_pdf', 'temp_dir', 'output_md', 'logs', 'work_dir']
[2025-09-27T22:00:01.909+0000] {logging_mixin.py:188} INFO - [2025-09-27T22:00:01.909+0000] {shared_utils.py:413} INFO - Настроены URL сервисов: ['document_processor', 'translator', 'quality_assurance', 'airflow']
[2025-09-27T22:00:01.909+0000] {processor.py:842} WARNING - No viable dags retrieved from /opt/airflow/dags/shared_utils.py
[2025-09-27T22:00:01.921+0000] {processor.py:183} INFO - Processing /opt/airflow/dags/shared_utils.py took 0.022 seconds
[2025-09-27T22:00:32.457+0000] {processor.py:161} INFO - Started process (PID=996) to work on /opt/airflow/dags/shared_utils.py
[2025-09-27T22:00:32.458+0000] {processor.py:830} INFO - Processing file /opt/airflow/dags/shared_utils.py for tasks to queue
[2025-09-27T22:00:32.459+0000] {logging_mixin.py:188} INFO - [2025-09-27T22:00:32.459+0000] {dagbag.py:538} INFO - Filling up the DagBag from /opt/airflow/dags/shared_utils.py
[2025-09-27T22:00:32.464+0000] {logging_mixin.py:188} INFO - [2025-09-27T22:00:32.464+0000] {shared_utils.py:409} INFO - Инициализированы пути обработки: ['input_pdf', 'temp_dir', 'output_md', 'logs', 'work_dir']
[2025-09-27T22:00:32.464+0000] {logging_mixin.py:188} INFO - [2025-09-27T22:00:32.464+0000] {shared_utils.py:413} INFO - Настроены URL сервисов: ['document_processor', 'translator', 'quality_assurance', 'airflow']
[2025-09-27T22:00:32.464+0000] {processor.py:842} WARNING - No viable dags retrieved from /opt/airflow/dags/shared_utils.py
[2025-09-27T22:00:32.476+0000] {processor.py:183} INFO - Processing /opt/airflow/dags/shared_utils.py took 0.021 seconds
[2025-09-27T22:01:02.853+0000] {processor.py:161} INFO - Started process (PID=1009) to work on /opt/airflow/dags/shared_utils.py
[2025-09-27T22:01:02.854+0000] {processor.py:830} INFO - Processing file /opt/airflow/dags/shared_utils.py for tasks to queue
[2025-09-27T22:01:02.855+0000] {logging_mixin.py:188} INFO - [2025-09-27T22:01:02.855+0000] {dagbag.py:538} INFO - Filling up the DagBag from /opt/airflow/dags/shared_utils.py
[2025-09-27T22:01:02.861+0000] {logging_mixin.py:188} INFO - [2025-09-27T22:01:02.861+0000] {shared_utils.py:409} INFO - Инициализированы пути обработки: ['input_pdf', 'temp_dir', 'output_md', 'logs', 'work_dir']
[2025-09-27T22:01:02.861+0000] {logging_mixin.py:188} INFO - [2025-09-27T22:01:02.861+0000] {shared_utils.py:413} INFO - Настроены URL сервисов: ['document_processor', 'translator', 'quality_assurance', 'airflow']
[2025-09-27T22:01:02.861+0000] {processor.py:842} WARNING - No viable dags retrieved from /opt/airflow/dags/shared_utils.py
[2025-09-27T22:01:02.873+0000] {processor.py:183} INFO - Processing /opt/airflow/dags/shared_utils.py took 0.022 seconds
[2025-09-27T22:01:33.242+0000] {processor.py:161} INFO - Started process (PID=1022) to work on /opt/airflow/dags/shared_utils.py
[2025-09-27T22:01:33.242+0000] {processor.py:830} INFO - Processing file /opt/airflow/dags/shared_utils.py for tasks to queue
[2025-09-27T22:01:33.243+0000] {logging_mixin.py:188} INFO - [2025-09-27T22:01:33.243+0000] {dagbag.py:538} INFO - Filling up the DagBag from /opt/airflow/dags/shared_utils.py
[2025-09-27T22:01:33.249+0000] {logging_mixin.py:188} INFO - [2025-09-27T22:01:33.249+0000] {shared_utils.py:409} INFO - Инициализированы пути обработки: ['input_pdf', 'temp_dir', 'output_md', 'logs', 'work_dir']
[2025-09-27T22:01:33.249+0000] {logging_mixin.py:188} INFO - [2025-09-27T22:01:33.249+0000] {shared_utils.py:413} INFO - Настроены URL сервисов: ['document_processor', 'translator', 'quality_assurance', 'airflow']
[2025-09-27T22:01:33.249+0000] {processor.py:842} WARNING - No viable dags retrieved from /opt/airflow/dags/shared_utils.py
[2025-09-27T22:01:33.260+0000] {processor.py:183} INFO - Processing /opt/airflow/dags/shared_utils.py took 0.021 seconds
[2025-09-27T22:02:03.628+0000] {processor.py:161} INFO - Started process (PID=1035) to work on /opt/airflow/dags/shared_utils.py
[2025-09-27T22:02:03.628+0000] {processor.py:830} INFO - Processing file /opt/airflow/dags/shared_utils.py for tasks to queue
[2025-09-27T22:02:03.630+0000] {logging_mixin.py:188} INFO - [2025-09-27T22:02:03.629+0000] {dagbag.py:538} INFO - Filling up the DagBag from /opt/airflow/dags/shared_utils.py
[2025-09-27T22:02:03.635+0000] {logging_mixin.py:188} INFO - [2025-09-27T22:02:03.635+0000] {shared_utils.py:409} INFO - Инициализированы пути обработки: ['input_pdf', 'temp_dir', 'output_md', 'logs', 'work_dir']
[2025-09-27T22:02:03.635+0000] {logging_mixin.py:188} INFO - [2025-09-27T22:02:03.635+0000] {shared_utils.py:413} INFO - Настроены URL сервисов: ['document_processor', 'translator', 'quality_assurance', 'airflow']
[2025-09-27T22:02:03.635+0000] {processor.py:842} WARNING - No viable dags retrieved from /opt/airflow/dags/shared_utils.py
[2025-09-27T22:02:03.647+0000] {processor.py:183} INFO - Processing /opt/airflow/dags/shared_utils.py took 0.022 seconds
[2025-09-27T22:02:34.175+0000] {processor.py:161} INFO - Started process (PID=1048) to work on /opt/airflow/dags/shared_utils.py
[2025-09-27T22:02:34.175+0000] {processor.py:830} INFO - Processing file /opt/airflow/dags/shared_utils.py for tasks to queue
[2025-09-27T22:02:34.176+0000] {logging_mixin.py:188} INFO - [2025-09-27T22:02:34.176+0000] {dagbag.py:538} INFO - Filling up the DagBag from /opt/airflow/dags/shared_utils.py
[2025-09-27T22:02:34.182+0000] {logging_mixin.py:188} INFO - [2025-09-27T22:02:34.182+0000] {shared_utils.py:409} INFO - Инициализированы пути обработки: ['input_pdf', 'temp_dir', 'output_md', 'logs', 'work_dir']
[2025-09-27T22:02:34.182+0000] {logging_mixin.py:188} INFO - [2025-09-27T22:02:34.182+0000] {shared_utils.py:413} INFO - Настроены URL сервисов: ['document_processor', 'translator', 'quality_assurance', 'airflow']
[2025-09-27T22:02:34.182+0000] {processor.py:842} WARNING - No viable dags retrieved from /opt/airflow/dags/shared_utils.py
[2025-09-27T22:02:34.193+0000] {processor.py:183} INFO - Processing /opt/airflow/dags/shared_utils.py took 0.021 seconds
[2025-09-27T22:03:04.571+0000] {processor.py:161} INFO - Started process (PID=1061) to work on /opt/airflow/dags/shared_utils.py
[2025-09-27T22:03:04.571+0000] {processor.py:830} INFO - Processing file /opt/airflow/dags/shared_utils.py for tasks to queue
[2025-09-27T22:03:04.573+0000] {logging_mixin.py:188} INFO - [2025-09-27T22:03:04.572+0000] {dagbag.py:538} INFO - Filling up the DagBag from /opt/airflow/dags/shared_utils.py
[2025-09-27T22:03:04.578+0000] {logging_mixin.py:188} INFO - [2025-09-27T22:03:04.578+0000] {shared_utils.py:409} INFO - Инициализированы пути обработки: ['input_pdf', 'temp_dir', 'output_md', 'logs', 'work_dir']
[2025-09-27T22:03:04.578+0000] {logging_mixin.py:188} INFO - [2025-09-27T22:03:04.578+0000] {shared_utils.py:413} INFO - Настроены URL сервисов: ['document_processor', 'translator', 'quality_assurance', 'airflow']
[2025-09-27T22:03:04.578+0000] {processor.py:842} WARNING - No viable dags retrieved from /opt/airflow/dags/shared_utils.py
[2025-09-27T22:03:04.590+0000] {processor.py:183} INFO - Processing /opt/airflow/dags/shared_utils.py took 0.021 seconds
[2025-09-27T22:03:34.955+0000] {processor.py:161} INFO - Started process (PID=1074) to work on /opt/airflow/dags/shared_utils.py
[2025-09-27T22:03:34.956+0000] {processor.py:830} INFO - Processing file /opt/airflow/dags/shared_utils.py for tasks to queue
[2025-09-27T22:03:34.957+0000] {logging_mixin.py:188} INFO - [2025-09-27T22:03:34.957+0000] {dagbag.py:538} INFO - Filling up the DagBag from /opt/airflow/dags/shared_utils.py
[2025-09-27T22:03:34.962+0000] {logging_mixin.py:188} INFO - [2025-09-27T22:03:34.962+0000] {shared_utils.py:409} INFO - Инициализированы пути обработки: ['input_pdf', 'temp_dir', 'output_md', 'logs', 'work_dir']
[2025-09-27T22:03:34.963+0000] {logging_mixin.py:188} INFO - [2025-09-27T22:03:34.963+0000] {shared_utils.py:413} INFO - Настроены URL сервисов: ['document_processor', 'translator', 'quality_assurance', 'airflow']
[2025-09-27T22:03:34.963+0000] {processor.py:842} WARNING - No viable dags retrieved from /opt/airflow/dags/shared_utils.py
[2025-09-27T22:03:34.974+0000] {processor.py:183} INFO - Processing /opt/airflow/dags/shared_utils.py took 0.021 seconds
[2025-09-27T22:04:05.346+0000] {processor.py:161} INFO - Started process (PID=1087) to work on /opt/airflow/dags/shared_utils.py
[2025-09-27T22:04:05.347+0000] {processor.py:830} INFO - Processing file /opt/airflow/dags/shared_utils.py for tasks to queue
[2025-09-27T22:04:05.348+0000] {logging_mixin.py:188} INFO - [2025-09-27T22:04:05.348+0000] {dagbag.py:538} INFO - Filling up the DagBag from /opt/airflow/dags/shared_utils.py
[2025-09-27T22:04:05.354+0000] {logging_mixin.py:188} INFO - [2025-09-27T22:04:05.354+0000] {shared_utils.py:409} INFO - Инициализированы пути обработки: ['input_pdf', 'temp_dir', 'output_md', 'logs', 'work_dir']
[2025-09-27T22:04:05.354+0000] {logging_mixin.py:188} INFO - [2025-09-27T22:04:05.354+0000] {shared_utils.py:413} INFO - Настроены URL сервисов: ['document_processor', 'translator', 'quality_assurance', 'airflow']
[2025-09-27T22:04:05.354+0000] {processor.py:842} WARNING - No viable dags retrieved from /opt/airflow/dags/shared_utils.py
[2025-09-27T22:04:05.366+0000] {processor.py:183} INFO - Processing /opt/airflow/dags/shared_utils.py took 0.022 seconds
[2025-09-27T22:04:35.893+0000] {processor.py:161} INFO - Started process (PID=1100) to work on /opt/airflow/dags/shared_utils.py
[2025-09-27T22:04:35.894+0000] {processor.py:830} INFO - Processing file /opt/airflow/dags/shared_utils.py for tasks to queue
[2025-09-27T22:04:35.895+0000] {logging_mixin.py:188} INFO - [2025-09-27T22:04:35.895+0000] {dagbag.py:538} INFO - Filling up the DagBag from /opt/airflow/dags/shared_utils.py
[2025-09-27T22:04:35.901+0000] {logging_mixin.py:188} INFO - [2025-09-27T22:04:35.901+0000] {shared_utils.py:409} INFO - Инициализированы пути обработки: ['input_pdf', 'temp_dir', 'output_md', 'logs', 'work_dir']
[2025-09-27T22:04:35.901+0000] {logging_mixin.py:188} INFO - [2025-09-27T22:04:35.901+0000] {shared_utils.py:413} INFO - Настроены URL сервисов: ['document_processor', 'translator', 'quality_assurance', 'airflow']
[2025-09-27T22:04:35.901+0000] {processor.py:842} WARNING - No viable dags retrieved from /opt/airflow/dags/shared_utils.py
[2025-09-27T22:04:35.912+0000] {processor.py:183} INFO - Processing /opt/airflow/dags/shared_utils.py took 0.021 seconds
[2025-09-27T22:05:06.286+0000] {processor.py:161} INFO - Started process (PID=1113) to work on /opt/airflow/dags/shared_utils.py
[2025-09-27T22:05:06.286+0000] {processor.py:830} INFO - Processing file /opt/airflow/dags/shared_utils.py for tasks to queue
[2025-09-27T22:05:06.287+0000] {logging_mixin.py:188} INFO - [2025-09-27T22:05:06.287+0000] {dagbag.py:538} INFO - Filling up the DagBag from /opt/airflow/dags/shared_utils.py
[2025-09-27T22:05:06.293+0000] {logging_mixin.py:188} INFO - [2025-09-27T22:05:06.293+0000] {shared_utils.py:409} INFO - Инициализированы пути обработки: ['input_pdf', 'temp_dir', 'output_md', 'logs', 'work_dir']
[2025-09-27T22:05:06.293+0000] {logging_mixin.py:188} INFO - [2025-09-27T22:05:06.293+0000] {shared_utils.py:413} INFO - Настроены URL сервисов: ['document_processor', 'translator', 'quality_assurance', 'airflow']
[2025-09-27T22:05:06.293+0000] {processor.py:842} WARNING - No viable dags retrieved from /opt/airflow/dags/shared_utils.py
[2025-09-27T22:05:06.305+0000] {processor.py:183} INFO - Processing /opt/airflow/dags/shared_utils.py took 0.021 seconds
[2025-09-27T22:05:36.668+0000] {processor.py:161} INFO - Started process (PID=1126) to work on /opt/airflow/dags/shared_utils.py
[2025-09-27T22:05:36.669+0000] {processor.py:830} INFO - Processing file /opt/airflow/dags/shared_utils.py for tasks to queue
[2025-09-27T22:05:36.670+0000] {logging_mixin.py:188} INFO - [2025-09-27T22:05:36.670+0000] {dagbag.py:538} INFO - Filling up the DagBag from /opt/airflow/dags/shared_utils.py
[2025-09-27T22:05:36.676+0000] {logging_mixin.py:188} INFO - [2025-09-27T22:05:36.675+0000] {shared_utils.py:409} INFO - Инициализированы пути обработки: ['input_pdf', 'temp_dir', 'output_md', 'logs', 'work_dir']
[2025-09-27T22:05:36.676+0000] {logging_mixin.py:188} INFO - [2025-09-27T22:05:36.676+0000] {shared_utils.py:413} INFO - Настроены URL сервисов: ['document_processor', 'translator', 'quality_assurance', 'airflow']
[2025-09-27T22:05:36.676+0000] {processor.py:842} WARNING - No viable dags retrieved from /opt/airflow/dags/shared_utils.py
[2025-09-27T22:05:36.688+0000] {processor.py:183} INFO - Processing /opt/airflow/dags/shared_utils.py took 0.022 seconds
[2025-09-27T22:06:07.055+0000] {processor.py:161} INFO - Started process (PID=1139) to work on /opt/airflow/dags/shared_utils.py
[2025-09-27T22:06:07.055+0000] {processor.py:830} INFO - Processing file /opt/airflow/dags/shared_utils.py for tasks to queue
[2025-09-27T22:06:07.057+0000] {logging_mixin.py:188} INFO - [2025-09-27T22:06:07.057+0000] {dagbag.py:538} INFO - Filling up the DagBag from /opt/airflow/dags/shared_utils.py
[2025-09-27T22:06:07.062+0000] {logging_mixin.py:188} INFO - [2025-09-27T22:06:07.062+0000] {shared_utils.py:409} INFO - Инициализированы пути обработки: ['input_pdf', 'temp_dir', 'output_md', 'logs', 'work_dir']
[2025-09-27T22:06:07.063+0000] {logging_mixin.py:188} INFO - [2025-09-27T22:06:07.063+0000] {shared_utils.py:413} INFO - Настроены URL сервисов: ['document_processor', 'translator', 'quality_assurance', 'airflow']
[2025-09-27T22:06:07.063+0000] {processor.py:842} WARNING - No viable dags retrieved from /opt/airflow/dags/shared_utils.py
[2025-09-27T22:06:07.075+0000] {processor.py:183} INFO - Processing /opt/airflow/dags/shared_utils.py took 0.022 seconds
[2025-09-27T22:06:37.661+0000] {processor.py:161} INFO - Started process (PID=1152) to work on /opt/airflow/dags/shared_utils.py
[2025-09-27T22:06:37.661+0000] {processor.py:830} INFO - Processing file /opt/airflow/dags/shared_utils.py for tasks to queue
[2025-09-27T22:06:37.663+0000] {logging_mixin.py:188} INFO - [2025-09-27T22:06:37.663+0000] {dagbag.py:538} INFO - Filling up the DagBag from /opt/airflow/dags/shared_utils.py
[2025-09-27T22:06:37.668+0000] {logging_mixin.py:188} INFO - [2025-09-27T22:06:37.668+0000] {shared_utils.py:409} INFO - Инициализированы пути обработки: ['input_pdf', 'temp_dir', 'output_md', 'logs', 'work_dir']
[2025-09-27T22:06:37.668+0000] {logging_mixin.py:188} INFO - [2025-09-27T22:06:37.668+0000] {shared_utils.py:413} INFO - Настроены URL сервисов: ['document_processor', 'translator', 'quality_assurance', 'airflow']
[2025-09-27T22:06:37.668+0000] {processor.py:842} WARNING - No viable dags retrieved from /opt/airflow/dags/shared_utils.py
[2025-09-27T22:06:37.680+0000] {processor.py:183} INFO - Processing /opt/airflow/dags/shared_utils.py took 0.021 seconds
[2025-09-27T22:07:08.056+0000] {processor.py:161} INFO - Started process (PID=1165) to work on /opt/airflow/dags/shared_utils.py
[2025-09-27T22:07:08.057+0000] {processor.py:830} INFO - Processing file /opt/airflow/dags/shared_utils.py for tasks to queue
[2025-09-27T22:07:08.058+0000] {logging_mixin.py:188} INFO - [2025-09-27T22:07:08.058+0000] {dagbag.py:538} INFO - Filling up the DagBag from /opt/airflow/dags/shared_utils.py
[2025-09-27T22:07:08.063+0000] {logging_mixin.py:188} INFO - [2025-09-27T22:07:08.063+0000] {shared_utils.py:409} INFO - Инициализированы пути обработки: ['input_pdf', 'temp_dir', 'output_md', 'logs', 'work_dir']
[2025-09-27T22:07:08.063+0000] {logging_mixin.py:188} INFO - [2025-09-27T22:07:08.063+0000] {shared_utils.py:413} INFO - Настроены URL сервисов: ['document_processor', 'translator', 'quality_assurance', 'airflow']
[2025-09-27T22:07:08.064+0000] {processor.py:842} WARNING - No viable dags retrieved from /opt/airflow/dags/shared_utils.py
[2025-09-27T22:07:08.075+0000] {processor.py:183} INFO - Processing /opt/airflow/dags/shared_utils.py took 0.022 seconds
[2025-09-27T22:07:38.439+0000] {processor.py:161} INFO - Started process (PID=1178) to work on /opt/airflow/dags/shared_utils.py
[2025-09-27T22:07:38.440+0000] {processor.py:830} INFO - Processing file /opt/airflow/dags/shared_utils.py for tasks to queue
[2025-09-27T22:07:38.441+0000] {logging_mixin.py:188} INFO - [2025-09-27T22:07:38.441+0000] {dagbag.py:538} INFO - Filling up the DagBag from /opt/airflow/dags/shared_utils.py
[2025-09-27T22:07:38.447+0000] {logging_mixin.py:188} INFO - [2025-09-27T22:07:38.446+0000] {shared_utils.py:409} INFO - Инициализированы пути обработки: ['input_pdf', 'temp_dir', 'output_md', 'logs', 'work_dir']
[2025-09-27T22:07:38.447+0000] {logging_mixin.py:188} INFO - [2025-09-27T22:07:38.447+0000] {shared_utils.py:413} INFO - Настроены URL сервисов: ['document_processor', 'translator', 'quality_assurance', 'airflow']
[2025-09-27T22:07:38.447+0000] {processor.py:842} WARNING - No viable dags retrieved from /opt/airflow/dags/shared_utils.py
[2025-09-27T22:07:38.458+0000] {processor.py:183} INFO - Processing /opt/airflow/dags/shared_utils.py took 0.021 seconds
[2025-09-27T22:08:08.825+0000] {processor.py:161} INFO - Started process (PID=1191) to work on /opt/airflow/dags/shared_utils.py
[2025-09-27T22:08:08.826+0000] {processor.py:830} INFO - Processing file /opt/airflow/dags/shared_utils.py for tasks to queue
[2025-09-27T22:08:08.827+0000] {logging_mixin.py:188} INFO - [2025-09-27T22:08:08.827+0000] {dagbag.py:538} INFO - Filling up the DagBag from /opt/airflow/dags/shared_utils.py
[2025-09-27T22:08:08.833+0000] {logging_mixin.py:188} INFO - [2025-09-27T22:08:08.832+0000] {shared_utils.py:409} INFO - Инициализированы пути обработки: ['input_pdf', 'temp_dir', 'output_md', 'logs', 'work_dir']
[2025-09-27T22:08:08.833+0000] {logging_mixin.py:188} INFO - [2025-09-27T22:08:08.833+0000] {shared_utils.py:413} INFO - Настроены URL сервисов: ['document_processor', 'translator', 'quality_assurance', 'airflow']
[2025-09-27T22:08:08.833+0000] {processor.py:842} WARNING - No viable dags retrieved from /opt/airflow/dags/shared_utils.py
[2025-09-27T22:08:08.845+0000] {processor.py:183} INFO - Processing /opt/airflow/dags/shared_utils.py took 0.022 seconds
