[2025-09-28T00:33:12.058+0000] {taskinstance.py:1956} INFO - Dependencies all met for dep_context=non-requeueable deps ti=<TaskInstance: orchestrator_dag.trigger_stage4_quality_assurance manual__2025-09-28T00:30:30.279758+00:00 [queued]>
[2025-09-28T00:33:12.064+0000] {taskinstance.py:1956} INFO - Dependencies all met for dep_context=requeueable deps ti=<TaskInstance: orchestrator_dag.trigger_stage4_quality_assurance manual__2025-09-28T00:30:30.279758+00:00 [queued]>
[2025-09-28T00:33:12.064+0000] {taskinstance.py:2170} INFO - Starting attempt 1 of 2
[2025-09-28T00:33:12.072+0000] {taskinstance.py:2191} INFO - Executing <Task(TriggerDagRunOperator): trigger_stage4_quality_assurance> on 2025-09-28 00:30:30.279758+00:00
[2025-09-28T00:33:12.078+0000] {standard_task_runner.py:60} INFO - Started process 218 to run task
[2025-09-28T00:33:12.080+0000] {standard_task_runner.py:87} INFO - Running: ['***', 'tasks', 'run', 'orchestrator_dag', 'trigger_stage4_quality_assurance', 'manual__2025-09-28T00:30:30.279758+00:00', '--job-id', '957', '--raw', '--subdir', 'DAGS_FOLDER/orchestrator_dag.py', '--cfg-path', '/tmp/tmpzgdcpgbj']
[2025-09-28T00:33:12.081+0000] {standard_task_runner.py:88} INFO - Job 957: Subtask trigger_stage4_quality_assurance
[2025-09-28T00:33:12.123+0000] {task_command.py:423} INFO - Running <TaskInstance: orchestrator_dag.trigger_stage4_quality_assurance manual__2025-09-28T00:30:30.279758+00:00 [running]> on host 64801ed803bd
[2025-09-28T00:33:12.203+0000] {taskinstance.py:2480} INFO - Exporting env vars: AIRFLOW_CTX_DAG_OWNER='pdf-converter' AIRFLOW_CTX_DAG_ID='orchestrator_dag' AIRFLOW_CTX_TASK_ID='trigger_stage4_quality_assurance' AIRFLOW_CTX_EXECUTION_DATE='2025-09-28T00:30:30.279758+00:00' AIRFLOW_CTX_TRY_NUMBER='1' AIRFLOW_CTX_DAG_RUN_ID='manual__2025-09-28T00:30:30.279758+00:00'
[2025-09-28T00:33:12.271+0000] {trigger_dagrun.py:210} INFO - Waiting for quality_assurance on 2025-09-28 00:33:12.203746+00:00 to become allowed state ['success'] ...
[2025-09-28T00:33:42.281+0000] {trigger_dagrun.py:210} INFO - Waiting for quality_assurance on 2025-09-28 00:33:12.203746+00:00 to become allowed state ['success'] ...
[2025-09-28T00:34:12.289+0000] {trigger_dagrun.py:210} INFO - Waiting for quality_assurance on 2025-09-28 00:33:12.203746+00:00 to become allowed state ['success'] ...
[2025-09-28T00:34:42.298+0000] {trigger_dagrun.py:210} INFO - Waiting for quality_assurance on 2025-09-28 00:33:12.203746+00:00 to become allowed state ['success'] ...
[2025-09-28T00:35:12.307+0000] {trigger_dagrun.py:210} INFO - Waiting for quality_assurance on 2025-09-28 00:33:12.203746+00:00 to become allowed state ['success'] ...
[2025-09-28T00:35:42.316+0000] {trigger_dagrun.py:210} INFO - Waiting for quality_assurance on 2025-09-28 00:33:12.203746+00:00 to become allowed state ['success'] ...
[2025-09-28T00:36:12.324+0000] {trigger_dagrun.py:210} INFO - Waiting for quality_assurance on 2025-09-28 00:33:12.203746+00:00 to become allowed state ['success'] ...
[2025-09-28T00:36:42.333+0000] {trigger_dagrun.py:210} INFO - Waiting for quality_assurance on 2025-09-28 00:33:12.203746+00:00 to become allowed state ['success'] ...
[2025-09-28T00:37:12.341+0000] {trigger_dagrun.py:210} INFO - Waiting for quality_assurance on 2025-09-28 00:33:12.203746+00:00 to become allowed state ['success'] ...
[2025-09-28T00:37:42.349+0000] {trigger_dagrun.py:210} INFO - Waiting for quality_assurance on 2025-09-28 00:33:12.203746+00:00 to become allowed state ['success'] ...
[2025-09-28T00:38:12.357+0000] {trigger_dagrun.py:210} INFO - Waiting for quality_assurance on 2025-09-28 00:33:12.203746+00:00 to become allowed state ['success'] ...
[2025-09-28T00:38:42.365+0000] {trigger_dagrun.py:210} INFO - Waiting for quality_assurance on 2025-09-28 00:33:12.203746+00:00 to become allowed state ['success'] ...
[2025-09-28T00:39:12.374+0000] {trigger_dagrun.py:210} INFO - Waiting for quality_assurance on 2025-09-28 00:33:12.203746+00:00 to become allowed state ['success'] ...
[2025-09-28T00:39:42.382+0000] {trigger_dagrun.py:223} INFO - quality_assurance finished with allowed state success
[2025-09-28T00:39:42.391+0000] {taskinstance.py:1138} INFO - Marking task as SUCCESS. dag_id=orchestrator_dag, task_id=trigger_stage4_quality_assurance, execution_date=20250928T003030, start_date=20250928T003312, end_date=20250928T003942
[2025-09-28T00:39:42.442+0000] {local_task_job_runner.py:234} INFO - Task exited with return code 0
[2025-09-28T00:39:42.463+0000] {taskinstance.py:3280} INFO - 1 downstream tasks scheduled from follow-on schedule check
