[2025-09-27T21:46:08.675+0000] {taskinstance.py:1956} INFO - Dependencies all met for dep_context=non-requeueable deps ti=<TaskInstance: orchestrator_dag.notify_orchestrator_completion manual__2025-09-27T21:39:56.016696+00:00 [queued]>
[2025-09-27T21:46:08.681+0000] {taskinstance.py:1956} INFO - Dependencies all met for dep_context=requeueable deps ti=<TaskInstance: orchestrator_dag.notify_orchestrator_completion manual__2025-09-27T21:39:56.016696+00:00 [queued]>
[2025-09-27T21:46:08.681+0000] {taskinstance.py:2170} INFO - Starting attempt 1 of 2
[2025-09-27T21:46:08.689+0000] {taskinstance.py:2191} INFO - Executing <Task(PythonOperator): notify_orchestrator_completion> on 2025-09-27 21:39:56.016696+00:00
[2025-09-27T21:46:08.693+0000] {standard_task_runner.py:60} INFO - Started process 546 to run task
[2025-09-27T21:46:08.695+0000] {standard_task_runner.py:87} INFO - Running: ['***', 'tasks', 'run', 'orchestrator_dag', 'notify_orchestrator_completion', 'manual__2025-09-27T21:39:56.016696+00:00', '--job-id', '935', '--raw', '--subdir', 'DAGS_FOLDER/orchestrator_dag.py', '--cfg-path', '/tmp/tmpbqe59c1_']
[2025-09-27T21:46:08.696+0000] {standard_task_runner.py:88} INFO - Job 935: Subtask notify_orchestrator_completion
[2025-09-27T21:46:08.737+0000] {task_command.py:423} INFO - Running <TaskInstance: orchestrator_dag.notify_orchestrator_completion manual__2025-09-27T21:39:56.016696+00:00 [running]> on host 5135eb910334
[2025-09-27T21:46:08.800+0000] {taskinstance.py:2480} INFO - Exporting env vars: AIRFLOW_CTX_DAG_OWNER='pdf-converter' AIRFLOW_CTX_DAG_ID='orchestrator_dag' AIRFLOW_CTX_TASK_ID='notify_orchestrator_completion' AIRFLOW_CTX_EXECUTION_DATE='2025-09-27T21:39:56.016696+00:00' AIRFLOW_CTX_TRY_NUMBER='1' AIRFLOW_CTX_DAG_RUN_ID='manual__2025-09-27T21:39:56.016696+00:00'
[2025-09-27T21:46:08.822+0000] {orchestrator_dag.py:390} INFO - 
🎉 ИСПРАВЛЕННЫЙ PDF КОНВЕЙЕР v4.0 УСПЕШНО ЗАВЕРШЕН!
📄 Файл: test_short.pdf
🌐 Язык: original
⏱️ Время обработки: 0:06:11.326953
🔄 ВЫПОЛНЕННЫЕ ЭТАПЫ:
✅ Stage 1: Document Preprocessing (извлечение контента)
✅ Stage 2: Content Transformation (преобразование в MD)
⏭️ Stage 3: Пропущен (перевод не требуется)
✅ Stage 4: Quality Assurance (валидация)
📊 РЕЗУЛЬТАТЫ:
- Исправленная архитектура: ✅ Применена
- Китайские документы: ✅ Оптимизированы
- Технические термины: ✅ Сохранены
- Итоговый файл: /app/output/zh/1759009195_test_short.md
- QA отчет: /app/temp/qa_report_1759009195.json
🚀 СИСТЕМА v4.0 ИСПРАВЛЕНА И ГОТОВА К РАБОТЕ!

[2025-09-27T21:46:08.822+0000] {shared_utils.py:224} INFO - 
✅ УСПЕШНОЕ ЗАВЕРШЕНИЕ
DAG: orchestrator_dag
Task: notify_orchestrator_completion
Время: 2025-09-27T21:46:08.822563
Результат: Обработка завершена

[2025-09-27T21:46:08.822+0000] {python.py:201} INFO - Done. Returned value was: None
[2025-09-27T21:46:08.831+0000] {taskinstance.py:1138} INFO - Marking task as SUCCESS. dag_id=orchestrator_dag, task_id=notify_orchestrator_completion, execution_date=20250927T213956, start_date=20250927T214608, end_date=20250927T214608
[2025-09-27T21:46:08.867+0000] {local_task_job_runner.py:234} INFO - Task exited with return code 0
[2025-09-27T21:46:08.883+0000] {taskinstance.py:3280} INFO - 0 downstream tasks scheduled from follow-on schedule check
